[0.125s] Invoking command in '/home/hkim/development/tello_ros_ws/build/tello_description': CMAKE_PREFIX_PATH=${CMAKE_PREFIX_PATH}:/opt/ros/foxy /usr/bin/cmake --build /home/hkim/development/tello_ros_ws/build/tello_description -- -j4 -l4
[0.569s] [ 11%] Built target generate_urdf
[0.613s] [ 22%] Built target generate_urdf_1
[0.662s] [ 33%] Built target generate_urdf_6
[0.834s] [ 44%] Built target generate_urdf_8
[0.907s] [ 55%] Built target generate_urdf_4
[0.926s] [ 66%] Built target generate_urdf_3
[1.149s] [ 77%] Built target generate_urdf_7
[1.213s] [ 88%] Built target generate_urdf_5
[1.292s] [100%] Built target generate_urdf_2
[1.442s] Invoked command in '/home/hkim/development/tello_ros_ws/build/tello_description' returned '0': CMAKE_PREFIX_PATH=${CMAKE_PREFIX_PATH}:/opt/ros/foxy /usr/bin/cmake --build /home/hkim/development/tello_ros_ws/build/tello_description -- -j4 -l4
[1.806s] Invoking command in '/home/hkim/development/tello_ros_ws/build/tello_description': CMAKE_PREFIX_PATH=${CMAKE_PREFIX_PATH}:/opt/ros/foxy /usr/bin/cmake --install /home/hkim/development/tello_ros_ws/build/tello_description
[1.872s] -- Install configuration: ""
[1.872s] -- Up-to-date: /home/hkim/development/tello_ros_ws/install/tello_description/share/tello_description/urdf
[1.874s] -- Up-to-date: /home/hkim/development/tello_ros_ws/install/tello_description/share/tello_description/urdf/tello_8.urdf
[1.875s] -- Up-to-date: /home/hkim/development/tello_ros_ws/install/tello_description/share/tello_description/urdf/tello_3.urdf
[1.876s] -- Up-to-date: /home/hkim/development/tello_ros_ws/install/tello_description/share/tello_description/urdf/tello.urdf
[1.876s] -- Up-to-date: /home/hkim/development/tello_ros_ws/install/tello_description/share/tello_description/urdf/tello_6.urdf
[1.876s] -- Up-to-date: /home/hkim/development/tello_ros_ws/install/tello_description/share/tello_description/urdf/tello_1.urdf
[1.877s] -- Up-to-date: /home/hkim/development/tello_ros_ws/install/tello_description/share/tello_description/urdf/tello_5.urdf
[1.877s] -- Up-to-date: /home/hkim/development/tello_ros_ws/install/tello_description/share/tello_description/urdf/tello_7.urdf
[1.877s] -- Up-to-date: /home/hkim/development/tello_ros_ws/install/tello_description/share/tello_description/urdf/tello_2.urdf
[1.878s] -- Up-to-date: /home/hkim/development/tello_ros_ws/install/tello_description/share/tello_description/urdf/tello_4.urdf
[1.878s] -- Up-to-date: /home/hkim/development/tello_ros_ws/install/tello_description/share/ament_index/resource_index/package_run_dependencies/tello_description
[1.878s] -- Up-to-date: /home/hkim/development/tello_ros_ws/install/tello_description/share/ament_index/resource_index/parent_prefix_path/tello_description
[1.879s] -- Up-to-date: /home/hkim/development/tello_ros_ws/install/tello_description/share/tello_description/environment/ament_prefix_path.sh
[1.879s] -- Up-to-date: /home/hkim/development/tello_ros_ws/install/tello_description/share/tello_description/environment/ament_prefix_path.dsv
[1.879s] -- Up-to-date: /home/hkim/development/tello_ros_ws/install/tello_description/share/tello_description/environment/path.sh
[1.879s] -- Up-to-date: /home/hkim/development/tello_ros_ws/install/tello_description/share/tello_description/environment/path.dsv
[1.880s] -- Up-to-date: /home/hkim/development/tello_ros_ws/install/tello_description/share/tello_description/local_setup.bash
[1.880s] -- Up-to-date: /home/hkim/development/tello_ros_ws/install/tello_description/share/tello_description/local_setup.sh
[1.880s] -- Up-to-date: /home/hkim/development/tello_ros_ws/install/tello_description/share/tello_description/local_setup.zsh
[1.880s] -- Up-to-date: /home/hkim/development/tello_ros_ws/install/tello_description/share/tello_description/local_setup.dsv
[1.880s] -- Installing: /home/hkim/development/tello_ros_ws/install/tello_description/share/tello_description/package.dsv
[1.881s] -- Up-to-date: /home/hkim/development/tello_ros_ws/install/tello_description/share/ament_index/resource_index/packages/tello_description
[1.881s] -- Up-to-date: /home/hkim/development/tello_ros_ws/install/tello_description/share/tello_description/cmake/tello_descriptionConfig.cmake
[1.881s] -- Up-to-date: /home/hkim/development/tello_ros_ws/install/tello_description/share/tello_description/cmake/tello_descriptionConfig-version.cmake
[1.881s] -- Up-to-date: /home/hkim/development/tello_ros_ws/install/tello_description/share/tello_description/package.xml
[1.904s] Invoked command in '/home/hkim/development/tello_ros_ws/build/tello_description' returned '0': CMAKE_PREFIX_PATH=${CMAKE_PREFIX_PATH}:/opt/ros/foxy /usr/bin/cmake --install /home/hkim/development/tello_ros_ws/build/tello_description
