[0.062s] Invoking command in '/home/hkim/development/tello_ros_ws/build/tello_description': CMAKE_PREFIX_PATH=/opt/ros/foxy /usr/bin/cmake --build /home/hkim/development/tello_ros_ws/build/tello_description -- -j4 -l4
[0.495s] [ 11%] Built target generate_urdf_1
[0.537s] [ 22%] Built target generate_urdf
[0.537s] [ 33%] Built target generate_urdf_6
[0.549s] [ 44%] Built target generate_urdf_3
[0.704s] [ 55%] Built target generate_urdf_5
[0.714s] [ 66%] Built target generate_urdf_8
[0.773s] [ 77%] Built target generate_urdf_4
[0.839s] [ 88%] Built target generate_urdf_7
[0.864s] [100%] Built target generate_urdf_2
[0.926s] Invoked command in '/home/hkim/development/tello_ros_ws/build/tello_description' returned '0': CMAKE_PREFIX_PATH=/opt/ros/foxy /usr/bin/cmake --build /home/hkim/development/tello_ros_ws/build/tello_description -- -j4 -l4
[1.422s] Invoking command in '/home/hkim/development/tello_ros_ws/build/tello_description': CMAKE_PREFIX_PATH=/opt/ros/foxy /usr/bin/cmake --install /home/hkim/development/tello_ros_ws/build/tello_description
[1.473s] -- Install configuration: ""
[1.474s] -- Up-to-date: /home/hkim/development/tello_ros_ws/install/tello_description/share/tello_description/urdf
[1.474s] -- Up-to-date: /home/hkim/development/tello_ros_ws/install/tello_description/share/tello_description/urdf/tello_8.urdf
[1.475s] -- Up-to-date: /home/hkim/development/tello_ros_ws/install/tello_description/share/tello_description/urdf/tello_3.urdf
[1.475s] -- Up-to-date: /home/hkim/development/tello_ros_ws/install/tello_description/share/tello_description/urdf/tello.urdf
[1.475s] -- Up-to-date: /home/hkim/development/tello_ros_ws/install/tello_description/share/tello_description/urdf/tello_6.urdf
[1.475s] -- Up-to-date: /home/hkim/development/tello_ros_ws/install/tello_description/share/tello_description/urdf/tello_1.urdf
[1.475s] -- Up-to-date: /home/hkim/development/tello_ros_ws/install/tello_description/share/tello_description/urdf/tello_5.urdf
[1.476s] -- Up-to-date: /home/hkim/development/tello_ros_ws/install/tello_description/share/tello_description/urdf/tello_7.urdf
[1.476s] -- Up-to-date: /home/hkim/development/tello_ros_ws/install/tello_description/share/tello_description/urdf/tello_2.urdf
[1.476s] -- Up-to-date: /home/hkim/development/tello_ros_ws/install/tello_description/share/tello_description/urdf/tello_4.urdf
[1.476s] -- Up-to-date: /home/hkim/development/tello_ros_ws/install/tello_description/share/ament_index/resource_index/package_run_dependencies/tello_description
[1.476s] -- Up-to-date: /home/hkim/development/tello_ros_ws/install/tello_description/share/ament_index/resource_index/parent_prefix_path/tello_description
[1.477s] -- Up-to-date: /home/hkim/development/tello_ros_ws/install/tello_description/share/tello_description/environment/ament_prefix_path.sh
[1.477s] -- Up-to-date: /home/hkim/development/tello_ros_ws/install/tello_description/share/tello_description/environment/ament_prefix_path.dsv
[1.477s] -- Up-to-date: /home/hkim/development/tello_ros_ws/install/tello_description/share/tello_description/environment/path.sh
[1.477s] -- Up-to-date: /home/hkim/development/tello_ros_ws/install/tello_description/share/tello_description/environment/path.dsv
[1.478s] -- Up-to-date: /home/hkim/development/tello_ros_ws/install/tello_description/share/tello_description/local_setup.bash
[1.478s] -- Up-to-date: /home/hkim/development/tello_ros_ws/install/tello_description/share/tello_description/local_setup.sh
[1.478s] -- Up-to-date: /home/hkim/development/tello_ros_ws/install/tello_description/share/tello_description/local_setup.zsh
[1.478s] -- Up-to-date: /home/hkim/development/tello_ros_ws/install/tello_description/share/tello_description/local_setup.dsv
[1.478s] -- Installing: /home/hkim/development/tello_ros_ws/install/tello_description/share/tello_description/package.dsv
[1.478s] -- Up-to-date: /home/hkim/development/tello_ros_ws/install/tello_description/share/ament_index/resource_index/packages/tello_description
[1.478s] -- Up-to-date: /home/hkim/development/tello_ros_ws/install/tello_description/share/tello_description/cmake/tello_descriptionConfig.cmake
[1.479s] -- Up-to-date: /home/hkim/development/tello_ros_ws/install/tello_description/share/tello_description/cmake/tello_descriptionConfig-version.cmake
[1.479s] -- Up-to-date: /home/hkim/development/tello_ros_ws/install/tello_description/share/tello_description/package.xml
[1.490s] Invoked command in '/home/hkim/development/tello_ros_ws/build/tello_description' returned '0': CMAKE_PREFIX_PATH=/opt/ros/foxy /usr/bin/cmake --install /home/hkim/development/tello_ros_ws/build/tello_description
