[0.045s] Invoking command in '/home/hkim/development/tello_ros_ws/build/ros2_shared': CMAKE_PREFIX_PATH=${CMAKE_PREFIX_PATH}:/home/hkim/development/tello-ros2/workspace/src/install/tello:/opt/ros/foxy /usr/bin/cmake --build /home/hkim/development/tello_ros_ws/build/ros2_shared -- -j4 -l4
[0.133s] Invoked command in '/home/hkim/development/tello_ros_ws/build/ros2_shared' returned '0': CMAKE_PREFIX_PATH=${CMAKE_PREFIX_PATH}:/home/hkim/development/tello-ros2/workspace/src/install/tello:/opt/ros/foxy /usr/bin/cmake --build /home/hkim/development/tello_ros_ws/build/ros2_shared -- -j4 -l4
[0.331s] Invoking command in '/home/hkim/development/tello_ros_ws/build/ros2_shared': CMAKE_PREFIX_PATH=${CMAKE_PREFIX_PATH}:/home/hkim/development/tello-ros2/workspace/src/install/tello:/opt/ros/foxy /usr/bin/cmake --install /home/hkim/development/tello_ros_ws/build/ros2_shared
[0.355s] -- Install configuration: ""
[0.355s] -- Up-to-date: /home/hkim/development/tello_ros_ws/install/ros2_shared/include
[0.356s] -- Up-to-date: /home/hkim/development/tello_ros_ws/install/ros2_shared/include/ros2_shared
[0.356s] -- Up-to-date: /home/hkim/development/tello_ros_ws/install/ros2_shared/include/ros2_shared/param_macros.hpp
[0.356s] -- Up-to-date: /home/hkim/development/tello_ros_ws/install/ros2_shared/include/ros2_shared/context_macros.hpp
[0.356s] -- Up-to-date: /home/hkim/development/tello_ros_ws/install/ros2_shared/include/ros2_shared/string_printf.hpp
[0.357s] -- Up-to-date: /home/hkim/development/tello_ros_ws/install/ros2_shared/share/ament_index/resource_index/package_run_dependencies/ros2_shared
[0.360s] -- Up-to-date: /home/hkim/development/tello_ros_ws/install/ros2_shared/share/ament_index/resource_index/parent_prefix_path/ros2_shared
[0.361s] -- Up-to-date: /home/hkim/development/tello_ros_ws/install/ros2_shared/share/ros2_shared/environment/ament_prefix_path.sh
[0.361s] -- Up-to-date: /home/hkim/development/tello_ros_ws/install/ros2_shared/share/ros2_shared/environment/ament_prefix_path.dsv
[0.362s] -- Up-to-date: /home/hkim/development/tello_ros_ws/install/ros2_shared/share/ros2_shared/environment/path.sh
[0.362s] -- Up-to-date: /home/hkim/development/tello_ros_ws/install/ros2_shared/share/ros2_shared/environment/path.dsv
[0.362s] -- Up-to-date: /home/hkim/development/tello_ros_ws/install/ros2_shared/share/ros2_shared/local_setup.bash
[0.362s] -- Up-to-date: /home/hkim/development/tello_ros_ws/install/ros2_shared/share/ros2_shared/local_setup.sh
[0.362s] -- Up-to-date: /home/hkim/development/tello_ros_ws/install/ros2_shared/share/ros2_shared/local_setup.zsh
[0.363s] -- Up-to-date: /home/hkim/development/tello_ros_ws/install/ros2_shared/share/ros2_shared/local_setup.dsv
[0.363s] -- Installing: /home/hkim/development/tello_ros_ws/install/ros2_shared/share/ros2_shared/package.dsv
[0.363s] -- Up-to-date: /home/hkim/development/tello_ros_ws/install/ros2_shared/share/ament_index/resource_index/packages/ros2_shared
[0.363s] -- Up-to-date: /home/hkim/development/tello_ros_ws/install/ros2_shared/share/ros2_shared/cmake/ros2_shared_targetsExport.cmake
[0.364s] -- Up-to-date: /home/hkim/development/tello_ros_ws/install/ros2_shared/share/ros2_shared/cmake/ament_cmake_export_targets-extras.cmake
[0.364s] -- Up-to-date: /home/hkim/development/tello_ros_ws/install/ros2_shared/share/ros2_shared/cmake/ament_cmake_export_dependencies-extras.cmake
[0.364s] -- Up-to-date: /home/hkim/development/tello_ros_ws/install/ros2_shared/share/ros2_shared/cmake/ros2_sharedConfig.cmake
[0.366s] -- Up-to-date: /home/hkim/development/tello_ros_ws/install/ros2_shared/share/ros2_shared/cmake/ros2_sharedConfig-version.cmake
[0.366s] -- Up-to-date: /home/hkim/development/tello_ros_ws/install/ros2_shared/share/ros2_shared/package.xml
[0.367s] Invoked command in '/home/hkim/development/tello_ros_ws/build/ros2_shared' returned '0': CMAKE_PREFIX_PATH=${CMAKE_PREFIX_PATH}:/home/hkim/development/tello-ros2/workspace/src/install/tello:/opt/ros/foxy /usr/bin/cmake --install /home/hkim/development/tello_ros_ws/build/ros2_shared
