[0.031s] Invoking command in '/home/hkim/development/tello_ros_ws/build/orbslam3': CMAKE_PREFIX_PATH=${CMAKE_PREFIX_PATH}:/opt/ros/foxy /usr/bin/cmake --build /home/hkim/development/tello_ros_ws/build/orbslam3 -- -j4 -l4
[0.218s] [ 25%] Built target stereo-inertial
[0.253s] [35m[1mScanning dependencies of target mono[0m
[0.488s] [ 33%] [32mBuilding CXX object CMakeFiles/mono.dir/src/monocular/monocular-slam-node.cpp.o[0m
[9.101s] In file included from [01m[K/home/hkim/development/tello_ros_ws/src/ORB_SLAM3/include/Frame.h:30[m[K,
[9.101s]                  from [01m[K/home/hkim/development/tello_ros_ws/src/ORB_SLAM3/include/KeyFrame.h:28[m[K,
[9.101s]                  from [01m[K/home/hkim/development/tello_ros_ws/src/ORB_SLAM3/include/MapPoint.h:23[m[K,
[9.101s]                  from [01m[K/home/hkim/development/tello_ros_ws/src/ORB_SLAM3/include/FrameDrawer.h:24[m[K,
[9.101s]                  from [01m[K/home/hkim/development/tello_ros_ws/src/ORB_SLAM3/include/Viewer.h:23[m[K,
[9.101s]                  from [01m[K/home/hkim/development/tello_ros_ws/src/ORB_SLAM3/include/Tracking.h:26[m[K,
[9.101s]                  from [01m[K/home/hkim/development/tello_ros_ws/src/ORB_SLAM3/include/System.h:31[m[K,
[9.101s]                  from [01m[K/home/hkim/development/tello_ros_ws/src/orbslam3_ros2/src/monocular/monocular-slam-node.hpp:9[m[K,
[9.101s]                  from [01m[K/home/hkim/development/tello_ros_ws/src/orbslam3_ros2/src/monocular/monocular-slam-node.cpp:1[m[K:
[9.101s] [01m[K/home/hkim/development/tello_ros_ws/src/ORB_SLAM3/include/ImuTypes.h:[m[K In member function ‘[01m[Kvoid ORB_SLAM3::IMU::Preintegrated::printMeasurements() const[m[K’:
[9.101s] [01m[K/home/hkim/development/tello_ros_ws/src/ORB_SLAM3/include/ImuTypes.h:204:23:[m[K [01;35m[Kwarning: [m[Kcomparison of integer expressions of different signedness: ‘[01m[Kint[m[K’ and ‘[01m[Kstd::vector<ORB_SLAM3::IMU::Preintegrated::integrable>::size_type[m[K’ {aka ‘[01m[Klong unsigned int[m[K’} [[01;35m[K-Wsign-compare[m[K]
[9.102s]   204 |         for(int i=0; [01;35m[Ki<mvMeasurements.size()[m[K; i++){
[9.102s]       |                      [01;35m[K~^~~~~~~~~~~~~~~~~~~~~~[m[K
[9.197s] In file included from [01m[K/home/hkim/development/tello_ros_ws/src/ORB_SLAM3/include/../Thirdparty/g2o/g2o/types/types_six_dof_expmap.h:37[m[K,
[9.197s]                  from [01m[K/home/hkim/development/tello_ros_ws/src/ORB_SLAM3/include/Converter.h:26[m[K,
[9.198s]                  from [01m[K/home/hkim/development/tello_ros_ws/src/ORB_SLAM3/include/Frame.h:33[m[K,
[9.198s]                  from [01m[K/home/hkim/development/tello_ros_ws/src/ORB_SLAM3/include/KeyFrame.h:28[m[K,
[9.198s]                  from [01m[K/home/hkim/development/tello_ros_ws/src/ORB_SLAM3/include/MapPoint.h:23[m[K,
[9.198s]                  from [01m[K/home/hkim/development/tello_ros_ws/src/ORB_SLAM3/include/FrameDrawer.h:24[m[K,
[9.198s]                  from [01m[K/home/hkim/development/tello_ros_ws/src/ORB_SLAM3/include/Viewer.h:23[m[K,
[9.198s]                  from [01m[K/home/hkim/development/tello_ros_ws/src/ORB_SLAM3/include/Tracking.h:26[m[K,
[9.198s]                  from [01m[K/home/hkim/development/tello_ros_ws/src/ORB_SLAM3/include/System.h:31[m[K,
[9.198s]                  from [01m[K/home/hkim/development/tello_ros_ws/src/orbslam3_ros2/src/monocular/monocular-slam-node.hpp:9[m[K,
[9.198s]                  from [01m[K/home/hkim/development/tello_ros_ws/src/orbslam3_ros2/src/monocular/monocular-slam-node.cpp:1[m[K:
[9.198s] [01m[K/home/hkim/development/tello_ros_ws/src/ORB_SLAM3/include/../Thirdparty/g2o/g2o/types/../core/base_vertex.h:[m[K At global scope:
[9.198s] [01m[K/home/hkim/development/tello_ros_ws/src/ORB_SLAM3/include/../Thirdparty/g2o/g2o/types/../core/base_vertex.h:62:74:[m[K [01;35m[Kwarning: [m[K‘[01m[KEigen::AlignedBit[m[K’ is deprecated [[01;35m[K-Wdeprecated-declarations[m[K]
[9.198s]    62 |     typedef Eigen::Map<Matrix<double, D, D>, Matrix<double,D,D>::Flags & [01;35m[KAlignedBit[m[K ? Aligned : Unaligned >  HessianBlockType;
[9.199s]       |                                                                          [01;35m[K^~~~~~~~~~[m[K
[9.199s] In file included from [01m[K/usr/include/eigen3/Eigen/Core:363[m[K,
[9.199s]                  from [01m[K/usr/include/eigen3/Eigen/LU:11[m[K,
[9.199s]                  from [01m[K/home/hkim/development/tello_ros_ws/src/ORB_SLAM3/include/../Thirdparty/Sophus/sophus/so2.hpp:12[m[K,
[9.199s]                  from [01m[K/home/hkim/development/tello_ros_ws/src/ORB_SLAM3/include/../Thirdparty/Sophus/sophus/se2.hpp:7[m[K,
[9.199s]                  from [01m[K/home/hkim/development/tello_ros_ws/src/ORB_SLAM3/include/../Thirdparty/Sophus/sophus/geometry.hpp:7[m[K,
[9.199s]                  from [01m[K/home/hkim/development/tello_ros_ws/src/ORB_SLAM3/include/Frame.h:28[m[K,
[9.199s]                  from [01m[K/home/hkim/development/tello_ros_ws/src/ORB_SLAM3/include/KeyFrame.h:28[m[K,
[9.199s]                  from [01m[K/home/hkim/development/tello_ros_ws/src/ORB_SLAM3/include/MapPoint.h:23[m[K,
[9.199s]                  from [01m[K/home/hkim/development/tello_ros_ws/src/ORB_SLAM3/include/FrameDrawer.h:24[m[K,
[9.199s]                  from [01m[K/home/hkim/development/tello_ros_ws/src/ORB_SLAM3/include/Viewer.h:23[m[K,
[9.199s]                  from [01m[K/home/hkim/development/tello_ros_ws/src/ORB_SLAM3/include/Tracking.h:26[m[K,
[9.199s]                  from [01m[K/home/hkim/development/tello_ros_ws/src/ORB_SLAM3/include/System.h:31[m[K,
[9.199s]                  from [01m[K/home/hkim/development/tello_ros_ws/src/orbslam3_ros2/src/monocular/monocular-slam-node.hpp:9[m[K,
[9.199s]                  from [01m[K/home/hkim/development/tello_ros_ws/src/orbslam3_ros2/src/monocular/monocular-slam-node.cpp:1[m[K:
[9.200s] [01m[K/usr/include/eigen3/Eigen/src/Core/util/Constants.h:162:37:[m[K [01;36m[Knote: [m[Kdeclared here
[9.200s]   162 | EIGEN_DEPRECATED const unsigned int [01;36m[KAlignedBit[m[K = 0x80;
[9.200s]       |                                     [01;36m[K^~~~~~~~~~[m[K
[9.225s] In file included from [01m[K/home/hkim/development/tello_ros_ws/src/ORB_SLAM3/include/../Thirdparty/g2o/g2o/types/types_six_dof_expmap.h:38[m[K,
[9.225s]                  from [01m[K/home/hkim/development/tello_ros_ws/src/ORB_SLAM3/include/Converter.h:26[m[K,
[9.225s]                  from [01m[K/home/hkim/development/tello_ros_ws/src/ORB_SLAM3/include/Frame.h:33[m[K,
[9.225s]                  from [01m[K/home/hkim/development/tello_ros_ws/src/ORB_SLAM3/include/KeyFrame.h:28[m[K,
[9.225s]                  from [01m[K/home/hkim/development/tello_ros_ws/src/ORB_SLAM3/include/MapPoint.h:23[m[K,
[9.225s]                  from [01m[K/home/hkim/development/tello_ros_ws/src/ORB_SLAM3/include/FrameDrawer.h:24[m[K,
[9.225s]                  from [01m[K/home/hkim/development/tello_ros_ws/src/ORB_SLAM3/include/Viewer.h:23[m[K,
[9.226s]                  from [01m[K/home/hkim/development/tello_ros_ws/src/ORB_SLAM3/include/Tracking.h:26[m[K,
[9.226s]                  from [01m[K/home/hkim/development/tello_ros_ws/src/ORB_SLAM3/include/System.h:31[m[K,
[9.226s]                  from [01m[K/home/hkim/development/tello_ros_ws/src/orbslam3_ros2/src/monocular/monocular-slam-node.hpp:9[m[K,
[9.226s]                  from [01m[K/home/hkim/development/tello_ros_ws/src/orbslam3_ros2/src/monocular/monocular-slam-node.cpp:1[m[K:
[9.226s] [01m[K/home/hkim/development/tello_ros_ws/src/ORB_SLAM3/include/../Thirdparty/g2o/g2o/types/../core/base_binary_edge.h:59:82:[m[K [01;35m[Kwarning: [m[K‘[01m[KEigen::AlignedBit[m[K’ is deprecated [[01;35m[K-Wdeprecated-declarations[m[K]
[9.226s]    59 |       typedef Eigen::Map<Matrix<double, Di, Dj>, Matrix<double, Di, Dj>::Flags & [01;35m[KAlignedBit[m[K ? Aligned : Unaligned > HessianBlockType;
[9.226s]       |                                                                                  [01;35m[K^~~~~~~~~~[m[K
[9.226s] In file included from [01m[K/usr/include/eigen3/Eigen/Core:363[m[K,
[9.226s]                  from [01m[K/usr/include/eigen3/Eigen/LU:11[m[K,
[9.226s]                  from [01m[K/home/hkim/development/tello_ros_ws/src/ORB_SLAM3/include/../Thirdparty/Sophus/sophus/so2.hpp:12[m[K,
[9.226s]                  from [01m[K/home/hkim/development/tello_ros_ws/src/ORB_SLAM3/include/../Thirdparty/Sophus/sophus/se2.hpp:7[m[K,
[9.226s]                  from [01m[K/home/hkim/development/tello_ros_ws/src/ORB_SLAM3/include/../Thirdparty/Sophus/sophus/geometry.hpp:7[m[K,
[9.226s]                  from [01m[K/home/hkim/development/tello_ros_ws/src/ORB_SLAM3/include/Frame.h:28[m[K,
[9.226s]                  from [01m[K/home/hkim/development/tello_ros_ws/src/ORB_SLAM3/include/KeyFrame.h:28[m[K,
[9.227s]                  from [01m[K/home/hkim/development/tello_ros_ws/src/ORB_SLAM3/include/MapPoint.h:23[m[K,
[9.227s]                  from [01m[K/home/hkim/development/tello_ros_ws/src/ORB_SLAM3/include/FrameDrawer.h:24[m[K,
[9.227s]                  from [01m[K/home/hkim/development/tello_ros_ws/src/ORB_SLAM3/include/Viewer.h:23[m[K,
[9.227s]                  from [01m[K/home/hkim/development/tello_ros_ws/src/ORB_SLAM3/include/Tracking.h:26[m[K,
[9.227s]                  from [01m[K/home/hkim/development/tello_ros_ws/src/ORB_SLAM3/include/System.h:31[m[K,
[9.227s]                  from [01m[K/home/hkim/development/tello_ros_ws/src/orbslam3_ros2/src/monocular/monocular-slam-node.hpp:9[m[K,
[9.227s]                  from [01m[K/home/hkim/development/tello_ros_ws/src/orbslam3_ros2/src/monocular/monocular-slam-node.cpp:1[m[K:
[9.227s] [01m[K/usr/include/eigen3/Eigen/src/Core/util/Constants.h:162:37:[m[K [01;36m[Knote: [m[Kdeclared here
[9.227s]   162 | EIGEN_DEPRECATED const unsigned int [01;36m[KAlignedBit[m[K = 0x80;
[9.227s]       |                                     [01;36m[K^~~~~~~~~~[m[K
[9.227s] In file included from [01m[K/home/hkim/development/tello_ros_ws/src/ORB_SLAM3/include/../Thirdparty/g2o/g2o/types/types_six_dof_expmap.h:38[m[K,
[9.227s]                  from [01m[K/home/hkim/development/tello_ros_ws/src/ORB_SLAM3/include/Converter.h:26[m[K,
[9.227s]                  from [01m[K/home/hkim/development/tello_ros_ws/src/ORB_SLAM3/include/Frame.h:33[m[K,
[9.227s]                  from [01m[K/home/hkim/development/tello_ros_ws/src/ORB_SLAM3/include/KeyFrame.h:28[m[K,
[9.227s]                  from [01m[K/home/hkim/development/tello_ros_ws/src/ORB_SLAM3/include/MapPoint.h:23[m[K,
[9.227s]                  from [01m[K/home/hkim/development/tello_ros_ws/src/ORB_SLAM3/include/FrameDrawer.h:24[m[K,
[9.228s]                  from [01m[K/home/hkim/development/tello_ros_ws/src/ORB_SLAM3/include/Viewer.h:23[m[K,
[9.228s]                  from [01m[K/home/hkim/development/tello_ros_ws/src/ORB_SLAM3/include/Tracking.h:26[m[K,
[9.228s]                  from [01m[K/home/hkim/development/tello_ros_ws/src/ORB_SLAM3/include/System.h:31[m[K,
[9.228s]                  from [01m[K/home/hkim/development/tello_ros_ws/src/orbslam3_ros2/src/monocular/monocular-slam-node.hpp:9[m[K,
[9.228s]                  from [01m[K/home/hkim/development/tello_ros_ws/src/orbslam3_ros2/src/monocular/monocular-slam-node.cpp:1[m[K:
[9.228s] [01m[K/home/hkim/development/tello_ros_ws/src/ORB_SLAM3/include/../Thirdparty/g2o/g2o/types/../core/base_binary_edge.h:60:82:[m[K [01;35m[Kwarning: [m[K‘[01m[KEigen::AlignedBit[m[K’ is deprecated [[01;35m[K-Wdeprecated-declarations[m[K]
[9.228s]    60 |       typedef Eigen::Map<Matrix<double, Dj, Di>, Matrix<double, Dj, Di>::Flags & [01;35m[KAlignedBit[m[K ? Aligned : Unaligned > HessianBlockTransposedType;
[9.228s]       |                                                                                  [01;35m[K^~~~~~~~~~[m[K
[9.228s] In file included from [01m[K/usr/include/eigen3/Eigen/Core:363[m[K,
[9.228s]                  from [01m[K/usr/include/eigen3/Eigen/LU:11[m[K,
[9.228s]                  from [01m[K/home/hkim/development/tello_ros_ws/src/ORB_SLAM3/include/../Thirdparty/Sophus/sophus/so2.hpp:12[m[K,
[9.228s]                  from [01m[K/home/hkim/development/tello_ros_ws/src/ORB_SLAM3/include/../Thirdparty/Sophus/sophus/se2.hpp:7[m[K,
[9.228s]                  from [01m[K/home/hkim/development/tello_ros_ws/src/ORB_SLAM3/include/../Thirdparty/Sophus/sophus/geometry.hpp:7[m[K,
[9.228s]                  from [01m[K/home/hkim/development/tello_ros_ws/src/ORB_SLAM3/include/Frame.h:28[m[K,
[9.228s]                  from [01m[K/home/hkim/development/tello_ros_ws/src/ORB_SLAM3/include/KeyFrame.h:28[m[K,
[9.228s]                  from [01m[K/home/hkim/development/tello_ros_ws/src/ORB_SLAM3/include/MapPoint.h:23[m[K,
[9.229s]                  from [01m[K/home/hkim/development/tello_ros_ws/src/ORB_SLAM3/include/FrameDrawer.h:24[m[K,
[9.229s]                  from [01m[K/home/hkim/development/tello_ros_ws/src/ORB_SLAM3/include/Viewer.h:23[m[K,
[9.229s]                  from [01m[K/home/hkim/development/tello_ros_ws/src/ORB_SLAM3/include/Tracking.h:26[m[K,
[9.229s]                  from [01m[K/home/hkim/development/tello_ros_ws/src/ORB_SLAM3/include/System.h:31[m[K,
[9.229s]                  from [01m[K/home/hkim/development/tello_ros_ws/src/orbslam3_ros2/src/monocular/monocular-slam-node.hpp:9[m[K,
[9.229s]                  from [01m[K/home/hkim/development/tello_ros_ws/src/orbslam3_ros2/src/monocular/monocular-slam-node.cpp:1[m[K:
[9.229s] [01m[K/usr/include/eigen3/Eigen/src/Core/util/Constants.h:162:37:[m[K [01;36m[Knote: [m[Kdeclared here
[9.229s]   162 | EIGEN_DEPRECATED const unsigned int [01;36m[KAlignedBit[m[K = 0x80;
[9.229s]       |                                     [01;36m[K^~~~~~~~~~[m[K
[9.268s] In file included from [01m[K/home/hkim/development/tello_ros_ws/src/ORB_SLAM3/include/../Thirdparty/g2o/g2o/types/types_six_dof_expmap.h:41[m[K,
[9.268s]                  from [01m[K/home/hkim/development/tello_ros_ws/src/ORB_SLAM3/include/Converter.h:26[m[K,
[9.268s]                  from [01m[K/home/hkim/development/tello_ros_ws/src/ORB_SLAM3/include/Frame.h:33[m[K,
[9.268s]                  from [01m[K/home/hkim/development/tello_ros_ws/src/ORB_SLAM3/include/KeyFrame.h:28[m[K,
[9.268s]                  from [01m[K/home/hkim/development/tello_ros_ws/src/ORB_SLAM3/include/MapPoint.h:23[m[K,
[9.268s]                  from [01m[K/home/hkim/development/tello_ros_ws/src/ORB_SLAM3/include/FrameDrawer.h:24[m[K,
[9.268s]                  from [01m[K/home/hkim/development/tello_ros_ws/src/ORB_SLAM3/include/Viewer.h:23[m[K,
[9.268s]                  from [01m[K/home/hkim/development/tello_ros_ws/src/ORB_SLAM3/include/Tracking.h:26[m[K,
[9.268s]                  from [01m[K/home/hkim/development/tello_ros_ws/src/ORB_SLAM3/include/System.h:31[m[K,
[9.268s]                  from [01m[K/home/hkim/development/tello_ros_ws/src/orbslam3_ros2/src/monocular/monocular-slam-node.hpp:9[m[K,
[9.268s]                  from [01m[K/home/hkim/development/tello_ros_ws/src/orbslam3_ros2/src/monocular/monocular-slam-node.cpp:1[m[K:
[9.269s] [01m[K/home/hkim/development/tello_ros_ws/src/ORB_SLAM3/include/../Thirdparty/g2o/g2o/types/se3quat.h:43:38:[m[K [01;35m[Kwarning: [m[Kextra ‘[01m[K;[m[K’ [[01;35m[K-Wpedantic[m[K]
[9.269s]    43 |       EIGEN_MAKE_ALIGNED_OPERATOR_NEW[01;35m[K;[m[K
[9.269s]       |                                      [01;35m[K^[m[K
[9.269s]       |                                      [31m[K-[m[K
[9.540s] In file included from [01m[K/home/hkim/development/tello_ros_ws/src/ORB_SLAM3/include/../Thirdparty/g2o/g2o/types/types_six_dof_expmap.h:37[m[K,
[9.540s]                  from [01m[K/home/hkim/development/tello_ros_ws/src/ORB_SLAM3/include/Converter.h:26[m[K,
[9.540s]                  from [01m[K/home/hkim/development/tello_ros_ws/src/ORB_SLAM3/include/Frame.h:33[m[K,
[9.540s]                  from [01m[K/home/hkim/development/tello_ros_ws/src/ORB_SLAM3/include/KeyFrame.h:28[m[K,
[9.540s]                  from [01m[K/home/hkim/development/tello_ros_ws/src/ORB_SLAM3/include/MapPoint.h:23[m[K,
[9.540s]                  from [01m[K/home/hkim/development/tello_ros_ws/src/ORB_SLAM3/include/FrameDrawer.h:24[m[K,
[9.540s]                  from [01m[K/home/hkim/development/tello_ros_ws/src/ORB_SLAM3/include/Viewer.h:23[m[K,
[9.541s]                  from [01m[K/home/hkim/development/tello_ros_ws/src/ORB_SLAM3/include/Tracking.h:26[m[K,
[9.541s]                  from [01m[K/home/hkim/development/tello_ros_ws/src/ORB_SLAM3/include/System.h:31[m[K,
[9.541s]                  from [01m[K/home/hkim/development/tello_ros_ws/src/orbslam3_ros2/src/monocular/monocular-slam-node.hpp:9[m[K,
[9.541s]                  from [01m[K/home/hkim/development/tello_ros_ws/src/orbslam3_ros2/src/monocular/monocular-slam-node.cpp:1[m[K:
[9.541s] /home/hkim/development/tello_ros_ws/src/ORB_SLAM3/include/../Thirdparty/g2o/g2o/types/../core/base_vertex.h: In instantiation of ‘[01m[Kclass g2o::BaseVertex<3, Eigen::Matrix<double, 3, 1> >[m[K’:
[9.541s] [01m[K/home/hkim/development/tello_ros_ws/src/ORB_SLAM3/include/../Thirdparty/g2o/g2o/types/types_sba.h:40:35:[m[K   required from here
[9.541s] [01m[K/home/hkim/development/tello_ros_ws/src/ORB_SLAM3/include/../Thirdparty/g2o/g2o/types/../core/base_vertex.h:62:72:[m[K [01;35m[Kwarning: [m[K‘[01m[KEigen::AlignedBit[m[K’ is deprecated [[01;35m[K-Wdeprecated-declarations[m[K]
[9.541s]    62 |     typedef Eigen::Map<Matrix<double, D, D>, Matrix<double,D,D>::[01;35m[KFlags & AlignedBit[m[K ? Aligned : Unaligned >  HessianBlockType;
[9.541s]       |                                                                  [01;35m[K~~~~~~^~~~~~~~~~~~[m[K
[9.541s] In file included from [01m[K/usr/include/eigen3/Eigen/Core:363[m[K,
[9.541s]                  from [01m[K/usr/include/eigen3/Eigen/LU:11[m[K,
[9.541s]                  from [01m[K/home/hkim/development/tello_ros_ws/src/ORB_SLAM3/include/../Thirdparty/Sophus/sophus/so2.hpp:12[m[K,
[9.541s]                  from [01m[K/home/hkim/development/tello_ros_ws/src/ORB_SLAM3/include/../Thirdparty/Sophus/sophus/se2.hpp:7[m[K,
[9.541s]                  from [01m[K/home/hkim/development/tello_ros_ws/src/ORB_SLAM3/include/../Thirdparty/Sophus/sophus/geometry.hpp:7[m[K,
[9.541s]                  from [01m[K/home/hkim/development/tello_ros_ws/src/ORB_SLAM3/include/Frame.h:28[m[K,
[9.542s]                  from [01m[K/home/hkim/development/tello_ros_ws/src/ORB_SLAM3/include/KeyFrame.h:28[m[K,
[9.542s]                  from [01m[K/home/hkim/development/tello_ros_ws/src/ORB_SLAM3/include/MapPoint.h:23[m[K,
[9.542s]                  from [01m[K/home/hkim/development/tello_ros_ws/src/ORB_SLAM3/include/FrameDrawer.h:24[m[K,
[9.542s]                  from [01m[K/home/hkim/development/tello_ros_ws/src/ORB_SLAM3/include/Viewer.h:23[m[K,
[9.542s]                  from [01m[K/home/hkim/development/tello_ros_ws/src/ORB_SLAM3/include/Tracking.h:26[m[K,
[9.542s]                  from [01m[K/home/hkim/development/tello_ros_ws/src/ORB_SLAM3/include/System.h:31[m[K,
[9.542s]                  from [01m[K/home/hkim/development/tello_ros_ws/src/orbslam3_ros2/src/monocular/monocular-slam-node.hpp:9[m[K,
[9.542s]                  from [01m[K/home/hkim/development/tello_ros_ws/src/orbslam3_ros2/src/monocular/monocular-slam-node.cpp:1[m[K:
[9.542s] [01m[K/usr/include/eigen3/Eigen/src/Core/util/Constants.h:162:37:[m[K [01;36m[Knote: [m[Kdeclared here
[9.542s]   162 | EIGEN_DEPRECATED const unsigned int [01;36m[KAlignedBit[m[K = 0x80;
[9.542s]       |                                     [01;36m[K^~~~~~~~~~[m[K
[9.575s] In file included from [01m[K/home/hkim/development/tello_ros_ws/src/ORB_SLAM3/include/../Thirdparty/g2o/g2o/types/types_six_dof_expmap.h:37[m[K,
[9.575s]                  from [01m[K/home/hkim/development/tello_ros_ws/src/ORB_SLAM3/include/Converter.h:26[m[K,
[9.576s]                  from [01m[K/home/hkim/development/tello_ros_ws/src/ORB_SLAM3/include/Frame.h:33[m[K,
[9.576s]                  from [01m[K/home/hkim/development/tello_ros_ws/src/ORB_SLAM3/include/KeyFrame.h:28[m[K,
[9.576s]                  from [01m[K/home/hkim/development/tello_ros_ws/src/ORB_SLAM3/include/MapPoint.h:23[m[K,
[9.576s]                  from [01m[K/home/hkim/development/tello_ros_ws/src/ORB_SLAM3/include/FrameDrawer.h:24[m[K,
[9.576s]                  from [01m[K/home/hkim/development/tello_ros_ws/src/ORB_SLAM3/include/Viewer.h:23[m[K,
[9.576s]                  from [01m[K/home/hkim/development/tello_ros_ws/src/ORB_SLAM3/include/Tracking.h:26[m[K,
[9.576s]                  from [01m[K/home/hkim/development/tello_ros_ws/src/ORB_SLAM3/include/System.h:31[m[K,
[9.576s]                  from [01m[K/home/hkim/development/tello_ros_ws/src/orbslam3_ros2/src/monocular/monocular-slam-node.hpp:9[m[K,
[9.576s]                  from [01m[K/home/hkim/development/tello_ros_ws/src/orbslam3_ros2/src/monocular/monocular-slam-node.cpp:1[m[K:
[9.577s] /home/hkim/development/tello_ros_ws/src/ORB_SLAM3/include/../Thirdparty/g2o/g2o/types/../core/base_vertex.h: In instantiation of ‘[01m[Kclass g2o::BaseVertex<6, g2o::SE3Quat>[m[K’:
[9.577s] [01m[K/home/hkim/development/tello_ros_ws/src/ORB_SLAM3/include/../Thirdparty/g2o/g2o/types/types_six_dof_expmap.h:59:33:[m[K   required from here
[9.577s] [01m[K/home/hkim/development/tello_ros_ws/src/ORB_SLAM3/include/../Thirdparty/g2o/g2o/types/../core/base_vertex.h:62:72:[m[K [01;35m[Kwarning: [m[K‘[01m[KEigen::AlignedBit[m[K’ is deprecated [[01;35m[K-Wdeprecated-declarations[m[K]
[9.577s]    62 |     typedef Eigen::Map<Matrix<double, D, D>, Matrix<double,D,D>::[01;35m[KFlags & AlignedBit[m[K ? Aligned : Unaligned >  HessianBlockType;
[9.577s]       |                                                                  [01;35m[K~~~~~~^~~~~~~~~~~~[m[K
[9.577s] In file included from [01m[K/usr/include/eigen3/Eigen/Core:363[m[K,
[9.577s]                  from [01m[K/usr/include/eigen3/Eigen/LU:11[m[K,
[9.577s]                  from [01m[K/home/hkim/development/tello_ros_ws/src/ORB_SLAM3/include/../Thirdparty/Sophus/sophus/so2.hpp:12[m[K,
[9.577s]                  from [01m[K/home/hkim/development/tello_ros_ws/src/ORB_SLAM3/include/../Thirdparty/Sophus/sophus/se2.hpp:7[m[K,
[9.578s]                  from [01m[K/home/hkim/development/tello_ros_ws/src/ORB_SLAM3/include/../Thirdparty/Sophus/sophus/geometry.hpp:7[m[K,
[9.578s]                  from [01m[K/home/hkim/development/tello_ros_ws/src/ORB_SLAM3/include/Frame.h:28[m[K,
[9.578s]                  from [01m[K/home/hkim/development/tello_ros_ws/src/ORB_SLAM3/include/KeyFrame.h:28[m[K,
[9.578s]                  from [01m[K/home/hkim/development/tello_ros_ws/src/ORB_SLAM3/include/MapPoint.h:23[m[K,
[9.578s]                  from [01m[K/home/hkim/development/tello_ros_ws/src/ORB_SLAM3/include/FrameDrawer.h:24[m[K,
[9.578s]                  from [01m[K/home/hkim/development/tello_ros_ws/src/ORB_SLAM3/include/Viewer.h:23[m[K,
[9.578s]                  from [01m[K/home/hkim/development/tello_ros_ws/src/ORB_SLAM3/include/Tracking.h:26[m[K,
[9.578s]                  from [01m[K/home/hkim/development/tello_ros_ws/src/ORB_SLAM3/include/System.h:31[m[K,
[9.578s]                  from [01m[K/home/hkim/development/tello_ros_ws/src/orbslam3_ros2/src/monocular/monocular-slam-node.hpp:9[m[K,
[9.579s]                  from [01m[K/home/hkim/development/tello_ros_ws/src/orbslam3_ros2/src/monocular/monocular-slam-node.cpp:1[m[K:
[9.579s] [01m[K/usr/include/eigen3/Eigen/src/Core/util/Constants.h:162:37:[m[K [01;36m[Knote: [m[Kdeclared here
[9.579s]   162 | EIGEN_DEPRECATED const unsigned int [01;36m[KAlignedBit[m[K = 0x80;
[9.579s]       |                                     [01;36m[K^~~~~~~~~~[m[K
[9.609s] In file included from [01m[K/home/hkim/development/tello_ros_ws/src/ORB_SLAM3/include/../Thirdparty/g2o/g2o/types/types_six_dof_expmap.h:38[m[K,
[9.609s]                  from [01m[K/home/hkim/development/tello_ros_ws/src/ORB_SLAM3/include/Converter.h:26[m[K,
[9.609s]                  from [01m[K/home/hkim/development/tello_ros_ws/src/ORB_SLAM3/include/Frame.h:33[m[K,
[9.609s]                  from [01m[K/home/hkim/development/tello_ros_ws/src/ORB_SLAM3/include/KeyFrame.h:28[m[K,
[9.609s]                  from [01m[K/home/hkim/development/tello_ros_ws/src/ORB_SLAM3/include/MapPoint.h:23[m[K,
[9.609s]                  from [01m[K/home/hkim/development/tello_ros_ws/src/ORB_SLAM3/include/FrameDrawer.h:24[m[K,
[9.609s]                  from [01m[K/home/hkim/development/tello_ros_ws/src/ORB_SLAM3/include/Viewer.h:23[m[K,
[9.609s]                  from [01m[K/home/hkim/development/tello_ros_ws/src/ORB_SLAM3/include/Tracking.h:26[m[K,
[9.609s]                  from [01m[K/home/hkim/development/tello_ros_ws/src/ORB_SLAM3/include/System.h:31[m[K,
[9.609s]                  from [01m[K/home/hkim/development/tello_ros_ws/src/orbslam3_ros2/src/monocular/monocular-slam-node.hpp:9[m[K,
[9.609s]                  from [01m[K/home/hkim/development/tello_ros_ws/src/orbslam3_ros2/src/monocular/monocular-slam-node.cpp:1[m[K:
[9.609s] /home/hkim/development/tello_ros_ws/src/ORB_SLAM3/include/../Thirdparty/g2o/g2o/types/../core/base_binary_edge.h: In instantiation of ‘[01m[Kclass g2o::BaseBinaryEdge<6, g2o::SE3Quat, g2o::VertexSE3Expmap, g2o::VertexSE3Expmap>[m[K’:
[9.610s] [01m[K/home/hkim/development/tello_ros_ws/src/ORB_SLAM3/include/../Thirdparty/g2o/g2o/types/types_six_dof_expmap.h:83:24:[m[K   required from here
[9.610s] [01m[K/home/hkim/development/tello_ros_ws/src/ORB_SLAM3/include/../Thirdparty/g2o/g2o/types/../core/base_binary_edge.h:59:80:[m[K [01;35m[Kwarning: [m[K‘[01m[KEigen::AlignedBit[m[K’ is deprecated [[01;35m[K-Wdeprecated-declarations[m[K]
[9.610s]    59 |       typedef Eigen::Map<Matrix<double, Di, Dj>, Matrix<double, Di, Dj>::[01;35m[KFlags & AlignedBit[m[K ? Aligned : Unaligned > HessianBlockType;
[9.610s]       |                                                                          [01;35m[K~~~~~~^~~~~~~~~~~~[m[K
[9.610s] In file included from [01m[K/usr/include/eigen3/Eigen/Core:363[m[K,
[9.610s]                  from [01m[K/usr/include/eigen3/Eigen/LU:11[m[K,
[9.610s]                  from [01m[K/home/hkim/development/tello_ros_ws/src/ORB_SLAM3/include/../Thirdparty/Sophus/sophus/so2.hpp:12[m[K,
[9.610s]                  from [01m[K/home/hkim/development/tello_ros_ws/src/ORB_SLAM3/include/../Thirdparty/Sophus/sophus/se2.hpp:7[m[K,
[9.610s]                  from [01m[K/home/hkim/development/tello_ros_ws/src/ORB_SLAM3/include/../Thirdparty/Sophus/sophus/geometry.hpp:7[m[K,
[9.610s]                  from [01m[K/home/hkim/development/tello_ros_ws/src/ORB_SLAM3/include/Frame.h:28[m[K,
[9.610s]                  from [01m[K/home/hkim/development/tello_ros_ws/src/ORB_SLAM3/include/KeyFrame.h:28[m[K,
[9.610s]                  from [01m[K/home/hkim/development/tello_ros_ws/src/ORB_SLAM3/include/MapPoint.h:23[m[K,
[9.610s]                  from [01m[K/home/hkim/development/tello_ros_ws/src/ORB_SLAM3/include/FrameDrawer.h:24[m[K,
[9.611s]                  from [01m[K/home/hkim/development/tello_ros_ws/src/ORB_SLAM3/include/Viewer.h:23[m[K,
[9.611s]                  from [01m[K/home/hkim/development/tello_ros_ws/src/ORB_SLAM3/include/Tracking.h:26[m[K,
[9.611s]                  from [01m[K/home/hkim/development/tello_ros_ws/src/ORB_SLAM3/include/System.h:31[m[K,
[9.611s]                  from [01m[K/home/hkim/development/tello_ros_ws/src/orbslam3_ros2/src/monocular/monocular-slam-node.hpp:9[m[K,
[9.611s]                  from [01m[K/home/hkim/development/tello_ros_ws/src/orbslam3_ros2/src/monocular/monocular-slam-node.cpp:1[m[K:
[9.611s] [01m[K/usr/include/eigen3/Eigen/src/Core/util/Constants.h:162:37:[m[K [01;36m[Knote: [m[Kdeclared here
[9.611s]   162 | EIGEN_DEPRECATED const unsigned int [01;36m[KAlignedBit[m[K = 0x80;
[9.611s]       |                                     [01;36m[K^~~~~~~~~~[m[K
[9.611s] In file included from [01m[K/home/hkim/development/tello_ros_ws/src/ORB_SLAM3/include/../Thirdparty/g2o/g2o/types/types_six_dof_expmap.h:38[m[K,
[9.611s]                  from [01m[K/home/hkim/development/tello_ros_ws/src/ORB_SLAM3/include/Converter.h:26[m[K,
[9.611s]                  from [01m[K/home/hkim/development/tello_ros_ws/src/ORB_SLAM3/include/Frame.h:33[m[K,
[9.611s]                  from [01m[K/home/hkim/development/tello_ros_ws/src/ORB_SLAM3/include/KeyFrame.h:28[m[K,
[9.611s]                  from [01m[K/home/hkim/development/tello_ros_ws/src/ORB_SLAM3/include/MapPoint.h:23[m[K,
[9.611s]                  from [01m[K/home/hkim/development/tello_ros_ws/src/ORB_SLAM3/include/FrameDrawer.h:24[m[K,
[9.611s]                  from [01m[K/home/hkim/development/tello_ros_ws/src/ORB_SLAM3/include/Viewer.h:23[m[K,
[9.611s]                  from [01m[K/home/hkim/development/tello_ros_ws/src/ORB_SLAM3/include/Tracking.h:26[m[K,
[9.611s]                  from [01m[K/home/hkim/development/tello_ros_ws/src/ORB_SLAM3/include/System.h:31[m[K,
[9.612s]                  from [01m[K/home/hkim/development/tello_ros_ws/src/orbslam3_ros2/src/monocular/monocular-slam-node.hpp:9[m[K,
[9.612s]                  from [01m[K/home/hkim/development/tello_ros_ws/src/orbslam3_ros2/src/monocular/monocular-slam-node.cpp:1[m[K:
[9.612s] [01m[K/home/hkim/development/tello_ros_ws/src/ORB_SLAM3/include/../Thirdparty/g2o/g2o/types/../core/base_binary_edge.h:60:80:[m[K [01;35m[Kwarning: [m[K‘[01m[KEigen::AlignedBit[m[K’ is deprecated [[01;35m[K-Wdeprecated-declarations[m[K]
[9.612s]    60 |       typedef Eigen::Map<Matrix<double, Dj, Di>, Matrix<double, Dj, Di>::[01;35m[KFlags & AlignedBit[m[K ? Aligned : Unaligned > HessianBlockTransposedType;
[9.612s]       |                                                                          [01;35m[K~~~~~~^~~~~~~~~~~~[m[K
[9.612s] In file included from [01m[K/usr/include/eigen3/Eigen/Core:363[m[K,
[9.612s]                  from [01m[K/usr/include/eigen3/Eigen/LU:11[m[K,
[9.612s]                  from [01m[K/home/hkim/development/tello_ros_ws/src/ORB_SLAM3/include/../Thirdparty/Sophus/sophus/so2.hpp:12[m[K,
[9.612s]                  from [01m[K/home/hkim/development/tello_ros_ws/src/ORB_SLAM3/include/../Thirdparty/Sophus/sophus/se2.hpp:7[m[K,
[9.612s]                  from [01m[K/home/hkim/development/tello_ros_ws/src/ORB_SLAM3/include/../Thirdparty/Sophus/sophus/geometry.hpp:7[m[K,
[9.612s]                  from [01m[K/home/hkim/development/tello_ros_ws/src/ORB_SLAM3/include/Frame.h:28[m[K,
[9.612s]                  from [01m[K/home/hkim/development/tello_ros_ws/src/ORB_SLAM3/include/KeyFrame.h:28[m[K,
[9.612s]                  from [01m[K/home/hkim/development/tello_ros_ws/src/ORB_SLAM3/include/MapPoint.h:23[m[K,
[9.612s]                  from [01m[K/home/hkim/development/tello_ros_ws/src/ORB_SLAM3/include/FrameDrawer.h:24[m[K,
[9.612s]                  from [01m[K/home/hkim/development/tello_ros_ws/src/ORB_SLAM3/include/Viewer.h:23[m[K,
[9.613s]                  from [01m[K/home/hkim/development/tello_ros_ws/src/ORB_SLAM3/include/Tracking.h:26[m[K,
[9.613s]                  from [01m[K/home/hkim/development/tello_ros_ws/src/ORB_SLAM3/include/System.h:31[m[K,
[9.613s]                  from [01m[K/home/hkim/development/tello_ros_ws/src/orbslam3_ros2/src/monocular/monocular-slam-node.hpp:9[m[K,
[9.613s]                  from [01m[K/home/hkim/development/tello_ros_ws/src/orbslam3_ros2/src/monocular/monocular-slam-node.cpp:1[m[K:
[9.613s] [01m[K/usr/include/eigen3/Eigen/src/Core/util/Constants.h:162:37:[m[K [01;36m[Knote: [m[Kdeclared here
[9.613s]   162 | EIGEN_DEPRECATED const unsigned int [01;36m[KAlignedBit[m[K = 0x80;
[9.613s]       |                                     [01;36m[K^~~~~~~~~~[m[K
[9.682s] In file included from [01m[K/home/hkim/development/tello_ros_ws/src/ORB_SLAM3/include/../Thirdparty/g2o/g2o/types/types_six_dof_expmap.h:38[m[K,
[9.682s]                  from [01m[K/home/hkim/development/tello_ros_ws/src/ORB_SLAM3/include/Converter.h:26[m[K,
[9.682s]                  from [01m[K/home/hkim/development/tello_ros_ws/src/ORB_SLAM3/include/Frame.h:33[m[K,
[9.682s]                  from [01m[K/home/hkim/development/tello_ros_ws/src/ORB_SLAM3/include/KeyFrame.h:28[m[K,
[9.683s]                  from [01m[K/home/hkim/development/tello_ros_ws/src/ORB_SLAM3/include/MapPoint.h:23[m[K,
[9.683s]                  from [01m[K/home/hkim/development/tello_ros_ws/src/ORB_SLAM3/include/FrameDrawer.h:24[m[K,
[9.683s]                  from [01m[K/home/hkim/development/tello_ros_ws/src/ORB_SLAM3/include/Viewer.h:23[m[K,
[9.683s]                  from [01m[K/home/hkim/development/tello_ros_ws/src/ORB_SLAM3/include/Tracking.h:26[m[K,
[9.683s]                  from [01m[K/home/hkim/development/tello_ros_ws/src/ORB_SLAM3/include/System.h:31[m[K,
[9.683s]                  from [01m[K/home/hkim/development/tello_ros_ws/src/orbslam3_ros2/src/monocular/monocular-slam-node.hpp:9[m[K,
[9.683s]                  from [01m[K/home/hkim/development/tello_ros_ws/src/orbslam3_ros2/src/monocular/monocular-slam-node.cpp:1[m[K:
[9.683s] /home/hkim/development/tello_ros_ws/src/ORB_SLAM3/include/../Thirdparty/g2o/g2o/types/../core/base_binary_edge.h: In instantiation of ‘[01m[Kclass g2o::BaseBinaryEdge<2, Eigen::Matrix<double, 2, 1>, g2o::VertexSBAPointXYZ, g2o::VertexSE3Expmap>[m[K’:
[9.683s] [01m[K/home/hkim/development/tello_ros_ws/src/ORB_SLAM3/include/../Thirdparty/g2o/g2o/types/types_six_dof_expmap.h:114:35:[m[K   required from here
[9.683s] [01m[K/home/hkim/development/tello_ros_ws/src/ORB_SLAM3/include/../Thirdparty/g2o/g2o/types/../core/base_binary_edge.h:59:80:[m[K [01;35m[Kwarning: [m[K‘[01m[KEigen::AlignedBit[m[K’ is deprecated [[01;35m[K-Wdeprecated-declarations[m[K]
[9.683s]    59 |       typedef Eigen::Map<Matrix<double, Di, Dj>, Matrix<double, Di, Dj>::[01;35m[KFlags & AlignedBit[m[K ? Aligned : Unaligned > HessianBlockType;
[9.683s]       |                                                                          [01;35m[K~~~~~~^~~~~~~~~~~~[m[K
[9.683s] In file included from [01m[K/usr/include/eigen3/Eigen/Core:363[m[K,
[9.683s]                  from [01m[K/usr/include/eigen3/Eigen/LU:11[m[K,
[9.683s]                  from [01m[K/home/hkim/development/tello_ros_ws/src/ORB_SLAM3/include/../Thirdparty/Sophus/sophus/so2.hpp:12[m[K,
[9.684s]                  from [01m[K/home/hkim/development/tello_ros_ws/src/ORB_SLAM3/include/../Thirdparty/Sophus/sophus/se2.hpp:7[m[K,
[9.684s]                  from [01m[K/home/hkim/development/tello_ros_ws/src/ORB_SLAM3/include/../Thirdparty/Sophus/sophus/geometry.hpp:7[m[K,
[9.684s]                  from [01m[K/home/hkim/development/tello_ros_ws/src/ORB_SLAM3/include/Frame.h:28[m[K,
[9.684s]                  from [01m[K/home/hkim/development/tello_ros_ws/src/ORB_SLAM3/include/KeyFrame.h:28[m[K,
[9.684s]                  from [01m[K/home/hkim/development/tello_ros_ws/src/ORB_SLAM3/include/MapPoint.h:23[m[K,
[9.684s]                  from [01m[K/home/hkim/development/tello_ros_ws/src/ORB_SLAM3/include/FrameDrawer.h:24[m[K,
[9.684s]                  from [01m[K/home/hkim/development/tello_ros_ws/src/ORB_SLAM3/include/Viewer.h:23[m[K,
[9.684s]                  from [01m[K/home/hkim/development/tello_ros_ws/src/ORB_SLAM3/include/Tracking.h:26[m[K,
[9.684s]                  from [01m[K/home/hkim/development/tello_ros_ws/src/ORB_SLAM3/include/System.h:31[m[K,
[9.684s]                  from [01m[K/home/hkim/development/tello_ros_ws/src/orbslam3_ros2/src/monocular/monocular-slam-node.hpp:9[m[K,
[9.684s]                  from [01m[K/home/hkim/development/tello_ros_ws/src/orbslam3_ros2/src/monocular/monocular-slam-node.cpp:1[m[K:
[9.684s] [01m[K/usr/include/eigen3/Eigen/src/Core/util/Constants.h:162:37:[m[K [01;36m[Knote: [m[Kdeclared here
[9.685s]   162 | EIGEN_DEPRECATED const unsigned int [01;36m[KAlignedBit[m[K = 0x80;
[9.685s]       |                                     [01;36m[K^~~~~~~~~~[m[K
[9.702s] In file included from [01m[K/home/hkim/development/tello_ros_ws/src/ORB_SLAM3/include/../Thirdparty/g2o/g2o/types/types_six_dof_expmap.h:38[m[K,
[9.702s]                  from [01m[K/home/hkim/development/tello_ros_ws/src/ORB_SLAM3/include/Converter.h:26[m[K,
[9.702s]                  from [01m[K/home/hkim/development/tello_ros_ws/src/ORB_SLAM3/include/Frame.h:33[m[K,
[9.702s]                  from [01m[K/home/hkim/development/tello_ros_ws/src/ORB_SLAM3/include/KeyFrame.h:28[m[K,
[9.702s]                  from [01m[K/home/hkim/development/tello_ros_ws/src/ORB_SLAM3/include/MapPoint.h:23[m[K,
[9.702s]                  from [01m[K/home/hkim/development/tello_ros_ws/src/ORB_SLAM3/include/FrameDrawer.h:24[m[K,
[9.702s]                  from [01m[K/home/hkim/development/tello_ros_ws/src/ORB_SLAM3/include/Viewer.h:23[m[K,
[9.702s]                  from [01m[K/home/hkim/development/tello_ros_ws/src/ORB_SLAM3/include/Tracking.h:26[m[K,
[9.702s]                  from [01m[K/home/hkim/development/tello_ros_ws/src/ORB_SLAM3/include/System.h:31[m[K,
[9.702s]                  from [01m[K/home/hkim/development/tello_ros_ws/src/orbslam3_ros2/src/monocular/monocular-slam-node.hpp:9[m[K,
[9.702s]                  from [01m[K/home/hkim/development/tello_ros_ws/src/orbslam3_ros2/src/monocular/monocular-slam-node.cpp:1[m[K:
[9.703s] [01m[K/home/hkim/development/tello_ros_ws/src/ORB_SLAM3/include/../Thirdparty/g2o/g2o/types/../core/base_binary_edge.h:60:80:[m[K [01;35m[Kwarning: [m[K‘[01m[KEigen::AlignedBit[m[K’ is deprecated [[01;35m[K-Wdeprecated-declarations[m[K]
[9.703s]    60 |       typedef Eigen::Map<Matrix<double, Dj, Di>, Matrix<double, Dj, Di>::[01;35m[KFlags & AlignedBit[m[K ? Aligned : Unaligned > HessianBlockTransposedType;
[9.703s]       |                                                                          [01;35m[K~~~~~~^~~~~~~~~~~~[m[K
[9.703s] In file included from [01m[K/usr/include/eigen3/Eigen/Core:363[m[K,
[9.703s]                  from [01m[K/usr/include/eigen3/Eigen/LU:11[m[K,
[9.703s]                  from [01m[K/home/hkim/development/tello_ros_ws/src/ORB_SLAM3/include/../Thirdparty/Sophus/sophus/so2.hpp:12[m[K,
[9.703s]                  from [01m[K/home/hkim/development/tello_ros_ws/src/ORB_SLAM3/include/../Thirdparty/Sophus/sophus/se2.hpp:7[m[K,
[9.703s]                  from [01m[K/home/hkim/development/tello_ros_ws/src/ORB_SLAM3/include/../Thirdparty/Sophus/sophus/geometry.hpp:7[m[K,
[9.703s]                  from [01m[K/home/hkim/development/tello_ros_ws/src/ORB_SLAM3/include/Frame.h:28[m[K,
[9.703s]                  from [01m[K/home/hkim/development/tello_ros_ws/src/ORB_SLAM3/include/KeyFrame.h:28[m[K,
[9.703s]                  from [01m[K/home/hkim/development/tello_ros_ws/src/ORB_SLAM3/include/MapPoint.h:23[m[K,
[9.703s]                  from [01m[K/home/hkim/development/tello_ros_ws/src/ORB_SLAM3/include/FrameDrawer.h:24[m[K,
[9.703s]                  from [01m[K/home/hkim/development/tello_ros_ws/src/ORB_SLAM3/include/Viewer.h:23[m[K,
[9.703s]                  from [01m[K/home/hkim/development/tello_ros_ws/src/ORB_SLAM3/include/Tracking.h:26[m[K,
[9.703s]                  from [01m[K/home/hkim/development/tello_ros_ws/src/ORB_SLAM3/include/System.h:31[m[K,
[9.704s]                  from [01m[K/home/hkim/development/tello_ros_ws/src/orbslam3_ros2/src/monocular/monocular-slam-node.hpp:9[m[K,
[9.704s]                  from [01m[K/home/hkim/development/tello_ros_ws/src/orbslam3_ros2/src/monocular/monocular-slam-node.cpp:1[m[K:
[9.704s] [01m[K/usr/include/eigen3/Eigen/src/Core/util/Constants.h:162:37:[m[K [01;36m[Knote: [m[Kdeclared here
[9.704s]   162 | EIGEN_DEPRECATED const unsigned int [01;36m[KAlignedBit[m[K = 0x80;
[9.704s]       |                                     [01;36m[K^~~~~~~~~~[m[K
[9.759s] In file included from [01m[K/home/hkim/development/tello_ros_ws/src/ORB_SLAM3/include/../Thirdparty/g2o/g2o/types/types_six_dof_expmap.h:38[m[K,
[9.759s]                  from [01m[K/home/hkim/development/tello_ros_ws/src/ORB_SLAM3/include/Converter.h:26[m[K,
[9.759s]                  from [01m[K/home/hkim/development/tello_ros_ws/src/ORB_SLAM3/include/Frame.h:33[m[K,
[9.759s]                  from [01m[K/home/hkim/development/tello_ros_ws/src/ORB_SLAM3/include/KeyFrame.h:28[m[K,
[9.759s]                  from [01m[K/home/hkim/development/tello_ros_ws/src/ORB_SLAM3/include/MapPoint.h:23[m[K,
[9.759s]                  from [01m[K/home/hkim/development/tello_ros_ws/src/ORB_SLAM3/include/FrameDrawer.h:24[m[K,
[9.759s]                  from [01m[K/home/hkim/development/tello_ros_ws/src/ORB_SLAM3/include/Viewer.h:23[m[K,
[9.760s]                  from [01m[K/home/hkim/development/tello_ros_ws/src/ORB_SLAM3/include/Tracking.h:26[m[K,
[9.760s]                  from [01m[K/home/hkim/development/tello_ros_ws/src/ORB_SLAM3/include/System.h:31[m[K,
[9.760s]                  from [01m[K/home/hkim/development/tello_ros_ws/src/orbslam3_ros2/src/monocular/monocular-slam-node.hpp:9[m[K,
[9.760s]                  from [01m[K/home/hkim/development/tello_ros_ws/src/orbslam3_ros2/src/monocular/monocular-slam-node.cpp:1[m[K:
[9.760s] /home/hkim/development/tello_ros_ws/src/ORB_SLAM3/include/../Thirdparty/g2o/g2o/types/../core/base_binary_edge.h: In instantiation of ‘[01m[Kclass g2o::BaseBinaryEdge<3, Eigen::Matrix<double, 3, 1>, g2o::VertexSBAPointXYZ, g2o::VertexSE3Expmap>[m[K’:
[9.760s] [01m[K/home/hkim/development/tello_ros_ws/src/ORB_SLAM3/include/../Thirdparty/g2o/g2o/types/types_six_dof_expmap.h:146:41:[m[K   required from here
[9.760s] [01m[K/home/hkim/development/tello_ros_ws/src/ORB_SLAM3/include/../Thirdparty/g2o/g2o/types/../core/base_binary_edge.h:59:80:[m[K [01;35m[Kwarning: [m[K‘[01m[KEigen::AlignedBit[m[K’ is deprecated [[01;35m[K-Wdeprecated-declarations[m[K]
[9.760s]    59 |       typedef Eigen::Map<Matrix<double, Di, Dj>, Matrix<double, Di, Dj>::[01;35m[KFlags & AlignedBit[m[K ? Aligned : Unaligned > HessianBlockType;
[9.760s]       |                                                                          [01;35m[K~~~~~~^~~~~~~~~~~~[m[K
[9.760s] In file included from [01m[K/usr/include/eigen3/Eigen/Core:363[m[K,
[9.761s]                  from [01m[K/usr/include/eigen3/Eigen/LU:11[m[K,
[9.761s]                  from [01m[K/home/hkim/development/tello_ros_ws/src/ORB_SLAM3/include/../Thirdparty/Sophus/sophus/so2.hpp:12[m[K,
[9.761s]                  from [01m[K/home/hkim/development/tello_ros_ws/src/ORB_SLAM3/include/../Thirdparty/Sophus/sophus/se2.hpp:7[m[K,
[9.761s]                  from [01m[K/home/hkim/development/tello_ros_ws/src/ORB_SLAM3/include/../Thirdparty/Sophus/sophus/geometry.hpp:7[m[K,
[9.761s]                  from [01m[K/home/hkim/development/tello_ros_ws/src/ORB_SLAM3/include/Frame.h:28[m[K,
[9.761s]                  from [01m[K/home/hkim/development/tello_ros_ws/src/ORB_SLAM3/include/KeyFrame.h:28[m[K,
[9.761s]                  from [01m[K/home/hkim/development/tello_ros_ws/src/ORB_SLAM3/include/MapPoint.h:23[m[K,
[9.761s]                  from [01m[K/home/hkim/development/tello_ros_ws/src/ORB_SLAM3/include/FrameDrawer.h:24[m[K,
[9.761s]                  from [01m[K/home/hkim/development/tello_ros_ws/src/ORB_SLAM3/include/Viewer.h:23[m[K,
[9.762s]                  from [01m[K/home/hkim/development/tello_ros_ws/src/ORB_SLAM3/include/Tracking.h:26[m[K,
[9.762s]                  from [01m[K/home/hkim/development/tello_ros_ws/src/ORB_SLAM3/include/System.h:31[m[K,
[9.762s]                  from [01m[K/home/hkim/development/tello_ros_ws/src/orbslam3_ros2/src/monocular/monocular-slam-node.hpp:9[m[K,
[9.762s]                  from [01m[K/home/hkim/development/tello_ros_ws/src/orbslam3_ros2/src/monocular/monocular-slam-node.cpp:1[m[K:
[9.762s] [01m[K/usr/include/eigen3/Eigen/src/Core/util/Constants.h:162:37:[m[K [01;36m[Knote: [m[Kdeclared here
[9.762s]   162 | EIGEN_DEPRECATED const unsigned int [01;36m[KAlignedBit[m[K = 0x80;
[9.762s]       |                                     [01;36m[K^~~~~~~~~~[m[K
[9.762s] In file included from [01m[K/home/hkim/development/tello_ros_ws/src/ORB_SLAM3/include/../Thirdparty/g2o/g2o/types/types_six_dof_expmap.h:38[m[K,
[9.762s]                  from [01m[K/home/hkim/development/tello_ros_ws/src/ORB_SLAM3/include/Converter.h:26[m[K,
[9.762s]                  from [01m[K/home/hkim/development/tello_ros_ws/src/ORB_SLAM3/include/Frame.h:33[m[K,
[9.762s]                  from [01m[K/home/hkim/development/tello_ros_ws/src/ORB_SLAM3/include/KeyFrame.h:28[m[K,
[9.762s]                  from [01m[K/home/hkim/development/tello_ros_ws/src/ORB_SLAM3/include/MapPoint.h:23[m[K,
[9.762s]                  from [01m[K/home/hkim/development/tello_ros_ws/src/ORB_SLAM3/include/FrameDrawer.h:24[m[K,
[9.762s]                  from [01m[K/home/hkim/development/tello_ros_ws/src/ORB_SLAM3/include/Viewer.h:23[m[K,
[9.762s]                  from [01m[K/home/hkim/development/tello_ros_ws/src/ORB_SLAM3/include/Tracking.h:26[m[K,
[9.763s]                  from [01m[K/home/hkim/development/tello_ros_ws/src/ORB_SLAM3/include/System.h:31[m[K,
[9.763s]                  from [01m[K/home/hkim/development/tello_ros_ws/src/orbslam3_ros2/src/monocular/monocular-slam-node.hpp:9[m[K,
[9.763s]                  from [01m[K/home/hkim/development/tello_ros_ws/src/orbslam3_ros2/src/monocular/monocular-slam-node.cpp:1[m[K:
[9.763s] [01m[K/home/hkim/development/tello_ros_ws/src/ORB_SLAM3/include/../Thirdparty/g2o/g2o/types/../core/base_binary_edge.h:60:80:[m[K [01;35m[Kwarning: [m[K‘[01m[KEigen::AlignedBit[m[K’ is deprecated [[01;35m[K-Wdeprecated-declarations[m[K]
[9.763s]    60 |       typedef Eigen::Map<Matrix<double, Dj, Di>, Matrix<double, Dj, Di>::[01;35m[KFlags & AlignedBit[m[K ? Aligned : Unaligned > HessianBlockTransposedType;
[9.763s]       |                                                                          [01;35m[K~~~~~~^~~~~~~~~~~~[m[K
[9.763s] In file included from [01m[K/usr/include/eigen3/Eigen/Core:363[m[K,
[9.763s]                  from [01m[K/usr/include/eigen3/Eigen/LU:11[m[K,
[9.763s]                  from [01m[K/home/hkim/development/tello_ros_ws/src/ORB_SLAM3/include/../Thirdparty/Sophus/sophus/so2.hpp:12[m[K,
[9.763s]                  from [01m[K/home/hkim/development/tello_ros_ws/src/ORB_SLAM3/include/../Thirdparty/Sophus/sophus/se2.hpp:7[m[K,
[9.763s]                  from [01m[K/home/hkim/development/tello_ros_ws/src/ORB_SLAM3/include/../Thirdparty/Sophus/sophus/geometry.hpp:7[m[K,
[9.763s]                  from [01m[K/home/hkim/development/tello_ros_ws/src/ORB_SLAM3/include/Frame.h:28[m[K,
[9.763s]                  from [01m[K/home/hkim/development/tello_ros_ws/src/ORB_SLAM3/include/KeyFrame.h:28[m[K,
[9.763s]                  from [01m[K/home/hkim/development/tello_ros_ws/src/ORB_SLAM3/include/MapPoint.h:23[m[K,
[9.763s]                  from [01m[K/home/hkim/development/tello_ros_ws/src/ORB_SLAM3/include/FrameDrawer.h:24[m[K,
[9.763s]                  from [01m[K/home/hkim/development/tello_ros_ws/src/ORB_SLAM3/include/Viewer.h:23[m[K,
[9.764s]                  from [01m[K/home/hkim/development/tello_ros_ws/src/ORB_SLAM3/include/Tracking.h:26[m[K,
[9.764s]                  from [01m[K/home/hkim/development/tello_ros_ws/src/ORB_SLAM3/include/System.h:31[m[K,
[9.764s]                  from [01m[K/home/hkim/development/tello_ros_ws/src/orbslam3_ros2/src/monocular/monocular-slam-node.hpp:9[m[K,
[9.764s]                  from [01m[K/home/hkim/development/tello_ros_ws/src/orbslam3_ros2/src/monocular/monocular-slam-node.cpp:1[m[K:
[9.764s] [01m[K/usr/include/eigen3/Eigen/src/Core/util/Constants.h:162:37:[m[K [01;36m[Knote: [m[Kdeclared here
[9.764s]   162 | EIGEN_DEPRECATED const unsigned int [01;36m[KAlignedBit[m[K = 0x80;
[9.764s]       |                                     [01;36m[K^~~~~~~~~~[m[K
[9.957s] In file included from [01m[K/home/hkim/development/tello_ros_ws/src/ORB_SLAM3/include/../Thirdparty/g2o/g2o/types/types_six_dof_expmap.h:37[m[K,
[9.957s]                  from [01m[K/home/hkim/development/tello_ros_ws/src/ORB_SLAM3/include/Converter.h:26[m[K,
[9.957s]                  from [01m[K/home/hkim/development/tello_ros_ws/src/ORB_SLAM3/include/Frame.h:33[m[K,
[9.957s]                  from [01m[K/home/hkim/development/tello_ros_ws/src/ORB_SLAM3/include/KeyFrame.h:28[m[K,
[9.957s]                  from [01m[K/home/hkim/development/tello_ros_ws/src/ORB_SLAM3/include/MapPoint.h:23[m[K,
[9.957s]                  from [01m[K/home/hkim/development/tello_ros_ws/src/ORB_SLAM3/include/FrameDrawer.h:24[m[K,
[9.957s]                  from [01m[K/home/hkim/development/tello_ros_ws/src/ORB_SLAM3/include/Viewer.h:23[m[K,
[9.957s]                  from [01m[K/home/hkim/development/tello_ros_ws/src/ORB_SLAM3/include/Tracking.h:26[m[K,
[9.958s]                  from [01m[K/home/hkim/development/tello_ros_ws/src/ORB_SLAM3/include/System.h:31[m[K,
[9.958s]                  from [01m[K/home/hkim/development/tello_ros_ws/src/orbslam3_ros2/src/monocular/monocular-slam-node.hpp:9[m[K,
[9.958s]                  from [01m[K/home/hkim/development/tello_ros_ws/src/orbslam3_ros2/src/monocular/monocular-slam-node.cpp:1[m[K:
[9.958s] /home/hkim/development/tello_ros_ws/src/ORB_SLAM3/include/../Thirdparty/g2o/g2o/types/../core/base_vertex.h: In instantiation of ‘[01m[Kclass g2o::BaseVertex<7, g2o::Sim3>[m[K’:
[9.958s] [01m[K/home/hkim/development/tello_ros_ws/src/ORB_SLAM3/include/../Thirdparty/g2o/g2o/types/types_seven_dof_expmap.h:48:35:[m[K   required from here
[9.958s] [01m[K/home/hkim/development/tello_ros_ws/src/ORB_SLAM3/include/../Thirdparty/g2o/g2o/types/../core/base_vertex.h:62:72:[m[K [01;35m[Kwarning: [m[K‘[01m[KEigen::AlignedBit[m[K’ is deprecated [[01;35m[K-Wdeprecated-declarations[m[K]
[9.958s]    62 |     typedef Eigen::Map<Matrix<double, D, D>, Matrix<double,D,D>::[01;35m[KFlags & AlignedBit[m[K ? Aligned : Unaligned >  HessianBlockType;
[9.958s]       |                                                                  [01;35m[K~~~~~~^~~~~~~~~~~~[m[K
[9.958s] In file included from [01m[K/usr/include/eigen3/Eigen/Core:363[m[K,
[9.958s]                  from [01m[K/usr/include/eigen3/Eigen/LU:11[m[K,
[9.958s]                  from [01m[K/home/hkim/development/tello_ros_ws/src/ORB_SLAM3/include/../Thirdparty/Sophus/sophus/so2.hpp:12[m[K,
[9.959s]                  from [01m[K/home/hkim/development/tello_ros_ws/src/ORB_SLAM3/include/../Thirdparty/Sophus/sophus/se2.hpp:7[m[K,
[9.959s]                  from [01m[K/home/hkim/development/tello_ros_ws/src/ORB_SLAM3/include/../Thirdparty/Sophus/sophus/geometry.hpp:7[m[K,
[9.959s]                  from [01m[K/home/hkim/development/tello_ros_ws/src/ORB_SLAM3/include/Frame.h:28[m[K,
[9.959s]                  from [01m[K/home/hkim/development/tello_ros_ws/src/ORB_SLAM3/include/KeyFrame.h:28[m[K,
[9.959s]                  from [01m[K/home/hkim/development/tello_ros_ws/src/ORB_SLAM3/include/MapPoint.h:23[m[K,
[9.959s]                  from [01m[K/home/hkim/development/tello_ros_ws/src/ORB_SLAM3/include/FrameDrawer.h:24[m[K,
[9.959s]                  from [01m[K/home/hkim/development/tello_ros_ws/src/ORB_SLAM3/include/Viewer.h:23[m[K,
[9.960s]                  from [01m[K/home/hkim/development/tello_ros_ws/src/ORB_SLAM3/include/Tracking.h:26[m[K,
[9.960s]                  from [01m[K/home/hkim/development/tello_ros_ws/src/ORB_SLAM3/include/System.h:31[m[K,
[9.960s]                  from [01m[K/home/hkim/development/tello_ros_ws/src/orbslam3_ros2/src/monocular/monocular-slam-node.hpp:9[m[K,
[9.960s]                  from [01m[K/home/hkim/development/tello_ros_ws/src/orbslam3_ros2/src/monocular/monocular-slam-node.cpp:1[m[K:
[9.960s] [01m[K/usr/include/eigen3/Eigen/src/Core/util/Constants.h:162:37:[m[K [01;36m[Knote: [m[Kdeclared here
[9.960s]   162 | EIGEN_DEPRECATED const unsigned int [01;36m[KAlignedBit[m[K = 0x80;
[9.960s]       |                                     [01;36m[K^~~~~~~~~~[m[K
[9.992s] In file included from [01m[K/home/hkim/development/tello_ros_ws/src/ORB_SLAM3/include/../Thirdparty/g2o/g2o/types/types_six_dof_expmap.h:38[m[K,
[9.992s]                  from [01m[K/home/hkim/development/tello_ros_ws/src/ORB_SLAM3/include/Converter.h:26[m[K,
[9.992s]                  from [01m[K/home/hkim/development/tello_ros_ws/src/ORB_SLAM3/include/Frame.h:33[m[K,
[9.992s]                  from [01m[K/home/hkim/development/tello_ros_ws/src/ORB_SLAM3/include/KeyFrame.h:28[m[K,
[9.992s]                  from [01m[K/home/hkim/development/tello_ros_ws/src/ORB_SLAM3/include/MapPoint.h:23[m[K,
[9.992s]                  from [01m[K/home/hkim/development/tello_ros_ws/src/ORB_SLAM3/include/FrameDrawer.h:24[m[K,
[9.992s]                  from [01m[K/home/hkim/development/tello_ros_ws/src/ORB_SLAM3/include/Viewer.h:23[m[K,
[9.992s]                  from [01m[K/home/hkim/development/tello_ros_ws/src/ORB_SLAM3/include/Tracking.h:26[m[K,
[9.992s]                  from [01m[K/home/hkim/development/tello_ros_ws/src/ORB_SLAM3/include/System.h:31[m[K,
[9.992s]                  from [01m[K/home/hkim/development/tello_ros_ws/src/orbslam3_ros2/src/monocular/monocular-slam-node.hpp:9[m[K,
[9.993s]                  from [01m[K/home/hkim/development/tello_ros_ws/src/orbslam3_ros2/src/monocular/monocular-slam-node.cpp:1[m[K:
[9.993s] /home/hkim/development/tello_ros_ws/src/ORB_SLAM3/include/../Thirdparty/g2o/g2o/types/../core/base_binary_edge.h: In instantiation of ‘[01m[Kclass g2o::BaseBinaryEdge<7, g2o::Sim3, g2o::VertexSim3Expmap, g2o::VertexSim3Expmap>[m[K’:
[9.993s] [01m[K/home/hkim/development/tello_ros_ws/src/ORB_SLAM3/include/../Thirdparty/g2o/g2o/types/types_seven_dof_expmap.h:99:27:[m[K   required from here
[9.993s] [01m[K/home/hkim/development/tello_ros_ws/src/ORB_SLAM3/include/../Thirdparty/g2o/g2o/types/../core/base_binary_edge.h:59:80:[m[K [01;35m[Kwarning: [m[K‘[01m[KEigen::AlignedBit[m[K’ is deprecated [[01;35m[K-Wdeprecated-declarations[m[K]
[9.993s]    59 |       typedef Eigen::Map<Matrix<double, Di, Dj>, Matrix<double, Di, Dj>::[01;35m[KFlags & AlignedBit[m[K ? Aligned : Unaligned > HessianBlockType;
[9.993s]       |                                                                          [01;35m[K~~~~~~^~~~~~~~~~~~[m[K
[9.993s] In file included from [01m[K/usr/include/eigen3/Eigen/Core:363[m[K,
[9.993s]                  from [01m[K/usr/include/eigen3/Eigen/LU:11[m[K,
[9.993s]                  from [01m[K/home/hkim/development/tello_ros_ws/src/ORB_SLAM3/include/../Thirdparty/Sophus/sophus/so2.hpp:12[m[K,
[9.993s]                  from [01m[K/home/hkim/development/tello_ros_ws/src/ORB_SLAM3/include/../Thirdparty/Sophus/sophus/se2.hpp:7[m[K,
[9.994s]                  from [01m[K/home/hkim/development/tello_ros_ws/src/ORB_SLAM3/include/../Thirdparty/Sophus/sophus/geometry.hpp:7[m[K,
[9.994s]                  from [01m[K/home/hkim/development/tello_ros_ws/src/ORB_SLAM3/include/Frame.h:28[m[K,
[9.994s]                  from [01m[K/home/hkim/development/tello_ros_ws/src/ORB_SLAM3/include/KeyFrame.h:28[m[K,
[9.994s]                  from [01m[K/home/hkim/development/tello_ros_ws/src/ORB_SLAM3/include/MapPoint.h:23[m[K,
[9.994s]                  from [01m[K/home/hkim/development/tello_ros_ws/src/ORB_SLAM3/include/FrameDrawer.h:24[m[K,
[9.994s]                  from [01m[K/home/hkim/development/tello_ros_ws/src/ORB_SLAM3/include/Viewer.h:23[m[K,
[9.994s]                  from [01m[K/home/hkim/development/tello_ros_ws/src/ORB_SLAM3/include/Tracking.h:26[m[K,
[9.994s]                  from [01m[K/home/hkim/development/tello_ros_ws/src/ORB_SLAM3/include/System.h:31[m[K,
[9.994s]                  from [01m[K/home/hkim/development/tello_ros_ws/src/orbslam3_ros2/src/monocular/monocular-slam-node.hpp:9[m[K,
[9.994s]                  from [01m[K/home/hkim/development/tello_ros_ws/src/orbslam3_ros2/src/monocular/monocular-slam-node.cpp:1[m[K:
[9.995s] [01m[K/usr/include/eigen3/Eigen/src/Core/util/Constants.h:162:37:[m[K [01;36m[Knote: [m[Kdeclared here
[9.995s]   162 | EIGEN_DEPRECATED const unsigned int [01;36m[KAlignedBit[m[K = 0x80;
[9.995s]       |                                     [01;36m[K^~~~~~~~~~[m[K
[9.995s] In file included from [01m[K/home/hkim/development/tello_ros_ws/src/ORB_SLAM3/include/../Thirdparty/g2o/g2o/types/types_six_dof_expmap.h:38[m[K,
[9.995s]                  from [01m[K/home/hkim/development/tello_ros_ws/src/ORB_SLAM3/include/Converter.h:26[m[K,
[9.995s]                  from [01m[K/home/hkim/development/tello_ros_ws/src/ORB_SLAM3/include/Frame.h:33[m[K,
[9.995s]                  from [01m[K/home/hkim/development/tello_ros_ws/src/ORB_SLAM3/include/KeyFrame.h:28[m[K,
[9.995s]                  from [01m[K/home/hkim/development/tello_ros_ws/src/ORB_SLAM3/include/MapPoint.h:23[m[K,
[9.995s]                  from [01m[K/home/hkim/development/tello_ros_ws/src/ORB_SLAM3/include/FrameDrawer.h:24[m[K,
[9.995s]                  from [01m[K/home/hkim/development/tello_ros_ws/src/ORB_SLAM3/include/Viewer.h:23[m[K,
[9.996s]                  from [01m[K/home/hkim/development/tello_ros_ws/src/ORB_SLAM3/include/Tracking.h:26[m[K,
[9.996s]                  from [01m[K/home/hkim/development/tello_ros_ws/src/ORB_SLAM3/include/System.h:31[m[K,
[9.996s]                  from [01m[K/home/hkim/development/tello_ros_ws/src/orbslam3_ros2/src/monocular/monocular-slam-node.hpp:9[m[K,
[9.996s]                  from [01m[K/home/hkim/development/tello_ros_ws/src/orbslam3_ros2/src/monocular/monocular-slam-node.cpp:1[m[K:
[9.996s] [01m[K/home/hkim/development/tello_ros_ws/src/ORB_SLAM3/include/../Thirdparty/g2o/g2o/types/../core/base_binary_edge.h:60:80:[m[K [01;35m[Kwarning: [m[K‘[01m[KEigen::AlignedBit[m[K’ is deprecated [[01;35m[K-Wdeprecated-declarations[m[K]
[9.996s]    60 |       typedef Eigen::Map<Matrix<double, Dj, Di>, Matrix<double, Dj, Di>::[01;35m[KFlags & AlignedBit[m[K ? Aligned : Unaligned > HessianBlockTransposedType;
[9.996s]       |                                                                          [01;35m[K~~~~~~^~~~~~~~~~~~[m[K
[9.996s] In file included from [01m[K/usr/include/eigen3/Eigen/Core:363[m[K,
[9.996s]                  from [01m[K/usr/include/eigen3/Eigen/LU:11[m[K,
[9.996s]                  from [01m[K/home/hkim/development/tello_ros_ws/src/ORB_SLAM3/include/../Thirdparty/Sophus/sophus/so2.hpp:12[m[K,
[9.997s]                  from [01m[K/home/hkim/development/tello_ros_ws/src/ORB_SLAM3/include/../Thirdparty/Sophus/sophus/se2.hpp:7[m[K,
[9.997s]                  from [01m[K/home/hkim/development/tello_ros_ws/src/ORB_SLAM3/include/../Thirdparty/Sophus/sophus/geometry.hpp:7[m[K,
[9.997s]                  from [01m[K/home/hkim/development/tello_ros_ws/src/ORB_SLAM3/include/Frame.h:28[m[K,
[9.997s]                  from [01m[K/home/hkim/development/tello_ros_ws/src/ORB_SLAM3/include/KeyFrame.h:28[m[K,
[9.997s]                  from [01m[K/home/hkim/development/tello_ros_ws/src/ORB_SLAM3/include/MapPoint.h:23[m[K,
[9.997s]                  from [01m[K/home/hkim/development/tello_ros_ws/src/ORB_SLAM3/include/FrameDrawer.h:24[m[K,
[9.997s]                  from [01m[K/home/hkim/development/tello_ros_ws/src/ORB_SLAM3/include/Viewer.h:23[m[K,
[9.997s]                  from [01m[K/home/hkim/development/tello_ros_ws/src/ORB_SLAM3/include/Tracking.h:26[m[K,
[9.997s]                  from [01m[K/home/hkim/development/tello_ros_ws/src/ORB_SLAM3/include/System.h:31[m[K,
[9.997s]                  from [01m[K/home/hkim/development/tello_ros_ws/src/orbslam3_ros2/src/monocular/monocular-slam-node.hpp:9[m[K,
[9.998s]                  from [01m[K/home/hkim/development/tello_ros_ws/src/orbslam3_ros2/src/monocular/monocular-slam-node.cpp:1[m[K:
[9.998s] [01m[K/usr/include/eigen3/Eigen/src/Core/util/Constants.h:162:37:[m[K [01;36m[Knote: [m[Kdeclared here
[9.998s]   162 | EIGEN_DEPRECATED const unsigned int [01;36m[KAlignedBit[m[K = 0x80;
[9.998s]       |                                     [01;36m[K^~~~~~~~~~[m[K
[10.032s] In file included from [01m[K/home/hkim/development/tello_ros_ws/src/ORB_SLAM3/include/../Thirdparty/g2o/g2o/types/types_six_dof_expmap.h:38[m[K,
[10.032s]                  from [01m[K/home/hkim/development/tello_ros_ws/src/ORB_SLAM3/include/Converter.h:26[m[K,
[10.032s]                  from [01m[K/home/hkim/development/tello_ros_ws/src/ORB_SLAM3/include/Frame.h:33[m[K,
[10.032s]                  from [01m[K/home/hkim/development/tello_ros_ws/src/ORB_SLAM3/include/KeyFrame.h:28[m[K,
[10.032s]                  from [01m[K/home/hkim/development/tello_ros_ws/src/ORB_SLAM3/include/MapPoint.h:23[m[K,
[10.032s]                  from [01m[K/home/hkim/development/tello_ros_ws/src/ORB_SLAM3/include/FrameDrawer.h:24[m[K,
[10.032s]                  from [01m[K/home/hkim/development/tello_ros_ws/src/ORB_SLAM3/include/Viewer.h:23[m[K,
[10.032s]                  from [01m[K/home/hkim/development/tello_ros_ws/src/ORB_SLAM3/include/Tracking.h:26[m[K,
[10.032s]                  from [01m[K/home/hkim/development/tello_ros_ws/src/ORB_SLAM3/include/System.h:31[m[K,
[10.032s]                  from [01m[K/home/hkim/development/tello_ros_ws/src/orbslam3_ros2/src/monocular/monocular-slam-node.hpp:9[m[K,
[10.033s]                  from [01m[K/home/hkim/development/tello_ros_ws/src/orbslam3_ros2/src/monocular/monocular-slam-node.cpp:1[m[K:
[10.033s] /home/hkim/development/tello_ros_ws/src/ORB_SLAM3/include/../Thirdparty/g2o/g2o/types/../core/base_binary_edge.h: In instantiation of ‘[01m[Kclass g2o::BaseBinaryEdge<2, Eigen::Matrix<double, 2, 1>, g2o::VertexSBAPointXYZ, g2o::VertexSim3Expmap>[m[K’:
[10.033s] [01m[K/home/hkim/development/tello_ros_ws/src/ORB_SLAM3/include/../Thirdparty/g2o/g2o/types/types_seven_dof_expmap.h:130:36:[m[K   required from here
[10.033s] [01m[K/home/hkim/development/tello_ros_ws/src/ORB_SLAM3/include/../Thirdparty/g2o/g2o/types/../core/base_binary_edge.h:59:80:[m[K [01;35m[Kwarning: [m[K‘[01m[KEigen::AlignedBit[m[K’ is deprecated [[01;35m[K-Wdeprecated-declarations[m[K]
[10.033s]    59 |       typedef Eigen::Map<Matrix<double, Di, Dj>, Matrix<double, Di, Dj>::[01;35m[KFlags & AlignedBit[m[K ? Aligned : Unaligned > HessianBlockType;
[10.033s]       |                                                                          [01;35m[K~~~~~~^~~~~~~~~~~~[m[K
[10.033s] In file included from [01m[K/usr/include/eigen3/Eigen/Core:363[m[K,
[10.033s]                  from [01m[K/usr/include/eigen3/Eigen/LU:11[m[K,
[10.033s]                  from [01m[K/home/hkim/development/tello_ros_ws/src/ORB_SLAM3/include/../Thirdparty/Sophus/sophus/so2.hpp:12[m[K,
[10.033s]                  from [01m[K/home/hkim/development/tello_ros_ws/src/ORB_SLAM3/include/../Thirdparty/Sophus/sophus/se2.hpp:7[m[K,
[10.033s]                  from [01m[K/home/hkim/development/tello_ros_ws/src/ORB_SLAM3/include/../Thirdparty/Sophus/sophus/geometry.hpp:7[m[K,
[10.033s]                  from [01m[K/home/hkim/development/tello_ros_ws/src/ORB_SLAM3/include/Frame.h:28[m[K,
[10.033s]                  from [01m[K/home/hkim/development/tello_ros_ws/src/ORB_SLAM3/include/KeyFrame.h:28[m[K,
[10.034s]                  from [01m[K/home/hkim/development/tello_ros_ws/src/ORB_SLAM3/include/MapPoint.h:23[m[K,
[10.034s]                  from [01m[K/home/hkim/development/tello_ros_ws/src/ORB_SLAM3/include/FrameDrawer.h:24[m[K,
[10.034s]                  from [01m[K/home/hkim/development/tello_ros_ws/src/ORB_SLAM3/include/Viewer.h:23[m[K,
[10.034s]                  from [01m[K/home/hkim/development/tello_ros_ws/src/ORB_SLAM3/include/Tracking.h:26[m[K,
[10.034s]                  from [01m[K/home/hkim/development/tello_ros_ws/src/ORB_SLAM3/include/System.h:31[m[K,
[10.034s]                  from [01m[K/home/hkim/development/tello_ros_ws/src/orbslam3_ros2/src/monocular/monocular-slam-node.hpp:9[m[K,
[10.034s]                  from [01m[K/home/hkim/development/tello_ros_ws/src/orbslam3_ros2/src/monocular/monocular-slam-node.cpp:1[m[K:
[10.034s] [01m[K/usr/include/eigen3/Eigen/src/Core/util/Constants.h:162:37:[m[K [01;36m[Knote: [m[Kdeclared here
[10.034s]   162 | EIGEN_DEPRECATED const unsigned int [01;36m[KAlignedBit[m[K = 0x80;
[10.034s]       |                                     [01;36m[K^~~~~~~~~~[m[K
[10.075s] In file included from [01m[K/home/hkim/development/tello_ros_ws/src/ORB_SLAM3/include/../Thirdparty/g2o/g2o/types/types_six_dof_expmap.h:38[m[K,
[10.075s]                  from [01m[K/home/hkim/development/tello_ros_ws/src/ORB_SLAM3/include/Converter.h:26[m[K,
[10.075s]                  from [01m[K/home/hkim/development/tello_ros_ws/src/ORB_SLAM3/include/Frame.h:33[m[K,
[10.075s]                  from [01m[K/home/hkim/development/tello_ros_ws/src/ORB_SLAM3/include/KeyFrame.h:28[m[K,
[10.075s]                  from [01m[K/home/hkim/development/tello_ros_ws/src/ORB_SLAM3/include/MapPoint.h:23[m[K,
[10.075s]                  from [01m[K/home/hkim/development/tello_ros_ws/src/ORB_SLAM3/include/FrameDrawer.h:24[m[K,
[10.075s]                  from [01m[K/home/hkim/development/tello_ros_ws/src/ORB_SLAM3/include/Viewer.h:23[m[K,
[10.075s]                  from [01m[K/home/hkim/development/tello_ros_ws/src/ORB_SLAM3/include/Tracking.h:26[m[K,
[10.075s]                  from [01m[K/home/hkim/development/tello_ros_ws/src/ORB_SLAM3/include/System.h:31[m[K,
[10.076s]                  from [01m[K/home/hkim/development/tello_ros_ws/src/orbslam3_ros2/src/monocular/monocular-slam-node.hpp:9[m[K,
[10.076s]                  from [01m[K/home/hkim/development/tello_ros_ws/src/orbslam3_ros2/src/monocular/monocular-slam-node.cpp:1[m[K:
[10.076s] [01m[K/home/hkim/development/tello_ros_ws/src/ORB_SLAM3/include/../Thirdparty/g2o/g2o/types/../core/base_binary_edge.h:60:80:[m[K [01;35m[Kwarning: [m[K‘[01m[KEigen::AlignedBit[m[K’ is deprecated [[01;35m[K-Wdeprecated-declarations[m[K]
[10.076s]    60 |       typedef Eigen::Map<Matrix<double, Dj, Di>, Matrix<double, Dj, Di>::[01;35m[KFlags & AlignedBit[m[K ? Aligned : Unaligned > HessianBlockTransposedType;
[10.076s]       |                                                                          [01;35m[K~~~~~~^~~~~~~~~~~~[m[K
[10.076s] In file included from [01m[K/usr/include/eigen3/Eigen/Core:363[m[K,
[10.076s]                  from [01m[K/usr/include/eigen3/Eigen/LU:11[m[K,
[10.076s]                  from [01m[K/home/hkim/development/tello_ros_ws/src/ORB_SLAM3/include/../Thirdparty/Sophus/sophus/so2.hpp:12[m[K,
[10.076s]                  from [01m[K/home/hkim/development/tello_ros_ws/src/ORB_SLAM3/include/../Thirdparty/Sophus/sophus/se2.hpp:7[m[K,
[10.076s]                  from [01m[K/home/hkim/development/tello_ros_ws/src/ORB_SLAM3/include/../Thirdparty/Sophus/sophus/geometry.hpp:7[m[K,
[10.076s]                  from [01m[K/home/hkim/development/tello_ros_ws/src/ORB_SLAM3/include/Frame.h:28[m[K,
[10.076s]                  from [01m[K/home/hkim/development/tello_ros_ws/src/ORB_SLAM3/include/KeyFrame.h:28[m[K,
[10.076s]                  from [01m[K/home/hkim/development/tello_ros_ws/src/ORB_SLAM3/include/MapPoint.h:23[m[K,
[10.076s]                  from [01m[K/home/hkim/development/tello_ros_ws/src/ORB_SLAM3/include/FrameDrawer.h:24[m[K,
[10.077s]                  from [01m[K/home/hkim/development/tello_ros_ws/src/ORB_SLAM3/include/Viewer.h:23[m[K,
[10.077s]                  from [01m[K/home/hkim/development/tello_ros_ws/src/ORB_SLAM3/include/Tracking.h:26[m[K,
[10.077s]                  from [01m[K/home/hkim/development/tello_ros_ws/src/ORB_SLAM3/include/System.h:31[m[K,
[10.077s]                  from [01m[K/home/hkim/development/tello_ros_ws/src/orbslam3_ros2/src/monocular/monocular-slam-node.hpp:9[m[K,
[10.077s]                  from [01m[K/home/hkim/development/tello_ros_ws/src/orbslam3_ros2/src/monocular/monocular-slam-node.cpp:1[m[K:
[10.077s] [01m[K/usr/include/eigen3/Eigen/src/Core/util/Constants.h:162:37:[m[K [01;36m[Knote: [m[Kdeclared here
[10.077s]   162 | EIGEN_DEPRECATED const unsigned int [01;36m[KAlignedBit[m[K = 0x80;
[10.077s]       |                                     [01;36m[K^~~~~~~~~~[m[K
[10.148s] In file included from [01m[K/home/hkim/development/tello_ros_ws/src/ORB_SLAM3/include/Frame.h:34[m[K,
[10.149s]                  from [01m[K/home/hkim/development/tello_ros_ws/src/ORB_SLAM3/include/KeyFrame.h:28[m[K,
[10.149s]                  from [01m[K/home/hkim/development/tello_ros_ws/src/ORB_SLAM3/include/MapPoint.h:23[m[K,
[10.149s]                  from [01m[K/home/hkim/development/tello_ros_ws/src/ORB_SLAM3/include/FrameDrawer.h:24[m[K,
[10.149s]                  from [01m[K/home/hkim/development/tello_ros_ws/src/ORB_SLAM3/include/Viewer.h:23[m[K,
[10.149s]                  from [01m[K/home/hkim/development/tello_ros_ws/src/ORB_SLAM3/include/Tracking.h:26[m[K,
[10.149s]                  from [01m[K/home/hkim/development/tello_ros_ws/src/ORB_SLAM3/include/System.h:31[m[K,
[10.149s]                  from [01m[K/home/hkim/development/tello_ros_ws/src/orbslam3_ros2/src/monocular/monocular-slam-node.hpp:9[m[K,
[10.149s]                  from [01m[K/home/hkim/development/tello_ros_ws/src/orbslam3_ros2/src/monocular/monocular-slam-node.cpp:1[m[K:
[10.149s] [01m[K/home/hkim/development/tello_ros_ws/src/ORB_SLAM3/include/Settings.h:232:2:[m[K [01;35m[Kwarning: [m[Kextra ‘[01m[K;[m[K’ [[01;35m[K-Wpedantic[m[K]
[10.149s]   232 | }[01;35m[K;[m[K
[10.149s]       |  [01;35m[K^[m[K
[11.568s] In file included from [01m[K/home/hkim/development/tello_ros_ws/src/ORB_SLAM3/include/Atlas.h:26[m[K,
[11.568s]                  from [01m[K/home/hkim/development/tello_ros_ws/src/ORB_SLAM3/include/FrameDrawer.h:25[m[K,
[11.568s]                  from [01m[K/home/hkim/development/tello_ros_ws/src/ORB_SLAM3/include/Viewer.h:23[m[K,
[11.568s]                  from [01m[K/home/hkim/development/tello_ros_ws/src/ORB_SLAM3/include/Tracking.h:26[m[K,
[11.568s]                  from [01m[K/home/hkim/development/tello_ros_ws/src/ORB_SLAM3/include/System.h:31[m[K,
[11.569s]                  from [01m[K/home/hkim/development/tello_ros_ws/src/orbslam3_ros2/src/monocular/monocular-slam-node.hpp:9[m[K,
[11.569s]                  from [01m[K/home/hkim/development/tello_ros_ws/src/orbslam3_ros2/src/monocular/monocular-slam-node.cpp:1[m[K:
[11.569s] [01m[K/home/hkim/development/tello_ros_ws/src/ORB_SLAM3/include/CameraModels/Pinhole.h:[m[K In member function ‘[01m[Kvirtual bool ORB_SLAM3::Pinhole::matchAndtriangulate(const cv::KeyPoint&, const cv::KeyPoint&, ORB_SLAM3::GeometricCamera*, Sophus::SE3f&, Sophus::SE3f&, float, float, Eigen::Vector3f&)[m[K’:
[11.569s] [01m[K/home/hkim/development/tello_ros_ws/src/ORB_SLAM3/include/CameraModels/Pinhole.h:83:54:[m[K [01;35m[Kwarning: [m[Kunused parameter ‘[01m[Kkp1[m[K’ [[01;35m[K-Wunused-parameter[m[K]
[11.569s]    83 |         bool matchAndtriangulate([01;35m[Kconst cv::KeyPoint& kp1[m[K, const cv::KeyPoint& kp2, GeometricCamera* pOther,
[11.570s]       |                                  [01;35m[K~~~~~~~~~~~~~~~~~~~~^~~[m[K
[11.570s] [01m[K/home/hkim/development/tello_ros_ws/src/ORB_SLAM3/include/CameraModels/Pinhole.h:83:79:[m[K [01;35m[Kwarning: [m[Kunused parameter ‘[01m[Kkp2[m[K’ [[01;35m[K-Wunused-parameter[m[K]
[11.572s]    83 |         bool matchAndtriangulate(const cv::KeyPoint& kp1, [01;35m[Kconst cv::KeyPoint& kp2[m[K, GeometricCamera* pOther,
[11.572s]       |                                                           [01;35m[K~~~~~~~~~~~~~~~~~~~~^~~[m[K
[11.573s] [01m[K/home/hkim/development/tello_ros_ws/src/ORB_SLAM3/include/CameraModels/Pinhole.h:83:101:[m[K [01;35m[Kwarning: [m[Kunused parameter ‘[01m[KpOther[m[K’ [[01;35m[K-Wunused-parameter[m[K]
[11.575s]    83 | atchAndtriangulate(const cv::KeyPoint& kp1, const cv::KeyPoint& kp2, [01;35m[KGeometricCamera* pOther[m[K,
[11.576s]       |                                                                      [01;35m[K~~~~~~~~~~~~~~~~~^~~~~~[m[K
[11.576s] 
[11.577s] [01m[K/home/hkim/development/tello_ros_ws/src/ORB_SLAM3/include/CameraModels/Pinhole.h:84:48:[m[K [01;35m[Kwarning: [m[Kunused parameter ‘[01m[KTcw1[m[K’ [[01;35m[K-Wunused-parameter[m[K]
[11.577s]    84 |                                  [01;35m[KSophus::SE3f& Tcw1[m[K, Sophus::SE3f& Tcw2,
[11.582s]       |                                  [01;35m[K~~~~~~~~~~~~~~^~~~[m[K
[11.582s] [01m[K/home/hkim/development/tello_ros_ws/src/ORB_SLAM3/include/CameraModels/Pinhole.h:84:68:[m[K [01;35m[Kwarning: [m[Kunused parameter ‘[01m[KTcw2[m[K’ [[01;35m[K-Wunused-parameter[m[K]
[11.582s]    84 |                                  Sophus::SE3f& Tcw1, [01;35m[KSophus::SE3f& Tcw2[m[K,
[11.582s]       |                                                      [01;35m[K~~~~~~~~~~~~~~^~~~[m[K
[11.582s] [01m[K/home/hkim/development/tello_ros_ws/src/ORB_SLAM3/include/CameraModels/Pinhole.h:85:46:[m[K [01;35m[Kwarning: [m[Kunused parameter ‘[01m[KsigmaLevel1[m[K’ [[01;35m[K-Wunused-parameter[m[K]
[11.582s]    85 |                                  [01;35m[Kconst float sigmaLevel1[m[K, const float sigmaLevel2,
[11.583s]       |                                  [01;35m[K~~~~~~~~~~~~^~~~~~~~~~~[m[K
[11.583s] [01m[K/home/hkim/development/tello_ros_ws/src/ORB_SLAM3/include/CameraModels/Pinhole.h:85:71:[m[K [01;35m[Kwarning: [m[Kunused parameter ‘[01m[KsigmaLevel2[m[K’ [[01;35m[K-Wunused-parameter[m[K]
[11.583s]    85 |                                  const float sigmaLevel1, [01;35m[Kconst float sigmaLevel2[m[K,
[11.583s]       |                                                           [01;35m[K~~~~~~~~~~~~^~~~~~~~~~~[m[K
[11.583s] [01m[K/home/hkim/development/tello_ros_ws/src/ORB_SLAM3/include/CameraModels/Pinhole.h:86:51:[m[K [01;35m[Kwarning: [m[Kunused parameter ‘[01m[Kx3Dtriangulated[m[K’ [[01;35m[K-Wunused-parameter[m[K]
[11.583s]    86 |                                  [01;35m[KEigen::Vector3f& x3Dtriangulated[m[K) { return false;}
[11.583s]       |                                  [01;35m[K~~~~~~~~~~~~~~~~~^~~~~~~~~~~~~~~[m[K
[11.584s] In file included from [01m[K/home/hkim/development/tello_ros_ws/src/ORB_SLAM3/include/Atlas.h:27[m[K,
[11.584s]                  from [01m[K/home/hkim/development/tello_ros_ws/src/ORB_SLAM3/include/FrameDrawer.h:25[m[K,
[11.584s]                  from [01m[K/home/hkim/development/tello_ros_ws/src/ORB_SLAM3/include/Viewer.h:23[m[K,
[11.585s]                  from [01m[K/home/hkim/development/tello_ros_ws/src/ORB_SLAM3/include/Tracking.h:26[m[K,
[11.585s]                  from [01m[K/home/hkim/development/tello_ros_ws/src/ORB_SLAM3/include/System.h:31[m[K,
[11.585s]                  from [01m[K/home/hkim/development/tello_ros_ws/src/orbslam3_ros2/src/monocular/monocular-slam-node.hpp:9[m[K,
[11.586s]                  from [01m[K/home/hkim/development/tello_ros_ws/src/orbslam3_ros2/src/monocular/monocular-slam-node.cpp:1[m[K:
[11.586s] [01m[K/home/hkim/development/tello_ros_ws/src/ORB_SLAM3/include/CameraModels/KannalaBrandt8.h:[m[K In constructor ‘[01m[KORB_SLAM3::KannalaBrandt8::KannalaBrandt8(std::vector<float>)[m[K’:
[11.586s] [01m[K/home/hkim/development/tello_ros_ws/src/ORB_SLAM3/include/CameraModels/KannalaBrandt8.h:102:21:[m[K [01;35m[Kwarning: [m[K‘[01m[KORB_SLAM3::KannalaBrandt8::precision[m[K’ will be initialized after [[01;35m[K-Wreorder[m[K]
[11.586s]   102 |         const float [01;35m[Kprecision[m[K;
[11.587s]       |                     [01;35m[K^~~~~~~~~[m[K
[11.587s] [01m[K/home/hkim/development/tello_ros_ws/src/ORB_SLAM3/include/CameraModels/KannalaBrandt8.h:88:26:[m[K [01;35m[Kwarning: [m[K  ‘[01m[Kstd::vector<int> ORB_SLAM3::KannalaBrandt8::mvLappingArea[m[K’ [[01;35m[K-Wreorder[m[K]
[11.587s]    88 |         std::vector<int> [01;35m[KmvLappingArea[m[K;
[11.587s]       |                          [01;35m[K^~~~~~~~~~~~~[m[K
[11.588s] In file included from [01m[K/home/hkim/development/tello_ros_ws/src/ORB_SLAM3/include/Atlas.h:27[m[K,
[11.588s]                  from [01m[K/home/hkim/development/tello_ros_ws/src/ORB_SLAM3/include/FrameDrawer.h:25[m[K,
[11.588s]                  from [01m[K/home/hkim/development/tello_ros_ws/src/ORB_SLAM3/include/Viewer.h:23[m[K,
[11.588s]                  from [01m[K/home/hkim/development/tello_ros_ws/src/ORB_SLAM3/include/Tracking.h:26[m[K,
[11.588s]                  from [01m[K/home/hkim/development/tello_ros_ws/src/ORB_SLAM3/include/System.h:31[m[K,
[11.588s]                  from [01m[K/home/hkim/development/tello_ros_ws/src/orbslam3_ros2/src/monocular/monocular-slam-node.hpp:9[m[K,
[11.588s]                  from [01m[K/home/hkim/development/tello_ros_ws/src/orbslam3_ros2/src/monocular/monocular-slam-node.cpp:1[m[K:
[11.589s] [01m[K/home/hkim/development/tello_ros_ws/src/ORB_SLAM3/include/CameraModels/KannalaBrandt8.h:47:9:[m[K [01;35m[Kwarning: [m[K  when initialized here [[01;35m[K-Wreorder[m[K]
[11.589s]    47 |         [01;35m[KKannalaBrandt8[m[K(const std::vector<float> _vParameters) : GeometricCamera(_vParameters), precision(1e-6), mvLappingArea(2,0) ,tvr(nullptr) {
[11.589s]       |         [01;35m[K^~~~~~~~~~~~~~[m[K
[11.589s] In file included from [01m[K/home/hkim/development/tello_ros_ws/src/ORB_SLAM3/include/Atlas.h:27[m[K,
[11.589s]                  from [01m[K/home/hkim/development/tello_ros_ws/src/ORB_SLAM3/include/FrameDrawer.h:25[m[K,
[11.589s]                  from [01m[K/home/hkim/development/tello_ros_ws/src/ORB_SLAM3/include/Viewer.h:23[m[K,
[11.589s]                  from [01m[K/home/hkim/development/tello_ros_ws/src/ORB_SLAM3/include/Tracking.h:26[m[K,
[11.589s]                  from [01m[K/home/hkim/development/tello_ros_ws/src/ORB_SLAM3/include/System.h:31[m[K,
[11.589s]                  from [01m[K/home/hkim/development/tello_ros_ws/src/orbslam3_ros2/src/monocular/monocular-slam-node.hpp:9[m[K,
[11.590s]                  from [01m[K/home/hkim/development/tello_ros_ws/src/orbslam3_ros2/src/monocular/monocular-slam-node.cpp:1[m[K:
[11.590s] [01m[K/home/hkim/development/tello_ros_ws/src/ORB_SLAM3/include/CameraModels/KannalaBrandt8.h:[m[K In constructor ‘[01m[KORB_SLAM3::KannalaBrandt8::KannalaBrandt8(std::vector<float>, float)[m[K’:
[11.590s] [01m[K/home/hkim/development/tello_ros_ws/src/ORB_SLAM3/include/CameraModels/KannalaBrandt8.h:102:21:[m[K [01;35m[Kwarning: [m[K‘[01m[KORB_SLAM3::KannalaBrandt8::precision[m[K’ will be initialized after [[01;35m[K-Wreorder[m[K]
[11.590s]   102 |         const float [01;35m[Kprecision[m[K;
[11.590s]       |                     [01;35m[K^~~~~~~~~[m[K
[11.590s] [01m[K/home/hkim/development/tello_ros_ws/src/ORB_SLAM3/include/CameraModels/KannalaBrandt8.h:88:26:[m[K [01;35m[Kwarning: [m[K  ‘[01m[Kstd::vector<int> ORB_SLAM3::KannalaBrandt8::mvLappingArea[m[K’ [[01;35m[K-Wreorder[m[K]
[11.590s]    88 |         std::vector<int> [01;35m[KmvLappingArea[m[K;
[11.590s]       |                          [01;35m[K^~~~~~~~~~~~~[m[K
[11.591s] [01m[K/home/hkim/development/tello_ros_ws/src/ORB_SLAM3/include/CameraModels/KannalaBrandt8.h:53:9:[m[K [01;35m[Kwarning: [m[K  when initialized here [[01;35m[K-Wreorder[m[K]
[11.591s]    53 |         [01;35m[KKannalaBrandt8[m[K(const std::vector<float> _vParameters, const float _precision) : GeometricCamera(_vParameters),
[11.594s]       |         [01;35m[K^~~~~~~~~~~~~~[m[K
[11.594s] [01m[K/home/hkim/development/tello_ros_ws/src/ORB_SLAM3/include/CameraModels/KannalaBrandt8.h:[m[K In constructor ‘[01m[KORB_SLAM3::KannalaBrandt8::KannalaBrandt8(ORB_SLAM3::KannalaBrandt8*)[m[K’:
[11.594s] [01m[K/home/hkim/development/tello_ros_ws/src/ORB_SLAM3/include/CameraModels/KannalaBrandt8.h:102:21:[m[K [01;35m[Kwarning: [m[K‘[01m[KORB_SLAM3::KannalaBrandt8::precision[m[K’ will be initialized after [[01;35m[K-Wreorder[m[K]
[11.595s]   102 |         const float [01;35m[Kprecision[m[K;
[11.595s]       |                     [01;35m[K^~~~~~~~~[m[K
[11.595s] [01m[K/home/hkim/development/tello_ros_ws/src/ORB_SLAM3/include/CameraModels/KannalaBrandt8.h:88:26:[m[K [01;35m[Kwarning: [m[K  ‘[01m[Kstd::vector<int> ORB_SLAM3::KannalaBrandt8::mvLappingArea[m[K’ [[01;35m[K-Wreorder[m[K]
[11.595s]    88 |         std::vector<int> [01;35m[KmvLappingArea[m[K;
[11.596s]       |                          [01;35m[K^~~~~~~~~~~~~[m[K
[11.596s] [01m[K/home/hkim/development/tello_ros_ws/src/ORB_SLAM3/include/CameraModels/KannalaBrandt8.h:59:9:[m[K [01;35m[Kwarning: [m[K  when initialized here [[01;35m[K-Wreorder[m[K]
[11.597s]    59 |         [01;35m[KKannalaBrandt8[m[K(KannalaBrandt8* pKannala) : GeometricCamera(pKannala->mvParameters), precision(pKannala->precision), mvLappingArea(2,0) ,tvr(nullptr) {
[11.597s]       |         [01;35m[K^~~~~~~~~~~~~~[m[K
[24.488s] [ 41%] [32m[1mLinking CXX executable mono[0m
[25.850s] [ 50%] Built target mono
[25.906s] [ 75%] Built target rgbd
[25.961s] [100%] Built target stereo
[25.973s] Invoked command in '/home/hkim/development/tello_ros_ws/build/orbslam3' returned '0': CMAKE_PREFIX_PATH=${CMAKE_PREFIX_PATH}:/opt/ros/foxy /usr/bin/cmake --build /home/hkim/development/tello_ros_ws/build/orbslam3 -- -j4 -l4
[26.028s] Invoking command in '/home/hkim/development/tello_ros_ws/build/orbslam3': CMAKE_PREFIX_PATH=${CMAKE_PREFIX_PATH}:/opt/ros/foxy /usr/bin/cmake --install /home/hkim/development/tello_ros_ws/build/orbslam3
[26.040s] -- Install configuration: ""
[26.041s] -- Execute custom install script
[26.044s] -- Up-to-date symlink: /home/hkim/development/tello_ros_ws/install/orbslam3/lib/orbslam3/mono
[26.045s] -- Up-to-date symlink: /home/hkim/development/tello_ros_ws/install/orbslam3/lib/orbslam3/rgbd
[26.046s] -- Up-to-date symlink: /home/hkim/development/tello_ros_ws/install/orbslam3/lib/orbslam3/stereo
[26.046s] -- Up-to-date symlink: /home/hkim/development/tello_ros_ws/install/orbslam3/lib/orbslam3/stereo-inertial
[26.047s] -- Up-to-date symlink: /home/hkim/development/tello_ros_ws/install/orbslam3/share/ament_index/resource_index/package_run_dependencies/orbslam3
[26.047s] -- Up-to-date symlink: /home/hkim/development/tello_ros_ws/install/orbslam3/share/ament_index/resource_index/parent_prefix_path/orbslam3
[26.047s] -- Up-to-date symlink: /home/hkim/development/tello_ros_ws/install/orbslam3/share/orbslam3/environment/ament_prefix_path.sh
[26.048s] -- Up-to-date symlink: /home/hkim/development/tello_ros_ws/install/orbslam3/share/orbslam3/environment/ament_prefix_path.dsv
[26.048s] -- Up-to-date symlink: /home/hkim/development/tello_ros_ws/install/orbslam3/share/orbslam3/environment/path.sh
[26.049s] -- Up-to-date symlink: /home/hkim/development/tello_ros_ws/install/orbslam3/share/orbslam3/environment/path.dsv
[26.049s] -- Up-to-date symlink: /home/hkim/development/tello_ros_ws/install/orbslam3/share/orbslam3/local_setup.bash
[26.050s] -- Up-to-date symlink: /home/hkim/development/tello_ros_ws/install/orbslam3/share/orbslam3/local_setup.sh
[26.050s] -- Up-to-date symlink: /home/hkim/development/tello_ros_ws/install/orbslam3/share/orbslam3/local_setup.zsh
[26.051s] -- Up-to-date symlink: /home/hkim/development/tello_ros_ws/install/orbslam3/share/orbslam3/local_setup.dsv
[26.051s] -- Symlinking: /home/hkim/development/tello_ros_ws/install/orbslam3/share/orbslam3/package.dsv
[26.068s] -- Up-to-date symlink: /home/hkim/development/tello_ros_ws/install/orbslam3/share/ament_index/resource_index/packages/orbslam3
[26.069s] -- Up-to-date symlink: /home/hkim/development/tello_ros_ws/install/orbslam3/share/orbslam3/cmake/orbslam3Config.cmake
[26.070s] -- Up-to-date symlink: /home/hkim/development/tello_ros_ws/install/orbslam3/share/orbslam3/cmake/orbslam3Config-version.cmake
[26.070s] -- Up-to-date symlink: /home/hkim/development/tello_ros_ws/install/orbslam3/share/orbslam3/package.xml
[26.079s] Invoked command in '/home/hkim/development/tello_ros_ws/build/orbslam3' returned '0': CMAKE_PREFIX_PATH=${CMAKE_PREFIX_PATH}:/opt/ros/foxy /usr/bin/cmake --install /home/hkim/development/tello_ros_ws/build/orbslam3
