[0.037s] Invoking command in '/home/hkim/development/tello_ros_ws/build/tello_msgs': CMAKE_PREFIX_PATH=/opt/ros/foxy /usr/bin/cmake --build /home/hkim/development/tello_ros_ws/build/tello_msgs -- -j4 -l4
[0.164s] [ 10%] Built target tello_msgs__rosidl_generator_c
[0.189s] [ 12%] Built target tello_msgs__cpp
[0.269s] [ 23%] Built target tello_msgs__rosidl_typesupport_introspection_c
[0.321s] [ 34%] Built target tello_msgs__rosidl_typesupport_c
[0.353s] [ 44%] Built target tello_msgs__rosidl_typesupport_introspection_cpp
[0.432s] [ 55%] Built target tello_msgs__rosidl_typesupport_cpp
[0.485s] [ 65%] Built target tello_msgs__rosidl_typesupport_fastrtps_cpp
[0.593s] [ 76%] Built target tello_msgs__rosidl_typesupport_fastrtps_c
[0.724s] [ 76%] Built target tello_msgs
[0.831s] [ 78%] Built target tello_msgs__py
[1.037s] [ 87%] Built target tello_msgs__python
[1.297s] [ 91%] Built target tello_msgs__rosidl_typesupport_introspection_c__pyext
[1.308s] [ 95%] Built target tello_msgs__rosidl_typesupport_c__pyext
[1.315s] [100%] Built target tello_msgs__rosidl_typesupport_fastrtps_c__pyext
[1.387s] Invoked command in '/home/hkim/development/tello_ros_ws/build/tello_msgs' returned '0': CMAKE_PREFIX_PATH=/opt/ros/foxy /usr/bin/cmake --build /home/hkim/development/tello_ros_ws/build/tello_msgs -- -j4 -l4
[2.159s] Invoking command in '/home/hkim/development/tello_ros_ws/build/tello_msgs': CMAKE_PREFIX_PATH=/opt/ros/foxy /usr/bin/cmake --install /home/hkim/development/tello_ros_ws/build/tello_msgs
[2.178s] -- Install configuration: ""
[2.178s] -- Up-to-date: /home/hkim/development/tello_ros_ws/install/tello_msgs/share/ament_index/resource_index/rosidl_interfaces/tello_msgs
[2.179s] -- Up-to-date: /home/hkim/development/tello_ros_ws/install/tello_msgs/include/tello_msgs
[2.179s] -- Up-to-date: /home/hkim/development/tello_ros_ws/install/tello_msgs/include/tello_msgs/srv
[2.179s] -- Up-to-date: /home/hkim/development/tello_ros_ws/install/tello_msgs/include/tello_msgs/srv/detail
[2.179s] -- Up-to-date: /home/hkim/development/tello_ros_ws/install/tello_msgs/include/tello_msgs/srv/detail/tello_action__functions.h
[2.180s] -- Up-to-date: /home/hkim/development/tello_ros_ws/install/tello_msgs/include/tello_msgs/srv/detail/tello_action__struct.h
[2.180s] -- Up-to-date: /home/hkim/development/tello_ros_ws/install/tello_msgs/include/tello_msgs/srv/detail/tello_action__type_support.h
[2.180s] -- Up-to-date: /home/hkim/development/tello_ros_ws/install/tello_msgs/include/tello_msgs/srv/detail/tello_action__functions.c
[2.180s] -- Up-to-date: /home/hkim/development/tello_ros_ws/install/tello_msgs/include/tello_msgs/srv/tello_action.h
[2.181s] -- Up-to-date: /home/hkim/development/tello_ros_ws/install/tello_msgs/include/tello_msgs/msg
[2.181s] -- Up-to-date: /home/hkim/development/tello_ros_ws/install/tello_msgs/include/tello_msgs/msg/detail
[2.181s] -- Up-to-date: /home/hkim/development/tello_ros_ws/install/tello_msgs/include/tello_msgs/msg/detail/flight_data__struct.h
[2.181s] -- Up-to-date: /home/hkim/development/tello_ros_ws/install/tello_msgs/include/tello_msgs/msg/detail/flight_data__functions.c
[2.181s] -- Up-to-date: /home/hkim/development/tello_ros_ws/install/tello_msgs/include/tello_msgs/msg/detail/flight_data__type_support.h
[2.182s] -- Up-to-date: /home/hkim/development/tello_ros_ws/install/tello_msgs/include/tello_msgs/msg/detail/tello_response__type_support.h
[2.183s] -- Up-to-date: /home/hkim/development/tello_ros_ws/install/tello_msgs/include/tello_msgs/msg/detail/tello_response__struct.h
[2.183s] -- Up-to-date: /home/hkim/development/tello_ros_ws/install/tello_msgs/include/tello_msgs/msg/detail/tello_response__functions.h
[2.183s] -- Up-to-date: /home/hkim/development/tello_ros_ws/install/tello_msgs/include/tello_msgs/msg/detail/flight_data__functions.h
[2.183s] -- Up-to-date: /home/hkim/development/tello_ros_ws/install/tello_msgs/include/tello_msgs/msg/detail/tello_response__functions.c
[2.184s] -- Up-to-date: /home/hkim/development/tello_ros_ws/install/tello_msgs/include/tello_msgs/msg/tello_response.h
[2.184s] -- Up-to-date: /home/hkim/development/tello_ros_ws/install/tello_msgs/include/tello_msgs/msg/rosidl_generator_c__visibility_control.h
[2.184s] -- Up-to-date: /home/hkim/development/tello_ros_ws/install/tello_msgs/include/tello_msgs/msg/flight_data.h
[2.184s] -- Up-to-date: /home/hkim/development/tello_ros_ws/install/tello_msgs/share/tello_msgs/environment/library_path.sh
[2.185s] -- Up-to-date: /home/hkim/development/tello_ros_ws/install/tello_msgs/share/tello_msgs/environment/library_path.dsv
[2.185s] -- Up-to-date: /home/hkim/development/tello_ros_ws/install/tello_msgs/lib/libtello_msgs__rosidl_generator_c.so
[2.186s] -- Up-to-date: /home/hkim/development/tello_ros_ws/install/tello_msgs/include/tello_msgs
[2.186s] -- Up-to-date: /home/hkim/development/tello_ros_ws/install/tello_msgs/include/tello_msgs/srv
[2.186s] -- Up-to-date: /home/hkim/development/tello_ros_ws/install/tello_msgs/include/tello_msgs/srv/detail
[2.187s] -- Up-to-date: /home/hkim/development/tello_ros_ws/install/tello_msgs/include/tello_msgs/srv/detail/tello_action__rosidl_typesupport_fastrtps_c.h
[2.187s] -- Up-to-date: /home/hkim/development/tello_ros_ws/install/tello_msgs/include/tello_msgs/msg
[2.187s] -- Up-to-date: /home/hkim/development/tello_ros_ws/install/tello_msgs/include/tello_msgs/msg/detail
[2.188s] -- Up-to-date: /home/hkim/development/tello_ros_ws/install/tello_msgs/include/tello_msgs/msg/detail/tello_response__rosidl_typesupport_fastrtps_c.h
[2.188s] -- Up-to-date: /home/hkim/development/tello_ros_ws/install/tello_msgs/include/tello_msgs/msg/detail/flight_data__rosidl_typesupport_fastrtps_c.h
[2.188s] -- Up-to-date: /home/hkim/development/tello_ros_ws/install/tello_msgs/include/tello_msgs/msg/rosidl_typesupport_fastrtps_c__visibility_control.h
[2.189s] -- Up-to-date: /home/hkim/development/tello_ros_ws/install/tello_msgs/lib/libtello_msgs__rosidl_typesupport_fastrtps_c.so
[2.189s] -- Up-to-date: /home/hkim/development/tello_ros_ws/install/tello_msgs/include/tello_msgs
[2.190s] -- Up-to-date: /home/hkim/development/tello_ros_ws/install/tello_msgs/include/tello_msgs/srv
[2.190s] -- Up-to-date: /home/hkim/development/tello_ros_ws/install/tello_msgs/include/tello_msgs/srv/detail
[2.190s] -- Up-to-date: /home/hkim/development/tello_ros_ws/install/tello_msgs/include/tello_msgs/srv/detail/dds_fastrtps
[2.190s] -- Up-to-date: /home/hkim/development/tello_ros_ws/install/tello_msgs/include/tello_msgs/srv/detail/tello_action__rosidl_typesupport_fastrtps_cpp.hpp
[2.191s] -- Up-to-date: /home/hkim/development/tello_ros_ws/install/tello_msgs/include/tello_msgs/msg
[2.191s] -- Up-to-date: /home/hkim/development/tello_ros_ws/install/tello_msgs/include/tello_msgs/msg/detail
[2.191s] -- Up-to-date: /home/hkim/development/tello_ros_ws/install/tello_msgs/include/tello_msgs/msg/detail/dds_fastrtps
[2.191s] -- Up-to-date: /home/hkim/development/tello_ros_ws/install/tello_msgs/include/tello_msgs/msg/detail/flight_data__rosidl_typesupport_fastrtps_cpp.hpp
[2.191s] -- Up-to-date: /home/hkim/development/tello_ros_ws/install/tello_msgs/include/tello_msgs/msg/detail/tello_response__rosidl_typesupport_fastrtps_cpp.hpp
[2.192s] -- Up-to-date: /home/hkim/development/tello_ros_ws/install/tello_msgs/include/tello_msgs/msg/rosidl_typesupport_fastrtps_cpp__visibility_control.h
[2.192s] -- Up-to-date: /home/hkim/development/tello_ros_ws/install/tello_msgs/lib/libtello_msgs__rosidl_typesupport_fastrtps_cpp.so
[2.193s] -- Up-to-date: /home/hkim/development/tello_ros_ws/install/tello_msgs/include/tello_msgs
[2.193s] -- Up-to-date: /home/hkim/development/tello_ros_ws/install/tello_msgs/include/tello_msgs/srv
[2.193s] -- Up-to-date: /home/hkim/development/tello_ros_ws/install/tello_msgs/include/tello_msgs/srv/detail
[2.194s] -- Up-to-date: /home/hkim/development/tello_ros_ws/install/tello_msgs/include/tello_msgs/srv/detail/tello_action__rosidl_typesupport_introspection_c.h
[2.194s] -- Up-to-date: /home/hkim/development/tello_ros_ws/install/tello_msgs/include/tello_msgs/srv/detail/tello_action__type_support.c
[2.194s] -- Up-to-date: /home/hkim/development/tello_ros_ws/install/tello_msgs/include/tello_msgs/msg
[2.194s] -- Up-to-date: /home/hkim/development/tello_ros_ws/install/tello_msgs/include/tello_msgs/msg/detail
[2.194s] -- Up-to-date: /home/hkim/development/tello_ros_ws/install/tello_msgs/include/tello_msgs/msg/detail/flight_data__type_support.c
[2.195s] -- Up-to-date: /home/hkim/development/tello_ros_ws/install/tello_msgs/include/tello_msgs/msg/detail/tello_response__type_support.c
[2.195s] -- Up-to-date: /home/hkim/development/tello_ros_ws/install/tello_msgs/include/tello_msgs/msg/detail/tello_response__rosidl_typesupport_introspection_c.h
[2.195s] -- Up-to-date: /home/hkim/development/tello_ros_ws/install/tello_msgs/include/tello_msgs/msg/detail/flight_data__rosidl_typesupport_introspection_c.h
[2.195s] -- Up-to-date: /home/hkim/development/tello_ros_ws/install/tello_msgs/include/tello_msgs/msg/rosidl_typesupport_introspection_c__visibility_control.h
[2.196s] -- Up-to-date: /home/hkim/development/tello_ros_ws/install/tello_msgs/lib/libtello_msgs__rosidl_typesupport_introspection_c.so
[2.197s] -- Up-to-date: /home/hkim/development/tello_ros_ws/install/tello_msgs/lib/libtello_msgs__rosidl_typesupport_c.so
[2.197s] -- Up-to-date: /home/hkim/development/tello_ros_ws/install/tello_msgs/include/tello_msgs
[2.198s] -- Up-to-date: /home/hkim/development/tello_ros_ws/install/tello_msgs/include/tello_msgs/srv
[2.198s] -- Up-to-date: /home/hkim/development/tello_ros_ws/install/tello_msgs/include/tello_msgs/srv/detail
[2.198s] -- Up-to-date: /home/hkim/development/tello_ros_ws/install/tello_msgs/include/tello_msgs/srv/detail/tello_action__type_support.hpp
[2.198s] -- Up-to-date: /home/hkim/development/tello_ros_ws/install/tello_msgs/include/tello_msgs/srv/detail/tello_action__struct.hpp
[2.198s] -- Up-to-date: /home/hkim/development/tello_ros_ws/install/tello_msgs/include/tello_msgs/srv/detail/tello_action__traits.hpp
[2.199s] -- Up-to-date: /home/hkim/development/tello_ros_ws/install/tello_msgs/include/tello_msgs/srv/detail/tello_action__builder.hpp
[2.199s] -- Up-to-date: /home/hkim/development/tello_ros_ws/install/tello_msgs/include/tello_msgs/srv/tello_action.hpp
[2.199s] -- Up-to-date: /home/hkim/development/tello_ros_ws/install/tello_msgs/include/tello_msgs/msg
[2.199s] -- Up-to-date: /home/hkim/development/tello_ros_ws/install/tello_msgs/include/tello_msgs/msg/tello_response.hpp
[2.200s] -- Up-to-date: /home/hkim/development/tello_ros_ws/install/tello_msgs/include/tello_msgs/msg/rosidl_generator_cpp__visibility_control.hpp
[2.200s] -- Up-to-date: /home/hkim/development/tello_ros_ws/install/tello_msgs/include/tello_msgs/msg/detail
[2.200s] -- Up-to-date: /home/hkim/development/tello_ros_ws/install/tello_msgs/include/tello_msgs/msg/detail/flight_data__builder.hpp
[2.200s] -- Up-to-date: /home/hkim/development/tello_ros_ws/install/tello_msgs/include/tello_msgs/msg/detail/flight_data__type_support.hpp
[2.201s] -- Up-to-date: /home/hkim/development/tello_ros_ws/install/tello_msgs/include/tello_msgs/msg/detail/flight_data__traits.hpp
[2.201s] -- Up-to-date: /home/hkim/development/tello_ros_ws/install/tello_msgs/include/tello_msgs/msg/detail/tello_response__struct.hpp
[2.201s] -- Up-to-date: /home/hkim/development/tello_ros_ws/install/tello_msgs/include/tello_msgs/msg/detail/tello_response__traits.hpp
[2.201s] -- Up-to-date: /home/hkim/development/tello_ros_ws/install/tello_msgs/include/tello_msgs/msg/detail/flight_data__struct.hpp
[2.201s] -- Up-to-date: /home/hkim/development/tello_ros_ws/install/tello_msgs/include/tello_msgs/msg/detail/tello_response__type_support.hpp
[2.202s] -- Up-to-date: /home/hkim/development/tello_ros_ws/install/tello_msgs/include/tello_msgs/msg/detail/tello_response__builder.hpp
[2.202s] -- Up-to-date: /home/hkim/development/tello_ros_ws/install/tello_msgs/include/tello_msgs/msg/flight_data.hpp
[2.202s] -- Up-to-date: /home/hkim/development/tello_ros_ws/install/tello_msgs/include/tello_msgs
[2.203s] -- Up-to-date: /home/hkim/development/tello_ros_ws/install/tello_msgs/include/tello_msgs/srv
[2.203s] -- Up-to-date: /home/hkim/development/tello_ros_ws/install/tello_msgs/include/tello_msgs/srv/detail
[2.203s] -- Up-to-date: /home/hkim/development/tello_ros_ws/install/tello_msgs/include/tello_msgs/srv/detail/tello_action__rosidl_typesupport_introspection_cpp.hpp
[2.203s] -- Up-to-date: /home/hkim/development/tello_ros_ws/install/tello_msgs/include/tello_msgs/srv/detail/tello_action__type_support.cpp
[2.204s] -- Up-to-date: /home/hkim/development/tello_ros_ws/install/tello_msgs/include/tello_msgs/msg
[2.204s] -- Up-to-date: /home/hkim/development/tello_ros_ws/install/tello_msgs/include/tello_msgs/msg/detail
[2.204s] -- Up-to-date: /home/hkim/development/tello_ros_ws/install/tello_msgs/include/tello_msgs/msg/detail/tello_response__rosidl_typesupport_introspection_cpp.hpp
[2.204s] -- Up-to-date: /home/hkim/development/tello_ros_ws/install/tello_msgs/include/tello_msgs/msg/detail/flight_data__rosidl_typesupport_introspection_cpp.hpp
[2.205s] -- Up-to-date: /home/hkim/development/tello_ros_ws/install/tello_msgs/include/tello_msgs/msg/detail/tello_response__type_support.cpp
[2.205s] -- Up-to-date: /home/hkim/development/tello_ros_ws/install/tello_msgs/include/tello_msgs/msg/detail/flight_data__type_support.cpp
[2.205s] -- Up-to-date: /home/hkim/development/tello_ros_ws/install/tello_msgs/lib/libtello_msgs__rosidl_typesupport_introspection_cpp.so
[2.206s] -- Up-to-date: /home/hkim/development/tello_ros_ws/install/tello_msgs/lib/libtello_msgs__rosidl_typesupport_cpp.so
[2.207s] -- Up-to-date: /home/hkim/development/tello_ros_ws/install/tello_msgs/share/tello_msgs/environment/pythonpath.sh
[2.207s] -- Up-to-date: /home/hkim/development/tello_ros_ws/install/tello_msgs/share/tello_msgs/environment/pythonpath.dsv
[2.207s] -- Up-to-date: /home/hkim/development/tello_ros_ws/install/tello_msgs/lib/python3.8/site-packages/tello_msgs/__init__.py
[2.300s] -- Up-to-date: /home/hkim/development/tello_ros_ws/install/tello_msgs/lib/python3.8/site-packages/tello_msgs/msg
[2.301s] -- Up-to-date: /home/hkim/development/tello_ros_ws/install/tello_msgs/lib/python3.8/site-packages/tello_msgs/msg/_tello_response_s.c
[2.301s] -- Up-to-date: /home/hkim/development/tello_ros_ws/install/tello_msgs/lib/python3.8/site-packages/tello_msgs/msg/_flight_data.py
[2.301s] -- Up-to-date: /home/hkim/development/tello_ros_ws/install/tello_msgs/lib/python3.8/site-packages/tello_msgs/msg/_flight_data_s.c
[2.301s] -- Up-to-date: /home/hkim/development/tello_ros_ws/install/tello_msgs/lib/python3.8/site-packages/tello_msgs/msg/_tello_response.py
[2.301s] -- Up-to-date: /home/hkim/development/tello_ros_ws/install/tello_msgs/lib/python3.8/site-packages/tello_msgs/msg/__init__.py
[2.301s] -- Up-to-date: /home/hkim/development/tello_ros_ws/install/tello_msgs/lib/python3.8/site-packages/tello_msgs/srv
[2.302s] -- Up-to-date: /home/hkim/development/tello_ros_ws/install/tello_msgs/lib/python3.8/site-packages/tello_msgs/srv/_tello_action_s.c
[2.302s] -- Up-to-date: /home/hkim/development/tello_ros_ws/install/tello_msgs/lib/python3.8/site-packages/tello_msgs/srv/__init__.py
[2.302s] -- Up-to-date: /home/hkim/development/tello_ros_ws/install/tello_msgs/lib/python3.8/site-packages/tello_msgs/srv/_tello_action.py
[2.302s] -- Up-to-date: /home/hkim/development/tello_ros_ws/install/tello_msgs/lib/python3.8/site-packages/tello_msgs/tello_msgs_s__rosidl_typesupport_fastrtps_c.cpython-38-x86_64-linux-gnu.so
[2.302s] -- Up-to-date: /home/hkim/development/tello_ros_ws/install/tello_msgs/lib/python3.8/site-packages/tello_msgs/tello_msgs_s__rosidl_typesupport_introspection_c.cpython-38-x86_64-linux-gnu.so
[2.303s] -- Up-to-date: /home/hkim/development/tello_ros_ws/install/tello_msgs/lib/python3.8/site-packages/tello_msgs/tello_msgs_s__rosidl_typesupport_c.cpython-38-x86_64-linux-gnu.so
[2.304s] -- Up-to-date: /home/hkim/development/tello_ros_ws/install/tello_msgs/lib/libtello_msgs__python.so
[2.304s] -- Up-to-date: /home/hkim/development/tello_ros_ws/install/tello_msgs/share/tello_msgs/msg/FlightData.idl
[2.304s] -- Up-to-date: /home/hkim/development/tello_ros_ws/install/tello_msgs/share/tello_msgs/msg/TelloResponse.idl
[2.304s] -- Up-to-date: /home/hkim/development/tello_ros_ws/install/tello_msgs/share/tello_msgs/srv/TelloAction.idl
[2.304s] -- Up-to-date: /home/hkim/development/tello_ros_ws/install/tello_msgs/share/tello_msgs/msg/FlightData.msg
[2.305s] -- Up-to-date: /home/hkim/development/tello_ros_ws/install/tello_msgs/share/tello_msgs/msg/TelloResponse.msg
[2.305s] -- Up-to-date: /home/hkim/development/tello_ros_ws/install/tello_msgs/share/tello_msgs/srv/TelloAction.srv
[2.305s] -- Up-to-date: /home/hkim/development/tello_ros_ws/install/tello_msgs/share/tello_msgs/srv/TelloAction_Request.msg
[2.305s] -- Up-to-date: /home/hkim/development/tello_ros_ws/install/tello_msgs/share/tello_msgs/srv/TelloAction_Response.msg
[2.305s] -- Up-to-date: /home/hkim/development/tello_ros_ws/install/tello_msgs/share/ament_index/resource_index/package_run_dependencies/tello_msgs
[2.305s] -- Up-to-date: /home/hkim/development/tello_ros_ws/install/tello_msgs/share/ament_index/resource_index/parent_prefix_path/tello_msgs
[2.305s] -- Up-to-date: /home/hkim/development/tello_ros_ws/install/tello_msgs/share/tello_msgs/environment/ament_prefix_path.sh
[2.306s] -- Up-to-date: /home/hkim/development/tello_ros_ws/install/tello_msgs/share/tello_msgs/environment/ament_prefix_path.dsv
[2.306s] -- Up-to-date: /home/hkim/development/tello_ros_ws/install/tello_msgs/share/tello_msgs/environment/path.sh
[2.306s] -- Up-to-date: /home/hkim/development/tello_ros_ws/install/tello_msgs/share/tello_msgs/environment/path.dsv
[2.306s] -- Up-to-date: /home/hkim/development/tello_ros_ws/install/tello_msgs/share/tello_msgs/local_setup.bash
[2.306s] -- Up-to-date: /home/hkim/development/tello_ros_ws/install/tello_msgs/share/tello_msgs/local_setup.sh
[2.306s] -- Up-to-date: /home/hkim/development/tello_ros_ws/install/tello_msgs/share/tello_msgs/local_setup.zsh
[2.307s] -- Up-to-date: /home/hkim/development/tello_ros_ws/install/tello_msgs/share/tello_msgs/local_setup.dsv
[2.307s] -- Installing: /home/hkim/development/tello_ros_ws/install/tello_msgs/share/tello_msgs/package.dsv
[2.307s] -- Up-to-date: /home/hkim/development/tello_ros_ws/install/tello_msgs/share/ament_index/resource_index/packages/tello_msgs
[2.307s] -- Up-to-date: /home/hkim/development/tello_ros_ws/install/tello_msgs/share/tello_msgs/cmake/tello_msgs__rosidl_generator_cExport.cmake
[2.308s] -- Up-to-date: /home/hkim/development/tello_ros_ws/install/tello_msgs/share/tello_msgs/cmake/tello_msgs__rosidl_generator_cExport-noconfig.cmake
[2.308s] -- Up-to-date: /home/hkim/development/tello_ros_ws/install/tello_msgs/share/tello_msgs/cmake/tello_msgs__rosidl_typesupport_introspection_cExport.cmake
[2.308s] -- Up-to-date: /home/hkim/development/tello_ros_ws/install/tello_msgs/share/tello_msgs/cmake/tello_msgs__rosidl_typesupport_introspection_cExport-noconfig.cmake
[2.308s] -- Up-to-date: /home/hkim/development/tello_ros_ws/install/tello_msgs/share/tello_msgs/cmake/tello_msgs__rosidl_typesupport_cExport.cmake
[2.308s] -- Up-to-date: /home/hkim/development/tello_ros_ws/install/tello_msgs/share/tello_msgs/cmake/tello_msgs__rosidl_typesupport_cExport-noconfig.cmake
[2.309s] -- Up-to-date: /home/hkim/development/tello_ros_ws/install/tello_msgs/share/tello_msgs/cmake/tello_msgs__rosidl_generator_cppExport.cmake
[2.309s] -- Up-to-date: /home/hkim/development/tello_ros_ws/install/tello_msgs/share/tello_msgs/cmake/tello_msgs__rosidl_typesupport_introspection_cppExport.cmake
[2.309s] -- Up-to-date: /home/hkim/development/tello_ros_ws/install/tello_msgs/share/tello_msgs/cmake/tello_msgs__rosidl_typesupport_introspection_cppExport-noconfig.cmake
[2.309s] -- Up-to-date: /home/hkim/development/tello_ros_ws/install/tello_msgs/share/tello_msgs/cmake/tello_msgs__rosidl_typesupport_cppExport.cmake
[2.309s] -- Up-to-date: /home/hkim/development/tello_ros_ws/install/tello_msgs/share/tello_msgs/cmake/tello_msgs__rosidl_typesupport_cppExport-noconfig.cmake
[2.309s] -- Up-to-date: /home/hkim/development/tello_ros_ws/install/tello_msgs/share/tello_msgs/cmake/rosidl_cmake-extras.cmake
[2.309s] -- Up-to-date: /home/hkim/development/tello_ros_ws/install/tello_msgs/share/tello_msgs/cmake/ament_cmake_export_dependencies-extras.cmake
[2.310s] -- Up-to-date: /home/hkim/development/tello_ros_ws/install/tello_msgs/share/tello_msgs/cmake/ament_cmake_export_libraries-extras.cmake
[2.310s] -- Up-to-date: /home/hkim/development/tello_ros_ws/install/tello_msgs/share/tello_msgs/cmake/ament_cmake_export_targets-extras.cmake
[2.310s] -- Up-to-date: /home/hkim/development/tello_ros_ws/install/tello_msgs/share/tello_msgs/cmake/ament_cmake_export_include_directories-extras.cmake
[2.310s] -- Up-to-date: /home/hkim/development/tello_ros_ws/install/tello_msgs/share/tello_msgs/cmake/rosidl_cmake_export_typesupport_libraries-extras.cmake
[2.310s] -- Up-to-date: /home/hkim/development/tello_ros_ws/install/tello_msgs/share/tello_msgs/cmake/rosidl_cmake_export_typesupport_targets-extras.cmake
[2.316s] -- Up-to-date: /home/hkim/development/tello_ros_ws/install/tello_msgs/share/tello_msgs/cmake/tello_msgsConfig.cmake
[2.316s] -- Up-to-date: /home/hkim/development/tello_ros_ws/install/tello_msgs/share/tello_msgs/cmake/tello_msgsConfig-version.cmake
[2.316s] -- Up-to-date: /home/hkim/development/tello_ros_ws/install/tello_msgs/share/tello_msgs/package.xml
[2.330s] Invoked command in '/home/hkim/development/tello_ros_ws/build/tello_msgs' returned '0': CMAKE_PREFIX_PATH=/opt/ros/foxy /usr/bin/cmake --install /home/hkim/development/tello_ros_ws/build/tello_msgs
