[0.032s] Invoking command in '/home/hkim/development/tello_ros_ws/build/tello_description': CMAKE_PREFIX_PATH=${CMAKE_PREFIX_PATH}:/home/hkim/development/tello-ros2/workspace/src/install/tello:/opt/ros/foxy /usr/bin/cmake /home/hkim/development/tello_ros_ws/src/tello_ros/tello_description -DCMAKE_INSTALL_PREFIX=/home/hkim/development/tello_ros_ws/install/tello_description
[0.120s] -- The C compiler identification is GNU 9.4.0
[0.194s] -- The CXX compiler identification is GNU 9.4.0
[0.200s] -- Check for working C compiler: /usr/bin/cc
[0.293s] -- Check for working C compiler: /usr/bin/cc -- works
[0.294s] -- Detecting C compiler ABI info
[0.393s] -- Detecting C compiler ABI info - done
[0.413s] -- Detecting C compile features
[0.414s] -- Detecting C compile features - done
[0.419s] -- Check for working CXX compiler: /usr/bin/c++
[0.538s] -- Check for working CXX compiler: /usr/bin/c++ -- works
[0.539s] -- Detecting CXX compiler ABI info
[0.664s] -- Detecting CXX compiler ABI info - done
[0.680s] -- Detecting CXX compile features
[0.681s] -- Detecting CXX compile features - done
[0.684s] -- Found ament_cmake: 0.9.12 (/opt/ros/foxy/share/ament_cmake/cmake)
[0.731s] -- Found PythonInterp: /usr/bin/python3 (found suitable version "3.8.10", minimum required is "3") 
[0.731s] -- Using PYTHON_EXECUTABLE: /usr/bin/python3
[1.059s] -- creating rules for /home/hkim/development/tello_ros_ws/build/tello_description/urdf/tello.urdf
[1.059s] -- creating rules for /home/hkim/development/tello_ros_ws/build/tello_description/urdf/tello_1.urdf
[1.059s] -- creating rules for /home/hkim/development/tello_ros_ws/build/tello_description/urdf/tello_2.urdf
[1.060s] -- creating rules for /home/hkim/development/tello_ros_ws/build/tello_description/urdf/tello_3.urdf
[1.060s] -- creating rules for /home/hkim/development/tello_ros_ws/build/tello_description/urdf/tello_4.urdf
[1.060s] -- creating rules for /home/hkim/development/tello_ros_ws/build/tello_description/urdf/tello_5.urdf
[1.060s] -- creating rules for /home/hkim/development/tello_ros_ws/build/tello_description/urdf/tello_6.urdf
[1.060s] -- creating rules for /home/hkim/development/tello_ros_ws/build/tello_description/urdf/tello_7.urdf
[1.061s] -- creating rules for /home/hkim/development/tello_ros_ws/build/tello_description/urdf/tello_8.urdf
[1.144s] -- Configuring done
[1.152s] -- Generating done
[1.156s] -- Build files have been written to: /home/hkim/development/tello_ros_ws/build/tello_description
[1.162s] Invoked command in '/home/hkim/development/tello_ros_ws/build/tello_description' returned '0': CMAKE_PREFIX_PATH=${CMAKE_PREFIX_PATH}:/home/hkim/development/tello-ros2/workspace/src/install/tello:/opt/ros/foxy /usr/bin/cmake /home/hkim/development/tello_ros_ws/src/tello_ros/tello_description -DCMAKE_INSTALL_PREFIX=/home/hkim/development/tello_ros_ws/install/tello_description
[1.167s] Invoking command in '/home/hkim/development/tello_ros_ws/build/tello_description': CMAKE_PREFIX_PATH=${CMAKE_PREFIX_PATH}:/home/hkim/development/tello-ros2/workspace/src/install/tello:/opt/ros/foxy /usr/bin/cmake --build /home/hkim/development/tello_ros_ws/build/tello_description -- -j4 -l4
[1.228s] [35m[1mScanning dependencies of target generate_urdf_3[0m
[1.231s] [35m[1mScanning dependencies of target generate_urdf_1[0m
[1.232s] [35m[1mScanning dependencies of target generate_urdf[0m
[1.238s] [35m[1mScanning dependencies of target generate_urdf_6[0m
[1.255s] [ 11%] [34m[1mGenerate /home/hkim/development/tello_ros_ws/build/tello_description/urdf/tello_3.urdf[0m
[1.255s] [ 22%] [34m[1mGenerate /home/hkim/development/tello_ros_ws/build/tello_description/urdf/tello.urdf[0m
[1.263s] [ 33%] [34m[1mGenerate /home/hkim/development/tello_ros_ws/build/tello_description/urdf/tello_1.urdf[0m
[1.277s] [ 44%] [34m[1mGenerate /home/hkim/development/tello_ros_ws/build/tello_description/urdf/tello_6.urdf[0m
[1.341s] [ 44%] Built target generate_urdf
[1.354s] [ 44%] Built target generate_urdf_3
[1.372s] [ 44%] Built target generate_urdf_6
[1.375s] [ 44%] Built target generate_urdf_1
[1.382s] [35m[1mScanning dependencies of target generate_urdf_4[0m
[1.393s] [35m[1mScanning dependencies of target generate_urdf_5[0m
[1.398s] [35m[1mScanning dependencies of target generate_urdf_8[0m
[1.403s] [35m[1mScanning dependencies of target generate_urdf_7[0m
[1.414s] [ 55%] [34m[1mGenerate /home/hkim/development/tello_ros_ws/build/tello_description/urdf/tello_4.urdf[0m
[1.419s] [ 66%] [34m[1mGenerate /home/hkim/development/tello_ros_ws/build/tello_description/urdf/tello_5.urdf[0m
[1.427s] [ 77%] [34m[1mGenerate /home/hkim/development/tello_ros_ws/build/tello_description/urdf/tello_7.urdf[0m
[1.455s] [ 88%] [34m[1mGenerate /home/hkim/development/tello_ros_ws/build/tello_description/urdf/tello_8.urdf[0m
[1.521s] [ 88%] Built target generate_urdf_7
[1.534s] [ 88%] Built target generate_urdf_4
[1.544s] [ 88%] Built target generate_urdf_5
[1.551s] [ 88%] Built target generate_urdf_8
[1.560s] [35m[1mScanning dependencies of target generate_urdf_2[0m
[1.572s] [100%] [34m[1mGenerate /home/hkim/development/tello_ros_ws/build/tello_description/urdf/tello_2.urdf[0m
[1.626s] [100%] Built target generate_urdf_2
[1.646s] Invoked command in '/home/hkim/development/tello_ros_ws/build/tello_description' returned '0': CMAKE_PREFIX_PATH=${CMAKE_PREFIX_PATH}:/home/hkim/development/tello-ros2/workspace/src/install/tello:/opt/ros/foxy /usr/bin/cmake --build /home/hkim/development/tello_ros_ws/build/tello_description -- -j4 -l4
[1.703s] Invoking command in '/home/hkim/development/tello_ros_ws/build/tello_description': CMAKE_PREFIX_PATH=${CMAKE_PREFIX_PATH}:/home/hkim/development/tello-ros2/workspace/src/install/tello:/opt/ros/foxy /usr/bin/cmake --install /home/hkim/development/tello_ros_ws/build/tello_description
[1.716s] -- Install configuration: ""
[1.716s] -- Installing: /home/hkim/development/tello_ros_ws/install/tello_description/share/tello_description/urdf
[1.716s] -- Installing: /home/hkim/development/tello_ros_ws/install/tello_description/share/tello_description/urdf/tello_8.urdf
[1.717s] -- Installing: /home/hkim/development/tello_ros_ws/install/tello_description/share/tello_description/urdf/tello_3.urdf
[1.717s] -- Installing: /home/hkim/development/tello_ros_ws/install/tello_description/share/tello_description/urdf/tello.urdf
[1.721s] -- Installing: /home/hkim/development/tello_ros_ws/install/tello_description/share/tello_description/urdf/tello_6.urdf
[1.721s] -- Installing: /home/hkim/development/tello_ros_ws/install/tello_description/share/tello_description/urdf/tello_1.urdf
[1.722s] -- Installing: /home/hkim/development/tello_ros_ws/install/tello_description/share/tello_description/urdf/tello_5.urdf
[1.724s] -- Installing: /home/hkim/development/tello_ros_ws/install/tello_description/share/tello_description/urdf/tello_7.urdf
[1.724s] -- Installing: /home/hkim/development/tello_ros_ws/install/tello_description/share/tello_description/urdf/tello_2.urdf
[1.725s] -- Installing: /home/hkim/development/tello_ros_ws/install/tello_description/share/tello_description/urdf/tello_4.urdf
[1.726s] -- Installing: /home/hkim/development/tello_ros_ws/install/tello_description/share/ament_index/resource_index/package_run_dependencies/tello_description
[1.726s] -- Installing: /home/hkim/development/tello_ros_ws/install/tello_description/share/ament_index/resource_index/parent_prefix_path/tello_description
[1.727s] -- Installing: /home/hkim/development/tello_ros_ws/install/tello_description/share/tello_description/environment/ament_prefix_path.sh
[1.727s] -- Installing: /home/hkim/development/tello_ros_ws/install/tello_description/share/tello_description/environment/ament_prefix_path.dsv
[1.728s] -- Installing: /home/hkim/development/tello_ros_ws/install/tello_description/share/tello_description/environment/path.sh
[1.728s] -- Installing: /home/hkim/development/tello_ros_ws/install/tello_description/share/tello_description/environment/path.dsv
[1.728s] -- Installing: /home/hkim/development/tello_ros_ws/install/tello_description/share/tello_description/local_setup.bash
[1.729s] -- Installing: /home/hkim/development/tello_ros_ws/install/tello_description/share/tello_description/local_setup.sh
[1.729s] -- Installing: /home/hkim/development/tello_ros_ws/install/tello_description/share/tello_description/local_setup.zsh
[1.729s] -- Installing: /home/hkim/development/tello_ros_ws/install/tello_description/share/tello_description/local_setup.dsv
[1.730s] -- Installing: /home/hkim/development/tello_ros_ws/install/tello_description/share/tello_description/package.dsv
[1.730s] -- Installing: /home/hkim/development/tello_ros_ws/install/tello_description/share/ament_index/resource_index/packages/tello_description
[1.731s] -- Installing: /home/hkim/development/tello_ros_ws/install/tello_description/share/tello_description/cmake/tello_descriptionConfig.cmake
[1.732s] -- Installing: /home/hkim/development/tello_ros_ws/install/tello_description/share/tello_description/cmake/tello_descriptionConfig-version.cmake
[1.732s] -- Installing: /home/hkim/development/tello_ros_ws/install/tello_description/share/tello_description/package.xml
[1.733s] Invoked command in '/home/hkim/development/tello_ros_ws/build/tello_description' returned '0': CMAKE_PREFIX_PATH=${CMAKE_PREFIX_PATH}:/home/hkim/development/tello-ros2/workspace/src/install/tello:/opt/ros/foxy /usr/bin/cmake --install /home/hkim/development/tello_ros_ws/build/tello_description
