[0.029s] Invoking command in '/home/hkim/development/tello_ros_ws/src/build/tello_driver': AMENT_PREFIX_PATH=/home/hkim/development/tello_ros_ws/src/install/tello_msgs:/home/hkim/development/tello_ros_ws/src/install/ros2_shared:${AMENT_PREFIX_PATH} CMAKE_PREFIX_PATH=/home/hkim/development/tello_ros_ws/src/install/tello_msgs:/home/hkim/development/tello_ros_ws/src/install/ros2_shared:/home/hkim/development/tello_ros_ws/install/tello_gazebo:/home/hkim/development/tello_ros_ws/install/tello_driver:/home/hkim/development/tello_ros_ws/install/tello_msgs:/home/hkim/development/tello_ros_ws/install/tello_description:/home/hkim/development/tello_ros_ws/install/fiducial_vlam:/home/hkim/development/tello_ros_ws/install/ros2_shared:/home/hkim/development/tello_ros_ws/install/fiducial_vlam_msgs:/home/hkim/development/tello-ros2/workspace/src/install/tello_msg:/home/hkim/development/tello-ros2/workspace/src/install/tello_control:/home/hkim/development/tello-ros2/workspace/src/install/tello:/opt/ros/foxy LD_LIBRARY_PATH=/home/hkim/development/tello_ros_ws/src/install/tello_msgs/lib:${LD_LIBRARY_PATH} PYTHONPATH=/home/hkim/development/tello_ros_ws/src/install/tello_msgs/lib/python3.8/site-packages:${PYTHONPATH} /usr/bin/cmake /home/hkim/development/tello_ros_ws/src/tello_ros/tello_driver -DCMAKE_INSTALL_PREFIX=/home/hkim/development/tello_ros_ws/src/install/tello_driver
[0.129s] -- The C compiler identification is GNU 9.4.0
[0.213s] -- The CXX compiler identification is GNU 9.4.0
[0.220s] -- Check for working C compiler: /usr/bin/cc
[0.340s] -- Check for working C compiler: /usr/bin/cc -- works
[0.342s] -- Detecting C compiler ABI info
[0.444s] -- Detecting C compiler ABI info - done
[0.457s] -- Detecting C compile features
[0.457s] -- Detecting C compile features - done
[0.461s] -- Check for working CXX compiler: /usr/bin/c++
[0.580s] -- Check for working CXX compiler: /usr/bin/c++ -- works
[0.581s] -- Detecting CXX compiler ABI info
[0.695s] -- Detecting CXX compiler ABI info - done
[0.708s] -- Detecting CXX compile features
[0.709s] -- Detecting CXX compile features - done
[0.713s] -- Found ament_cmake: 0.9.12 (/opt/ros/foxy/share/ament_cmake/cmake)
[0.768s] -- Found PythonInterp: /usr/bin/python3 (found suitable version "3.8.10", minimum required is "3") 
[0.768s] -- Using PYTHON_EXECUTABLE: /usr/bin/python3
[1.147s] -- Found camera_calibration_parsers: 2.4.0 (/opt/ros/foxy/share/camera_calibration_parsers/cmake)
[1.251s] -- Using all available rosidl_typesupport_c: rosidl_typesupport_fastrtps_c;rosidl_typesupport_introspection_c
[1.266s] -- Found rosidl_adapter: 1.3.1 (/opt/ros/foxy/share/rosidl_adapter/cmake)
[1.404s] -- Found OpenSSL: /usr/lib/x86_64-linux-gnu/libcrypto.so (found version "1.1.1f")  
[1.459s] -- Found FastRTPS: /opt/ros/foxy/include  
[1.585s] -- Using all available rosidl_typesupport_cpp: rosidl_typesupport_fastrtps_cpp;rosidl_typesupport_introspection_cpp
[1.689s] -- Found rmw_implementation_cmake: 1.0.4 (/opt/ros/foxy/share/rmw_implementation_cmake/cmake)
[1.693s] -- Using RMW implementation 'rmw_fastrtps_cpp' as default
[1.695s] -- Looking for pthread.h
[1.806s] -- Looking for pthread.h - found
[1.806s] -- Performing Test CMAKE_HAVE_LIBC_PTHREAD
[1.907s] -- Performing Test CMAKE_HAVE_LIBC_PTHREAD - Failed
[1.907s] -- Looking for pthread_create in pthreads
[1.985s] -- Looking for pthread_create in pthreads - not found
[1.985s] -- Looking for pthread_create in pthread
[2.080s] -- Looking for pthread_create in pthread - found
[2.082s] -- Found Threads: TRUE  
[2.684s] -- Setting yaml-cpp_DIR to: '/opt/ros/foxy/share/yaml_cpp_vendor/cmake/../../../opt/yaml_cpp_vendor/lib/cmake/yaml-cpp'
[2.694s] -- Found class_loader: 2.0.3 (/opt/ros/foxy/share/class_loader/cmake)
[2.707s] -- Found cv_bridge: 3.0.7 (/opt/ros/foxy/share/cv_bridge/cmake)
[2.770s] -- Found OpenCV: /usr (found version "4.2.0") 
[2.773s] -- Found rclcpp_components: 2.4.3 (/opt/ros/foxy/share/rclcpp_components/cmake)
[2.879s] -- Found ros2_shared: 0.1.0 (/home/hkim/development/tello_ros_ws/src/install/ros2_shared/share/ros2_shared/cmake)
[2.886s] -- Found tello_msgs: 0.1.0 (/home/hkim/development/tello_ros_ws/src/install/tello_msgs/share/tello_msgs/cmake)
[3.335s] -- Configuring done
[3.499s] -- Generating done
[3.503s] -- Build files have been written to: /home/hkim/development/tello_ros_ws/src/build/tello_driver
[3.517s] Invoked command in '/home/hkim/development/tello_ros_ws/src/build/tello_driver' returned '0': AMENT_PREFIX_PATH=/home/hkim/development/tello_ros_ws/src/install/tello_msgs:/home/hkim/development/tello_ros_ws/src/install/ros2_shared:${AMENT_PREFIX_PATH} CMAKE_PREFIX_PATH=/home/hkim/development/tello_ros_ws/src/install/tello_msgs:/home/hkim/development/tello_ros_ws/src/install/ros2_shared:/home/hkim/development/tello_ros_ws/install/tello_gazebo:/home/hkim/development/tello_ros_ws/install/tello_driver:/home/hkim/development/tello_ros_ws/install/tello_msgs:/home/hkim/development/tello_ros_ws/install/tello_description:/home/hkim/development/tello_ros_ws/install/fiducial_vlam:/home/hkim/development/tello_ros_ws/install/ros2_shared:/home/hkim/development/tello_ros_ws/install/fiducial_vlam_msgs:/home/hkim/development/tello-ros2/workspace/src/install/tello_msg:/home/hkim/development/tello-ros2/workspace/src/install/tello_control:/home/hkim/development/tello-ros2/workspace/src/install/tello:/opt/ros/foxy LD_LIBRARY_PATH=/home/hkim/development/tello_ros_ws/src/install/tello_msgs/lib:${LD_LIBRARY_PATH} PYTHONPATH=/home/hkim/development/tello_ros_ws/src/install/tello_msgs/lib/python3.8/site-packages:${PYTHONPATH} /usr/bin/cmake /home/hkim/development/tello_ros_ws/src/tello_ros/tello_driver -DCMAKE_INSTALL_PREFIX=/home/hkim/development/tello_ros_ws/src/install/tello_driver
[3.524s] Invoking command in '/home/hkim/development/tello_ros_ws/src/build/tello_driver': AMENT_PREFIX_PATH=/home/hkim/development/tello_ros_ws/src/install/tello_msgs:/home/hkim/development/tello_ros_ws/src/install/ros2_shared:${AMENT_PREFIX_PATH} CMAKE_PREFIX_PATH=/home/hkim/development/tello_ros_ws/src/install/tello_msgs:/home/hkim/development/tello_ros_ws/src/install/ros2_shared:/home/hkim/development/tello_ros_ws/install/tello_gazebo:/home/hkim/development/tello_ros_ws/install/tello_driver:/home/hkim/development/tello_ros_ws/install/tello_msgs:/home/hkim/development/tello_ros_ws/install/tello_description:/home/hkim/development/tello_ros_ws/install/fiducial_vlam:/home/hkim/development/tello_ros_ws/install/ros2_shared:/home/hkim/development/tello_ros_ws/install/fiducial_vlam_msgs:/home/hkim/development/tello-ros2/workspace/src/install/tello_msg:/home/hkim/development/tello-ros2/workspace/src/install/tello_control:/home/hkim/development/tello-ros2/workspace/src/install/tello:/opt/ros/foxy LD_LIBRARY_PATH=/home/hkim/development/tello_ros_ws/src/install/tello_msgs/lib:${LD_LIBRARY_PATH} PYTHONPATH=/home/hkim/development/tello_ros_ws/src/install/tello_msgs/lib/python3.8/site-packages:${PYTHONPATH} /usr/bin/cmake --build /home/hkim/development/tello_ros_ws/src/build/tello_driver -- -j4 -l4
[3.702s] [35m[1mScanning dependencies of target tello_joy_main[0m
[3.702s] [35m[1mScanning dependencies of target tello_driver_node[0m
[3.715s] [35m[1mScanning dependencies of target tello_emulator[0m
[3.718s] [35m[1mScanning dependencies of target tello_driver_main[0m
[3.799s] [  4%] [32mBuilding CXX object CMakeFiles/tello_emulator.dir/src/tello_emulator.cpp.o[0m
[3.917s] [  9%] [32mBuilding CXX object CMakeFiles/tello_joy_main.dir/src/tello_joy_main.cpp.o[0m
[4.118s] [ 13%] [32mBuilding CXX object CMakeFiles/tello_driver_node.dir/src/tello_driver_node.cpp.o[0m
[4.195s] [ 18%] [32mBuilding CXX object CMakeFiles/tello_driver_main.dir/src/tello_driver_main.cpp.o[0m
[8.287s] [ 22%] [32m[1mLinking CXX executable tello_emulator[0m
[8.725s] [ 22%] Built target tello_emulator
[8.811s] [ 27%] [32mBuilding CXX object CMakeFiles/tello_driver_main.dir/src/tello_driver_node.cpp.o[0m
[10.705s] [ 31%] [32mBuilding CXX object CMakeFiles/tello_joy_main.dir/src/tello_joy_node.cpp.o[0m
[15.349s] [35m[1mScanning dependencies of target tello_joy_node[0m
[15.654s] [ 36%] [32mBuilding CXX object CMakeFiles/tello_joy_node.dir/src/tello_joy_node.cpp.o[0m
[34.347s] [ 40%] [32m[1mLinking CXX executable tello_joy_main[0m
[35.531s] [ 40%] Built target tello_joy_main
[36.333s] [ 45%] [32mBuilding CXX object CMakeFiles/tello_driver_node.dir/src/tello_socket.cpp.o[0m
[38.695s] [ 50%] [32m[1mLinking CXX shared library libtello_joy_node.so[0m
[39.772s] [ 50%] Built target tello_joy_node
[40.356s] [ 54%] [32mBuilding CXX object CMakeFiles/tello_driver_main.dir/src/command_socket.cpp.o[0m
[44.178s] [ 59%] [32mBuilding CXX object CMakeFiles/tello_driver_node.dir/src/command_socket.cpp.o[0m
[50.302s] [ 63%] [32mBuilding CXX object CMakeFiles/tello_driver_main.dir/src/state_socket.cpp.o[0m
[52.415s] [ 68%] [32mBuilding CXX object CMakeFiles/tello_driver_node.dir/src/state_socket.cpp.o[0m
[62.773s] [ 72%] [32mBuilding CXX object CMakeFiles/tello_driver_main.dir/src/video_socket.cpp.o[0m
[63.826s] [ 77%] [32mBuilding CXX object CMakeFiles/tello_driver_node.dir/src/video_socket.cpp.o[0m
[66.166s] [ 81%] [32mBuilding CXX object CMakeFiles/tello_driver_main.dir/h264decoder/h264decoder.cpp.o[0m
[66.408s] [ 86%] [32mBuilding CXX object CMakeFiles/tello_driver_main.dir/src/tello_socket.cpp.o[0m
[67.109s] [ 90%] [32mBuilding CXX object CMakeFiles/tello_driver_node.dir/h264decoder/h264decoder.cpp.o[0m
[67.352s] [ 95%] [32m[1mLinking CXX shared library libtello_driver_node.so[0m
[68.104s] [ 95%] Built target tello_driver_node
[69.238s] [100%] [32m[1mLinking CXX executable tello_driver_main[0m
[70.237s] [100%] Built target tello_driver_main
[70.250s] Invoked command in '/home/hkim/development/tello_ros_ws/src/build/tello_driver' returned '0': AMENT_PREFIX_PATH=/home/hkim/development/tello_ros_ws/src/install/tello_msgs:/home/hkim/development/tello_ros_ws/src/install/ros2_shared:${AMENT_PREFIX_PATH} CMAKE_PREFIX_PATH=/home/hkim/development/tello_ros_ws/src/install/tello_msgs:/home/hkim/development/tello_ros_ws/src/install/ros2_shared:/home/hkim/development/tello_ros_ws/install/tello_gazebo:/home/hkim/development/tello_ros_ws/install/tello_driver:/home/hkim/development/tello_ros_ws/install/tello_msgs:/home/hkim/development/tello_ros_ws/install/tello_description:/home/hkim/development/tello_ros_ws/install/fiducial_vlam:/home/hkim/development/tello_ros_ws/install/ros2_shared:/home/hkim/development/tello_ros_ws/install/fiducial_vlam_msgs:/home/hkim/development/tello-ros2/workspace/src/install/tello_msg:/home/hkim/development/tello-ros2/workspace/src/install/tello_control:/home/hkim/development/tello-ros2/workspace/src/install/tello:/opt/ros/foxy LD_LIBRARY_PATH=/home/hkim/development/tello_ros_ws/src/install/tello_msgs/lib:${LD_LIBRARY_PATH} PYTHONPATH=/home/hkim/development/tello_ros_ws/src/install/tello_msgs/lib/python3.8/site-packages:${PYTHONPATH} /usr/bin/cmake --build /home/hkim/development/tello_ros_ws/src/build/tello_driver -- -j4 -l4
[70.304s] Invoking command in '/home/hkim/development/tello_ros_ws/src/build/tello_driver': AMENT_PREFIX_PATH=/home/hkim/development/tello_ros_ws/src/install/tello_msgs:/home/hkim/development/tello_ros_ws/src/install/ros2_shared:${AMENT_PREFIX_PATH} CMAKE_PREFIX_PATH=/home/hkim/development/tello_ros_ws/src/install/tello_msgs:/home/hkim/development/tello_ros_ws/src/install/ros2_shared:/home/hkim/development/tello_ros_ws/install/tello_gazebo:/home/hkim/development/tello_ros_ws/install/tello_driver:/home/hkim/development/tello_ros_ws/install/tello_msgs:/home/hkim/development/tello_ros_ws/install/tello_description:/home/hkim/development/tello_ros_ws/install/fiducial_vlam:/home/hkim/development/tello_ros_ws/install/ros2_shared:/home/hkim/development/tello_ros_ws/install/fiducial_vlam_msgs:/home/hkim/development/tello-ros2/workspace/src/install/tello_msg:/home/hkim/development/tello-ros2/workspace/src/install/tello_control:/home/hkim/development/tello-ros2/workspace/src/install/tello:/opt/ros/foxy LD_LIBRARY_PATH=/home/hkim/development/tello_ros_ws/src/install/tello_msgs/lib:${LD_LIBRARY_PATH} PYTHONPATH=/home/hkim/development/tello_ros_ws/src/install/tello_msgs/lib/python3.8/site-packages:${PYTHONPATH} /usr/bin/cmake --install /home/hkim/development/tello_ros_ws/src/build/tello_driver
[70.313s] -- Install configuration: ""
[70.313s] -- Installing: /home/hkim/development/tello_ros_ws/src/install/tello_driver/share/tello_driver/environment/library_path.sh
[70.313s] -- Installing: /home/hkim/development/tello_ros_ws/src/install/tello_driver/share/tello_driver/environment/library_path.dsv
[70.313s] -- Installing: /home/hkim/development/tello_ros_ws/src/install/tello_driver/lib/libtello_driver_node.so
[70.320s] -- Set runtime path of "/home/hkim/development/tello_ros_ws/src/install/tello_driver/lib/libtello_driver_node.so" to ""
[70.320s] -- Installing: /home/hkim/development/tello_ros_ws/src/install/tello_driver/lib/libtello_joy_node.so
[70.324s] -- Set runtime path of "/home/hkim/development/tello_ros_ws/src/install/tello_driver/lib/libtello_joy_node.so" to ""
[70.324s] -- Installing: /home/hkim/development/tello_ros_ws/src/install/tello_driver/lib/tello_driver/tello_driver_main
[70.328s] -- Set runtime path of "/home/hkim/development/tello_ros_ws/src/install/tello_driver/lib/tello_driver/tello_driver_main" to ""
[70.328s] -- Installing: /home/hkim/development/tello_ros_ws/src/install/tello_driver/lib/tello_driver/tello_joy_main
[70.331s] -- Set runtime path of "/home/hkim/development/tello_ros_ws/src/install/tello_driver/lib/tello_driver/tello_joy_main" to ""
[70.331s] -- Installing: /home/hkim/development/tello_ros_ws/src/install/tello_driver/lib/tello_driver/tello_emulator
[70.332s] -- Installing: /home/hkim/development/tello_ros_ws/src/install/tello_driver/share/tello_driver/cfg
[70.333s] -- Installing: /home/hkim/development/tello_ros_ws/src/install/tello_driver/share/tello_driver/cfg/camera_info.yaml
[70.334s] -- Installing: /home/hkim/development/tello_ros_ws/src/install/tello_driver/share/tello_driver/launch
[70.334s] -- Installing: /home/hkim/development/tello_ros_ws/src/install/tello_driver/share/tello_driver/launch/teleop_launch.py
[70.334s] -- Installing: /home/hkim/development/tello_ros_ws/src/install/tello_driver/share/tello_driver/launch/emulator_launch.py
[70.335s] -- Installing: /home/hkim/development/tello_ros_ws/src/install/tello_driver/share/tello_driver/launch/emulators_launch.py
[70.335s] -- Installing: /home/hkim/development/tello_ros_ws/src/install/tello_driver/share/ament_index/resource_index/package_run_dependencies/tello_driver
[70.335s] -- Installing: /home/hkim/development/tello_ros_ws/src/install/tello_driver/share/ament_index/resource_index/parent_prefix_path/tello_driver
[70.335s] -- Installing: /home/hkim/development/tello_ros_ws/src/install/tello_driver/share/tello_driver/environment/ament_prefix_path.sh
[70.336s] -- Installing: /home/hkim/development/tello_ros_ws/src/install/tello_driver/share/tello_driver/environment/ament_prefix_path.dsv
[70.336s] -- Installing: /home/hkim/development/tello_ros_ws/src/install/tello_driver/share/tello_driver/environment/path.sh
[70.336s] -- Installing: /home/hkim/development/tello_ros_ws/src/install/tello_driver/share/tello_driver/environment/path.dsv
[70.336s] -- Installing: /home/hkim/development/tello_ros_ws/src/install/tello_driver/share/tello_driver/local_setup.bash
[70.336s] -- Installing: /home/hkim/development/tello_ros_ws/src/install/tello_driver/share/tello_driver/local_setup.sh
[70.336s] -- Installing: /home/hkim/development/tello_ros_ws/src/install/tello_driver/share/tello_driver/local_setup.zsh
[70.337s] -- Installing: /home/hkim/development/tello_ros_ws/src/install/tello_driver/share/tello_driver/local_setup.dsv
[70.337s] -- Installing: /home/hkim/development/tello_ros_ws/src/install/tello_driver/share/tello_driver/package.dsv
[70.337s] -- Installing: /home/hkim/development/tello_ros_ws/src/install/tello_driver/share/ament_index/resource_index/packages/tello_driver
[70.337s] -- Installing: /home/hkim/development/tello_ros_ws/src/install/tello_driver/share/ament_index/resource_index/rclcpp_components/tello_driver
[70.338s] -- Installing: /home/hkim/development/tello_ros_ws/src/install/tello_driver/share/tello_driver/cmake/tello_driverConfig.cmake
[70.338s] -- Installing: /home/hkim/development/tello_ros_ws/src/install/tello_driver/share/tello_driver/cmake/tello_driverConfig-version.cmake
[70.338s] -- Installing: /home/hkim/development/tello_ros_ws/src/install/tello_driver/share/tello_driver/package.xml
[70.341s] Invoked command in '/home/hkim/development/tello_ros_ws/src/build/tello_driver' returned '0': AMENT_PREFIX_PATH=/home/hkim/development/tello_ros_ws/src/install/tello_msgs:/home/hkim/development/tello_ros_ws/src/install/ros2_shared:${AMENT_PREFIX_PATH} CMAKE_PREFIX_PATH=/home/hkim/development/tello_ros_ws/src/install/tello_msgs:/home/hkim/development/tello_ros_ws/src/install/ros2_shared:/home/hkim/development/tello_ros_ws/install/tello_gazebo:/home/hkim/development/tello_ros_ws/install/tello_driver:/home/hkim/development/tello_ros_ws/install/tello_msgs:/home/hkim/development/tello_ros_ws/install/tello_description:/home/hkim/development/tello_ros_ws/install/fiducial_vlam:/home/hkim/development/tello_ros_ws/install/ros2_shared:/home/hkim/development/tello_ros_ws/install/fiducial_vlam_msgs:/home/hkim/development/tello-ros2/workspace/src/install/tello_msg:/home/hkim/development/tello-ros2/workspace/src/install/tello_control:/home/hkim/development/tello-ros2/workspace/src/install/tello:/opt/ros/foxy LD_LIBRARY_PATH=/home/hkim/development/tello_ros_ws/src/install/tello_msgs/lib:${LD_LIBRARY_PATH} PYTHONPATH=/home/hkim/development/tello_ros_ws/src/install/tello_msgs/lib/python3.8/site-packages:${PYTHONPATH} /usr/bin/cmake --install /home/hkim/development/tello_ros_ws/src/build/tello_driver
