-- Found ament_cmake: 0.9.12 (/opt/ros/foxy/share/ament_cmake/cmake)
-- Using PYTHON_EXECUTABLE: /usr/bin/python3
-- Found rclcpp: 2.4.3 (/opt/ros/foxy/share/rclcpp/cmake)
-- Using all available rosidl_typesupport_c: rosidl_typesupport_fastrtps_c;rosidl_typesupport_introspection_c
-- Found rosidl_adapter: 1.3.1 (/opt/ros/foxy/share/rosidl_adapter/cmake)
-- Using all available rosidl_typesupport_cpp: rosidl_typesupport_fastrtps_cpp;rosidl_typesupport_introspection_cpp
-- Found rmw_implementation_cmake: 1.0.4 (/opt/ros/foxy/share/rmw_implementation_cmake/cmake)
-- Using RMW implementation 'rmw_fastrtps_cpp' as default
-- Found sensor_msgs: 2.0.5 (/opt/ros/foxy/share/sensor_msgs/cmake)
-- Found cv_bridge: 3.0.7 (/opt/ros/foxy/share/cv_bridge/cmake)
-- Found message_filters: 3.2.7 (/opt/ros/foxy/share/message_filters/cmake)
-- Found OpenGL: /usr/lib/x86_64-linux-gnu/libOpenGL.so  found components: OpenGL 
CMake Error at /usr/share/cmake-3.16/Modules/FindPackageHandleStandardArgs.cmake:146 (message):
  Could NOT find ORB_SLAM2 (missing: ORB_SLAM2_LIBRARY DBoW2_LIBRARY)
Call Stack (most recent call first):
  /usr/share/cmake-3.16/Modules/FindPackageHandleStandardArgs.cmake:393 (_FPHSA_FAILURE_MESSAGE)
  CMakeModules/FindORB_SLAM2.cmake:44 (find_package_handle_standard_args)
  CMakeLists.txt:21 (find_package)


-- Configuring incomplete, errors occurred!
See also "/home/hkim/development/tello_ros_ws/build/ros2_orbslam/CMakeFiles/CMakeOutput.log".
See also "/home/hkim/development/tello_ros_ws/build/ros2_orbslam/CMakeFiles/CMakeError.log".
