[0.049s] Invoking command in '/home/hkim/development/tello_ros_ws/build/ros2_orbslam': CMAKE_PREFIX_PATH=/opt/ros/foxy /usr/bin/cmake /home/hkim/development/tello_ros_ws/src/ros2-ORB_SLAM2 -DCMAKE_INSTALL_PREFIX=/home/hkim/development/tello_ros_ws/install/ros2_orbslam
[0.073s] -- Found ament_cmake: 0.9.12 (/opt/ros/foxy/share/ament_cmake/cmake)
[0.124s] -- Using PYTHON_EXECUTABLE: /usr/bin/python3
[0.772s] -- Found rclcpp: 2.4.3 (/opt/ros/foxy/share/rclcpp/cmake)
[0.874s] -- Using all available rosidl_typesupport_c: rosidl_typesupport_fastrtps_c;rosidl_typesupport_introspection_c
[0.885s] -- Found rosidl_adapter: 1.3.1 (/opt/ros/foxy/share/rosidl_adapter/cmake)
[1.166s] -- Using all available rosidl_typesupport_cpp: rosidl_typesupport_fastrtps_cpp;rosidl_typesupport_introspection_cpp
[1.314s] -- Found rmw_implementation_cmake: 1.0.4 (/opt/ros/foxy/share/rmw_implementation_cmake/cmake)
[1.318s] -- Using RMW implementation 'rmw_fastrtps_cpp' as default
[1.768s] -- Found sensor_msgs: 2.0.5 (/opt/ros/foxy/share/sensor_msgs/cmake)
[1.954s] -- Found cv_bridge: 3.0.7 (/opt/ros/foxy/share/cv_bridge/cmake)
[1.990s] -- Found message_filters: 3.2.7 (/opt/ros/foxy/share/message_filters/cmake)
[2.029s] -- Found OpenGL: /usr/lib/x86_64-linux-gnu/libOpenGL.so  found components: OpenGL 
[2.038s] CMake Error at /usr/share/cmake-3.16/Modules/FindPackageHandleStandardArgs.cmake:146 (message):
[2.038s]   Could NOT find ORB_SLAM2 (missing: ORB_SLAM2_LIBRARY DBoW2_LIBRARY)
[2.038s] Call Stack (most recent call first):
[2.038s]   /usr/share/cmake-3.16/Modules/FindPackageHandleStandardArgs.cmake:393 (_FPHSA_FAILURE_MESSAGE)
[2.038s]   CMakeModules/FindORB_SLAM2.cmake:44 (find_package_handle_standard_args)
[2.039s]   CMakeLists.txt:21 (find_package)
[2.039s] 
[2.039s] 
[2.041s] -- Configuring incomplete, errors occurred!
[2.041s] See also "/home/hkim/development/tello_ros_ws/build/ros2_orbslam/CMakeFiles/CMakeOutput.log".
[2.042s] See also "/home/hkim/development/tello_ros_ws/build/ros2_orbslam/CMakeFiles/CMakeError.log".
[2.053s] Invoked command in '/home/hkim/development/tello_ros_ws/build/ros2_orbslam' returned '1': CMAKE_PREFIX_PATH=/opt/ros/foxy /usr/bin/cmake /home/hkim/development/tello_ros_ws/src/ros2-ORB_SLAM2 -DCMAKE_INSTALL_PREFIX=/home/hkim/development/tello_ros_ws/install/ros2_orbslam
