[0.017s] Invoking command in '/home/hkim/development/tello_ros_ws/src/build/fiducial_vlam': AMENT_PREFIX_PATH=/home/hkim/development/tello_ros_ws/src/install/ros2_shared:/home/hkim/development/tello_ros_ws/src/install/fiducial_vlam_msgs:${AMENT_PREFIX_PATH} CMAKE_PREFIX_PATH=/home/hkim/development/tello_ros_ws/src/install/ros2_shared:/home/hkim/development/tello_ros_ws/src/install/fiducial_vlam_msgs:/home/hkim/development/tello_ros_ws/install/tello_gazebo:/home/hkim/development/tello_ros_ws/install/tello_driver:/home/hkim/development/tello_ros_ws/install/tello_msgs:/home/hkim/development/tello_ros_ws/install/tello_description:/home/hkim/development/tello_ros_ws/install/fiducial_vlam:/home/hkim/development/tello_ros_ws/install/ros2_shared:/home/hkim/development/tello_ros_ws/install/fiducial_vlam_msgs:/home/hkim/development/tello-ros2/workspace/src/install/tello_msg:/home/hkim/development/tello-ros2/workspace/src/install/tello_control:/home/hkim/development/tello-ros2/workspace/src/install/tello:/opt/ros/foxy LD_LIBRARY_PATH=/home/hkim/development/tello_ros_ws/src/install/fiducial_vlam_msgs/lib:${LD_LIBRARY_PATH} PYTHONPATH=/home/hkim/development/tello_ros_ws/src/install/fiducial_vlam_msgs/lib/python3.8/site-packages:${PYTHONPATH} /usr/bin/cmake /home/hkim/development/tello_ros_ws/src/fiducial_vlam/fiducial_vlam -DCMAKE_INSTALL_PREFIX=/home/hkim/development/tello_ros_ws/src/install/fiducial_vlam
[0.105s] -- The C compiler identification is GNU 9.4.0
[0.187s] -- The CXX compiler identification is GNU 9.4.0
[0.196s] -- Check for working C compiler: /usr/bin/cc
[0.306s] -- Check for working C compiler: /usr/bin/cc -- works
[0.307s] -- Detecting C compiler ABI info
[0.393s] -- Detecting C compiler ABI info - done
[0.419s] -- Detecting C compile features
[0.420s] -- Detecting C compile features - done
[0.425s] -- Check for working CXX compiler: /usr/bin/c++
[0.559s] -- Check for working CXX compiler: /usr/bin/c++ -- works
[0.561s] -- Detecting CXX compiler ABI info
[0.690s] -- Detecting CXX compiler ABI info - done
[0.704s] -- Detecting CXX compile features
[0.705s] -- Detecting CXX compile features - done
[0.722s] -- Found OpenCV version 4.2.0
[0.725s] -- Found ament_cmake: 0.9.12 (/opt/ros/foxy/share/ament_cmake/cmake)
[0.760s] -- Found PythonInterp: /usr/bin/python3 (found suitable version "3.8.10", minimum required is "3") 
[0.761s] -- Using PYTHON_EXECUTABLE: /usr/bin/python3
[1.063s] -- Found class_loader: 2.0.3 (/opt/ros/foxy/share/class_loader/cmake)
[1.104s] -- Found cv_bridge: 3.0.7 (/opt/ros/foxy/share/cv_bridge/cmake)
[1.151s] -- Using all available rosidl_typesupport_c: rosidl_typesupport_fastrtps_c;rosidl_typesupport_introspection_c
[1.172s] -- Found rosidl_adapter: 1.3.1 (/opt/ros/foxy/share/rosidl_adapter/cmake)
[1.309s] -- Found OpenSSL: /usr/lib/x86_64-linux-gnu/libcrypto.so (found version "1.1.1f")  
[1.363s] -- Found FastRTPS: /opt/ros/foxy/include  
[1.493s] -- Using all available rosidl_typesupport_cpp: rosidl_typesupport_fastrtps_cpp;rosidl_typesupport_introspection_cpp
[1.788s] -- Found fiducial_vlam_msgs: 0.1.0 (/home/hkim/development/tello_ros_ws/src/install/fiducial_vlam_msgs/share/fiducial_vlam_msgs/cmake)
[2.046s] -- Found nav_msgs: 2.0.5 (/opt/ros/foxy/share/nav_msgs/cmake)
[2.196s] -- Found OpenCV: /usr (found version "4.2.0") 
[2.199s] -- Found rclcpp: 2.4.3 (/opt/ros/foxy/share/rclcpp/cmake)
[2.299s] -- Found rmw_implementation_cmake: 1.0.4 (/opt/ros/foxy/share/rmw_implementation_cmake/cmake)
[2.303s] -- Using RMW implementation 'rmw_fastrtps_cpp' as default
[2.304s] -- Looking for pthread.h
[2.412s] -- Looking for pthread.h - found
[2.412s] -- Performing Test CMAKE_HAVE_LIBC_PTHREAD
[2.515s] -- Performing Test CMAKE_HAVE_LIBC_PTHREAD - Failed
[2.515s] -- Looking for pthread_create in pthreads
[2.605s] -- Looking for pthread_create in pthreads - not found
[2.606s] -- Looking for pthread_create in pthread
[2.720s] -- Looking for pthread_create in pthread - found
[2.722s] -- Found Threads: TRUE  
[3.004s] -- Found rclcpp_components: 2.4.3 (/opt/ros/foxy/share/rclcpp_components/cmake)
[3.117s] -- Found ros2_shared: 0.1.0 (/home/hkim/development/tello_ros_ws/src/install/ros2_shared/share/ros2_shared/cmake)
[3.123s] -- Found tf2_msgs: 0.13.14 (/opt/ros/foxy/share/tf2_msgs/cmake)
[3.526s] -- Found visualization_msgs: 2.0.5 (/opt/ros/foxy/share/visualization_msgs/cmake)
[3.683s] -- Found yaml_cpp_vendor: 7.0.3 (/opt/ros/foxy/share/yaml_cpp_vendor/cmake)
[3.683s] -- Setting yaml-cpp_DIR to: '/opt/ros/foxy/share/yaml_cpp_vendor/cmake/../../../opt/yaml_cpp_vendor/lib/cmake/yaml-cpp'
[3.877s] -- Configuring done
[4.030s] -- Generating done
[4.033s] -- Build files have been written to: /home/hkim/development/tello_ros_ws/src/build/fiducial_vlam
[4.047s] Invoked command in '/home/hkim/development/tello_ros_ws/src/build/fiducial_vlam' returned '0': AMENT_PREFIX_PATH=/home/hkim/development/tello_ros_ws/src/install/ros2_shared:/home/hkim/development/tello_ros_ws/src/install/fiducial_vlam_msgs:${AMENT_PREFIX_PATH} CMAKE_PREFIX_PATH=/home/hkim/development/tello_ros_ws/src/install/ros2_shared:/home/hkim/development/tello_ros_ws/src/install/fiducial_vlam_msgs:/home/hkim/development/tello_ros_ws/install/tello_gazebo:/home/hkim/development/tello_ros_ws/install/tello_driver:/home/hkim/development/tello_ros_ws/install/tello_msgs:/home/hkim/development/tello_ros_ws/install/tello_description:/home/hkim/development/tello_ros_ws/install/fiducial_vlam:/home/hkim/development/tello_ros_ws/install/ros2_shared:/home/hkim/development/tello_ros_ws/install/fiducial_vlam_msgs:/home/hkim/development/tello-ros2/workspace/src/install/tello_msg:/home/hkim/development/tello-ros2/workspace/src/install/tello_control:/home/hkim/development/tello-ros2/workspace/src/install/tello:/opt/ros/foxy LD_LIBRARY_PATH=/home/hkim/development/tello_ros_ws/src/install/fiducial_vlam_msgs/lib:${LD_LIBRARY_PATH} PYTHONPATH=/home/hkim/development/tello_ros_ws/src/install/fiducial_vlam_msgs/lib/python3.8/site-packages:${PYTHONPATH} /usr/bin/cmake /home/hkim/development/tello_ros_ws/src/fiducial_vlam/fiducial_vlam -DCMAKE_INSTALL_PREFIX=/home/hkim/development/tello_ros_ws/src/install/fiducial_vlam
[4.051s] Invoking command in '/home/hkim/development/tello_ros_ws/src/build/fiducial_vlam': AMENT_PREFIX_PATH=/home/hkim/development/tello_ros_ws/src/install/ros2_shared:/home/hkim/development/tello_ros_ws/src/install/fiducial_vlam_msgs:${AMENT_PREFIX_PATH} CMAKE_PREFIX_PATH=/home/hkim/development/tello_ros_ws/src/install/ros2_shared:/home/hkim/development/tello_ros_ws/src/install/fiducial_vlam_msgs:/home/hkim/development/tello_ros_ws/install/tello_gazebo:/home/hkim/development/tello_ros_ws/install/tello_driver:/home/hkim/development/tello_ros_ws/install/tello_msgs:/home/hkim/development/tello_ros_ws/install/tello_description:/home/hkim/development/tello_ros_ws/install/fiducial_vlam:/home/hkim/development/tello_ros_ws/install/ros2_shared:/home/hkim/development/tello_ros_ws/install/fiducial_vlam_msgs:/home/hkim/development/tello-ros2/workspace/src/install/tello_msg:/home/hkim/development/tello-ros2/workspace/src/install/tello_control:/home/hkim/development/tello-ros2/workspace/src/install/tello:/opt/ros/foxy LD_LIBRARY_PATH=/home/hkim/development/tello_ros_ws/src/install/fiducial_vlam_msgs/lib:${LD_LIBRARY_PATH} PYTHONPATH=/home/hkim/development/tello_ros_ws/src/install/fiducial_vlam_msgs/lib/python3.8/site-packages:${PYTHONPATH} /usr/bin/cmake --build /home/hkim/development/tello_ros_ws/src/build/fiducial_vlam -- -j4 -l4
[4.120s] [35m[1mScanning dependencies of target vmap_main[0m
[4.125s] [35m[1mScanning dependencies of target vloc_main[0m
[4.133s] [35m[1mScanning dependencies of target vloc_node[0m
[4.138s] [35m[1mScanning dependencies of target vmap_node[0m
[4.450s] [  3%] [32mBuilding CXX object CMakeFiles/vloc_main.dir/src/vloc_main.cpp.o[0m
[4.451s] [  6%] [32mBuilding CXX object CMakeFiles/vmap_main.dir/src/vmap_main.cpp.o[0m
[4.470s] [  9%] [32mBuilding CXX object CMakeFiles/vloc_node.dir/src/convert_util.cpp.o[0m
[4.503s] [ 12%] [32mBuilding CXX object CMakeFiles/vmap_node.dir/src/convert_util.cpp.o[0m
[10.588s] [ 16%] [32mBuilding CXX object CMakeFiles/vloc_main.dir/src/convert_util.cpp.o[0m
[11.383s] [ 19%] [32mBuilding CXX object CMakeFiles/vmap_main.dir/src/convert_util.cpp.o[0m
[11.593s] [ 22%] [32mBuilding CXX object CMakeFiles/vmap_node.dir/src/fiducial_math.cpp.o[0m
[12.019s] [ 25%] [32mBuilding CXX object CMakeFiles/vloc_node.dir/src/fiducial_math.cpp.o[0m
[17.494s] [ 29%] [32mBuilding CXX object CMakeFiles/vmap_node.dir/src/map.cpp.o[0m
[17.643s] [ 32%] [32mBuilding CXX object CMakeFiles/vloc_node.dir/src/map.cpp.o[0m
[18.210s] [ 35%] [32mBuilding CXX object CMakeFiles/vloc_main.dir/src/fiducial_math.cpp.o[0m
[19.251s] [ 38%] [32mBuilding CXX object CMakeFiles/vmap_main.dir/src/fiducial_math.cpp.o[0m
[20.966s] [ 41%] [32mBuilding CXX object CMakeFiles/vmap_node.dir/src/transform_with_covariance.cpp.o[0m
[21.830s] [ 45%] [32mBuilding CXX object CMakeFiles/vloc_node.dir/src/transform_with_covariance.cpp.o[0m
[22.420s] [ 48%] [32mBuilding CXX object CMakeFiles/vmap_node.dir/src/vmap_context.cpp.o[0m
[22.988s] [ 51%] [32mBuilding CXX object CMakeFiles/vloc_node.dir/src/vloc_context.cpp.o[0m
[24.242s] [ 54%] [32mBuilding CXX object CMakeFiles/vloc_main.dir/src/map.cpp.o[0m
[24.624s] [ 58%] [32mBuilding CXX object CMakeFiles/vmap_main.dir/src/map.cpp.o[0m
[27.411s] [ 61%] [32mBuilding CXX object CMakeFiles/vloc_main.dir/src/transform_with_covariance.cpp.o[0m
[27.769s] [ 64%] [32mBuilding CXX object CMakeFiles/vmap_main.dir/src/transform_with_covariance.cpp.o[0m
[28.544s] [ 67%] [32mBuilding CXX object CMakeFiles/vloc_main.dir/src/vloc_context.cpp.o[0m
[28.755s] [ 70%] [32mBuilding CXX object CMakeFiles/vmap_main.dir/src/vmap_context.cpp.o[0m
[29.622s] [ 74%] [32mBuilding CXX object CMakeFiles/vmap_node.dir/src/vmap_main.cpp.o[0m
[30.887s] [ 77%] [32mBuilding CXX object CMakeFiles/vloc_node.dir/src/vloc_node.cpp.o[0m
[36.040s] [ 80%] [32mBuilding CXX object CMakeFiles/vloc_main.dir/src/vloc_node.cpp.o[0m
[36.117s] [ 83%] [32mBuilding CXX object CMakeFiles/vmap_main.dir/src/vmap_node.cpp.o[0m
[36.148s] [ 87%] [32mBuilding CXX object CMakeFiles/vmap_node.dir/src/vmap_node.cpp.o[0m
[57.315s] [ 90%] [32m[1mLinking CXX shared library libvmap_node.so[0m
[59.076s] [ 90%] Built target vmap_node
[59.404s] [ 93%] [32m[1mLinking CXX executable vmap_main[0m
[60.681s] [ 93%] Built target vmap_main
[61.437s] [ 96%] [32m[1mLinking CXX shared library libvloc_node.so[0m
[62.664s] [ 96%] Built target vloc_node
[63.074s] [100%] [32m[1mLinking CXX executable vloc_main[0m
[64.214s] [100%] Built target vloc_main
[64.232s] Invoked command in '/home/hkim/development/tello_ros_ws/src/build/fiducial_vlam' returned '0': AMENT_PREFIX_PATH=/home/hkim/development/tello_ros_ws/src/install/ros2_shared:/home/hkim/development/tello_ros_ws/src/install/fiducial_vlam_msgs:${AMENT_PREFIX_PATH} CMAKE_PREFIX_PATH=/home/hkim/development/tello_ros_ws/src/install/ros2_shared:/home/hkim/development/tello_ros_ws/src/install/fiducial_vlam_msgs:/home/hkim/development/tello_ros_ws/install/tello_gazebo:/home/hkim/development/tello_ros_ws/install/tello_driver:/home/hkim/development/tello_ros_ws/install/tello_msgs:/home/hkim/development/tello_ros_ws/install/tello_description:/home/hkim/development/tello_ros_ws/install/fiducial_vlam:/home/hkim/development/tello_ros_ws/install/ros2_shared:/home/hkim/development/tello_ros_ws/install/fiducial_vlam_msgs:/home/hkim/development/tello-ros2/workspace/src/install/tello_msg:/home/hkim/development/tello-ros2/workspace/src/install/tello_control:/home/hkim/development/tello-ros2/workspace/src/install/tello:/opt/ros/foxy LD_LIBRARY_PATH=/home/hkim/development/tello_ros_ws/src/install/fiducial_vlam_msgs/lib:${LD_LIBRARY_PATH} PYTHONPATH=/home/hkim/development/tello_ros_ws/src/install/fiducial_vlam_msgs/lib/python3.8/site-packages:${PYTHONPATH} /usr/bin/cmake --build /home/hkim/development/tello_ros_ws/src/build/fiducial_vlam -- -j4 -l4
[64.311s] Invoking command in '/home/hkim/development/tello_ros_ws/src/build/fiducial_vlam': AMENT_PREFIX_PATH=/home/hkim/development/tello_ros_ws/src/install/ros2_shared:/home/hkim/development/tello_ros_ws/src/install/fiducial_vlam_msgs:${AMENT_PREFIX_PATH} CMAKE_PREFIX_PATH=/home/hkim/development/tello_ros_ws/src/install/ros2_shared:/home/hkim/development/tello_ros_ws/src/install/fiducial_vlam_msgs:/home/hkim/development/tello_ros_ws/install/tello_gazebo:/home/hkim/development/tello_ros_ws/install/tello_driver:/home/hkim/development/tello_ros_ws/install/tello_msgs:/home/hkim/development/tello_ros_ws/install/tello_description:/home/hkim/development/tello_ros_ws/install/fiducial_vlam:/home/hkim/development/tello_ros_ws/install/ros2_shared:/home/hkim/development/tello_ros_ws/install/fiducial_vlam_msgs:/home/hkim/development/tello-ros2/workspace/src/install/tello_msg:/home/hkim/development/tello-ros2/workspace/src/install/tello_control:/home/hkim/development/tello-ros2/workspace/src/install/tello:/opt/ros/foxy LD_LIBRARY_PATH=/home/hkim/development/tello_ros_ws/src/install/fiducial_vlam_msgs/lib:${LD_LIBRARY_PATH} PYTHONPATH=/home/hkim/development/tello_ros_ws/src/install/fiducial_vlam_msgs/lib/python3.8/site-packages:${PYTHONPATH} /usr/bin/cmake --install /home/hkim/development/tello_ros_ws/src/build/fiducial_vlam
[64.326s] -- Install configuration: ""
[64.326s] -- Installing: /home/hkim/development/tello_ros_ws/src/install/fiducial_vlam/lib/libvloc_node.so
[64.337s] -- Set runtime path of "/home/hkim/development/tello_ros_ws/src/install/fiducial_vlam/lib/libvloc_node.so" to ""
[64.337s] -- Installing: /home/hkim/development/tello_ros_ws/src/install/fiducial_vlam/lib/libvmap_node.so
[64.344s] -- Set runtime path of "/home/hkim/development/tello_ros_ws/src/install/fiducial_vlam/lib/libvmap_node.so" to ""
[64.345s] -- Installing: /home/hkim/development/tello_ros_ws/src/install/fiducial_vlam/lib/fiducial_vlam/vloc_main
[64.352s] -- Set runtime path of "/home/hkim/development/tello_ros_ws/src/install/fiducial_vlam/lib/fiducial_vlam/vloc_main" to ""
[64.352s] -- Installing: /home/hkim/development/tello_ros_ws/src/install/fiducial_vlam/lib/fiducial_vlam/vmap_main
[64.356s] -- Set runtime path of "/home/hkim/development/tello_ros_ws/src/install/fiducial_vlam/lib/fiducial_vlam/vmap_main" to ""
[64.356s] -- Installing: /home/hkim/development/tello_ros_ws/src/install/fiducial_vlam/share/fiducial_vlam/cfg
[64.358s] -- Installing: /home/hkim/development/tello_ros_ws/src/install/fiducial_vlam/share/fiducial_vlam/cfg/fiducial_marker_locations_basement.yaml
[64.358s] -- Installing: /home/hkim/development/tello_ros_ws/src/install/fiducial_vlam/share/fiducial_vlam/cfg/Aruco Marker 6X6 250 IDs 01-12.pdf
[64.360s] -- Installing: /home/hkim/development/tello_ros_ws/src/install/fiducial_vlam/share/fiducial_vlam/cfg/fiducial_marker_locations_office.yaml
[64.360s] -- Installing: /home/hkim/development/tello_ros_ws/src/install/fiducial_vlam/share/fiducial_vlam/launch
[64.361s] -- Installing: /home/hkim/development/tello_ros_ws/src/install/fiducial_vlam/share/fiducial_vlam/launch/teleop_launch.py
[64.361s] -- Installing: /home/hkim/development/tello_ros_ws/src/install/fiducial_vlam/share/fiducial_vlam/launch/pair_xps_launch.py
[64.362s] -- Installing: /home/hkim/development/tello_ros_ws/src/install/fiducial_vlam/share/fiducial_vlam/launch/launch_one_gazebo.py
[64.362s] -- Installing: /home/hkim/development/tello_ros_ws/src/install/fiducial_vlam/share/fiducial_vlam/launch/launch_one.py
[64.363s] -- Installing: /home/hkim/development/tello_ros_ws/src/install/fiducial_vlam/share/fiducial_vlam/launch/pair_box_pattern.sh
[64.363s] -- Installing: /home/hkim/development/tello_ros_ws/src/install/fiducial_vlam/share/fiducial_vlam/launch/launch_one.rviz
[64.363s] -- Installing: /home/hkim/development/tello_ros_ws/src/install/fiducial_vlam/share/fiducial_vlam/launch/pair_brix_launch.py
[64.364s] -- Installing: /home/hkim/development/tello_ros_ws/src/install/fiducial_vlam/share/fiducial_vlam/launch/sim_one_marker_launch.py
[64.364s] -- Installing: /home/hkim/development/tello_ros_ws/src/install/fiducial_vlam/share/fiducial_vlam/launch/launch_two_gazebo.py
[64.365s] -- Installing: /home/hkim/development/tello_ros_ws/src/install/fiducial_vlam/share/fiducial_vlam/launch/sim_yz_plane_of_markers_launch.py
[64.365s] -- Installing: /home/hkim/development/tello_ros_ws/src/install/fiducial_vlam/share/fiducial_vlam/launch/pair_shared_launch.py
[64.365s] -- Installing: /home/hkim/development/tello_ros_ws/src/install/fiducial_vlam/share/fiducial_vlam/launch/pair_box_pattern_b.sh
[64.366s] -- Installing: /home/hkim/development/tello_ros_ws/src/install/fiducial_vlam/include
[64.366s] -- Installing: /home/hkim/development/tello_ros_ws/src/install/fiducial_vlam/include/map.hpp
[64.366s] -- Installing: /home/hkim/development/tello_ros_ws/src/install/fiducial_vlam/include/fiducial_vlam
[64.366s] -- Installing: /home/hkim/development/tello_ros_ws/src/install/fiducial_vlam/include/fiducial_vlam/fiducial_vlam.hpp
[64.368s] -- Installing: /home/hkim/development/tello_ros_ws/src/install/fiducial_vlam/include/vmap_context.hpp
[64.368s] -- Installing: /home/hkim/development/tello_ros_ws/src/install/fiducial_vlam/include/vloc_context.hpp
[64.368s] -- Installing: /home/hkim/development/tello_ros_ws/src/install/fiducial_vlam/include/transform_with_covariance.hpp
[64.368s] -- Installing: /home/hkim/development/tello_ros_ws/src/install/fiducial_vlam/include/convert_util.hpp
[64.368s] -- Installing: /home/hkim/development/tello_ros_ws/src/install/fiducial_vlam/include/observation.hpp
[64.369s] -- Installing: /home/hkim/development/tello_ros_ws/src/install/fiducial_vlam/include/fiducial_math.hpp
[64.369s] -- Installing: /home/hkim/development/tello_ros_ws/src/install/fiducial_vlam/share/fiducial_vlam/environment/library_path.sh
[64.369s] -- Installing: /home/hkim/development/tello_ros_ws/src/install/fiducial_vlam/share/fiducial_vlam/environment/library_path.dsv
[64.369s] -- Installing: /home/hkim/development/tello_ros_ws/src/install/fiducial_vlam/share/ament_index/resource_index/package_run_dependencies/fiducial_vlam
[64.369s] -- Installing: /home/hkim/development/tello_ros_ws/src/install/fiducial_vlam/share/ament_index/resource_index/parent_prefix_path/fiducial_vlam
[64.369s] -- Installing: /home/hkim/development/tello_ros_ws/src/install/fiducial_vlam/share/fiducial_vlam/environment/ament_prefix_path.sh
[64.369s] -- Installing: /home/hkim/development/tello_ros_ws/src/install/fiducial_vlam/share/fiducial_vlam/environment/ament_prefix_path.dsv
[64.370s] -- Installing: /home/hkim/development/tello_ros_ws/src/install/fiducial_vlam/share/fiducial_vlam/environment/path.sh
[64.370s] -- Installing: /home/hkim/development/tello_ros_ws/src/install/fiducial_vlam/share/fiducial_vlam/environment/path.dsv
[64.370s] -- Installing: /home/hkim/development/tello_ros_ws/src/install/fiducial_vlam/share/fiducial_vlam/local_setup.bash
[64.370s] -- Installing: /home/hkim/development/tello_ros_ws/src/install/fiducial_vlam/share/fiducial_vlam/local_setup.sh
[64.371s] -- Installing: /home/hkim/development/tello_ros_ws/src/install/fiducial_vlam/share/fiducial_vlam/local_setup.zsh
[64.371s] -- Installing: /home/hkim/development/tello_ros_ws/src/install/fiducial_vlam/share/fiducial_vlam/local_setup.dsv
[64.371s] -- Installing: /home/hkim/development/tello_ros_ws/src/install/fiducial_vlam/share/fiducial_vlam/package.dsv
[64.371s] -- Installing: /home/hkim/development/tello_ros_ws/src/install/fiducial_vlam/share/ament_index/resource_index/packages/fiducial_vlam
[64.372s] -- Installing: /home/hkim/development/tello_ros_ws/src/install/fiducial_vlam/share/ament_index/resource_index/rclcpp_components/fiducial_vlam
[64.372s] -- Installing: /home/hkim/development/tello_ros_ws/src/install/fiducial_vlam/share/fiducial_vlam/cmake/export_vloc_nodeExport.cmake
[64.372s] -- Installing: /home/hkim/development/tello_ros_ws/src/install/fiducial_vlam/share/fiducial_vlam/cmake/export_vloc_nodeExport-noconfig.cmake
[64.373s] -- Installing: /home/hkim/development/tello_ros_ws/src/install/fiducial_vlam/share/fiducial_vlam/cmake/export_vmap_nodeExport.cmake
[64.373s] -- Installing: /home/hkim/development/tello_ros_ws/src/install/fiducial_vlam/share/fiducial_vlam/cmake/export_vmap_nodeExport-noconfig.cmake
[64.373s] -- Installing: /home/hkim/development/tello_ros_ws/src/install/fiducial_vlam/share/fiducial_vlam/cmake/ament_cmake_export_dependencies-extras.cmake
[64.374s] -- Installing: /home/hkim/development/tello_ros_ws/src/install/fiducial_vlam/share/fiducial_vlam/cmake/ament_cmake_export_include_directories-extras.cmake
[64.374s] -- Installing: /home/hkim/development/tello_ros_ws/src/install/fiducial_vlam/share/fiducial_vlam/cmake/ament_cmake_export_targets-extras.cmake
[64.374s] -- Installing: /home/hkim/development/tello_ros_ws/src/install/fiducial_vlam/share/fiducial_vlam/cmake/ament_cmake_export_libraries-extras.cmake
[64.374s] -- Installing: /home/hkim/development/tello_ros_ws/src/install/fiducial_vlam/share/fiducial_vlam/cmake/fiducial_vlamConfig.cmake
[64.375s] -- Installing: /home/hkim/development/tello_ros_ws/src/install/fiducial_vlam/share/fiducial_vlam/cmake/fiducial_vlamConfig-version.cmake
[64.375s] -- Installing: /home/hkim/development/tello_ros_ws/src/install/fiducial_vlam/share/fiducial_vlam/package.xml
[64.379s] Invoked command in '/home/hkim/development/tello_ros_ws/src/build/fiducial_vlam' returned '0': AMENT_PREFIX_PATH=/home/hkim/development/tello_ros_ws/src/install/ros2_shared:/home/hkim/development/tello_ros_ws/src/install/fiducial_vlam_msgs:${AMENT_PREFIX_PATH} CMAKE_PREFIX_PATH=/home/hkim/development/tello_ros_ws/src/install/ros2_shared:/home/hkim/development/tello_ros_ws/src/install/fiducial_vlam_msgs:/home/hkim/development/tello_ros_ws/install/tello_gazebo:/home/hkim/development/tello_ros_ws/install/tello_driver:/home/hkim/development/tello_ros_ws/install/tello_msgs:/home/hkim/development/tello_ros_ws/install/tello_description:/home/hkim/development/tello_ros_ws/install/fiducial_vlam:/home/hkim/development/tello_ros_ws/install/ros2_shared:/home/hkim/development/tello_ros_ws/install/fiducial_vlam_msgs:/home/hkim/development/tello-ros2/workspace/src/install/tello_msg:/home/hkim/development/tello-ros2/workspace/src/install/tello_control:/home/hkim/development/tello-ros2/workspace/src/install/tello:/opt/ros/foxy LD_LIBRARY_PATH=/home/hkim/development/tello_ros_ws/src/install/fiducial_vlam_msgs/lib:${LD_LIBRARY_PATH} PYTHONPATH=/home/hkim/development/tello_ros_ws/src/install/fiducial_vlam_msgs/lib/python3.8/site-packages:${PYTHONPATH} /usr/bin/cmake --install /home/hkim/development/tello_ros_ws/src/build/fiducial_vlam
