[0.043s] Invoking command in '/home/hkim/development/tello_ros_ws/build/fiducial_vlam_msgs': CMAKE_PREFIX_PATH=${CMAKE_PREFIX_PATH}:/opt/ros/foxy /usr/bin/cmake --build /home/hkim/development/tello_ros_ws/build/fiducial_vlam_msgs -- -j4 -l4
[0.203s] [  2%] Built target fiducial_vlam_msgs__cpp
[0.235s] [ 12%] Built target fiducial_vlam_msgs__rosidl_generator_c
[0.378s] [ 23%] Built target fiducial_vlam_msgs__rosidl_typesupport_fastrtps_cpp
[0.393s] [ 34%] Built target fiducial_vlam_msgs__rosidl_typesupport_introspection_c
[0.394s] [ 44%] Built target fiducial_vlam_msgs__rosidl_typesupport_introspection_cpp
[0.422s] [ 55%] Built target fiducial_vlam_msgs__rosidl_typesupport_cpp
[0.486s] [ 65%] Built target fiducial_vlam_msgs__rosidl_typesupport_c
[0.545s] [ 76%] Built target fiducial_vlam_msgs__rosidl_typesupport_fastrtps_c
[0.703s] [ 76%] Built target fiducial_vlam_msgs
[0.820s] [ 78%] Built target fiducial_vlam_msgs__py
[0.975s] [ 87%] Built target fiducial_vlam_msgs__python
[1.096s] [ 91%] Built target fiducial_vlam_msgs__rosidl_typesupport_fastrtps_c__pyext
[1.127s] [ 95%] Built target fiducial_vlam_msgs__rosidl_typesupport_c__pyext
[1.146s] [100%] Built target fiducial_vlam_msgs__rosidl_typesupport_introspection_c__pyext
[1.206s] Invoked command in '/home/hkim/development/tello_ros_ws/build/fiducial_vlam_msgs' returned '0': CMAKE_PREFIX_PATH=${CMAKE_PREFIX_PATH}:/opt/ros/foxy /usr/bin/cmake --build /home/hkim/development/tello_ros_ws/build/fiducial_vlam_msgs -- -j4 -l4
[1.528s] Invoking command in '/home/hkim/development/tello_ros_ws/build/fiducial_vlam_msgs': CMAKE_PREFIX_PATH=${CMAKE_PREFIX_PATH}:/opt/ros/foxy /usr/bin/cmake --install /home/hkim/development/tello_ros_ws/build/fiducial_vlam_msgs
[1.548s] -- Install configuration: ""
[1.549s] -- Up-to-date: /home/hkim/development/tello_ros_ws/install/fiducial_vlam_msgs/share/ament_index/resource_index/rosidl_interfaces/fiducial_vlam_msgs
[1.549s] -- Up-to-date: /home/hkim/development/tello_ros_ws/install/fiducial_vlam_msgs/include/fiducial_vlam_msgs
[1.550s] -- Up-to-date: /home/hkim/development/tello_ros_ws/install/fiducial_vlam_msgs/include/fiducial_vlam_msgs/msg
[1.550s] -- Up-to-date: /home/hkim/development/tello_ros_ws/install/fiducial_vlam_msgs/include/fiducial_vlam_msgs/msg/detail
[1.550s] -- Up-to-date: /home/hkim/development/tello_ros_ws/install/fiducial_vlam_msgs/include/fiducial_vlam_msgs/msg/detail/observations__functions.c
[1.550s] -- Up-to-date: /home/hkim/development/tello_ros_ws/install/fiducial_vlam_msgs/include/fiducial_vlam_msgs/msg/detail/observation__struct.h
[1.551s] -- Up-to-date: /home/hkim/development/tello_ros_ws/install/fiducial_vlam_msgs/include/fiducial_vlam_msgs/msg/detail/observation__functions.h
[1.551s] -- Up-to-date: /home/hkim/development/tello_ros_ws/install/fiducial_vlam_msgs/include/fiducial_vlam_msgs/msg/detail/map__type_support.h
[1.551s] -- Up-to-date: /home/hkim/development/tello_ros_ws/install/fiducial_vlam_msgs/include/fiducial_vlam_msgs/msg/detail/observations__type_support.h
[1.551s] -- Up-to-date: /home/hkim/development/tello_ros_ws/install/fiducial_vlam_msgs/include/fiducial_vlam_msgs/msg/detail/map__functions.h
[1.552s] -- Up-to-date: /home/hkim/development/tello_ros_ws/install/fiducial_vlam_msgs/include/fiducial_vlam_msgs/msg/detail/observations__struct.h
[1.552s] -- Up-to-date: /home/hkim/development/tello_ros_ws/install/fiducial_vlam_msgs/include/fiducial_vlam_msgs/msg/detail/map__functions.c
[1.552s] -- Up-to-date: /home/hkim/development/tello_ros_ws/install/fiducial_vlam_msgs/include/fiducial_vlam_msgs/msg/detail/observation__type_support.h
[1.552s] -- Up-to-date: /home/hkim/development/tello_ros_ws/install/fiducial_vlam_msgs/include/fiducial_vlam_msgs/msg/detail/map__struct.h
[1.552s] -- Up-to-date: /home/hkim/development/tello_ros_ws/install/fiducial_vlam_msgs/include/fiducial_vlam_msgs/msg/detail/observations__functions.h
[1.553s] -- Up-to-date: /home/hkim/development/tello_ros_ws/install/fiducial_vlam_msgs/include/fiducial_vlam_msgs/msg/detail/observation__functions.c
[1.553s] -- Up-to-date: /home/hkim/development/tello_ros_ws/install/fiducial_vlam_msgs/include/fiducial_vlam_msgs/msg/observation.h
[1.553s] -- Up-to-date: /home/hkim/development/tello_ros_ws/install/fiducial_vlam_msgs/include/fiducial_vlam_msgs/msg/observations.h
[1.553s] -- Up-to-date: /home/hkim/development/tello_ros_ws/install/fiducial_vlam_msgs/include/fiducial_vlam_msgs/msg/rosidl_generator_c__visibility_control.h
[1.553s] -- Up-to-date: /home/hkim/development/tello_ros_ws/install/fiducial_vlam_msgs/include/fiducial_vlam_msgs/msg/map.h
[1.554s] -- Up-to-date: /home/hkim/development/tello_ros_ws/install/fiducial_vlam_msgs/share/fiducial_vlam_msgs/environment/library_path.sh
[1.554s] -- Up-to-date: /home/hkim/development/tello_ros_ws/install/fiducial_vlam_msgs/share/fiducial_vlam_msgs/environment/library_path.dsv
[1.554s] -- Up-to-date: /home/hkim/development/tello_ros_ws/install/fiducial_vlam_msgs/lib/libfiducial_vlam_msgs__rosidl_generator_c.so
[1.554s] -- Up-to-date: /home/hkim/development/tello_ros_ws/install/fiducial_vlam_msgs/include/fiducial_vlam_msgs
[1.555s] -- Up-to-date: /home/hkim/development/tello_ros_ws/install/fiducial_vlam_msgs/include/fiducial_vlam_msgs/msg
[1.555s] -- Up-to-date: /home/hkim/development/tello_ros_ws/install/fiducial_vlam_msgs/include/fiducial_vlam_msgs/msg/detail
[1.555s] -- Up-to-date: /home/hkim/development/tello_ros_ws/install/fiducial_vlam_msgs/include/fiducial_vlam_msgs/msg/detail/map__rosidl_typesupport_fastrtps_c.h
[1.555s] -- Up-to-date: /home/hkim/development/tello_ros_ws/install/fiducial_vlam_msgs/include/fiducial_vlam_msgs/msg/detail/observation__rosidl_typesupport_fastrtps_c.h
[1.556s] -- Up-to-date: /home/hkim/development/tello_ros_ws/install/fiducial_vlam_msgs/include/fiducial_vlam_msgs/msg/detail/observations__rosidl_typesupport_fastrtps_c.h
[1.556s] -- Up-to-date: /home/hkim/development/tello_ros_ws/install/fiducial_vlam_msgs/include/fiducial_vlam_msgs/msg/rosidl_typesupport_fastrtps_c__visibility_control.h
[1.556s] -- Up-to-date: /home/hkim/development/tello_ros_ws/install/fiducial_vlam_msgs/lib/libfiducial_vlam_msgs__rosidl_typesupport_fastrtps_c.so
[1.556s] -- Up-to-date: /home/hkim/development/tello_ros_ws/install/fiducial_vlam_msgs/include/fiducial_vlam_msgs
[1.556s] -- Up-to-date: /home/hkim/development/tello_ros_ws/install/fiducial_vlam_msgs/include/fiducial_vlam_msgs/msg
[1.557s] -- Up-to-date: /home/hkim/development/tello_ros_ws/install/fiducial_vlam_msgs/include/fiducial_vlam_msgs/msg/detail
[1.557s] -- Up-to-date: /home/hkim/development/tello_ros_ws/install/fiducial_vlam_msgs/include/fiducial_vlam_msgs/msg/detail/dds_fastrtps
[1.557s] -- Up-to-date: /home/hkim/development/tello_ros_ws/install/fiducial_vlam_msgs/include/fiducial_vlam_msgs/msg/detail/map__rosidl_typesupport_fastrtps_cpp.hpp
[1.558s] -- Up-to-date: /home/hkim/development/tello_ros_ws/install/fiducial_vlam_msgs/include/fiducial_vlam_msgs/msg/detail/observations__rosidl_typesupport_fastrtps_cpp.hpp
[1.558s] -- Up-to-date: /home/hkim/development/tello_ros_ws/install/fiducial_vlam_msgs/include/fiducial_vlam_msgs/msg/detail/observation__rosidl_typesupport_fastrtps_cpp.hpp
[1.558s] -- Up-to-date: /home/hkim/development/tello_ros_ws/install/fiducial_vlam_msgs/include/fiducial_vlam_msgs/msg/rosidl_typesupport_fastrtps_cpp__visibility_control.h
[1.559s] -- Up-to-date: /home/hkim/development/tello_ros_ws/install/fiducial_vlam_msgs/lib/libfiducial_vlam_msgs__rosidl_typesupport_fastrtps_cpp.so
[1.559s] -- Up-to-date: /home/hkim/development/tello_ros_ws/install/fiducial_vlam_msgs/include/fiducial_vlam_msgs
[1.559s] -- Up-to-date: /home/hkim/development/tello_ros_ws/install/fiducial_vlam_msgs/include/fiducial_vlam_msgs/msg
[1.559s] -- Up-to-date: /home/hkim/development/tello_ros_ws/install/fiducial_vlam_msgs/include/fiducial_vlam_msgs/msg/detail
[1.559s] -- Up-to-date: /home/hkim/development/tello_ros_ws/install/fiducial_vlam_msgs/include/fiducial_vlam_msgs/msg/detail/map__type_support.c
[1.560s] -- Up-to-date: /home/hkim/development/tello_ros_ws/install/fiducial_vlam_msgs/include/fiducial_vlam_msgs/msg/detail/observations__type_support.c
[1.560s] -- Up-to-date: /home/hkim/development/tello_ros_ws/install/fiducial_vlam_msgs/include/fiducial_vlam_msgs/msg/detail/map__rosidl_typesupport_introspection_c.h
[1.560s] -- Up-to-date: /home/hkim/development/tello_ros_ws/install/fiducial_vlam_msgs/include/fiducial_vlam_msgs/msg/detail/observations__rosidl_typesupport_introspection_c.h
[1.561s] -- Up-to-date: /home/hkim/development/tello_ros_ws/install/fiducial_vlam_msgs/include/fiducial_vlam_msgs/msg/detail/observation__type_support.c
[1.561s] -- Up-to-date: /home/hkim/development/tello_ros_ws/install/fiducial_vlam_msgs/include/fiducial_vlam_msgs/msg/detail/observation__rosidl_typesupport_introspection_c.h
[1.561s] -- Up-to-date: /home/hkim/development/tello_ros_ws/install/fiducial_vlam_msgs/include/fiducial_vlam_msgs/msg/rosidl_typesupport_introspection_c__visibility_control.h
[1.561s] -- Up-to-date: /home/hkim/development/tello_ros_ws/install/fiducial_vlam_msgs/lib/libfiducial_vlam_msgs__rosidl_typesupport_introspection_c.so
[1.561s] -- Up-to-date: /home/hkim/development/tello_ros_ws/install/fiducial_vlam_msgs/lib/libfiducial_vlam_msgs__rosidl_typesupport_c.so
[1.562s] -- Up-to-date: /home/hkim/development/tello_ros_ws/install/fiducial_vlam_msgs/include/fiducial_vlam_msgs
[1.562s] -- Up-to-date: /home/hkim/development/tello_ros_ws/install/fiducial_vlam_msgs/include/fiducial_vlam_msgs/msg
[1.562s] -- Up-to-date: /home/hkim/development/tello_ros_ws/install/fiducial_vlam_msgs/include/fiducial_vlam_msgs/msg/map.hpp
[1.562s] -- Up-to-date: /home/hkim/development/tello_ros_ws/install/fiducial_vlam_msgs/include/fiducial_vlam_msgs/msg/rosidl_generator_cpp__visibility_control.hpp
[1.562s] -- Up-to-date: /home/hkim/development/tello_ros_ws/install/fiducial_vlam_msgs/include/fiducial_vlam_msgs/msg/detail
[1.563s] -- Up-to-date: /home/hkim/development/tello_ros_ws/install/fiducial_vlam_msgs/include/fiducial_vlam_msgs/msg/detail/observations__struct.hpp
[1.563s] -- Up-to-date: /home/hkim/development/tello_ros_ws/install/fiducial_vlam_msgs/include/fiducial_vlam_msgs/msg/detail/observations__traits.hpp
[1.563s] -- Up-to-date: /home/hkim/development/tello_ros_ws/install/fiducial_vlam_msgs/include/fiducial_vlam_msgs/msg/detail/observation__struct.hpp
[1.563s] -- Up-to-date: /home/hkim/development/tello_ros_ws/install/fiducial_vlam_msgs/include/fiducial_vlam_msgs/msg/detail/map__builder.hpp
[1.564s] -- Up-to-date: /home/hkim/development/tello_ros_ws/install/fiducial_vlam_msgs/include/fiducial_vlam_msgs/msg/detail/map__type_support.hpp
[1.564s] -- Up-to-date: /home/hkim/development/tello_ros_ws/install/fiducial_vlam_msgs/include/fiducial_vlam_msgs/msg/detail/map__struct.hpp
[1.564s] -- Up-to-date: /home/hkim/development/tello_ros_ws/install/fiducial_vlam_msgs/include/fiducial_vlam_msgs/msg/detail/observations__builder.hpp
[1.564s] -- Up-to-date: /home/hkim/development/tello_ros_ws/install/fiducial_vlam_msgs/include/fiducial_vlam_msgs/msg/detail/observation__traits.hpp
[1.564s] -- Up-to-date: /home/hkim/development/tello_ros_ws/install/fiducial_vlam_msgs/include/fiducial_vlam_msgs/msg/detail/observations__type_support.hpp
[1.565s] -- Up-to-date: /home/hkim/development/tello_ros_ws/install/fiducial_vlam_msgs/include/fiducial_vlam_msgs/msg/detail/observation__type_support.hpp
[1.565s] -- Up-to-date: /home/hkim/development/tello_ros_ws/install/fiducial_vlam_msgs/include/fiducial_vlam_msgs/msg/detail/observation__builder.hpp
[1.565s] -- Up-to-date: /home/hkim/development/tello_ros_ws/install/fiducial_vlam_msgs/include/fiducial_vlam_msgs/msg/detail/map__traits.hpp
[1.565s] -- Up-to-date: /home/hkim/development/tello_ros_ws/install/fiducial_vlam_msgs/include/fiducial_vlam_msgs/msg/observations.hpp
[1.566s] -- Up-to-date: /home/hkim/development/tello_ros_ws/install/fiducial_vlam_msgs/include/fiducial_vlam_msgs/msg/observation.hpp
[1.566s] -- Up-to-date: /home/hkim/development/tello_ros_ws/install/fiducial_vlam_msgs/include/fiducial_vlam_msgs
[1.566s] -- Up-to-date: /home/hkim/development/tello_ros_ws/install/fiducial_vlam_msgs/include/fiducial_vlam_msgs/msg
[1.566s] -- Up-to-date: /home/hkim/development/tello_ros_ws/install/fiducial_vlam_msgs/include/fiducial_vlam_msgs/msg/detail
[1.567s] -- Up-to-date: /home/hkim/development/tello_ros_ws/install/fiducial_vlam_msgs/include/fiducial_vlam_msgs/msg/detail/map__type_support.cpp
[1.567s] -- Up-to-date: /home/hkim/development/tello_ros_ws/install/fiducial_vlam_msgs/include/fiducial_vlam_msgs/msg/detail/observations__rosidl_typesupport_introspection_cpp.hpp
[1.567s] -- Up-to-date: /home/hkim/development/tello_ros_ws/install/fiducial_vlam_msgs/include/fiducial_vlam_msgs/msg/detail/observation__type_support.cpp
[1.567s] -- Up-to-date: /home/hkim/development/tello_ros_ws/install/fiducial_vlam_msgs/include/fiducial_vlam_msgs/msg/detail/observation__rosidl_typesupport_introspection_cpp.hpp
[1.567s] -- Up-to-date: /home/hkim/development/tello_ros_ws/install/fiducial_vlam_msgs/include/fiducial_vlam_msgs/msg/detail/observations__type_support.cpp
[1.568s] -- Up-to-date: /home/hkim/development/tello_ros_ws/install/fiducial_vlam_msgs/include/fiducial_vlam_msgs/msg/detail/map__rosidl_typesupport_introspection_cpp.hpp
[1.568s] -- Up-to-date: /home/hkim/development/tello_ros_ws/install/fiducial_vlam_msgs/lib/libfiducial_vlam_msgs__rosidl_typesupport_introspection_cpp.so
[1.570s] -- Up-to-date: /home/hkim/development/tello_ros_ws/install/fiducial_vlam_msgs/lib/libfiducial_vlam_msgs__rosidl_typesupport_cpp.so
[1.570s] -- Up-to-date: /home/hkim/development/tello_ros_ws/install/fiducial_vlam_msgs/share/fiducial_vlam_msgs/environment/pythonpath.sh
[1.570s] -- Up-to-date: /home/hkim/development/tello_ros_ws/install/fiducial_vlam_msgs/share/fiducial_vlam_msgs/environment/pythonpath.dsv
[1.571s] -- Up-to-date: /home/hkim/development/tello_ros_ws/install/fiducial_vlam_msgs/lib/python3.8/site-packages/fiducial_vlam_msgs/__init__.py
[1.612s] -- Up-to-date: /home/hkim/development/tello_ros_ws/install/fiducial_vlam_msgs/lib/python3.8/site-packages/fiducial_vlam_msgs/msg
[1.612s] -- Up-to-date: /home/hkim/development/tello_ros_ws/install/fiducial_vlam_msgs/lib/python3.8/site-packages/fiducial_vlam_msgs/msg/_observation.py
[1.612s] -- Up-to-date: /home/hkim/development/tello_ros_ws/install/fiducial_vlam_msgs/lib/python3.8/site-packages/fiducial_vlam_msgs/msg/_observations.py
[1.612s] -- Up-to-date: /home/hkim/development/tello_ros_ws/install/fiducial_vlam_msgs/lib/python3.8/site-packages/fiducial_vlam_msgs/msg/_observations_s.c
[1.612s] -- Up-to-date: /home/hkim/development/tello_ros_ws/install/fiducial_vlam_msgs/lib/python3.8/site-packages/fiducial_vlam_msgs/msg/_map_s.c
[1.612s] -- Up-to-date: /home/hkim/development/tello_ros_ws/install/fiducial_vlam_msgs/lib/python3.8/site-packages/fiducial_vlam_msgs/msg/_observation_s.c
[1.612s] -- Up-to-date: /home/hkim/development/tello_ros_ws/install/fiducial_vlam_msgs/lib/python3.8/site-packages/fiducial_vlam_msgs/msg/__init__.py
[1.612s] -- Up-to-date: /home/hkim/development/tello_ros_ws/install/fiducial_vlam_msgs/lib/python3.8/site-packages/fiducial_vlam_msgs/msg/_map.py
[1.613s] -- Up-to-date: /home/hkim/development/tello_ros_ws/install/fiducial_vlam_msgs/lib/python3.8/site-packages/fiducial_vlam_msgs/fiducial_vlam_msgs_s__rosidl_typesupport_fastrtps_c.cpython-38-x86_64-linux-gnu.so
[1.613s] -- Up-to-date: /home/hkim/development/tello_ros_ws/install/fiducial_vlam_msgs/lib/python3.8/site-packages/fiducial_vlam_msgs/fiducial_vlam_msgs_s__rosidl_typesupport_introspection_c.cpython-38-x86_64-linux-gnu.so
[1.614s] -- Up-to-date: /home/hkim/development/tello_ros_ws/install/fiducial_vlam_msgs/lib/python3.8/site-packages/fiducial_vlam_msgs/fiducial_vlam_msgs_s__rosidl_typesupport_c.cpython-38-x86_64-linux-gnu.so
[1.615s] -- Up-to-date: /home/hkim/development/tello_ros_ws/install/fiducial_vlam_msgs/lib/libfiducial_vlam_msgs__python.so
[1.615s] -- Up-to-date: /home/hkim/development/tello_ros_ws/install/fiducial_vlam_msgs/share/fiducial_vlam_msgs/msg/Map.idl
[1.615s] -- Up-to-date: /home/hkim/development/tello_ros_ws/install/fiducial_vlam_msgs/share/fiducial_vlam_msgs/msg/Observation.idl
[1.616s] -- Up-to-date: /home/hkim/development/tello_ros_ws/install/fiducial_vlam_msgs/share/fiducial_vlam_msgs/msg/Observations.idl
[1.616s] -- Up-to-date: /home/hkim/development/tello_ros_ws/install/fiducial_vlam_msgs/share/fiducial_vlam_msgs/msg/Map.msg
[1.618s] -- Up-to-date: /home/hkim/development/tello_ros_ws/install/fiducial_vlam_msgs/share/fiducial_vlam_msgs/msg/Observation.msg
[1.618s] -- Up-to-date: /home/hkim/development/tello_ros_ws/install/fiducial_vlam_msgs/share/fiducial_vlam_msgs/msg/Observations.msg
[1.619s] -- Up-to-date: /home/hkim/development/tello_ros_ws/install/fiducial_vlam_msgs/share/ament_index/resource_index/package_run_dependencies/fiducial_vlam_msgs
[1.619s] -- Up-to-date: /home/hkim/development/tello_ros_ws/install/fiducial_vlam_msgs/share/ament_index/resource_index/parent_prefix_path/fiducial_vlam_msgs
[1.619s] -- Up-to-date: /home/hkim/development/tello_ros_ws/install/fiducial_vlam_msgs/share/fiducial_vlam_msgs/environment/ament_prefix_path.sh
[1.619s] -- Up-to-date: /home/hkim/development/tello_ros_ws/install/fiducial_vlam_msgs/share/fiducial_vlam_msgs/environment/ament_prefix_path.dsv
[1.619s] -- Up-to-date: /home/hkim/development/tello_ros_ws/install/fiducial_vlam_msgs/share/fiducial_vlam_msgs/environment/path.sh
[1.620s] -- Up-to-date: /home/hkim/development/tello_ros_ws/install/fiducial_vlam_msgs/share/fiducial_vlam_msgs/environment/path.dsv
[1.620s] -- Up-to-date: /home/hkim/development/tello_ros_ws/install/fiducial_vlam_msgs/share/fiducial_vlam_msgs/local_setup.bash
[1.620s] -- Up-to-date: /home/hkim/development/tello_ros_ws/install/fiducial_vlam_msgs/share/fiducial_vlam_msgs/local_setup.sh
[1.620s] -- Up-to-date: /home/hkim/development/tello_ros_ws/install/fiducial_vlam_msgs/share/fiducial_vlam_msgs/local_setup.zsh
[1.620s] -- Up-to-date: /home/hkim/development/tello_ros_ws/install/fiducial_vlam_msgs/share/fiducial_vlam_msgs/local_setup.dsv
[1.620s] -- Installing: /home/hkim/development/tello_ros_ws/install/fiducial_vlam_msgs/share/fiducial_vlam_msgs/package.dsv
[1.620s] -- Up-to-date: /home/hkim/development/tello_ros_ws/install/fiducial_vlam_msgs/share/ament_index/resource_index/packages/fiducial_vlam_msgs
[1.620s] -- Up-to-date: /home/hkim/development/tello_ros_ws/install/fiducial_vlam_msgs/share/fiducial_vlam_msgs/cmake/fiducial_vlam_msgs__rosidl_generator_cExport.cmake
[1.621s] -- Up-to-date: /home/hkim/development/tello_ros_ws/install/fiducial_vlam_msgs/share/fiducial_vlam_msgs/cmake/fiducial_vlam_msgs__rosidl_generator_cExport-noconfig.cmake
[1.621s] -- Up-to-date: /home/hkim/development/tello_ros_ws/install/fiducial_vlam_msgs/share/fiducial_vlam_msgs/cmake/fiducial_vlam_msgs__rosidl_typesupport_introspection_cExport.cmake
[1.621s] -- Up-to-date: /home/hkim/development/tello_ros_ws/install/fiducial_vlam_msgs/share/fiducial_vlam_msgs/cmake/fiducial_vlam_msgs__rosidl_typesupport_introspection_cExport-noconfig.cmake
[1.621s] -- Up-to-date: /home/hkim/development/tello_ros_ws/install/fiducial_vlam_msgs/share/fiducial_vlam_msgs/cmake/fiducial_vlam_msgs__rosidl_typesupport_cExport.cmake
[1.621s] -- Up-to-date: /home/hkim/development/tello_ros_ws/install/fiducial_vlam_msgs/share/fiducial_vlam_msgs/cmake/fiducial_vlam_msgs__rosidl_typesupport_cExport-noconfig.cmake
[1.621s] -- Up-to-date: /home/hkim/development/tello_ros_ws/install/fiducial_vlam_msgs/share/fiducial_vlam_msgs/cmake/fiducial_vlam_msgs__rosidl_generator_cppExport.cmake
[1.621s] -- Up-to-date: /home/hkim/development/tello_ros_ws/install/fiducial_vlam_msgs/share/fiducial_vlam_msgs/cmake/fiducial_vlam_msgs__rosidl_typesupport_introspection_cppExport.cmake
[1.621s] -- Up-to-date: /home/hkim/development/tello_ros_ws/install/fiducial_vlam_msgs/share/fiducial_vlam_msgs/cmake/fiducial_vlam_msgs__rosidl_typesupport_introspection_cppExport-noconfig.cmake
[1.622s] -- Up-to-date: /home/hkim/development/tello_ros_ws/install/fiducial_vlam_msgs/share/fiducial_vlam_msgs/cmake/fiducial_vlam_msgs__rosidl_typesupport_cppExport.cmake
[1.622s] -- Up-to-date: /home/hkim/development/tello_ros_ws/install/fiducial_vlam_msgs/share/fiducial_vlam_msgs/cmake/fiducial_vlam_msgs__rosidl_typesupport_cppExport-noconfig.cmake
[1.622s] -- Up-to-date: /home/hkim/development/tello_ros_ws/install/fiducial_vlam_msgs/share/fiducial_vlam_msgs/cmake/rosidl_cmake-extras.cmake
[1.622s] -- Up-to-date: /home/hkim/development/tello_ros_ws/install/fiducial_vlam_msgs/share/fiducial_vlam_msgs/cmake/ament_cmake_export_dependencies-extras.cmake
[1.623s] -- Up-to-date: /home/hkim/development/tello_ros_ws/install/fiducial_vlam_msgs/share/fiducial_vlam_msgs/cmake/ament_cmake_export_libraries-extras.cmake
[1.623s] -- Up-to-date: /home/hkim/development/tello_ros_ws/install/fiducial_vlam_msgs/share/fiducial_vlam_msgs/cmake/ament_cmake_export_targets-extras.cmake
[1.623s] -- Up-to-date: /home/hkim/development/tello_ros_ws/install/fiducial_vlam_msgs/share/fiducial_vlam_msgs/cmake/ament_cmake_export_include_directories-extras.cmake
[1.623s] -- Up-to-date: /home/hkim/development/tello_ros_ws/install/fiducial_vlam_msgs/share/fiducial_vlam_msgs/cmake/rosidl_cmake_export_typesupport_libraries-extras.cmake
[1.623s] -- Up-to-date: /home/hkim/development/tello_ros_ws/install/fiducial_vlam_msgs/share/fiducial_vlam_msgs/cmake/rosidl_cmake_export_typesupport_targets-extras.cmake
[1.623s] -- Up-to-date: /home/hkim/development/tello_ros_ws/install/fiducial_vlam_msgs/share/fiducial_vlam_msgs/cmake/fiducial_vlam_msgsConfig.cmake
[1.623s] -- Up-to-date: /home/hkim/development/tello_ros_ws/install/fiducial_vlam_msgs/share/fiducial_vlam_msgs/cmake/fiducial_vlam_msgsConfig-version.cmake
[1.623s] -- Up-to-date: /home/hkim/development/tello_ros_ws/install/fiducial_vlam_msgs/share/fiducial_vlam_msgs/package.xml
