[0.042s] Invoking command in '/home/hkim/development/tello_ros_ws/build/fiducial_vlam_msgs': CMAKE_PREFIX_PATH=${CMAKE_PREFIX_PATH}:/opt/ros/foxy /usr/bin/cmake --build /home/hkim/development/tello_ros_ws/build/fiducial_vlam_msgs -- -j4 -l4
[0.155s] [  2%] Built target fiducial_vlam_msgs__cpp
[0.212s] [ 12%] Built target fiducial_vlam_msgs__rosidl_generator_c
[0.240s] [ 23%] Built target fiducial_vlam_msgs__rosidl_typesupport_cpp
[0.305s] [ 34%] Built target fiducial_vlam_msgs__rosidl_typesupport_fastrtps_cpp
[0.326s] [ 44%] Built target fiducial_vlam_msgs__rosidl_typesupport_introspection_cpp
[0.341s] [ 55%] Built target fiducial_vlam_msgs__rosidl_typesupport_introspection_c
[0.372s] [ 65%] Built target fiducial_vlam_msgs__rosidl_typesupport_c
[0.464s] [ 76%] Built target fiducial_vlam_msgs__rosidl_typesupport_fastrtps_c
[0.580s] [ 76%] Built target fiducial_vlam_msgs
[0.718s] [ 78%] Built target fiducial_vlam_msgs__py
[0.848s] [ 87%] Built target fiducial_vlam_msgs__python
[0.959s] [ 91%] Built target fiducial_vlam_msgs__rosidl_typesupport_c__pyext
[0.984s] [ 95%] Built target fiducial_vlam_msgs__rosidl_typesupport_introspection_c__pyext
[1.043s] [100%] Built target fiducial_vlam_msgs__rosidl_typesupport_fastrtps_c__pyext
[1.095s] Invoked command in '/home/hkim/development/tello_ros_ws/build/fiducial_vlam_msgs' returned '0': CMAKE_PREFIX_PATH=${CMAKE_PREFIX_PATH}:/opt/ros/foxy /usr/bin/cmake --build /home/hkim/development/tello_ros_ws/build/fiducial_vlam_msgs -- -j4 -l4
[1.541s] Invoking command in '/home/hkim/development/tello_ros_ws/build/fiducial_vlam_msgs': CMAKE_PREFIX_PATH=${CMAKE_PREFIX_PATH}:/opt/ros/foxy /usr/bin/cmake --install /home/hkim/development/tello_ros_ws/build/fiducial_vlam_msgs
[1.562s] -- Install configuration: ""
[1.562s] -- Up-to-date: /home/hkim/development/tello_ros_ws/install/fiducial_vlam_msgs/share/ament_index/resource_index/rosidl_interfaces/fiducial_vlam_msgs
[1.562s] -- Up-to-date: /home/hkim/development/tello_ros_ws/install/fiducial_vlam_msgs/include/fiducial_vlam_msgs
[1.562s] -- Up-to-date: /home/hkim/development/tello_ros_ws/install/fiducial_vlam_msgs/include/fiducial_vlam_msgs/msg
[1.563s] -- Up-to-date: /home/hkim/development/tello_ros_ws/install/fiducial_vlam_msgs/include/fiducial_vlam_msgs/msg/detail
[1.563s] -- Up-to-date: /home/hkim/development/tello_ros_ws/install/fiducial_vlam_msgs/include/fiducial_vlam_msgs/msg/detail/observations__functions.c
[1.563s] -- Up-to-date: /home/hkim/development/tello_ros_ws/install/fiducial_vlam_msgs/include/fiducial_vlam_msgs/msg/detail/observation__struct.h
[1.563s] -- Up-to-date: /home/hkim/development/tello_ros_ws/install/fiducial_vlam_msgs/include/fiducial_vlam_msgs/msg/detail/observation__functions.h
[1.563s] -- Up-to-date: /home/hkim/development/tello_ros_ws/install/fiducial_vlam_msgs/include/fiducial_vlam_msgs/msg/detail/map__type_support.h
[1.563s] -- Up-to-date: /home/hkim/development/tello_ros_ws/install/fiducial_vlam_msgs/include/fiducial_vlam_msgs/msg/detail/observations__type_support.h
[1.563s] -- Up-to-date: /home/hkim/development/tello_ros_ws/install/fiducial_vlam_msgs/include/fiducial_vlam_msgs/msg/detail/map__functions.h
[1.563s] -- Up-to-date: /home/hkim/development/tello_ros_ws/install/fiducial_vlam_msgs/include/fiducial_vlam_msgs/msg/detail/observations__struct.h
[1.563s] -- Up-to-date: /home/hkim/development/tello_ros_ws/install/fiducial_vlam_msgs/include/fiducial_vlam_msgs/msg/detail/map__functions.c
[1.564s] -- Up-to-date: /home/hkim/development/tello_ros_ws/install/fiducial_vlam_msgs/include/fiducial_vlam_msgs/msg/detail/observation__type_support.h
[1.564s] -- Up-to-date: /home/hkim/development/tello_ros_ws/install/fiducial_vlam_msgs/include/fiducial_vlam_msgs/msg/detail/map__struct.h
[1.564s] -- Up-to-date: /home/hkim/development/tello_ros_ws/install/fiducial_vlam_msgs/include/fiducial_vlam_msgs/msg/detail/observations__functions.h
[1.564s] -- Up-to-date: /home/hkim/development/tello_ros_ws/install/fiducial_vlam_msgs/include/fiducial_vlam_msgs/msg/detail/observation__functions.c
[1.564s] -- Up-to-date: /home/hkim/development/tello_ros_ws/install/fiducial_vlam_msgs/include/fiducial_vlam_msgs/msg/observation.h
[1.565s] -- Up-to-date: /home/hkim/development/tello_ros_ws/install/fiducial_vlam_msgs/include/fiducial_vlam_msgs/msg/observations.h
[1.565s] -- Up-to-date: /home/hkim/development/tello_ros_ws/install/fiducial_vlam_msgs/include/fiducial_vlam_msgs/msg/rosidl_generator_c__visibility_control.h
[1.565s] -- Up-to-date: /home/hkim/development/tello_ros_ws/install/fiducial_vlam_msgs/include/fiducial_vlam_msgs/msg/map.h
[1.565s] -- Up-to-date: /home/hkim/development/tello_ros_ws/install/fiducial_vlam_msgs/share/fiducial_vlam_msgs/environment/library_path.sh
[1.566s] -- Up-to-date: /home/hkim/development/tello_ros_ws/install/fiducial_vlam_msgs/share/fiducial_vlam_msgs/environment/library_path.dsv
[1.566s] -- Up-to-date: /home/hkim/development/tello_ros_ws/install/fiducial_vlam_msgs/lib/libfiducial_vlam_msgs__rosidl_generator_c.so
[1.566s] -- Up-to-date: /home/hkim/development/tello_ros_ws/install/fiducial_vlam_msgs/include/fiducial_vlam_msgs
[1.566s] -- Up-to-date: /home/hkim/development/tello_ros_ws/install/fiducial_vlam_msgs/include/fiducial_vlam_msgs/msg
[1.567s] -- Up-to-date: /home/hkim/development/tello_ros_ws/install/fiducial_vlam_msgs/include/fiducial_vlam_msgs/msg/detail
[1.567s] -- Up-to-date: /home/hkim/development/tello_ros_ws/install/fiducial_vlam_msgs/include/fiducial_vlam_msgs/msg/detail/map__rosidl_typesupport_fastrtps_c.h
[1.567s] -- Up-to-date: /home/hkim/development/tello_ros_ws/install/fiducial_vlam_msgs/include/fiducial_vlam_msgs/msg/detail/observation__rosidl_typesupport_fastrtps_c.h
[1.567s] -- Up-to-date: /home/hkim/development/tello_ros_ws/install/fiducial_vlam_msgs/include/fiducial_vlam_msgs/msg/detail/observations__rosidl_typesupport_fastrtps_c.h
[1.567s] -- Up-to-date: /home/hkim/development/tello_ros_ws/install/fiducial_vlam_msgs/include/fiducial_vlam_msgs/msg/rosidl_typesupport_fastrtps_c__visibility_control.h
[1.567s] -- Up-to-date: /home/hkim/development/tello_ros_ws/install/fiducial_vlam_msgs/lib/libfiducial_vlam_msgs__rosidl_typesupport_fastrtps_c.so
[1.568s] -- Up-to-date: /home/hkim/development/tello_ros_ws/install/fiducial_vlam_msgs/include/fiducial_vlam_msgs
[1.568s] -- Up-to-date: /home/hkim/development/tello_ros_ws/install/fiducial_vlam_msgs/include/fiducial_vlam_msgs/msg
[1.569s] -- Up-to-date: /home/hkim/development/tello_ros_ws/install/fiducial_vlam_msgs/include/fiducial_vlam_msgs/msg/detail
[1.569s] -- Up-to-date: /home/hkim/development/tello_ros_ws/install/fiducial_vlam_msgs/include/fiducial_vlam_msgs/msg/detail/dds_fastrtps
[1.569s] -- Up-to-date: /home/hkim/development/tello_ros_ws/install/fiducial_vlam_msgs/include/fiducial_vlam_msgs/msg/detail/map__rosidl_typesupport_fastrtps_cpp.hpp
[1.570s] -- Up-to-date: /home/hkim/development/tello_ros_ws/install/fiducial_vlam_msgs/include/fiducial_vlam_msgs/msg/detail/observations__rosidl_typesupport_fastrtps_cpp.hpp
[1.570s] -- Up-to-date: /home/hkim/development/tello_ros_ws/install/fiducial_vlam_msgs/include/fiducial_vlam_msgs/msg/detail/observation__rosidl_typesupport_fastrtps_cpp.hpp
[1.570s] -- Up-to-date: /home/hkim/development/tello_ros_ws/install/fiducial_vlam_msgs/include/fiducial_vlam_msgs/msg/rosidl_typesupport_fastrtps_cpp__visibility_control.h
[1.570s] -- Up-to-date: /home/hkim/development/tello_ros_ws/install/fiducial_vlam_msgs/lib/libfiducial_vlam_msgs__rosidl_typesupport_fastrtps_cpp.so
[1.570s] -- Up-to-date: /home/hkim/development/tello_ros_ws/install/fiducial_vlam_msgs/include/fiducial_vlam_msgs
[1.570s] -- Up-to-date: /home/hkim/development/tello_ros_ws/install/fiducial_vlam_msgs/include/fiducial_vlam_msgs/msg
[1.571s] -- Up-to-date: /home/hkim/development/tello_ros_ws/install/fiducial_vlam_msgs/include/fiducial_vlam_msgs/msg/detail
[1.571s] -- Up-to-date: /home/hkim/development/tello_ros_ws/install/fiducial_vlam_msgs/include/fiducial_vlam_msgs/msg/detail/map__type_support.c
[1.571s] -- Up-to-date: /home/hkim/development/tello_ros_ws/install/fiducial_vlam_msgs/include/fiducial_vlam_msgs/msg/detail/observations__type_support.c
[1.571s] -- Up-to-date: /home/hkim/development/tello_ros_ws/install/fiducial_vlam_msgs/include/fiducial_vlam_msgs/msg/detail/map__rosidl_typesupport_introspection_c.h
[1.571s] -- Up-to-date: /home/hkim/development/tello_ros_ws/install/fiducial_vlam_msgs/include/fiducial_vlam_msgs/msg/detail/observations__rosidl_typesupport_introspection_c.h
[1.571s] -- Up-to-date: /home/hkim/development/tello_ros_ws/install/fiducial_vlam_msgs/include/fiducial_vlam_msgs/msg/detail/observation__type_support.c
[1.572s] -- Up-to-date: /home/hkim/development/tello_ros_ws/install/fiducial_vlam_msgs/include/fiducial_vlam_msgs/msg/detail/observation__rosidl_typesupport_introspection_c.h
[1.572s] -- Up-to-date: /home/hkim/development/tello_ros_ws/install/fiducial_vlam_msgs/include/fiducial_vlam_msgs/msg/rosidl_typesupport_introspection_c__visibility_control.h
[1.572s] -- Up-to-date: /home/hkim/development/tello_ros_ws/install/fiducial_vlam_msgs/lib/libfiducial_vlam_msgs__rosidl_typesupport_introspection_c.so
[1.572s] -- Up-to-date: /home/hkim/development/tello_ros_ws/install/fiducial_vlam_msgs/lib/libfiducial_vlam_msgs__rosidl_typesupport_c.so
[1.572s] -- Up-to-date: /home/hkim/development/tello_ros_ws/install/fiducial_vlam_msgs/include/fiducial_vlam_msgs
[1.572s] -- Up-to-date: /home/hkim/development/tello_ros_ws/install/fiducial_vlam_msgs/include/fiducial_vlam_msgs/msg
[1.572s] -- Up-to-date: /home/hkim/development/tello_ros_ws/install/fiducial_vlam_msgs/include/fiducial_vlam_msgs/msg/map.hpp
[1.573s] -- Up-to-date: /home/hkim/development/tello_ros_ws/install/fiducial_vlam_msgs/include/fiducial_vlam_msgs/msg/rosidl_generator_cpp__visibility_control.hpp
[1.573s] -- Up-to-date: /home/hkim/development/tello_ros_ws/install/fiducial_vlam_msgs/include/fiducial_vlam_msgs/msg/detail
[1.573s] -- Up-to-date: /home/hkim/development/tello_ros_ws/install/fiducial_vlam_msgs/include/fiducial_vlam_msgs/msg/detail/observations__struct.hpp
[1.573s] -- Up-to-date: /home/hkim/development/tello_ros_ws/install/fiducial_vlam_msgs/include/fiducial_vlam_msgs/msg/detail/observations__traits.hpp
[1.573s] -- Up-to-date: /home/hkim/development/tello_ros_ws/install/fiducial_vlam_msgs/include/fiducial_vlam_msgs/msg/detail/observation__struct.hpp
[1.573s] -- Up-to-date: /home/hkim/development/tello_ros_ws/install/fiducial_vlam_msgs/include/fiducial_vlam_msgs/msg/detail/map__builder.hpp
[1.574s] -- Up-to-date: /home/hkim/development/tello_ros_ws/install/fiducial_vlam_msgs/include/fiducial_vlam_msgs/msg/detail/map__type_support.hpp
[1.574s] -- Up-to-date: /home/hkim/development/tello_ros_ws/install/fiducial_vlam_msgs/include/fiducial_vlam_msgs/msg/detail/map__struct.hpp
[1.574s] -- Up-to-date: /home/hkim/development/tello_ros_ws/install/fiducial_vlam_msgs/include/fiducial_vlam_msgs/msg/detail/observations__builder.hpp
[1.574s] -- Up-to-date: /home/hkim/development/tello_ros_ws/install/fiducial_vlam_msgs/include/fiducial_vlam_msgs/msg/detail/observation__traits.hpp
[1.574s] -- Up-to-date: /home/hkim/development/tello_ros_ws/install/fiducial_vlam_msgs/include/fiducial_vlam_msgs/msg/detail/observations__type_support.hpp
[1.574s] -- Up-to-date: /home/hkim/development/tello_ros_ws/install/fiducial_vlam_msgs/include/fiducial_vlam_msgs/msg/detail/observation__type_support.hpp
[1.575s] -- Up-to-date: /home/hkim/development/tello_ros_ws/install/fiducial_vlam_msgs/include/fiducial_vlam_msgs/msg/detail/observation__builder.hpp
[1.575s] -- Up-to-date: /home/hkim/development/tello_ros_ws/install/fiducial_vlam_msgs/include/fiducial_vlam_msgs/msg/detail/map__traits.hpp
[1.575s] -- Up-to-date: /home/hkim/development/tello_ros_ws/install/fiducial_vlam_msgs/include/fiducial_vlam_msgs/msg/observations.hpp
[1.575s] -- Up-to-date: /home/hkim/development/tello_ros_ws/install/fiducial_vlam_msgs/include/fiducial_vlam_msgs/msg/observation.hpp
[1.575s] -- Up-to-date: /home/hkim/development/tello_ros_ws/install/fiducial_vlam_msgs/include/fiducial_vlam_msgs
[1.575s] -- Up-to-date: /home/hkim/development/tello_ros_ws/install/fiducial_vlam_msgs/include/fiducial_vlam_msgs/msg
[1.575s] -- Up-to-date: /home/hkim/development/tello_ros_ws/install/fiducial_vlam_msgs/include/fiducial_vlam_msgs/msg/detail
[1.575s] -- Up-to-date: /home/hkim/development/tello_ros_ws/install/fiducial_vlam_msgs/include/fiducial_vlam_msgs/msg/detail/map__type_support.cpp
[1.575s] -- Up-to-date: /home/hkim/development/tello_ros_ws/install/fiducial_vlam_msgs/include/fiducial_vlam_msgs/msg/detail/observations__rosidl_typesupport_introspection_cpp.hpp
[1.575s] -- Up-to-date: /home/hkim/development/tello_ros_ws/install/fiducial_vlam_msgs/include/fiducial_vlam_msgs/msg/detail/observation__type_support.cpp
[1.576s] -- Up-to-date: /home/hkim/development/tello_ros_ws/install/fiducial_vlam_msgs/include/fiducial_vlam_msgs/msg/detail/observation__rosidl_typesupport_introspection_cpp.hpp
[1.576s] -- Up-to-date: /home/hkim/development/tello_ros_ws/install/fiducial_vlam_msgs/include/fiducial_vlam_msgs/msg/detail/observations__type_support.cpp
[1.576s] -- Up-to-date: /home/hkim/development/tello_ros_ws/install/fiducial_vlam_msgs/include/fiducial_vlam_msgs/msg/detail/map__rosidl_typesupport_introspection_cpp.hpp
[1.576s] -- Up-to-date: /home/hkim/development/tello_ros_ws/install/fiducial_vlam_msgs/lib/libfiducial_vlam_msgs__rosidl_typesupport_introspection_cpp.so
[1.576s] -- Up-to-date: /home/hkim/development/tello_ros_ws/install/fiducial_vlam_msgs/lib/libfiducial_vlam_msgs__rosidl_typesupport_cpp.so
[1.576s] -- Up-to-date: /home/hkim/development/tello_ros_ws/install/fiducial_vlam_msgs/share/fiducial_vlam_msgs/environment/pythonpath.sh
[1.577s] -- Up-to-date: /home/hkim/development/tello_ros_ws/install/fiducial_vlam_msgs/share/fiducial_vlam_msgs/environment/pythonpath.dsv
[1.577s] -- Up-to-date: /home/hkim/development/tello_ros_ws/install/fiducial_vlam_msgs/lib/python3.8/site-packages/fiducial_vlam_msgs/__init__.py
[1.629s] -- Up-to-date: /home/hkim/development/tello_ros_ws/install/fiducial_vlam_msgs/lib/python3.8/site-packages/fiducial_vlam_msgs/msg
[1.630s] -- Up-to-date: /home/hkim/development/tello_ros_ws/install/fiducial_vlam_msgs/lib/python3.8/site-packages/fiducial_vlam_msgs/msg/_observation.py
[1.630s] -- Up-to-date: /home/hkim/development/tello_ros_ws/install/fiducial_vlam_msgs/lib/python3.8/site-packages/fiducial_vlam_msgs/msg/_observations.py
[1.630s] -- Up-to-date: /home/hkim/development/tello_ros_ws/install/fiducial_vlam_msgs/lib/python3.8/site-packages/fiducial_vlam_msgs/msg/_observations_s.c
[1.630s] -- Up-to-date: /home/hkim/development/tello_ros_ws/install/fiducial_vlam_msgs/lib/python3.8/site-packages/fiducial_vlam_msgs/msg/_map_s.c
[1.630s] -- Up-to-date: /home/hkim/development/tello_ros_ws/install/fiducial_vlam_msgs/lib/python3.8/site-packages/fiducial_vlam_msgs/msg/_observation_s.c
[1.630s] -- Up-to-date: /home/hkim/development/tello_ros_ws/install/fiducial_vlam_msgs/lib/python3.8/site-packages/fiducial_vlam_msgs/msg/__init__.py
[1.630s] -- Up-to-date: /home/hkim/development/tello_ros_ws/install/fiducial_vlam_msgs/lib/python3.8/site-packages/fiducial_vlam_msgs/msg/_map.py
[1.631s] -- Up-to-date: /home/hkim/development/tello_ros_ws/install/fiducial_vlam_msgs/lib/python3.8/site-packages/fiducial_vlam_msgs/fiducial_vlam_msgs_s__rosidl_typesupport_fastrtps_c.cpython-38-x86_64-linux-gnu.so
[1.631s] -- Up-to-date: /home/hkim/development/tello_ros_ws/install/fiducial_vlam_msgs/lib/python3.8/site-packages/fiducial_vlam_msgs/fiducial_vlam_msgs_s__rosidl_typesupport_introspection_c.cpython-38-x86_64-linux-gnu.so
[1.632s] -- Up-to-date: /home/hkim/development/tello_ros_ws/install/fiducial_vlam_msgs/lib/python3.8/site-packages/fiducial_vlam_msgs/fiducial_vlam_msgs_s__rosidl_typesupport_c.cpython-38-x86_64-linux-gnu.so
[1.632s] -- Up-to-date: /home/hkim/development/tello_ros_ws/install/fiducial_vlam_msgs/lib/libfiducial_vlam_msgs__python.so
[1.633s] -- Up-to-date: /home/hkim/development/tello_ros_ws/install/fiducial_vlam_msgs/share/fiducial_vlam_msgs/msg/Map.idl
[1.633s] -- Up-to-date: /home/hkim/development/tello_ros_ws/install/fiducial_vlam_msgs/share/fiducial_vlam_msgs/msg/Observation.idl
[1.633s] -- Up-to-date: /home/hkim/development/tello_ros_ws/install/fiducial_vlam_msgs/share/fiducial_vlam_msgs/msg/Observations.idl
[1.633s] -- Up-to-date: /home/hkim/development/tello_ros_ws/install/fiducial_vlam_msgs/share/fiducial_vlam_msgs/msg/Map.msg
[1.633s] -- Up-to-date: /home/hkim/development/tello_ros_ws/install/fiducial_vlam_msgs/share/fiducial_vlam_msgs/msg/Observation.msg
[1.634s] -- Up-to-date: /home/hkim/development/tello_ros_ws/install/fiducial_vlam_msgs/share/fiducial_vlam_msgs/msg/Observations.msg
[1.634s] -- Up-to-date: /home/hkim/development/tello_ros_ws/install/fiducial_vlam_msgs/share/ament_index/resource_index/package_run_dependencies/fiducial_vlam_msgs
[1.634s] -- Up-to-date: /home/hkim/development/tello_ros_ws/install/fiducial_vlam_msgs/share/ament_index/resource_index/parent_prefix_path/fiducial_vlam_msgs
[1.634s] -- Up-to-date: /home/hkim/development/tello_ros_ws/install/fiducial_vlam_msgs/share/fiducial_vlam_msgs/environment/ament_prefix_path.sh
[1.634s] -- Up-to-date: /home/hkim/development/tello_ros_ws/install/fiducial_vlam_msgs/share/fiducial_vlam_msgs/environment/ament_prefix_path.dsv
[1.634s] -- Up-to-date: /home/hkim/development/tello_ros_ws/install/fiducial_vlam_msgs/share/fiducial_vlam_msgs/environment/path.sh
[1.634s] -- Up-to-date: /home/hkim/development/tello_ros_ws/install/fiducial_vlam_msgs/share/fiducial_vlam_msgs/environment/path.dsv
[1.635s] -- Up-to-date: /home/hkim/development/tello_ros_ws/install/fiducial_vlam_msgs/share/fiducial_vlam_msgs/local_setup.bash
[1.635s] -- Up-to-date: /home/hkim/development/tello_ros_ws/install/fiducial_vlam_msgs/share/fiducial_vlam_msgs/local_setup.sh
[1.635s] -- Up-to-date: /home/hkim/development/tello_ros_ws/install/fiducial_vlam_msgs/share/fiducial_vlam_msgs/local_setup.zsh
[1.635s] -- Up-to-date: /home/hkim/development/tello_ros_ws/install/fiducial_vlam_msgs/share/fiducial_vlam_msgs/local_setup.dsv
[1.635s] -- Up-to-date: /home/hkim/development/tello_ros_ws/install/fiducial_vlam_msgs/share/fiducial_vlam_msgs/package.dsv
[1.635s] -- Up-to-date: /home/hkim/development/tello_ros_ws/install/fiducial_vlam_msgs/share/ament_index/resource_index/packages/fiducial_vlam_msgs
[1.635s] -- Up-to-date: /home/hkim/development/tello_ros_ws/install/fiducial_vlam_msgs/share/fiducial_vlam_msgs/cmake/fiducial_vlam_msgs__rosidl_generator_cExport.cmake
[1.635s] -- Up-to-date: /home/hkim/development/tello_ros_ws/install/fiducial_vlam_msgs/share/fiducial_vlam_msgs/cmake/fiducial_vlam_msgs__rosidl_generator_cExport-noconfig.cmake
[1.636s] -- Up-to-date: /home/hkim/development/tello_ros_ws/install/fiducial_vlam_msgs/share/fiducial_vlam_msgs/cmake/fiducial_vlam_msgs__rosidl_typesupport_introspection_cExport.cmake
[1.636s] -- Up-to-date: /home/hkim/development/tello_ros_ws/install/fiducial_vlam_msgs/share/fiducial_vlam_msgs/cmake/fiducial_vlam_msgs__rosidl_typesupport_introspection_cExport-noconfig.cmake
[1.636s] -- Up-to-date: /home/hkim/development/tello_ros_ws/install/fiducial_vlam_msgs/share/fiducial_vlam_msgs/cmake/fiducial_vlam_msgs__rosidl_typesupport_cExport.cmake
[1.636s] -- Up-to-date: /home/hkim/development/tello_ros_ws/install/fiducial_vlam_msgs/share/fiducial_vlam_msgs/cmake/fiducial_vlam_msgs__rosidl_typesupport_cExport-noconfig.cmake
[1.636s] -- Up-to-date: /home/hkim/development/tello_ros_ws/install/fiducial_vlam_msgs/share/fiducial_vlam_msgs/cmake/fiducial_vlam_msgs__rosidl_generator_cppExport.cmake
[1.636s] -- Up-to-date: /home/hkim/development/tello_ros_ws/install/fiducial_vlam_msgs/share/fiducial_vlam_msgs/cmake/fiducial_vlam_msgs__rosidl_typesupport_introspection_cppExport.cmake
[1.637s] -- Up-to-date: /home/hkim/development/tello_ros_ws/install/fiducial_vlam_msgs/share/fiducial_vlam_msgs/cmake/fiducial_vlam_msgs__rosidl_typesupport_introspection_cppExport-noconfig.cmake
[1.637s] -- Up-to-date: /home/hkim/development/tello_ros_ws/install/fiducial_vlam_msgs/share/fiducial_vlam_msgs/cmake/fiducial_vlam_msgs__rosidl_typesupport_cppExport.cmake
[1.637s] -- Up-to-date: /home/hkim/development/tello_ros_ws/install/fiducial_vlam_msgs/share/fiducial_vlam_msgs/cmake/fiducial_vlam_msgs__rosidl_typesupport_cppExport-noconfig.cmake
[1.637s] -- Up-to-date: /home/hkim/development/tello_ros_ws/install/fiducial_vlam_msgs/share/fiducial_vlam_msgs/cmake/rosidl_cmake-extras.cmake
[1.637s] -- Up-to-date: /home/hkim/development/tello_ros_ws/install/fiducial_vlam_msgs/share/fiducial_vlam_msgs/cmake/ament_cmake_export_dependencies-extras.cmake
[1.637s] -- Up-to-date: /home/hkim/development/tello_ros_ws/install/fiducial_vlam_msgs/share/fiducial_vlam_msgs/cmake/ament_cmake_export_libraries-extras.cmake
[1.637s] -- Up-to-date: /home/hkim/development/tello_ros_ws/install/fiducial_vlam_msgs/share/fiducial_vlam_msgs/cmake/ament_cmake_export_targets-extras.cmake
[1.638s] -- Up-to-date: /home/hkim/development/tello_ros_ws/install/fiducial_vlam_msgs/share/fiducial_vlam_msgs/cmake/ament_cmake_export_include_directories-extras.cmake
[1.638s] -- Up-to-date: /home/hkim/development/tello_ros_ws/install/fiducial_vlam_msgs/share/fiducial_vlam_msgs/cmake/rosidl_cmake_export_typesupport_libraries-extras.cmake
[1.638s] -- Up-to-date: /home/hkim/development/tello_ros_ws/install/fiducial_vlam_msgs/share/fiducial_vlam_msgs/cmake/rosidl_cmake_export_typesupport_targets-extras.cmake
[1.638s] -- Up-to-date: /home/hkim/development/tello_ros_ws/install/fiducial_vlam_msgs/share/fiducial_vlam_msgs/cmake/fiducial_vlam_msgsConfig.cmake
[1.638s] -- Up-to-date: /home/hkim/development/tello_ros_ws/install/fiducial_vlam_msgs/share/fiducial_vlam_msgs/cmake/fiducial_vlam_msgsConfig-version.cmake
[1.638s] -- Up-to-date: /home/hkim/development/tello_ros_ws/install/fiducial_vlam_msgs/share/fiducial_vlam_msgs/package.xml
