[0.058s] Invoking command in '/home/hkim/development/tello_ros_ws/build/tello_description': CMAKE_PREFIX_PATH=${CMAKE_PREFIX_PATH}:/opt/ros/foxy /usr/bin/cmake --build /home/hkim/development/tello_ros_ws/build/tello_description -- -j4 -l4
[0.303s] [ 11%] Built target generate_urdf
[0.309s] [ 22%] Built target generate_urdf_3
[0.332s] [ 33%] Built target generate_urdf_6
[0.367s] [ 44%] Built target generate_urdf_1
[0.459s] [ 55%] Built target generate_urdf_4
[0.467s] [ 77%] Built target generate_urdf_5
[0.481s] [ 66%] Built target generate_urdf_8
[0.513s] [ 88%] Built target generate_urdf_7
[0.551s] [100%] Built target generate_urdf_2
[0.576s] Invoked command in '/home/hkim/development/tello_ros_ws/build/tello_description' returned '0': CMAKE_PREFIX_PATH=${CMAKE_PREFIX_PATH}:/opt/ros/foxy /usr/bin/cmake --build /home/hkim/development/tello_ros_ws/build/tello_description -- -j4 -l4
[0.670s] Invoking command in '/home/hkim/development/tello_ros_ws/build/tello_description': CMAKE_PREFIX_PATH=${CMAKE_PREFIX_PATH}:/opt/ros/foxy /usr/bin/cmake --install /home/hkim/development/tello_ros_ws/build/tello_description
[0.690s] -- Install configuration: ""
[0.696s] -- Up-to-date: /home/hkim/development/tello_ros_ws/install/tello_description/share/tello_description/urdf
[0.696s] -- Up-to-date: /home/hkim/development/tello_ros_ws/install/tello_description/share/tello_description/urdf/tello_8.urdf
[0.696s] -- Up-to-date: /home/hkim/development/tello_ros_ws/install/tello_description/share/tello_description/urdf/tello_3.urdf
[0.696s] -- Up-to-date: /home/hkim/development/tello_ros_ws/install/tello_description/share/tello_description/urdf/tello.urdf
[0.696s] -- Up-to-date: /home/hkim/development/tello_ros_ws/install/tello_description/share/tello_description/urdf/tello_6.urdf
[0.697s] -- Up-to-date: /home/hkim/development/tello_ros_ws/install/tello_description/share/tello_description/urdf/tello_1.urdf
[0.697s] -- Up-to-date: /home/hkim/development/tello_ros_ws/install/tello_description/share/tello_description/urdf/tello_5.urdf
[0.697s] -- Up-to-date: /home/hkim/development/tello_ros_ws/install/tello_description/share/tello_description/urdf/tello_7.urdf
[0.697s] -- Up-to-date: /home/hkim/development/tello_ros_ws/install/tello_description/share/tello_description/urdf/tello_2.urdf
[0.697s] -- Up-to-date: /home/hkim/development/tello_ros_ws/install/tello_description/share/tello_description/urdf/tello_4.urdf
[0.697s] -- Up-to-date: /home/hkim/development/tello_ros_ws/install/tello_description/share/ament_index/resource_index/package_run_dependencies/tello_description
[0.697s] -- Up-to-date: /home/hkim/development/tello_ros_ws/install/tello_description/share/ament_index/resource_index/parent_prefix_path/tello_description
[0.697s] -- Up-to-date: /home/hkim/development/tello_ros_ws/install/tello_description/share/tello_description/environment/ament_prefix_path.sh
[0.698s] -- Up-to-date: /home/hkim/development/tello_ros_ws/install/tello_description/share/tello_description/environment/ament_prefix_path.dsv
[0.698s] -- Up-to-date: /home/hkim/development/tello_ros_ws/install/tello_description/share/tello_description/environment/path.sh
[0.698s] -- Up-to-date: /home/hkim/development/tello_ros_ws/install/tello_description/share/tello_description/environment/path.dsv
[0.698s] -- Up-to-date: /home/hkim/development/tello_ros_ws/install/tello_description/share/tello_description/local_setup.bash
[0.698s] -- Up-to-date: /home/hkim/development/tello_ros_ws/install/tello_description/share/tello_description/local_setup.sh
[0.698s] -- Up-to-date: /home/hkim/development/tello_ros_ws/install/tello_description/share/tello_description/local_setup.zsh
[0.698s] -- Up-to-date: /home/hkim/development/tello_ros_ws/install/tello_description/share/tello_description/local_setup.dsv
[0.698s] -- Installing: /home/hkim/development/tello_ros_ws/install/tello_description/share/tello_description/package.dsv
[0.699s] -- Up-to-date: /home/hkim/development/tello_ros_ws/install/tello_description/share/ament_index/resource_index/packages/tello_description
[0.700s] -- Up-to-date: /home/hkim/development/tello_ros_ws/install/tello_description/share/tello_description/cmake/tello_descriptionConfig.cmake
[0.700s] -- Up-to-date: /home/hkim/development/tello_ros_ws/install/tello_description/share/tello_description/cmake/tello_descriptionConfig-version.cmake
[0.700s] -- Up-to-date: /home/hkim/development/tello_ros_ws/install/tello_description/share/tello_description/package.xml
[0.700s] Invoked command in '/home/hkim/development/tello_ros_ws/build/tello_description' returned '0': CMAKE_PREFIX_PATH=${CMAKE_PREFIX_PATH}:/opt/ros/foxy /usr/bin/cmake --install /home/hkim/development/tello_ros_ws/build/tello_description
