[0.071s] Invoking command in '/home/hkim/development/tello_ros_ws/build/tello_driver': AMENT_PREFIX_PATH=/home/hkim/development/tello_ros_ws/install/tello_msgs:/home/hkim/development/tello_ros_ws/install/ros2_shared:${AMENT_PREFIX_PATH} CMAKE_PREFIX_PATH=/home/hkim/development/tello_ros_ws/install/tello_msgs:/home/hkim/development/tello_ros_ws/install/ros2_shared:/opt/ros/foxy LD_LIBRARY_PATH=/home/hkim/development/tello_ros_ws/install/tello_msgs/lib:${LD_LIBRARY_PATH} PYTHONPATH=/home/hkim/development/tello_ros_ws/install/tello_msgs/lib/python3.8/site-packages:${PYTHONPATH} /usr/bin/cmake --build /home/hkim/development/tello_ros_ws/build/tello_driver -- -j4 -l4
[0.649s] [  9%] Built target tello_emulator
[0.837s] [ 22%] Built target tello_joy_main
[0.947s] [ 54%] Built target tello_driver_node
[0.966s] [ 90%] Built target tello_driver_main
[1.110s] [100%] Built target tello_joy_node
[1.217s] Invoked command in '/home/hkim/development/tello_ros_ws/build/tello_driver' returned '0': AMENT_PREFIX_PATH=/home/hkim/development/tello_ros_ws/install/tello_msgs:/home/hkim/development/tello_ros_ws/install/ros2_shared:${AMENT_PREFIX_PATH} CMAKE_PREFIX_PATH=/home/hkim/development/tello_ros_ws/install/tello_msgs:/home/hkim/development/tello_ros_ws/install/ros2_shared:/opt/ros/foxy LD_LIBRARY_PATH=/home/hkim/development/tello_ros_ws/install/tello_msgs/lib:${LD_LIBRARY_PATH} PYTHONPATH=/home/hkim/development/tello_ros_ws/install/tello_msgs/lib/python3.8/site-packages:${PYTHONPATH} /usr/bin/cmake --build /home/hkim/development/tello_ros_ws/build/tello_driver -- -j4 -l4
[1.715s] Invoking command in '/home/hkim/development/tello_ros_ws/build/tello_driver': AMENT_PREFIX_PATH=/home/hkim/development/tello_ros_ws/install/tello_msgs:/home/hkim/development/tello_ros_ws/install/ros2_shared:${AMENT_PREFIX_PATH} CMAKE_PREFIX_PATH=/home/hkim/development/tello_ros_ws/install/tello_msgs:/home/hkim/development/tello_ros_ws/install/ros2_shared:/opt/ros/foxy LD_LIBRARY_PATH=/home/hkim/development/tello_ros_ws/install/tello_msgs/lib:${LD_LIBRARY_PATH} PYTHONPATH=/home/hkim/development/tello_ros_ws/install/tello_msgs/lib/python3.8/site-packages:${PYTHONPATH} /usr/bin/cmake --install /home/hkim/development/tello_ros_ws/build/tello_driver
[1.770s] -- Install configuration: ""
[1.778s] -- Up-to-date: /home/hkim/development/tello_ros_ws/install/tello_driver/share/tello_driver/environment/library_path.sh
[1.779s] -- Up-to-date: /home/hkim/development/tello_ros_ws/install/tello_driver/share/tello_driver/environment/library_path.dsv
[1.783s] -- Up-to-date: /home/hkim/development/tello_ros_ws/install/tello_driver/lib/libtello_driver_node.so
[1.793s] -- Up-to-date: /home/hkim/development/tello_ros_ws/install/tello_driver/lib/libtello_joy_node.so
[1.795s] -- Up-to-date: /home/hkim/development/tello_ros_ws/install/tello_driver/lib/tello_driver/tello_driver_main
[1.800s] -- Up-to-date: /home/hkim/development/tello_ros_ws/install/tello_driver/lib/tello_driver/tello_joy_main
[1.802s] -- Up-to-date: /home/hkim/development/tello_ros_ws/install/tello_driver/lib/tello_driver/tello_emulator
[1.803s] -- Up-to-date: /home/hkim/development/tello_ros_ws/install/tello_driver/share/tello_driver/cfg
[1.806s] -- Up-to-date: /home/hkim/development/tello_ros_ws/install/tello_driver/share/tello_driver/cfg/camera_info.yaml
[1.806s] -- Up-to-date: /home/hkim/development/tello_ros_ws/install/tello_driver/share/tello_driver/launch
[1.806s] -- Up-to-date: /home/hkim/development/tello_ros_ws/install/tello_driver/share/tello_driver/launch/teleop_launch.py
[1.806s] -- Up-to-date: /home/hkim/development/tello_ros_ws/install/tello_driver/share/tello_driver/launch/emulator_launch.py
[1.806s] -- Up-to-date: /home/hkim/development/tello_ros_ws/install/tello_driver/share/tello_driver/launch/emulators_launch.py
[1.807s] -- Up-to-date: /home/hkim/development/tello_ros_ws/install/tello_driver/share/ament_index/resource_index/package_run_dependencies/tello_driver
[1.807s] -- Up-to-date: /home/hkim/development/tello_ros_ws/install/tello_driver/share/ament_index/resource_index/parent_prefix_path/tello_driver
[1.807s] -- Up-to-date: /home/hkim/development/tello_ros_ws/install/tello_driver/share/tello_driver/environment/ament_prefix_path.sh
[1.808s] -- Up-to-date: /home/hkim/development/tello_ros_ws/install/tello_driver/share/tello_driver/environment/ament_prefix_path.dsv
[1.808s] -- Up-to-date: /home/hkim/development/tello_ros_ws/install/tello_driver/share/tello_driver/environment/path.sh
[1.809s] -- Up-to-date: /home/hkim/development/tello_ros_ws/install/tello_driver/share/tello_driver/environment/path.dsv
[1.811s] -- Up-to-date: /home/hkim/development/tello_ros_ws/install/tello_driver/share/tello_driver/local_setup.bash
[1.816s] -- Up-to-date: /home/hkim/development/tello_ros_ws/install/tello_driver/share/tello_driver/local_setup.sh
[1.821s] -- Up-to-date: /home/hkim/development/tello_ros_ws/install/tello_driver/share/tello_driver/local_setup.zsh
[1.821s] -- Up-to-date: /home/hkim/development/tello_ros_ws/install/tello_driver/share/tello_driver/local_setup.dsv
[1.822s] -- Installing: /home/hkim/development/tello_ros_ws/install/tello_driver/share/tello_driver/package.dsv
[1.822s] -- Up-to-date: /home/hkim/development/tello_ros_ws/install/tello_driver/share/ament_index/resource_index/packages/tello_driver
[1.822s] -- Up-to-date: /home/hkim/development/tello_ros_ws/install/tello_driver/share/ament_index/resource_index/rclcpp_components/tello_driver
[1.822s] -- Up-to-date: /home/hkim/development/tello_ros_ws/install/tello_driver/share/tello_driver/cmake/tello_driverConfig.cmake
[1.823s] -- Up-to-date: /home/hkim/development/tello_ros_ws/install/tello_driver/share/tello_driver/cmake/tello_driverConfig-version.cmake
[1.823s] -- Up-to-date: /home/hkim/development/tello_ros_ws/install/tello_driver/share/tello_driver/package.xml
[1.833s] Invoked command in '/home/hkim/development/tello_ros_ws/build/tello_driver' returned '0': AMENT_PREFIX_PATH=/home/hkim/development/tello_ros_ws/install/tello_msgs:/home/hkim/development/tello_ros_ws/install/ros2_shared:${AMENT_PREFIX_PATH} CMAKE_PREFIX_PATH=/home/hkim/development/tello_ros_ws/install/tello_msgs:/home/hkim/development/tello_ros_ws/install/ros2_shared:/opt/ros/foxy LD_LIBRARY_PATH=/home/hkim/development/tello_ros_ws/install/tello_msgs/lib:${LD_LIBRARY_PATH} PYTHONPATH=/home/hkim/development/tello_ros_ws/install/tello_msgs/lib/python3.8/site-packages:${PYTHONPATH} /usr/bin/cmake --install /home/hkim/development/tello_ros_ws/build/tello_driver
