[0.041s] Invoking command in '/home/hkim/development/tello_ros_ws/build/ros2_shared': CMAKE_PREFIX_PATH=${CMAKE_PREFIX_PATH}:/home/hkim/development/tello_ros_ws/install/tello_gazebo:/opt/ros/foxy /usr/bin/cmake --build /home/hkim/development/tello_ros_ws/build/ros2_shared -- -j4 -l4
[0.112s] Invoked command in '/home/hkim/development/tello_ros_ws/build/ros2_shared' returned '0': CMAKE_PREFIX_PATH=${CMAKE_PREFIX_PATH}:/home/hkim/development/tello_ros_ws/install/tello_gazebo:/opt/ros/foxy /usr/bin/cmake --build /home/hkim/development/tello_ros_ws/build/ros2_shared -- -j4 -l4
[0.315s] Invoking command in '/home/hkim/development/tello_ros_ws/build/ros2_shared': CMAKE_PREFIX_PATH=${CMAKE_PREFIX_PATH}:/home/hkim/development/tello_ros_ws/install/tello_gazebo:/opt/ros/foxy /usr/bin/cmake --install /home/hkim/development/tello_ros_ws/build/ros2_shared
[0.333s] -- Install configuration: ""
[0.333s] -- Up-to-date: /home/hkim/development/tello_ros_ws/install/ros2_shared/include
[0.334s] -- Up-to-date: /home/hkim/development/tello_ros_ws/install/ros2_shared/include/ros2_shared
[0.334s] -- Up-to-date: /home/hkim/development/tello_ros_ws/install/ros2_shared/include/ros2_shared/param_macros.hpp
[0.334s] -- Up-to-date: /home/hkim/development/tello_ros_ws/install/ros2_shared/include/ros2_shared/context_macros.hpp
[0.334s] -- Up-to-date: /home/hkim/development/tello_ros_ws/install/ros2_shared/include/ros2_shared/string_printf.hpp
[0.334s] -- Up-to-date: /home/hkim/development/tello_ros_ws/install/ros2_shared/share/ament_index/resource_index/package_run_dependencies/ros2_shared
[0.335s] -- Up-to-date: /home/hkim/development/tello_ros_ws/install/ros2_shared/share/ament_index/resource_index/parent_prefix_path/ros2_shared
[0.335s] -- Up-to-date: /home/hkim/development/tello_ros_ws/install/ros2_shared/share/ros2_shared/environment/ament_prefix_path.sh
[0.335s] -- Up-to-date: /home/hkim/development/tello_ros_ws/install/ros2_shared/share/ros2_shared/environment/ament_prefix_path.dsv
[0.335s] -- Up-to-date: /home/hkim/development/tello_ros_ws/install/ros2_shared/share/ros2_shared/environment/path.sh
[0.335s] -- Up-to-date: /home/hkim/development/tello_ros_ws/install/ros2_shared/share/ros2_shared/environment/path.dsv
[0.336s] -- Up-to-date: /home/hkim/development/tello_ros_ws/install/ros2_shared/share/ros2_shared/local_setup.bash
[0.336s] -- Up-to-date: /home/hkim/development/tello_ros_ws/install/ros2_shared/share/ros2_shared/local_setup.sh
[0.336s] -- Up-to-date: /home/hkim/development/tello_ros_ws/install/ros2_shared/share/ros2_shared/local_setup.zsh
[0.336s] -- Up-to-date: /home/hkim/development/tello_ros_ws/install/ros2_shared/share/ros2_shared/local_setup.dsv
[0.336s] -- Installing: /home/hkim/development/tello_ros_ws/install/ros2_shared/share/ros2_shared/package.dsv
[0.336s] -- Up-to-date: /home/hkim/development/tello_ros_ws/install/ros2_shared/share/ament_index/resource_index/packages/ros2_shared
[0.336s] -- Up-to-date: /home/hkim/development/tello_ros_ws/install/ros2_shared/share/ros2_shared/cmake/ros2_shared_targetsExport.cmake
[0.337s] -- Up-to-date: /home/hkim/development/tello_ros_ws/install/ros2_shared/share/ros2_shared/cmake/ament_cmake_export_targets-extras.cmake
[0.337s] -- Up-to-date: /home/hkim/development/tello_ros_ws/install/ros2_shared/share/ros2_shared/cmake/ament_cmake_export_dependencies-extras.cmake
[0.344s] -- Up-to-date: /home/hkim/development/tello_ros_ws/install/ros2_shared/share/ros2_shared/cmake/ros2_sharedConfig.cmake
[0.345s] -- Up-to-date: /home/hkim/development/tello_ros_ws/install/ros2_shared/share/ros2_shared/cmake/ros2_sharedConfig-version.cmake
[0.345s] -- Up-to-date: /home/hkim/development/tello_ros_ws/install/ros2_shared/share/ros2_shared/package.xml
[0.345s] Invoked command in '/home/hkim/development/tello_ros_ws/build/ros2_shared' returned '0': CMAKE_PREFIX_PATH=${CMAKE_PREFIX_PATH}:/home/hkim/development/tello_ros_ws/install/tello_gazebo:/opt/ros/foxy /usr/bin/cmake --install /home/hkim/development/tello_ros_ws/build/ros2_shared
