[0.067s] Invoking command in '/home/hkim/development/tello_ros_ws/build/tello_gazebo': AMENT_PREFIX_PATH=/home/hkim/development/tello_ros_ws/install/tello_msgs:${AMENT_PREFIX_PATH} CMAKE_PREFIX_PATH=/home/hkim/development/tello_ros_ws/install/tello_msgs:/opt/ros/foxy LD_LIBRARY_PATH=/home/hkim/development/tello_ros_ws/install/tello_msgs/lib:${LD_LIBRARY_PATH} PYTHONPATH=/home/hkim/development/tello_ros_ws/install/tello_msgs/lib/python3.8/site-packages:${PYTHONPATH} /usr/bin/cmake --build /home/hkim/development/tello_ros_ws/build/tello_gazebo -- -j4 -l4
[0.227s] [100%] Built target TelloPlugin
[0.253s] Invoked command in '/home/hkim/development/tello_ros_ws/build/tello_gazebo' returned '0': AMENT_PREFIX_PATH=/home/hkim/development/tello_ros_ws/install/tello_msgs:${AMENT_PREFIX_PATH} CMAKE_PREFIX_PATH=/home/hkim/development/tello_ros_ws/install/tello_msgs:/opt/ros/foxy LD_LIBRARY_PATH=/home/hkim/development/tello_ros_ws/install/tello_msgs/lib:${LD_LIBRARY_PATH} PYTHONPATH=/home/hkim/development/tello_ros_ws/install/tello_msgs/lib/python3.8/site-packages:${PYTHONPATH} /usr/bin/cmake --build /home/hkim/development/tello_ros_ws/build/tello_gazebo -- -j4 -l4
[0.354s] Invoking command in '/home/hkim/development/tello_ros_ws/build/tello_gazebo': AMENT_PREFIX_PATH=/home/hkim/development/tello_ros_ws/install/tello_msgs:${AMENT_PREFIX_PATH} CMAKE_PREFIX_PATH=/home/hkim/development/tello_ros_ws/install/tello_msgs:/opt/ros/foxy LD_LIBRARY_PATH=/home/hkim/development/tello_ros_ws/install/tello_msgs/lib:${LD_LIBRARY_PATH} PYTHONPATH=/home/hkim/development/tello_ros_ws/install/tello_msgs/lib/python3.8/site-packages:${PYTHONPATH} /usr/bin/cmake --install /home/hkim/development/tello_ros_ws/build/tello_gazebo
[0.368s] -- Install configuration: ""
[0.374s] -- Up-to-date: /home/hkim/development/tello_ros_ws/install/tello_gazebo/lib/libTelloPlugin.so
[0.375s] -- Up-to-date: /home/hkim/development/tello_ros_ws/install/tello_gazebo/share/tello_gazebo/models
[0.375s] -- Up-to-date: /home/hkim/development/tello_ros_ws/install/tello_gazebo/share/tello_gazebo/models/marker_4
[0.375s] -- Up-to-date: /home/hkim/development/tello_ros_ws/install/tello_gazebo/share/tello_gazebo/models/marker_4/model.sdf
[0.375s] -- Up-to-date: /home/hkim/development/tello_ros_ws/install/tello_gazebo/share/tello_gazebo/models/marker_4/materials
[0.376s] -- Up-to-date: /home/hkim/development/tello_ros_ws/install/tello_gazebo/share/tello_gazebo/models/marker_4/materials/scripts
[0.376s] -- Up-to-date: /home/hkim/development/tello_ros_ws/install/tello_gazebo/share/tello_gazebo/models/marker_4/materials/scripts/marker_4.material
[0.376s] -- Up-to-date: /home/hkim/development/tello_ros_ws/install/tello_gazebo/share/tello_gazebo/models/marker_4/materials/textures
[0.376s] -- Up-to-date: /home/hkim/development/tello_ros_ws/install/tello_gazebo/share/tello_gazebo/models/marker_4/materials/textures/aruco_mark_4.svg
[0.376s] -- Up-to-date: /home/hkim/development/tello_ros_ws/install/tello_gazebo/share/tello_gazebo/models/marker_4/materials/textures/aruco_mark_4.png
[0.377s] -- Up-to-date: /home/hkim/development/tello_ros_ws/install/tello_gazebo/share/tello_gazebo/models/marker_4/model.config
[0.377s] -- Up-to-date: /home/hkim/development/tello_ros_ws/install/tello_gazebo/share/tello_gazebo/models/marker_3
[0.377s] -- Up-to-date: /home/hkim/development/tello_ros_ws/install/tello_gazebo/share/tello_gazebo/models/marker_3/model.sdf
[0.377s] -- Up-to-date: /home/hkim/development/tello_ros_ws/install/tello_gazebo/share/tello_gazebo/models/marker_3/materials
[0.377s] -- Up-to-date: /home/hkim/development/tello_ros_ws/install/tello_gazebo/share/tello_gazebo/models/marker_3/materials/scripts
[0.377s] -- Up-to-date: /home/hkim/development/tello_ros_ws/install/tello_gazebo/share/tello_gazebo/models/marker_3/materials/scripts/marker_3.material
[0.377s] -- Up-to-date: /home/hkim/development/tello_ros_ws/install/tello_gazebo/share/tello_gazebo/models/marker_3/materials/textures
[0.377s] -- Up-to-date: /home/hkim/development/tello_ros_ws/install/tello_gazebo/share/tello_gazebo/models/marker_3/materials/textures/aruco_mark_3.svg
[0.378s] -- Up-to-date: /home/hkim/development/tello_ros_ws/install/tello_gazebo/share/tello_gazebo/models/marker_3/materials/textures/aruco_mark_3.png
[0.378s] -- Up-to-date: /home/hkim/development/tello_ros_ws/install/tello_gazebo/share/tello_gazebo/models/marker_3/model.config
[0.378s] -- Up-to-date: /home/hkim/development/tello_ros_ws/install/tello_gazebo/share/tello_gazebo/models/marker_7
[0.378s] -- Up-to-date: /home/hkim/development/tello_ros_ws/install/tello_gazebo/share/tello_gazebo/models/marker_7/model.sdf
[0.378s] -- Up-to-date: /home/hkim/development/tello_ros_ws/install/tello_gazebo/share/tello_gazebo/models/marker_7/materials
[0.378s] -- Up-to-date: /home/hkim/development/tello_ros_ws/install/tello_gazebo/share/tello_gazebo/models/marker_7/materials/scripts
[0.378s] -- Up-to-date: /home/hkim/development/tello_ros_ws/install/tello_gazebo/share/tello_gazebo/models/marker_7/materials/scripts/marker_7.material
[0.378s] -- Up-to-date: /home/hkim/development/tello_ros_ws/install/tello_gazebo/share/tello_gazebo/models/marker_7/materials/textures
[0.379s] -- Up-to-date: /home/hkim/development/tello_ros_ws/install/tello_gazebo/share/tello_gazebo/models/marker_7/materials/textures/aruco_mark_7.svg
[0.380s] -- Up-to-date: /home/hkim/development/tello_ros_ws/install/tello_gazebo/share/tello_gazebo/models/marker_7/materials/textures/aruco_mark_7.png
[0.380s] -- Up-to-date: /home/hkim/development/tello_ros_ws/install/tello_gazebo/share/tello_gazebo/models/marker_7/model.config
[0.380s] -- Up-to-date: /home/hkim/development/tello_ros_ws/install/tello_gazebo/share/tello_gazebo/models/marker_5
[0.380s] -- Up-to-date: /home/hkim/development/tello_ros_ws/install/tello_gazebo/share/tello_gazebo/models/marker_5/model.sdf
[0.380s] -- Up-to-date: /home/hkim/development/tello_ros_ws/install/tello_gazebo/share/tello_gazebo/models/marker_5/materials
[0.380s] -- Up-to-date: /home/hkim/development/tello_ros_ws/install/tello_gazebo/share/tello_gazebo/models/marker_5/materials/scripts
[0.381s] -- Up-to-date: /home/hkim/development/tello_ros_ws/install/tello_gazebo/share/tello_gazebo/models/marker_5/materials/scripts/marker_5.material
[0.381s] -- Up-to-date: /home/hkim/development/tello_ros_ws/install/tello_gazebo/share/tello_gazebo/models/marker_5/materials/textures
[0.381s] -- Up-to-date: /home/hkim/development/tello_ros_ws/install/tello_gazebo/share/tello_gazebo/models/marker_5/materials/textures/aruco_mark_5.png
[0.381s] -- Up-to-date: /home/hkim/development/tello_ros_ws/install/tello_gazebo/share/tello_gazebo/models/marker_5/materials/textures/aruco_mark_5.svg
[0.381s] -- Up-to-date: /home/hkim/development/tello_ros_ws/install/tello_gazebo/share/tello_gazebo/models/marker_5/model.config
[0.381s] -- Up-to-date: /home/hkim/development/tello_ros_ws/install/tello_gazebo/share/tello_gazebo/models/marker_0
[0.381s] -- Up-to-date: /home/hkim/development/tello_ros_ws/install/tello_gazebo/share/tello_gazebo/models/marker_0/model.sdf
[0.381s] -- Up-to-date: /home/hkim/development/tello_ros_ws/install/tello_gazebo/share/tello_gazebo/models/marker_0/materials
[0.381s] -- Up-to-date: /home/hkim/development/tello_ros_ws/install/tello_gazebo/share/tello_gazebo/models/marker_0/materials/scripts
[0.382s] -- Up-to-date: /home/hkim/development/tello_ros_ws/install/tello_gazebo/share/tello_gazebo/models/marker_0/materials/scripts/marker_0.material
[0.382s] -- Up-to-date: /home/hkim/development/tello_ros_ws/install/tello_gazebo/share/tello_gazebo/models/marker_0/materials/textures
[0.382s] -- Up-to-date: /home/hkim/development/tello_ros_ws/install/tello_gazebo/share/tello_gazebo/models/marker_0/materials/textures/aruco_mark_0.png
[0.382s] -- Up-to-date: /home/hkim/development/tello_ros_ws/install/tello_gazebo/share/tello_gazebo/models/marker_0/materials/textures/aruco_mark_0.svg
[0.382s] -- Up-to-date: /home/hkim/development/tello_ros_ws/install/tello_gazebo/share/tello_gazebo/models/marker_0/model.config
[0.382s] -- Up-to-date: /home/hkim/development/tello_ros_ws/install/tello_gazebo/share/tello_gazebo/models/marker_6
[0.382s] -- Up-to-date: /home/hkim/development/tello_ros_ws/install/tello_gazebo/share/tello_gazebo/models/marker_6/model.sdf
[0.382s] -- Up-to-date: /home/hkim/development/tello_ros_ws/install/tello_gazebo/share/tello_gazebo/models/marker_6/materials
[0.382s] -- Up-to-date: /home/hkim/development/tello_ros_ws/install/tello_gazebo/share/tello_gazebo/models/marker_6/materials/scripts
[0.383s] -- Up-to-date: /home/hkim/development/tello_ros_ws/install/tello_gazebo/share/tello_gazebo/models/marker_6/materials/scripts/marker_6.material
[0.383s] -- Up-to-date: /home/hkim/development/tello_ros_ws/install/tello_gazebo/share/tello_gazebo/models/marker_6/materials/textures
[0.383s] -- Up-to-date: /home/hkim/development/tello_ros_ws/install/tello_gazebo/share/tello_gazebo/models/marker_6/materials/textures/aruco_mark_6.svg
[0.383s] -- Up-to-date: /home/hkim/development/tello_ros_ws/install/tello_gazebo/share/tello_gazebo/models/marker_6/materials/textures/aruco_mark_6.png
[0.383s] -- Up-to-date: /home/hkim/development/tello_ros_ws/install/tello_gazebo/share/tello_gazebo/models/marker_6/model.config
[0.383s] -- Up-to-date: /home/hkim/development/tello_ros_ws/install/tello_gazebo/share/tello_gazebo/models/marker_2
[0.383s] -- Up-to-date: /home/hkim/development/tello_ros_ws/install/tello_gazebo/share/tello_gazebo/models/marker_2/model.sdf
[0.384s] -- Up-to-date: /home/hkim/development/tello_ros_ws/install/tello_gazebo/share/tello_gazebo/models/marker_2/materials
[0.384s] -- Up-to-date: /home/hkim/development/tello_ros_ws/install/tello_gazebo/share/tello_gazebo/models/marker_2/materials/scripts
[0.384s] -- Up-to-date: /home/hkim/development/tello_ros_ws/install/tello_gazebo/share/tello_gazebo/models/marker_2/materials/scripts/marker_2.material
[0.384s] -- Up-to-date: /home/hkim/development/tello_ros_ws/install/tello_gazebo/share/tello_gazebo/models/marker_2/materials/textures
[0.384s] -- Up-to-date: /home/hkim/development/tello_ros_ws/install/tello_gazebo/share/tello_gazebo/models/marker_2/materials/textures/aruco_mark_2.png
[0.384s] -- Up-to-date: /home/hkim/development/tello_ros_ws/install/tello_gazebo/share/tello_gazebo/models/marker_2/materials/textures/aruco_mark_2.svg
[0.384s] -- Up-to-date: /home/hkim/development/tello_ros_ws/install/tello_gazebo/share/tello_gazebo/models/marker_2/model.config
[0.384s] -- Up-to-date: /home/hkim/development/tello_ros_ws/install/tello_gazebo/share/tello_gazebo/models/marker_1
[0.384s] -- Up-to-date: /home/hkim/development/tello_ros_ws/install/tello_gazebo/share/tello_gazebo/models/marker_1/model.sdf
[0.385s] -- Up-to-date: /home/hkim/development/tello_ros_ws/install/tello_gazebo/share/tello_gazebo/models/marker_1/materials
[0.385s] -- Up-to-date: /home/hkim/development/tello_ros_ws/install/tello_gazebo/share/tello_gazebo/models/marker_1/materials/scripts
[0.385s] -- Up-to-date: /home/hkim/development/tello_ros_ws/install/tello_gazebo/share/tello_gazebo/models/marker_1/materials/scripts/marker_1.material
[0.385s] -- Up-to-date: /home/hkim/development/tello_ros_ws/install/tello_gazebo/share/tello_gazebo/models/marker_1/materials/textures
[0.385s] -- Up-to-date: /home/hkim/development/tello_ros_ws/install/tello_gazebo/share/tello_gazebo/models/marker_1/materials/textures/aruco_mark_1.png
[0.385s] -- Up-to-date: /home/hkim/development/tello_ros_ws/install/tello_gazebo/share/tello_gazebo/models/marker_1/materials/textures/aruco_mark_1.svg
[0.385s] -- Up-to-date: /home/hkim/development/tello_ros_ws/install/tello_gazebo/share/tello_gazebo/models/marker_1/model.config
[0.385s] -- Up-to-date: /home/hkim/development/tello_ros_ws/install/tello_gazebo/share/tello_gazebo/worlds
[0.385s] -- Up-to-date: /home/hkim/development/tello_ros_ws/install/tello_gazebo/share/tello_gazebo/worlds/f2.world
[0.385s] -- Up-to-date: /home/hkim/development/tello_ros_ws/install/tello_gazebo/share/tello_gazebo/worlds/build_world.py
[0.386s] -- Up-to-date: /home/hkim/development/tello_ros_ws/install/tello_gazebo/share/tello_gazebo/worlds/fiducial_map.yaml
[0.386s] -- Up-to-date: /home/hkim/development/tello_ros_ws/install/tello_gazebo/share/tello_gazebo/worlds/simple.world
[0.386s] -- Up-to-date: /home/hkim/development/tello_ros_ws/install/tello_gazebo/share/tello_gazebo/worlds/f2_map.yaml
[0.386s] -- Up-to-date: /home/hkim/development/tello_ros_ws/install/tello_gazebo/share/tello_gazebo/worlds/fiducial.world
[0.386s] -- Up-to-date: /home/hkim/development/tello_ros_ws/install/tello_gazebo/share/tello_gazebo/launch
[0.386s] -- Up-to-date: /home/hkim/development/tello_ros_ws/install/tello_gazebo/share/tello_gazebo/launch/vlam_launch.py
[0.386s] -- Up-to-date: /home/hkim/development/tello_ros_ws/install/tello_gazebo/share/tello_gazebo/launch/simple_launch.py
[0.386s] -- Up-to-date: /home/hkim/development/tello_ros_ws/install/tello_gazebo/lib/tello_gazebo/inject_entity.py
[0.386s] -- Up-to-date: /home/hkim/development/tello_ros_ws/install/tello_gazebo/share/ament_index/resource_index/package_run_dependencies/tello_gazebo
[0.386s] -- Up-to-date: /home/hkim/development/tello_ros_ws/install/tello_gazebo/share/ament_index/resource_index/parent_prefix_path/tello_gazebo
[0.387s] -- Up-to-date: /home/hkim/development/tello_ros_ws/install/tello_gazebo/share/tello_gazebo/environment/ament_prefix_path.sh
[0.387s] -- Up-to-date: /home/hkim/development/tello_ros_ws/install/tello_gazebo/share/tello_gazebo/environment/ament_prefix_path.dsv
[0.387s] -- Up-to-date: /home/hkim/development/tello_ros_ws/install/tello_gazebo/share/tello_gazebo/environment/path.sh
[0.387s] -- Up-to-date: /home/hkim/development/tello_ros_ws/install/tello_gazebo/share/tello_gazebo/environment/path.dsv
[0.387s] -- Up-to-date: /home/hkim/development/tello_ros_ws/install/tello_gazebo/share/tello_gazebo/local_setup.bash
[0.387s] -- Up-to-date: /home/hkim/development/tello_ros_ws/install/tello_gazebo/share/tello_gazebo/local_setup.sh
[0.387s] -- Up-to-date: /home/hkim/development/tello_ros_ws/install/tello_gazebo/share/tello_gazebo/local_setup.zsh
[0.387s] -- Up-to-date: /home/hkim/development/tello_ros_ws/install/tello_gazebo/share/tello_gazebo/local_setup.dsv
[0.388s] -- Up-to-date: /home/hkim/development/tello_ros_ws/install/tello_gazebo/share/tello_gazebo/package.dsv
[0.388s] -- Up-to-date: /home/hkim/development/tello_ros_ws/install/tello_gazebo/share/ament_index/resource_index/packages/tello_gazebo
[0.388s] -- Up-to-date: /home/hkim/development/tello_ros_ws/install/tello_gazebo/share/tello_gazebo/cmake/tello_gazeboConfig.cmake
[0.388s] -- Up-to-date: /home/hkim/development/tello_ros_ws/install/tello_gazebo/share/tello_gazebo/cmake/tello_gazeboConfig-version.cmake
[0.405s] -- Up-to-date: /home/hkim/development/tello_ros_ws/install/tello_gazebo/share/tello_gazebo/package.xml
[0.406s] Invoked command in '/home/hkim/development/tello_ros_ws/build/tello_gazebo' returned '0': AMENT_PREFIX_PATH=/home/hkim/development/tello_ros_ws/install/tello_msgs:${AMENT_PREFIX_PATH} CMAKE_PREFIX_PATH=/home/hkim/development/tello_ros_ws/install/tello_msgs:/opt/ros/foxy LD_LIBRARY_PATH=/home/hkim/development/tello_ros_ws/install/tello_msgs/lib:${LD_LIBRARY_PATH} PYTHONPATH=/home/hkim/development/tello_ros_ws/install/tello_msgs/lib/python3.8/site-packages:${PYTHONPATH} /usr/bin/cmake --install /home/hkim/development/tello_ros_ws/build/tello_gazebo
