[0.217s] DEBUG:colcon:Command line arguments: ['/usr/bin/colcon', 'build', '--event-handlers', 'console_direct+']
[0.217s] DEBUG:colcon:Parsed command line arguments: Namespace(allow_overriding=[], ament_cmake_args=None, base_paths=['.'], build_base='build', catkin_cmake_args=None, catkin_skip_building_tests=False, cmake_args=None, cmake_clean_cache=False, cmake_clean_first=False, cmake_force_configure=False, cmake_target=None, cmake_target_skip_unavailable=False, continue_on_error=False, event_handlers=['console_direct+'], executor='parallel', ignore_user_meta=False, install_base='install', log_base=None, log_level=None, main=<bound method BuildVerb.main of <colcon_core.verb.build.BuildVerb object at 0x7f31079d0820>>, merge_install=False, metas=['./colcon.meta'], mixin=None, mixin_files=None, mixin_verb=('build',), packages_above=None, packages_above_and_dependencies=None, packages_above_depth=None, packages_end=None, packages_ignore=None, packages_ignore_regex=None, packages_select=None, packages_select_build_failed=False, packages_select_by_dep=None, packages_select_regex=None, packages_select_test_failures=False, packages_skip=None, packages_skip_build_finished=False, packages_skip_by_dep=None, packages_skip_regex=None, packages_skip_test_passed=False, packages_skip_up_to=None, packages_start=None, packages_up_to=None, packages_up_to_regex=None, parallel_workers=4, paths=None, symlink_install=False, test_result_base=None, verb_extension=<colcon_core.verb.build.BuildVerb object at 0x7f31079d0820>, verb_name='build', verb_parser=<colcon_mixin.mixin.mixin_argument.MixinArgumentDecorator object at 0x7f31079de100>)
[0.382s] Level 1:colcon.colcon_core.package_discovery:discover_packages(colcon_meta) check parameters
[0.382s] Level 1:colcon.colcon_core.package_discovery:discover_packages(recursive) check parameters
[0.382s] Level 1:colcon.colcon_core.package_discovery:discover_packages(ignore) check parameters
[0.382s] Level 1:colcon.colcon_core.package_discovery:discover_packages(path) check parameters
[0.382s] Level 1:colcon.colcon_core.package_discovery:discover_packages(colcon_meta) discover
[0.382s] Level 1:colcon.colcon_core.package_discovery:discover_packages(recursive) discover
[0.382s] INFO:colcon.colcon_core.package_discovery:Crawling recursively for packages in '/home/hkim/development/tello_ros_ws'
[0.382s] Level 1:colcon.colcon_core.package_identification:_identify(.) by extensions ['ignore', 'ignore_ament_install']
[0.382s] Level 1:colcon.colcon_core.package_identification:_identify(.) by extension 'ignore'
[0.382s] Level 1:colcon.colcon_core.package_identification:_identify(.) by extension 'ignore_ament_install'
[0.382s] Level 1:colcon.colcon_core.package_identification:_identify(.) by extensions ['colcon_pkg']
[0.382s] Level 1:colcon.colcon_core.package_identification:_identify(.) by extension 'colcon_pkg'
[0.382s] Level 1:colcon.colcon_core.package_identification:_identify(.) by extensions ['colcon_meta']
[0.382s] Level 1:colcon.colcon_core.package_identification:_identify(.) by extension 'colcon_meta'
[0.382s] Level 1:colcon.colcon_core.package_identification:_identify(.) by extensions ['ros']
[0.383s] Level 1:colcon.colcon_core.package_identification:_identify(.) by extension 'ros'
[0.394s] Level 1:colcon.colcon_core.package_identification:_identify(.) by extensions ['cmake', 'python']
[0.394s] Level 1:colcon.colcon_core.package_identification:_identify(.) by extension 'cmake'
[0.394s] Level 1:colcon.colcon_core.package_identification:_identify(.) by extension 'python'
[0.394s] Level 1:colcon.colcon_core.package_identification:_identify(.) by extensions ['python_setup_py']
[0.394s] Level 1:colcon.colcon_core.package_identification:_identify(.) by extension 'python_setup_py'
[0.394s] Level 1:colcon.colcon_core.package_identification:_identify(build) by extensions ['ignore', 'ignore_ament_install']
[0.394s] Level 1:colcon.colcon_core.package_identification:_identify(build) by extension 'ignore'
[0.394s] Level 1:colcon.colcon_core.package_identification:_identify(build) ignored
[0.395s] Level 1:colcon.colcon_core.package_identification:_identify(install) by extensions ['ignore', 'ignore_ament_install']
[0.395s] Level 1:colcon.colcon_core.package_identification:_identify(install) by extension 'ignore'
[0.395s] Level 1:colcon.colcon_core.package_identification:_identify(install) ignored
[0.395s] Level 1:colcon.colcon_core.package_identification:_identify(log) by extensions ['ignore', 'ignore_ament_install']
[0.395s] Level 1:colcon.colcon_core.package_identification:_identify(log) by extension 'ignore'
[0.395s] Level 1:colcon.colcon_core.package_identification:_identify(log) ignored
[0.395s] Level 1:colcon.colcon_core.package_identification:_identify(src) by extensions ['ignore', 'ignore_ament_install']
[0.395s] Level 1:colcon.colcon_core.package_identification:_identify(src) by extension 'ignore'
[0.395s] Level 1:colcon.colcon_core.package_identification:_identify(src) by extension 'ignore_ament_install'
[0.396s] Level 1:colcon.colcon_core.package_identification:_identify(src) by extensions ['colcon_pkg']
[0.396s] Level 1:colcon.colcon_core.package_identification:_identify(src) by extension 'colcon_pkg'
[0.396s] Level 1:colcon.colcon_core.package_identification:_identify(src) by extensions ['colcon_meta']
[0.396s] Level 1:colcon.colcon_core.package_identification:_identify(src) by extension 'colcon_meta'
[0.396s] Level 1:colcon.colcon_core.package_identification:_identify(src) by extensions ['ros']
[0.396s] Level 1:colcon.colcon_core.package_identification:_identify(src) by extension 'ros'
[0.396s] Level 1:colcon.colcon_core.package_identification:_identify(src) by extensions ['cmake', 'python']
[0.396s] Level 1:colcon.colcon_core.package_identification:_identify(src) by extension 'cmake'
[0.396s] Level 1:colcon.colcon_core.package_identification:_identify(src) by extension 'python'
[0.396s] Level 1:colcon.colcon_core.package_identification:_identify(src) by extensions ['python_setup_py']
[0.396s] Level 1:colcon.colcon_core.package_identification:_identify(src) by extension 'python_setup_py'
[0.396s] Level 1:colcon.colcon_core.package_identification:_identify(src/ros2_shared) by extensions ['ignore', 'ignore_ament_install']
[0.397s] Level 1:colcon.colcon_core.package_identification:_identify(src/ros2_shared) by extension 'ignore'
[0.397s] Level 1:colcon.colcon_core.package_identification:_identify(src/ros2_shared) by extension 'ignore_ament_install'
[0.397s] Level 1:colcon.colcon_core.package_identification:_identify(src/ros2_shared) by extensions ['colcon_pkg']
[0.397s] Level 1:colcon.colcon_core.package_identification:_identify(src/ros2_shared) by extension 'colcon_pkg'
[0.397s] Level 1:colcon.colcon_core.package_identification:_identify(src/ros2_shared) by extensions ['colcon_meta']
[0.397s] Level 1:colcon.colcon_core.package_identification:_identify(src/ros2_shared) by extension 'colcon_meta'
[0.397s] Level 1:colcon.colcon_core.package_identification:_identify(src/ros2_shared) by extensions ['ros']
[0.397s] Level 1:colcon.colcon_core.package_identification:_identify(src/ros2_shared) by extension 'ros'
[0.400s] DEBUG:colcon.colcon_core.package_identification:Package 'src/ros2_shared' with type 'ros.ament_cmake' and name 'ros2_shared'
[0.400s] Level 1:colcon.colcon_core.package_identification:_identify(src/tello_ros) by extensions ['ignore', 'ignore_ament_install']
[0.400s] Level 1:colcon.colcon_core.package_identification:_identify(src/tello_ros) by extension 'ignore'
[0.400s] Level 1:colcon.colcon_core.package_identification:_identify(src/tello_ros) by extension 'ignore_ament_install'
[0.400s] Level 1:colcon.colcon_core.package_identification:_identify(src/tello_ros) by extensions ['colcon_pkg']
[0.400s] Level 1:colcon.colcon_core.package_identification:_identify(src/tello_ros) by extension 'colcon_pkg'
[0.400s] Level 1:colcon.colcon_core.package_identification:_identify(src/tello_ros) by extensions ['colcon_meta']
[0.400s] Level 1:colcon.colcon_core.package_identification:_identify(src/tello_ros) by extension 'colcon_meta'
[0.400s] Level 1:colcon.colcon_core.package_identification:_identify(src/tello_ros) by extensions ['ros']
[0.400s] Level 1:colcon.colcon_core.package_identification:_identify(src/tello_ros) by extension 'ros'
[0.400s] Level 1:colcon.colcon_core.package_identification:_identify(src/tello_ros) by extensions ['cmake', 'python']
[0.400s] Level 1:colcon.colcon_core.package_identification:_identify(src/tello_ros) by extension 'cmake'
[0.401s] Level 1:colcon.colcon_core.package_identification:_identify(src/tello_ros) by extension 'python'
[0.401s] Level 1:colcon.colcon_core.package_identification:_identify(src/tello_ros) by extensions ['python_setup_py']
[0.401s] Level 1:colcon.colcon_core.package_identification:_identify(src/tello_ros) by extension 'python_setup_py'
[0.401s] Level 1:colcon.colcon_core.package_identification:_identify(src/tello_ros/tello_description) by extensions ['ignore', 'ignore_ament_install']
[0.401s] Level 1:colcon.colcon_core.package_identification:_identify(src/tello_ros/tello_description) by extension 'ignore'
[0.401s] Level 1:colcon.colcon_core.package_identification:_identify(src/tello_ros/tello_description) by extension 'ignore_ament_install'
[0.401s] Level 1:colcon.colcon_core.package_identification:_identify(src/tello_ros/tello_description) by extensions ['colcon_pkg']
[0.401s] Level 1:colcon.colcon_core.package_identification:_identify(src/tello_ros/tello_description) by extension 'colcon_pkg'
[0.401s] Level 1:colcon.colcon_core.package_identification:_identify(src/tello_ros/tello_description) by extensions ['colcon_meta']
[0.401s] Level 1:colcon.colcon_core.package_identification:_identify(src/tello_ros/tello_description) by extension 'colcon_meta'
[0.401s] Level 1:colcon.colcon_core.package_identification:_identify(src/tello_ros/tello_description) by extensions ['ros']
[0.401s] Level 1:colcon.colcon_core.package_identification:_identify(src/tello_ros/tello_description) by extension 'ros'
[0.402s] DEBUG:colcon.colcon_core.package_identification:Package 'src/tello_ros/tello_description' with type 'ros.ament_cmake' and name 'tello_description'
[0.402s] Level 1:colcon.colcon_core.package_identification:_identify(src/tello_ros/tello_driver) by extensions ['ignore', 'ignore_ament_install']
[0.402s] Level 1:colcon.colcon_core.package_identification:_identify(src/tello_ros/tello_driver) by extension 'ignore'
[0.402s] Level 1:colcon.colcon_core.package_identification:_identify(src/tello_ros/tello_driver) by extension 'ignore_ament_install'
[0.402s] Level 1:colcon.colcon_core.package_identification:_identify(src/tello_ros/tello_driver) by extensions ['colcon_pkg']
[0.402s] Level 1:colcon.colcon_core.package_identification:_identify(src/tello_ros/tello_driver) by extension 'colcon_pkg'
[0.402s] Level 1:colcon.colcon_core.package_identification:_identify(src/tello_ros/tello_driver) by extensions ['colcon_meta']
[0.402s] Level 1:colcon.colcon_core.package_identification:_identify(src/tello_ros/tello_driver) by extension 'colcon_meta'
[0.402s] Level 1:colcon.colcon_core.package_identification:_identify(src/tello_ros/tello_driver) by extensions ['ros']
[0.402s] Level 1:colcon.colcon_core.package_identification:_identify(src/tello_ros/tello_driver) by extension 'ros'
[0.403s] DEBUG:colcon.colcon_core.package_identification:Package 'src/tello_ros/tello_driver' with type 'ros.ament_cmake' and name 'tello_driver'
[0.403s] Level 1:colcon.colcon_core.package_identification:_identify(src/tello_ros/tello_gazebo) by extensions ['ignore', 'ignore_ament_install']
[0.403s] Level 1:colcon.colcon_core.package_identification:_identify(src/tello_ros/tello_gazebo) by extension 'ignore'
[0.403s] Level 1:colcon.colcon_core.package_identification:_identify(src/tello_ros/tello_gazebo) by extension 'ignore_ament_install'
[0.403s] Level 1:colcon.colcon_core.package_identification:_identify(src/tello_ros/tello_gazebo) by extensions ['colcon_pkg']
[0.404s] Level 1:colcon.colcon_core.package_identification:_identify(src/tello_ros/tello_gazebo) by extension 'colcon_pkg'
[0.404s] Level 1:colcon.colcon_core.package_identification:_identify(src/tello_ros/tello_gazebo) by extensions ['colcon_meta']
[0.404s] Level 1:colcon.colcon_core.package_identification:_identify(src/tello_ros/tello_gazebo) by extension 'colcon_meta'
[0.404s] Level 1:colcon.colcon_core.package_identification:_identify(src/tello_ros/tello_gazebo) by extensions ['ros']
[0.404s] Level 1:colcon.colcon_core.package_identification:_identify(src/tello_ros/tello_gazebo) by extension 'ros'
[0.406s] DEBUG:colcon.colcon_core.package_identification:Package 'src/tello_ros/tello_gazebo' with type 'ros.ament_cmake' and name 'tello_gazebo'
[0.406s] Level 1:colcon.colcon_core.package_identification:_identify(src/tello_ros/tello_msgs) by extensions ['ignore', 'ignore_ament_install']
[0.406s] Level 1:colcon.colcon_core.package_identification:_identify(src/tello_ros/tello_msgs) by extension 'ignore'
[0.406s] Level 1:colcon.colcon_core.package_identification:_identify(src/tello_ros/tello_msgs) by extension 'ignore_ament_install'
[0.407s] Level 1:colcon.colcon_core.package_identification:_identify(src/tello_ros/tello_msgs) by extensions ['colcon_pkg']
[0.407s] Level 1:colcon.colcon_core.package_identification:_identify(src/tello_ros/tello_msgs) by extension 'colcon_pkg'
[0.407s] Level 1:colcon.colcon_core.package_identification:_identify(src/tello_ros/tello_msgs) by extensions ['colcon_meta']
[0.407s] Level 1:colcon.colcon_core.package_identification:_identify(src/tello_ros/tello_msgs) by extension 'colcon_meta'
[0.407s] Level 1:colcon.colcon_core.package_identification:_identify(src/tello_ros/tello_msgs) by extensions ['ros']
[0.407s] Level 1:colcon.colcon_core.package_identification:_identify(src/tello_ros/tello_msgs) by extension 'ros'
[0.408s] DEBUG:colcon.colcon_core.package_identification:Package 'src/tello_ros/tello_msgs' with type 'ros.ament_cmake' and name 'tello_msgs'
[0.408s] Level 1:colcon.colcon_core.package_discovery:discover_packages(recursive) using defaults
[0.408s] Level 1:colcon.colcon_core.package_discovery:discover_packages(ignore) discover
[0.408s] Level 1:colcon.colcon_core.package_discovery:discover_packages(ignore) using defaults
[0.408s] Level 1:colcon.colcon_core.package_discovery:discover_packages(path) discover
[0.408s] Level 1:colcon.colcon_core.package_discovery:discover_packages(path) using defaults
[0.426s] Level 1:colcon.colcon_core.package_discovery:discover_packages(prefix_path) check parameters
[0.426s] Level 1:colcon.colcon_core.package_discovery:discover_packages(prefix_path) discover
[0.428s] DEBUG:colcon.colcon_installed_package_information.package_discovery:Found 4 installed packages in /home/hkim/development/tello_ros_ws/install
[0.429s] DEBUG:colcon.colcon_installed_package_information.package_discovery:Found 3 installed packages in /home/hkim/development/tello-ros2/workspace/src/install
[0.431s] DEBUG:colcon.colcon_installed_package_information.package_discovery:Found 288 installed packages in /opt/ros/foxy
[0.433s] Level 1:colcon.colcon_core.package_discovery:discover_packages(prefix_path) using defaults
[0.540s] Level 5:colcon.colcon_core.verb:set package 'ros2_shared' build argument 'cmake_args' from command line to 'None'
[0.540s] Level 5:colcon.colcon_core.verb:set package 'ros2_shared' build argument 'cmake_target' from command line to 'None'
[0.540s] Level 5:colcon.colcon_core.verb:set package 'ros2_shared' build argument 'cmake_target_skip_unavailable' from command line to 'False'
[0.540s] Level 5:colcon.colcon_core.verb:set package 'ros2_shared' build argument 'cmake_clean_cache' from command line to 'False'
[0.540s] Level 5:colcon.colcon_core.verb:set package 'ros2_shared' build argument 'cmake_clean_first' from command line to 'False'
[0.540s] Level 5:colcon.colcon_core.verb:set package 'ros2_shared' build argument 'cmake_force_configure' from command line to 'False'
[0.540s] Level 5:colcon.colcon_core.verb:set package 'ros2_shared' build argument 'ament_cmake_args' from command line to 'None'
[0.541s] Level 5:colcon.colcon_core.verb:set package 'ros2_shared' build argument 'catkin_cmake_args' from command line to 'None'
[0.541s] Level 5:colcon.colcon_core.verb:set package 'ros2_shared' build argument 'catkin_skip_building_tests' from command line to 'False'
[0.541s] DEBUG:colcon.colcon_core.verb:Building package 'ros2_shared' with the following arguments: {'ament_cmake_args': None, 'build_base': '/home/hkim/development/tello_ros_ws/build/ros2_shared', 'catkin_cmake_args': None, 'catkin_skip_building_tests': False, 'cmake_args': None, 'cmake_clean_cache': False, 'cmake_clean_first': False, 'cmake_force_configure': False, 'cmake_target': None, 'cmake_target_skip_unavailable': False, 'install_base': '/home/hkim/development/tello_ros_ws/install/ros2_shared', 'merge_install': False, 'path': '/home/hkim/development/tello_ros_ws/src/ros2_shared', 'symlink_install': False, 'test_result_base': None}
[0.541s] Level 5:colcon.colcon_core.verb:set package 'tello_description' build argument 'cmake_args' from command line to 'None'
[0.541s] Level 5:colcon.colcon_core.verb:set package 'tello_description' build argument 'cmake_target' from command line to 'None'
[0.541s] Level 5:colcon.colcon_core.verb:set package 'tello_description' build argument 'cmake_target_skip_unavailable' from command line to 'False'
[0.541s] Level 5:colcon.colcon_core.verb:set package 'tello_description' build argument 'cmake_clean_cache' from command line to 'False'
[0.541s] Level 5:colcon.colcon_core.verb:set package 'tello_description' build argument 'cmake_clean_first' from command line to 'False'
[0.541s] Level 5:colcon.colcon_core.verb:set package 'tello_description' build argument 'cmake_force_configure' from command line to 'False'
[0.541s] Level 5:colcon.colcon_core.verb:set package 'tello_description' build argument 'ament_cmake_args' from command line to 'None'
[0.541s] Level 5:colcon.colcon_core.verb:set package 'tello_description' build argument 'catkin_cmake_args' from command line to 'None'
[0.541s] Level 5:colcon.colcon_core.verb:set package 'tello_description' build argument 'catkin_skip_building_tests' from command line to 'False'
[0.541s] DEBUG:colcon.colcon_core.verb:Building package 'tello_description' with the following arguments: {'ament_cmake_args': None, 'build_base': '/home/hkim/development/tello_ros_ws/build/tello_description', 'catkin_cmake_args': None, 'catkin_skip_building_tests': False, 'cmake_args': None, 'cmake_clean_cache': False, 'cmake_clean_first': False, 'cmake_force_configure': False, 'cmake_target': None, 'cmake_target_skip_unavailable': False, 'install_base': '/home/hkim/development/tello_ros_ws/install/tello_description', 'merge_install': False, 'path': '/home/hkim/development/tello_ros_ws/src/tello_ros/tello_description', 'symlink_install': False, 'test_result_base': None}
[0.542s] Level 5:colcon.colcon_core.verb:set package 'tello_msgs' build argument 'cmake_args' from command line to 'None'
[0.542s] Level 5:colcon.colcon_core.verb:set package 'tello_msgs' build argument 'cmake_target' from command line to 'None'
[0.542s] Level 5:colcon.colcon_core.verb:set package 'tello_msgs' build argument 'cmake_target_skip_unavailable' from command line to 'False'
[0.542s] Level 5:colcon.colcon_core.verb:set package 'tello_msgs' build argument 'cmake_clean_cache' from command line to 'False'
[0.542s] Level 5:colcon.colcon_core.verb:set package 'tello_msgs' build argument 'cmake_clean_first' from command line to 'False'
[0.542s] Level 5:colcon.colcon_core.verb:set package 'tello_msgs' build argument 'cmake_force_configure' from command line to 'False'
[0.542s] Level 5:colcon.colcon_core.verb:set package 'tello_msgs' build argument 'ament_cmake_args' from command line to 'None'
[0.542s] Level 5:colcon.colcon_core.verb:set package 'tello_msgs' build argument 'catkin_cmake_args' from command line to 'None'
[0.542s] Level 5:colcon.colcon_core.verb:set package 'tello_msgs' build argument 'catkin_skip_building_tests' from command line to 'False'
[0.542s] DEBUG:colcon.colcon_core.verb:Building package 'tello_msgs' with the following arguments: {'ament_cmake_args': None, 'build_base': '/home/hkim/development/tello_ros_ws/build/tello_msgs', 'catkin_cmake_args': None, 'catkin_skip_building_tests': False, 'cmake_args': None, 'cmake_clean_cache': False, 'cmake_clean_first': False, 'cmake_force_configure': False, 'cmake_target': None, 'cmake_target_skip_unavailable': False, 'install_base': '/home/hkim/development/tello_ros_ws/install/tello_msgs', 'merge_install': False, 'path': '/home/hkim/development/tello_ros_ws/src/tello_ros/tello_msgs', 'symlink_install': False, 'test_result_base': None}
[0.542s] Level 5:colcon.colcon_core.verb:set package 'tello_driver' build argument 'cmake_args' from command line to 'None'
[0.542s] Level 5:colcon.colcon_core.verb:set package 'tello_driver' build argument 'cmake_target' from command line to 'None'
[0.542s] Level 5:colcon.colcon_core.verb:set package 'tello_driver' build argument 'cmake_target_skip_unavailable' from command line to 'False'
[0.542s] Level 5:colcon.colcon_core.verb:set package 'tello_driver' build argument 'cmake_clean_cache' from command line to 'False'
[0.542s] Level 5:colcon.colcon_core.verb:set package 'tello_driver' build argument 'cmake_clean_first' from command line to 'False'
[0.542s] Level 5:colcon.colcon_core.verb:set package 'tello_driver' build argument 'cmake_force_configure' from command line to 'False'
[0.542s] Level 5:colcon.colcon_core.verb:set package 'tello_driver' build argument 'ament_cmake_args' from command line to 'None'
[0.542s] Level 5:colcon.colcon_core.verb:set package 'tello_driver' build argument 'catkin_cmake_args' from command line to 'None'
[0.542s] Level 5:colcon.colcon_core.verb:set package 'tello_driver' build argument 'catkin_skip_building_tests' from command line to 'False'
[0.542s] DEBUG:colcon.colcon_core.verb:Building package 'tello_driver' with the following arguments: {'ament_cmake_args': None, 'build_base': '/home/hkim/development/tello_ros_ws/build/tello_driver', 'catkin_cmake_args': None, 'catkin_skip_building_tests': False, 'cmake_args': None, 'cmake_clean_cache': False, 'cmake_clean_first': False, 'cmake_force_configure': False, 'cmake_target': None, 'cmake_target_skip_unavailable': False, 'install_base': '/home/hkim/development/tello_ros_ws/install/tello_driver', 'merge_install': False, 'path': '/home/hkim/development/tello_ros_ws/src/tello_ros/tello_driver', 'symlink_install': False, 'test_result_base': None}
[0.543s] Level 5:colcon.colcon_core.verb:set package 'tello_gazebo' build argument 'cmake_args' from command line to 'None'
[0.543s] Level 5:colcon.colcon_core.verb:set package 'tello_gazebo' build argument 'cmake_target' from command line to 'None'
[0.543s] Level 5:colcon.colcon_core.verb:set package 'tello_gazebo' build argument 'cmake_target_skip_unavailable' from command line to 'False'
[0.543s] Level 5:colcon.colcon_core.verb:set package 'tello_gazebo' build argument 'cmake_clean_cache' from command line to 'False'
[0.543s] Level 5:colcon.colcon_core.verb:set package 'tello_gazebo' build argument 'cmake_clean_first' from command line to 'False'
[0.543s] Level 5:colcon.colcon_core.verb:set package 'tello_gazebo' build argument 'cmake_force_configure' from command line to 'False'
[0.543s] Level 5:colcon.colcon_core.verb:set package 'tello_gazebo' build argument 'ament_cmake_args' from command line to 'None'
[0.543s] Level 5:colcon.colcon_core.verb:set package 'tello_gazebo' build argument 'catkin_cmake_args' from command line to 'None'
[0.543s] Level 5:colcon.colcon_core.verb:set package 'tello_gazebo' build argument 'catkin_skip_building_tests' from command line to 'False'
[0.543s] DEBUG:colcon.colcon_core.verb:Building package 'tello_gazebo' with the following arguments: {'ament_cmake_args': None, 'build_base': '/home/hkim/development/tello_ros_ws/build/tello_gazebo', 'catkin_cmake_args': None, 'catkin_skip_building_tests': False, 'cmake_args': None, 'cmake_clean_cache': False, 'cmake_clean_first': False, 'cmake_force_configure': False, 'cmake_target': None, 'cmake_target_skip_unavailable': False, 'install_base': '/home/hkim/development/tello_ros_ws/install/tello_gazebo', 'merge_install': False, 'path': '/home/hkim/development/tello_ros_ws/src/tello_ros/tello_gazebo', 'symlink_install': False, 'test_result_base': None}
[0.544s] INFO:colcon.colcon_core.executor:Executing jobs using 'parallel' executor
[0.545s] DEBUG:colcon.colcon_parallel_executor.executor.parallel:run_until_complete
[0.546s] INFO:colcon.colcon_ros.task.ament_cmake.build:Building ROS package in '/home/hkim/development/tello_ros_ws/src/tello_ros/tello_msgs' with build type 'ament_cmake'
[0.546s] INFO:colcon.colcon_cmake.task.cmake.build:Building CMake package in '/home/hkim/development/tello_ros_ws/src/tello_ros/tello_msgs'
[0.549s] INFO:colcon.colcon_core.plugin_system:Skipping extension 'colcon_core.shell.bat': Not used on non-Windows systems
[0.549s] INFO:colcon.colcon_core.shell:Skip shell extension 'powershell' for command environment: Not usable outside of PowerShell
[0.549s] DEBUG:colcon.colcon_core.shell:Skip shell extension 'dsv' for command environment
[0.555s] INFO:colcon.colcon_ros.task.ament_cmake.build:Building ROS package in '/home/hkim/development/tello_ros_ws/src/ros2_shared' with build type 'ament_cmake'
[0.555s] INFO:colcon.colcon_cmake.task.cmake.build:Building CMake package in '/home/hkim/development/tello_ros_ws/src/ros2_shared'
[0.556s] INFO:colcon.colcon_core.shell:Skip shell extension 'powershell' for command environment: Not usable outside of PowerShell
[0.556s] DEBUG:colcon.colcon_core.shell:Skip shell extension 'dsv' for command environment
[0.564s] INFO:colcon.colcon_ros.task.ament_cmake.build:Building ROS package in '/home/hkim/development/tello_ros_ws/src/tello_ros/tello_description' with build type 'ament_cmake'
[0.564s] INFO:colcon.colcon_cmake.task.cmake.build:Building CMake package in '/home/hkim/development/tello_ros_ws/src/tello_ros/tello_description'
[0.564s] INFO:colcon.colcon_core.shell:Skip shell extension 'powershell' for command environment: Not usable outside of PowerShell
[0.565s] DEBUG:colcon.colcon_core.shell:Skip shell extension 'dsv' for command environment
[0.577s] DEBUG:colcon.colcon_core.event_handler.log_command:Invoking command in '/home/hkim/development/tello_ros_ws/build/tello_msgs': CMAKE_PREFIX_PATH=${CMAKE_PREFIX_PATH}:/home/hkim/development/tello-ros2/workspace/src/install/tello:/opt/ros/foxy /usr/bin/cmake --build /home/hkim/development/tello_ros_ws/build/tello_msgs -- -j4 -l4
[0.590s] DEBUG:colcon.colcon_core.event_handler.log_command:Invoking command in '/home/hkim/development/tello_ros_ws/build/ros2_shared': CMAKE_PREFIX_PATH=${CMAKE_PREFIX_PATH}:/home/hkim/development/tello-ros2/workspace/src/install/tello:/opt/ros/foxy /usr/bin/cmake --build /home/hkim/development/tello_ros_ws/build/ros2_shared -- -j4 -l4
[0.603s] DEBUG:colcon.colcon_core.event_handler.log_command:Invoking command in '/home/hkim/development/tello_ros_ws/build/tello_description': CMAKE_PREFIX_PATH=${CMAKE_PREFIX_PATH}:/home/hkim/development/tello-ros2/workspace/src/install/tello:/opt/ros/foxy /usr/bin/cmake --build /home/hkim/development/tello_ros_ws/build/tello_description -- -j4 -l4
[0.646s] DEBUG:colcon.colcon_core.event_handler.log_command:Invoked command in '/home/hkim/development/tello_ros_ws/build/ros2_shared' returned '0': CMAKE_PREFIX_PATH=${CMAKE_PREFIX_PATH}:/home/hkim/development/tello-ros2/workspace/src/install/tello:/opt/ros/foxy /usr/bin/cmake --build /home/hkim/development/tello_ros_ws/build/ros2_shared -- -j4 -l4
[0.748s] DEBUG:colcon.colcon_core.event_handler.log_command:Invoking command in '/home/hkim/development/tello_ros_ws/build/ros2_shared': CMAKE_PREFIX_PATH=${CMAKE_PREFIX_PATH}:/home/hkim/development/tello-ros2/workspace/src/install/tello:/opt/ros/foxy /usr/bin/cmake --install /home/hkim/development/tello_ros_ws/build/ros2_shared
[0.810s] Level 1:colcon.colcon_core.environment:create_environment_scripts_only(ros2_shared)
[0.816s] Level 1:colcon.colcon_core.environment:checking '/home/hkim/development/tello_ros_ws/install/ros2_shared' for CMake module files
[0.817s] Level 1:colcon.colcon_core.environment:checking '/home/hkim/development/tello_ros_ws/install/ros2_shared' for CMake config files
[0.818s] Level 1:colcon.colcon_core.shell:create_environment_hook('ros2_shared', 'cmake_prefix_path')
[0.819s] INFO:colcon.colcon_core.shell:Creating environment hook '/home/hkim/development/tello_ros_ws/install/ros2_shared/share/ros2_shared/hook/cmake_prefix_path.ps1'
[0.824s] DEBUG:colcon.colcon_core.event_handler.log_command:Invoked command in '/home/hkim/development/tello_ros_ws/build/ros2_shared' returned '0': CMAKE_PREFIX_PATH=${CMAKE_PREFIX_PATH}:/home/hkim/development/tello-ros2/workspace/src/install/tello:/opt/ros/foxy /usr/bin/cmake --install /home/hkim/development/tello_ros_ws/build/ros2_shared
[0.826s] INFO:colcon.colcon_core.shell:Creating environment descriptor '/home/hkim/development/tello_ros_ws/install/ros2_shared/share/ros2_shared/hook/cmake_prefix_path.dsv'
[0.828s] INFO:colcon.colcon_core.shell:Creating environment hook '/home/hkim/development/tello_ros_ws/install/ros2_shared/share/ros2_shared/hook/cmake_prefix_path.sh'
[0.836s] Level 1:colcon.colcon_core.environment:checking '/home/hkim/development/tello_ros_ws/install/ros2_shared/bin'
[0.836s] Level 1:colcon.colcon_core.environment:checking '/home/hkim/development/tello_ros_ws/install/ros2_shared/lib/pkgconfig/ros2_shared.pc'
[0.837s] Level 1:colcon.colcon_core.environment:checking '/home/hkim/development/tello_ros_ws/install/ros2_shared/lib/python3.8/site-packages'
[0.838s] Level 1:colcon.colcon_core.environment:checking '/home/hkim/development/tello_ros_ws/install/ros2_shared/bin'
[0.839s] INFO:colcon.colcon_core.shell:Creating package script '/home/hkim/development/tello_ros_ws/install/ros2_shared/share/ros2_shared/package.ps1'
[0.842s] INFO:colcon.colcon_core.shell:Creating package descriptor '/home/hkim/development/tello_ros_ws/install/ros2_shared/share/ros2_shared/package.dsv'
[0.845s] INFO:colcon.colcon_core.shell:Creating package script '/home/hkim/development/tello_ros_ws/install/ros2_shared/share/ros2_shared/package.sh'
[0.849s] INFO:colcon.colcon_core.shell:Creating package script '/home/hkim/development/tello_ros_ws/install/ros2_shared/share/ros2_shared/package.bash'
[0.852s] INFO:colcon.colcon_core.shell:Creating package script '/home/hkim/development/tello_ros_ws/install/ros2_shared/share/ros2_shared/package.zsh'
[0.854s] Level 1:colcon.colcon_core.environment:create_file_with_runtime_dependencies(/home/hkim/development/tello_ros_ws/install/ros2_shared/share/colcon-core/packages/ros2_shared)
[0.953s] Level 1:colcon.colcon_core.environment:create_environment_scripts_only(ros2_shared)
[0.954s] Level 1:colcon.colcon_core.environment:checking '/home/hkim/development/tello_ros_ws/install/ros2_shared' for CMake module files
[0.955s] Level 1:colcon.colcon_core.environment:checking '/home/hkim/development/tello_ros_ws/install/ros2_shared' for CMake config files
[0.956s] Level 1:colcon.colcon_core.shell:create_environment_hook('ros2_shared', 'cmake_prefix_path')
[0.957s] INFO:colcon.colcon_core.shell:Creating environment hook '/home/hkim/development/tello_ros_ws/install/ros2_shared/share/ros2_shared/hook/cmake_prefix_path.ps1'
[0.964s] INFO:colcon.colcon_core.shell:Creating environment descriptor '/home/hkim/development/tello_ros_ws/install/ros2_shared/share/ros2_shared/hook/cmake_prefix_path.dsv'
[0.966s] INFO:colcon.colcon_core.shell:Creating environment hook '/home/hkim/development/tello_ros_ws/install/ros2_shared/share/ros2_shared/hook/cmake_prefix_path.sh'
[0.967s] Level 1:colcon.colcon_core.environment:checking '/home/hkim/development/tello_ros_ws/install/ros2_shared/bin'
[0.967s] Level 1:colcon.colcon_core.environment:checking '/home/hkim/development/tello_ros_ws/install/ros2_shared/lib/pkgconfig/ros2_shared.pc'
[0.969s] Level 1:colcon.colcon_core.environment:checking '/home/hkim/development/tello_ros_ws/install/ros2_shared/lib/python3.8/site-packages'
[0.969s] Level 1:colcon.colcon_core.environment:checking '/home/hkim/development/tello_ros_ws/install/ros2_shared/bin'
[0.969s] INFO:colcon.colcon_core.shell:Creating package script '/home/hkim/development/tello_ros_ws/install/ros2_shared/share/ros2_shared/package.ps1'
[0.970s] INFO:colcon.colcon_core.shell:Creating package descriptor '/home/hkim/development/tello_ros_ws/install/ros2_shared/share/ros2_shared/package.dsv'
[0.970s] INFO:colcon.colcon_core.shell:Creating package script '/home/hkim/development/tello_ros_ws/install/ros2_shared/share/ros2_shared/package.sh'
[0.971s] INFO:colcon.colcon_core.shell:Creating package script '/home/hkim/development/tello_ros_ws/install/ros2_shared/share/ros2_shared/package.bash'
[0.971s] INFO:colcon.colcon_core.shell:Creating package script '/home/hkim/development/tello_ros_ws/install/ros2_shared/share/ros2_shared/package.zsh'
[0.972s] Level 1:colcon.colcon_core.environment:create_file_with_runtime_dependencies(/home/hkim/development/tello_ros_ws/install/ros2_shared/share/colcon-core/packages/ros2_shared)
[0.985s] DEBUG:colcon.colcon_core.event_handler.log_command:Invoked command in '/home/hkim/development/tello_ros_ws/build/tello_description' returned '0': CMAKE_PREFIX_PATH=${CMAKE_PREFIX_PATH}:/home/hkim/development/tello-ros2/workspace/src/install/tello:/opt/ros/foxy /usr/bin/cmake --build /home/hkim/development/tello_ros_ws/build/tello_description -- -j4 -l4
[1.048s] DEBUG:colcon.colcon_core.event_handler.log_command:Invoking command in '/home/hkim/development/tello_ros_ws/build/tello_description': CMAKE_PREFIX_PATH=${CMAKE_PREFIX_PATH}:/home/hkim/development/tello-ros2/workspace/src/install/tello:/opt/ros/foxy /usr/bin/cmake --install /home/hkim/development/tello_ros_ws/build/tello_description
[1.072s] Level 1:colcon.colcon_core.environment:create_environment_scripts_only(tello_description)
[1.073s] Level 1:colcon.colcon_core.environment:checking '/home/hkim/development/tello_ros_ws/install/tello_description' for CMake module files
[1.076s] Level 1:colcon.colcon_core.environment:checking '/home/hkim/development/tello_ros_ws/install/tello_description' for CMake config files
[1.077s] Level 1:colcon.colcon_core.shell:create_environment_hook('tello_description', 'cmake_prefix_path')
[1.078s] INFO:colcon.colcon_core.shell:Creating environment hook '/home/hkim/development/tello_ros_ws/install/tello_description/share/tello_description/hook/cmake_prefix_path.ps1'
[1.086s] DEBUG:colcon.colcon_core.event_handler.log_command:Invoked command in '/home/hkim/development/tello_ros_ws/build/tello_description' returned '0': CMAKE_PREFIX_PATH=${CMAKE_PREFIX_PATH}:/home/hkim/development/tello-ros2/workspace/src/install/tello:/opt/ros/foxy /usr/bin/cmake --install /home/hkim/development/tello_ros_ws/build/tello_description
[1.086s] INFO:colcon.colcon_core.shell:Creating environment descriptor '/home/hkim/development/tello_ros_ws/install/tello_description/share/tello_description/hook/cmake_prefix_path.dsv'
[1.087s] INFO:colcon.colcon_core.shell:Creating environment hook '/home/hkim/development/tello_ros_ws/install/tello_description/share/tello_description/hook/cmake_prefix_path.sh'
[1.087s] Level 1:colcon.colcon_core.environment:checking '/home/hkim/development/tello_ros_ws/install/tello_description/bin'
[1.087s] Level 1:colcon.colcon_core.environment:checking '/home/hkim/development/tello_ros_ws/install/tello_description/lib/pkgconfig/tello_description.pc'
[1.088s] Level 1:colcon.colcon_core.environment:checking '/home/hkim/development/tello_ros_ws/install/tello_description/lib/python3.8/site-packages'
[1.088s] Level 1:colcon.colcon_core.environment:checking '/home/hkim/development/tello_ros_ws/install/tello_description/bin'
[1.088s] INFO:colcon.colcon_core.shell:Creating package script '/home/hkim/development/tello_ros_ws/install/tello_description/share/tello_description/package.ps1'
[1.089s] INFO:colcon.colcon_core.shell:Creating package descriptor '/home/hkim/development/tello_ros_ws/install/tello_description/share/tello_description/package.dsv'
[1.089s] INFO:colcon.colcon_core.shell:Creating package script '/home/hkim/development/tello_ros_ws/install/tello_description/share/tello_description/package.sh'
[1.089s] INFO:colcon.colcon_core.shell:Creating package script '/home/hkim/development/tello_ros_ws/install/tello_description/share/tello_description/package.bash'
[1.090s] INFO:colcon.colcon_core.shell:Creating package script '/home/hkim/development/tello_ros_ws/install/tello_description/share/tello_description/package.zsh'
[1.090s] Level 1:colcon.colcon_core.environment:create_file_with_runtime_dependencies(/home/hkim/development/tello_ros_ws/install/tello_description/share/colcon-core/packages/tello_description)
[1.160s] Level 1:colcon.colcon_core.environment:create_environment_scripts_only(tello_description)
[1.161s] Level 1:colcon.colcon_core.environment:checking '/home/hkim/development/tello_ros_ws/install/tello_description' for CMake module files
[1.163s] Level 1:colcon.colcon_core.environment:checking '/home/hkim/development/tello_ros_ws/install/tello_description' for CMake config files
[1.164s] Level 1:colcon.colcon_core.shell:create_environment_hook('tello_description', 'cmake_prefix_path')
[1.165s] INFO:colcon.colcon_core.shell:Creating environment hook '/home/hkim/development/tello_ros_ws/install/tello_description/share/tello_description/hook/cmake_prefix_path.ps1'
[1.167s] INFO:colcon.colcon_core.shell:Creating environment descriptor '/home/hkim/development/tello_ros_ws/install/tello_description/share/tello_description/hook/cmake_prefix_path.dsv'
[1.168s] INFO:colcon.colcon_core.shell:Creating environment hook '/home/hkim/development/tello_ros_ws/install/tello_description/share/tello_description/hook/cmake_prefix_path.sh'
[1.169s] Level 1:colcon.colcon_core.environment:checking '/home/hkim/development/tello_ros_ws/install/tello_description/bin'
[1.169s] Level 1:colcon.colcon_core.environment:checking '/home/hkim/development/tello_ros_ws/install/tello_description/lib/pkgconfig/tello_description.pc'
[1.169s] Level 1:colcon.colcon_core.environment:checking '/home/hkim/development/tello_ros_ws/install/tello_description/lib/python3.8/site-packages'
[1.170s] Level 1:colcon.colcon_core.environment:checking '/home/hkim/development/tello_ros_ws/install/tello_description/bin'
[1.170s] INFO:colcon.colcon_core.shell:Creating package script '/home/hkim/development/tello_ros_ws/install/tello_description/share/tello_description/package.ps1'
[1.171s] INFO:colcon.colcon_core.shell:Creating package descriptor '/home/hkim/development/tello_ros_ws/install/tello_description/share/tello_description/package.dsv'
[1.172s] INFO:colcon.colcon_core.shell:Creating package script '/home/hkim/development/tello_ros_ws/install/tello_description/share/tello_description/package.sh'
[1.172s] INFO:colcon.colcon_core.shell:Creating package script '/home/hkim/development/tello_ros_ws/install/tello_description/share/tello_description/package.bash'
[1.173s] INFO:colcon.colcon_core.shell:Creating package script '/home/hkim/development/tello_ros_ws/install/tello_description/share/tello_description/package.zsh'
[1.173s] Level 1:colcon.colcon_core.environment:create_file_with_runtime_dependencies(/home/hkim/development/tello_ros_ws/install/tello_description/share/colcon-core/packages/tello_description)
[1.253s] DEBUG:colcon.colcon_core.event_handler.log_command:Invoked command in '/home/hkim/development/tello_ros_ws/build/tello_msgs' returned '0': CMAKE_PREFIX_PATH=${CMAKE_PREFIX_PATH}:/home/hkim/development/tello-ros2/workspace/src/install/tello:/opt/ros/foxy /usr/bin/cmake --build /home/hkim/development/tello_ros_ws/build/tello_msgs -- -j4 -l4
[1.348s] DEBUG:colcon.colcon_core.event_handler.log_command:Invoking command in '/home/hkim/development/tello_ros_ws/build/tello_msgs': CMAKE_PREFIX_PATH=${CMAKE_PREFIX_PATH}:/home/hkim/development/tello-ros2/workspace/src/install/tello:/opt/ros/foxy /usr/bin/cmake --install /home/hkim/development/tello_ros_ws/build/tello_msgs
[1.434s] Level 1:colcon.colcon_core.environment:create_environment_scripts_only(tello_msgs)
[1.435s] Level 1:colcon.colcon_core.environment:checking '/home/hkim/development/tello_ros_ws/install/tello_msgs' for CMake module files
[1.436s] Level 1:colcon.colcon_core.environment:checking '/home/hkim/development/tello_ros_ws/install/tello_msgs' for CMake config files
[1.438s] Level 1:colcon.colcon_core.shell:create_environment_hook('tello_msgs', 'cmake_prefix_path')
[1.439s] DEBUG:colcon.colcon_core.event_handler.log_command:Invoked command in '/home/hkim/development/tello_ros_ws/build/tello_msgs' returned '0': CMAKE_PREFIX_PATH=${CMAKE_PREFIX_PATH}:/home/hkim/development/tello-ros2/workspace/src/install/tello:/opt/ros/foxy /usr/bin/cmake --install /home/hkim/development/tello_ros_ws/build/tello_msgs
[1.439s] INFO:colcon.colcon_core.shell:Creating environment hook '/home/hkim/development/tello_ros_ws/install/tello_msgs/share/tello_msgs/hook/cmake_prefix_path.ps1'
[1.441s] INFO:colcon.colcon_core.shell:Creating environment descriptor '/home/hkim/development/tello_ros_ws/install/tello_msgs/share/tello_msgs/hook/cmake_prefix_path.dsv'
[1.441s] INFO:colcon.colcon_core.shell:Creating environment hook '/home/hkim/development/tello_ros_ws/install/tello_msgs/share/tello_msgs/hook/cmake_prefix_path.sh'
[1.442s] Level 1:colcon.colcon_core.environment:checking '/home/hkim/development/tello_ros_ws/install/tello_msgs/lib'
[1.443s] Level 1:colcon.colcon_core.shell:create_environment_hook('tello_msgs', 'ld_library_path_lib')
[1.443s] INFO:colcon.colcon_core.shell:Creating environment hook '/home/hkim/development/tello_ros_ws/install/tello_msgs/share/tello_msgs/hook/ld_library_path_lib.ps1'
[1.446s] INFO:colcon.colcon_core.shell:Creating environment descriptor '/home/hkim/development/tello_ros_ws/install/tello_msgs/share/tello_msgs/hook/ld_library_path_lib.dsv'
[1.447s] INFO:colcon.colcon_core.shell:Creating environment hook '/home/hkim/development/tello_ros_ws/install/tello_msgs/share/tello_msgs/hook/ld_library_path_lib.sh'
[1.448s] Level 1:colcon.colcon_core.environment:checking '/home/hkim/development/tello_ros_ws/install/tello_msgs/bin'
[1.449s] Level 1:colcon.colcon_core.environment:checking '/home/hkim/development/tello_ros_ws/install/tello_msgs/lib/pkgconfig/tello_msgs.pc'
[1.449s] Level 1:colcon.colcon_core.environment:checking '/home/hkim/development/tello_ros_ws/install/tello_msgs/lib/python3.8/site-packages'
[1.450s] Level 1:colcon.colcon_core.shell:create_environment_hook('tello_msgs', 'pythonpath')
[1.450s] INFO:colcon.colcon_core.shell:Creating environment hook '/home/hkim/development/tello_ros_ws/install/tello_msgs/share/tello_msgs/hook/pythonpath.ps1'
[1.451s] INFO:colcon.colcon_core.shell:Creating environment descriptor '/home/hkim/development/tello_ros_ws/install/tello_msgs/share/tello_msgs/hook/pythonpath.dsv'
[1.451s] INFO:colcon.colcon_core.shell:Creating environment hook '/home/hkim/development/tello_ros_ws/install/tello_msgs/share/tello_msgs/hook/pythonpath.sh'
[1.452s] Level 1:colcon.colcon_core.environment:checking '/home/hkim/development/tello_ros_ws/install/tello_msgs/bin'
[1.453s] INFO:colcon.colcon_core.shell:Creating package script '/home/hkim/development/tello_ros_ws/install/tello_msgs/share/tello_msgs/package.ps1'
[1.454s] INFO:colcon.colcon_core.shell:Creating package descriptor '/home/hkim/development/tello_ros_ws/install/tello_msgs/share/tello_msgs/package.dsv'
[1.454s] INFO:colcon.colcon_core.shell:Creating package script '/home/hkim/development/tello_ros_ws/install/tello_msgs/share/tello_msgs/package.sh'
[1.455s] INFO:colcon.colcon_core.shell:Creating package script '/home/hkim/development/tello_ros_ws/install/tello_msgs/share/tello_msgs/package.bash'
[1.456s] INFO:colcon.colcon_core.shell:Creating package script '/home/hkim/development/tello_ros_ws/install/tello_msgs/share/tello_msgs/package.zsh'
[1.456s] Level 1:colcon.colcon_core.environment:create_file_with_runtime_dependencies(/home/hkim/development/tello_ros_ws/install/tello_msgs/share/colcon-core/packages/tello_msgs)
[1.672s] Level 1:colcon.colcon_core.environment:create_environment_scripts_only(tello_msgs)
[1.673s] Level 1:colcon.colcon_core.environment:checking '/home/hkim/development/tello_ros_ws/install/tello_msgs' for CMake module files
[1.674s] Level 1:colcon.colcon_core.environment:checking '/home/hkim/development/tello_ros_ws/install/tello_msgs' for CMake config files
[1.676s] Level 1:colcon.colcon_core.shell:create_environment_hook('tello_msgs', 'cmake_prefix_path')
[1.677s] INFO:colcon.colcon_core.shell:Creating environment hook '/home/hkim/development/tello_ros_ws/install/tello_msgs/share/tello_msgs/hook/cmake_prefix_path.ps1'
[1.679s] INFO:colcon.colcon_core.shell:Creating environment descriptor '/home/hkim/development/tello_ros_ws/install/tello_msgs/share/tello_msgs/hook/cmake_prefix_path.dsv'
[1.680s] INFO:colcon.colcon_core.shell:Creating environment hook '/home/hkim/development/tello_ros_ws/install/tello_msgs/share/tello_msgs/hook/cmake_prefix_path.sh'
[1.682s] Level 1:colcon.colcon_core.environment:checking '/home/hkim/development/tello_ros_ws/install/tello_msgs/lib'
[1.682s] Level 1:colcon.colcon_core.shell:create_environment_hook('tello_msgs', 'ld_library_path_lib')
[1.683s] INFO:colcon.colcon_core.shell:Creating environment hook '/home/hkim/development/tello_ros_ws/install/tello_msgs/share/tello_msgs/hook/ld_library_path_lib.ps1'
[1.685s] INFO:colcon.colcon_core.shell:Creating environment descriptor '/home/hkim/development/tello_ros_ws/install/tello_msgs/share/tello_msgs/hook/ld_library_path_lib.dsv'
[1.686s] INFO:colcon.colcon_core.shell:Creating environment hook '/home/hkim/development/tello_ros_ws/install/tello_msgs/share/tello_msgs/hook/ld_library_path_lib.sh'
[1.687s] Level 1:colcon.colcon_core.environment:checking '/home/hkim/development/tello_ros_ws/install/tello_msgs/bin'
[1.687s] Level 1:colcon.colcon_core.environment:checking '/home/hkim/development/tello_ros_ws/install/tello_msgs/lib/pkgconfig/tello_msgs.pc'
[1.688s] Level 1:colcon.colcon_core.environment:checking '/home/hkim/development/tello_ros_ws/install/tello_msgs/lib/python3.8/site-packages'
[1.688s] Level 1:colcon.colcon_core.shell:create_environment_hook('tello_msgs', 'pythonpath')
[1.689s] INFO:colcon.colcon_core.shell:Creating environment hook '/home/hkim/development/tello_ros_ws/install/tello_msgs/share/tello_msgs/hook/pythonpath.ps1'
[1.690s] INFO:colcon.colcon_core.shell:Creating environment descriptor '/home/hkim/development/tello_ros_ws/install/tello_msgs/share/tello_msgs/hook/pythonpath.dsv'
[1.691s] INFO:colcon.colcon_core.shell:Creating environment hook '/home/hkim/development/tello_ros_ws/install/tello_msgs/share/tello_msgs/hook/pythonpath.sh'
[1.692s] Level 1:colcon.colcon_core.environment:checking '/home/hkim/development/tello_ros_ws/install/tello_msgs/bin'
[1.693s] INFO:colcon.colcon_core.shell:Creating package script '/home/hkim/development/tello_ros_ws/install/tello_msgs/share/tello_msgs/package.ps1'
[1.694s] INFO:colcon.colcon_core.shell:Creating package descriptor '/home/hkim/development/tello_ros_ws/install/tello_msgs/share/tello_msgs/package.dsv'
[1.696s] INFO:colcon.colcon_core.shell:Creating package script '/home/hkim/development/tello_ros_ws/install/tello_msgs/share/tello_msgs/package.sh'
[1.697s] INFO:colcon.colcon_core.shell:Creating package script '/home/hkim/development/tello_ros_ws/install/tello_msgs/share/tello_msgs/package.bash'
[1.698s] INFO:colcon.colcon_core.shell:Creating package script '/home/hkim/development/tello_ros_ws/install/tello_msgs/share/tello_msgs/package.zsh'
[1.699s] Level 1:colcon.colcon_core.environment:create_file_with_runtime_dependencies(/home/hkim/development/tello_ros_ws/install/tello_msgs/share/colcon-core/packages/tello_msgs)
[1.700s] INFO:colcon.colcon_ros.task.ament_cmake.build:Building ROS package in '/home/hkim/development/tello_ros_ws/src/tello_ros/tello_driver' with build type 'ament_cmake'
[1.700s] INFO:colcon.colcon_cmake.task.cmake.build:Building CMake package in '/home/hkim/development/tello_ros_ws/src/tello_ros/tello_driver'
[1.701s] INFO:colcon.colcon_core.shell:Skip shell extension 'powershell' for command environment: Not usable outside of PowerShell
[1.701s] DEBUG:colcon.colcon_core.shell:Skip shell extension 'dsv' for command environment
[1.718s] INFO:colcon.colcon_ros.task.ament_cmake.build:Building ROS package in '/home/hkim/development/tello_ros_ws/src/tello_ros/tello_gazebo' with build type 'ament_cmake'
[1.719s] INFO:colcon.colcon_cmake.task.cmake.build:Building CMake package in '/home/hkim/development/tello_ros_ws/src/tello_ros/tello_gazebo'
[1.721s] INFO:colcon.colcon_core.shell:Skip shell extension 'powershell' for command environment: Not usable outside of PowerShell
[1.721s] DEBUG:colcon.colcon_core.shell:Skip shell extension 'dsv' for command environment
[1.749s] DEBUG:colcon.colcon_core.event_handler.log_command:Invoking command in '/home/hkim/development/tello_ros_ws/build/tello_driver': CMAKE_PREFIX_PATH=/home/hkim/development/tello_ros_ws/install/tello_msgs:/home/hkim/development/tello_ros_ws/install/ros2_shared:/home/hkim/development/tello_ros_ws/install/tello_driver:/home/hkim/development/tello_ros_ws/install/tello_description:/home/hkim/development/tello-ros2/workspace/src/install/tello_msg:/home/hkim/development/tello-ros2/workspace/src/install/tello_control:/home/hkim/development/tello-ros2/workspace/src/install/tello:/opt/ros/foxy LD_LIBRARY_PATH=/home/hkim/development/tello_ros_ws/install/tello_msgs/lib:/home/hkim/development/tello_ros_ws/install/tello_driver/lib:/home/hkim/development/tello-ros2/workspace/src/install/tello_msg/lib:/opt/ros/foxy/opt/yaml_cpp_vendor/lib:/opt/ros/foxy/opt/rviz_ogre_vendor/lib:/opt/ros/foxy/lib/x86_64-linux-gnu:/opt/ros/foxy/lib /usr/bin/cmake --build /home/hkim/development/tello_ros_ws/build/tello_driver -- -j4 -l4
[1.754s] DEBUG:colcon.colcon_core.event_handler.log_command:Invoking command in '/home/hkim/development/tello_ros_ws/build/tello_gazebo': CMAKE_PREFIX_PATH=/home/hkim/development/tello_ros_ws/install/tello_msgs:/home/hkim/development/tello_ros_ws/install/tello_driver:/home/hkim/development/tello_ros_ws/install/tello_description:/home/hkim/development/tello_ros_ws/install/ros2_shared:/home/hkim/development/tello-ros2/workspace/src/install/tello_msg:/home/hkim/development/tello-ros2/workspace/src/install/tello_control:/home/hkim/development/tello-ros2/workspace/src/install/tello:/opt/ros/foxy LD_LIBRARY_PATH=/home/hkim/development/tello_ros_ws/install/tello_msgs/lib:/home/hkim/development/tello_ros_ws/install/tello_driver/lib:/home/hkim/development/tello-ros2/workspace/src/install/tello_msg/lib:/opt/ros/foxy/opt/yaml_cpp_vendor/lib:/opt/ros/foxy/opt/rviz_ogre_vendor/lib:/opt/ros/foxy/lib/x86_64-linux-gnu:/opt/ros/foxy/lib /usr/bin/cmake /home/hkim/development/tello_ros_ws/src/tello_ros/tello_gazebo -DCMAKE_INSTALL_PREFIX=/home/hkim/development/tello_ros_ws/install/tello_gazebo
[1.982s] DEBUG:colcon.colcon_core.event_handler.log_command:Invoked command in '/home/hkim/development/tello_ros_ws/build/tello_driver' returned '0': CMAKE_PREFIX_PATH=/home/hkim/development/tello_ros_ws/install/tello_msgs:/home/hkim/development/tello_ros_ws/install/ros2_shared:/home/hkim/development/tello_ros_ws/install/tello_driver:/home/hkim/development/tello_ros_ws/install/tello_description:/home/hkim/development/tello-ros2/workspace/src/install/tello_msg:/home/hkim/development/tello-ros2/workspace/src/install/tello_control:/home/hkim/development/tello-ros2/workspace/src/install/tello:/opt/ros/foxy LD_LIBRARY_PATH=/home/hkim/development/tello_ros_ws/install/tello_msgs/lib:/home/hkim/development/tello_ros_ws/install/tello_driver/lib:/home/hkim/development/tello-ros2/workspace/src/install/tello_msg/lib:/opt/ros/foxy/opt/yaml_cpp_vendor/lib:/opt/ros/foxy/opt/rviz_ogre_vendor/lib:/opt/ros/foxy/lib/x86_64-linux-gnu:/opt/ros/foxy/lib /usr/bin/cmake --build /home/hkim/development/tello_ros_ws/build/tello_driver -- -j4 -l4
[2.040s] DEBUG:colcon.colcon_core.event_handler.log_command:Invoking command in '/home/hkim/development/tello_ros_ws/build/tello_driver': CMAKE_PREFIX_PATH=/home/hkim/development/tello_ros_ws/install/tello_msgs:/home/hkim/development/tello_ros_ws/install/ros2_shared:/home/hkim/development/tello_ros_ws/install/tello_driver:/home/hkim/development/tello_ros_ws/install/tello_description:/home/hkim/development/tello-ros2/workspace/src/install/tello_msg:/home/hkim/development/tello-ros2/workspace/src/install/tello_control:/home/hkim/development/tello-ros2/workspace/src/install/tello:/opt/ros/foxy LD_LIBRARY_PATH=/home/hkim/development/tello_ros_ws/install/tello_msgs/lib:/home/hkim/development/tello_ros_ws/install/tello_driver/lib:/home/hkim/development/tello-ros2/workspace/src/install/tello_msg/lib:/opt/ros/foxy/opt/yaml_cpp_vendor/lib:/opt/ros/foxy/opt/rviz_ogre_vendor/lib:/opt/ros/foxy/lib/x86_64-linux-gnu:/opt/ros/foxy/lib /usr/bin/cmake --install /home/hkim/development/tello_ros_ws/build/tello_driver
[2.058s] Level 1:colcon.colcon_core.environment:create_environment_scripts_only(tello_driver)
[2.058s] Level 1:colcon.colcon_core.environment:checking '/home/hkim/development/tello_ros_ws/install/tello_driver' for CMake module files
[2.060s] Level 1:colcon.colcon_core.environment:checking '/home/hkim/development/tello_ros_ws/install/tello_driver' for CMake config files
[2.061s] DEBUG:colcon.colcon_core.event_handler.log_command:Invoked command in '/home/hkim/development/tello_ros_ws/build/tello_driver' returned '0': CMAKE_PREFIX_PATH=/home/hkim/development/tello_ros_ws/install/tello_msgs:/home/hkim/development/tello_ros_ws/install/ros2_shared:/home/hkim/development/tello_ros_ws/install/tello_driver:/home/hkim/development/tello_ros_ws/install/tello_description:/home/hkim/development/tello-ros2/workspace/src/install/tello_msg:/home/hkim/development/tello-ros2/workspace/src/install/tello_control:/home/hkim/development/tello-ros2/workspace/src/install/tello:/opt/ros/foxy LD_LIBRARY_PATH=/home/hkim/development/tello_ros_ws/install/tello_msgs/lib:/home/hkim/development/tello_ros_ws/install/tello_driver/lib:/home/hkim/development/tello-ros2/workspace/src/install/tello_msg/lib:/opt/ros/foxy/opt/yaml_cpp_vendor/lib:/opt/ros/foxy/opt/rviz_ogre_vendor/lib:/opt/ros/foxy/lib/x86_64-linux-gnu:/opt/ros/foxy/lib /usr/bin/cmake --install /home/hkim/development/tello_ros_ws/build/tello_driver
[2.061s] Level 1:colcon.colcon_core.shell:create_environment_hook('tello_driver', 'cmake_prefix_path')
[2.062s] INFO:colcon.colcon_core.shell:Creating environment hook '/home/hkim/development/tello_ros_ws/install/tello_driver/share/tello_driver/hook/cmake_prefix_path.ps1'
[2.062s] INFO:colcon.colcon_core.shell:Creating environment descriptor '/home/hkim/development/tello_ros_ws/install/tello_driver/share/tello_driver/hook/cmake_prefix_path.dsv'
[2.063s] INFO:colcon.colcon_core.shell:Creating environment hook '/home/hkim/development/tello_ros_ws/install/tello_driver/share/tello_driver/hook/cmake_prefix_path.sh'
[2.063s] Level 1:colcon.colcon_core.environment:checking '/home/hkim/development/tello_ros_ws/install/tello_driver/lib'
[2.063s] Level 1:colcon.colcon_core.shell:create_environment_hook('tello_driver', 'ld_library_path_lib')
[2.064s] INFO:colcon.colcon_core.shell:Creating environment hook '/home/hkim/development/tello_ros_ws/install/tello_driver/share/tello_driver/hook/ld_library_path_lib.ps1'
[2.064s] INFO:colcon.colcon_core.shell:Creating environment descriptor '/home/hkim/development/tello_ros_ws/install/tello_driver/share/tello_driver/hook/ld_library_path_lib.dsv'
[2.065s] INFO:colcon.colcon_core.shell:Creating environment hook '/home/hkim/development/tello_ros_ws/install/tello_driver/share/tello_driver/hook/ld_library_path_lib.sh'
[2.065s] Level 1:colcon.colcon_core.environment:checking '/home/hkim/development/tello_ros_ws/install/tello_driver/bin'
[2.065s] Level 1:colcon.colcon_core.environment:checking '/home/hkim/development/tello_ros_ws/install/tello_driver/lib/pkgconfig/tello_driver.pc'
[2.066s] Level 1:colcon.colcon_core.environment:checking '/home/hkim/development/tello_ros_ws/install/tello_driver/lib/python3.8/site-packages'
[2.066s] Level 1:colcon.colcon_core.environment:checking '/home/hkim/development/tello_ros_ws/install/tello_driver/bin'
[2.067s] INFO:colcon.colcon_core.shell:Creating package script '/home/hkim/development/tello_ros_ws/install/tello_driver/share/tello_driver/package.ps1'
[2.067s] INFO:colcon.colcon_core.shell:Creating package descriptor '/home/hkim/development/tello_ros_ws/install/tello_driver/share/tello_driver/package.dsv'
[2.068s] INFO:colcon.colcon_core.shell:Creating package script '/home/hkim/development/tello_ros_ws/install/tello_driver/share/tello_driver/package.sh'
[2.068s] INFO:colcon.colcon_core.shell:Creating package script '/home/hkim/development/tello_ros_ws/install/tello_driver/share/tello_driver/package.bash'
[2.069s] INFO:colcon.colcon_core.shell:Creating package script '/home/hkim/development/tello_ros_ws/install/tello_driver/share/tello_driver/package.zsh'
[2.069s] Level 1:colcon.colcon_core.environment:create_file_with_runtime_dependencies(/home/hkim/development/tello_ros_ws/install/tello_driver/share/colcon-core/packages/tello_driver)
[2.127s] Level 1:colcon.colcon_core.environment:create_environment_scripts_only(tello_driver)
[2.128s] Level 1:colcon.colcon_core.environment:checking '/home/hkim/development/tello_ros_ws/install/tello_driver' for CMake module files
[2.128s] Level 1:colcon.colcon_core.environment:checking '/home/hkim/development/tello_ros_ws/install/tello_driver' for CMake config files
[2.129s] Level 1:colcon.colcon_core.shell:create_environment_hook('tello_driver', 'cmake_prefix_path')
[2.129s] INFO:colcon.colcon_core.shell:Creating environment hook '/home/hkim/development/tello_ros_ws/install/tello_driver/share/tello_driver/hook/cmake_prefix_path.ps1'
[2.130s] INFO:colcon.colcon_core.shell:Creating environment descriptor '/home/hkim/development/tello_ros_ws/install/tello_driver/share/tello_driver/hook/cmake_prefix_path.dsv'
[2.130s] INFO:colcon.colcon_core.shell:Creating environment hook '/home/hkim/development/tello_ros_ws/install/tello_driver/share/tello_driver/hook/cmake_prefix_path.sh'
[2.131s] Level 1:colcon.colcon_core.environment:checking '/home/hkim/development/tello_ros_ws/install/tello_driver/lib'
[2.131s] Level 1:colcon.colcon_core.shell:create_environment_hook('tello_driver', 'ld_library_path_lib')
[2.132s] INFO:colcon.colcon_core.shell:Creating environment hook '/home/hkim/development/tello_ros_ws/install/tello_driver/share/tello_driver/hook/ld_library_path_lib.ps1'
[2.133s] INFO:colcon.colcon_core.shell:Creating environment descriptor '/home/hkim/development/tello_ros_ws/install/tello_driver/share/tello_driver/hook/ld_library_path_lib.dsv'
[2.134s] INFO:colcon.colcon_core.shell:Creating environment hook '/home/hkim/development/tello_ros_ws/install/tello_driver/share/tello_driver/hook/ld_library_path_lib.sh'
[2.134s] Level 1:colcon.colcon_core.environment:checking '/home/hkim/development/tello_ros_ws/install/tello_driver/bin'
[2.134s] Level 1:colcon.colcon_core.environment:checking '/home/hkim/development/tello_ros_ws/install/tello_driver/lib/pkgconfig/tello_driver.pc'
[2.135s] Level 1:colcon.colcon_core.environment:checking '/home/hkim/development/tello_ros_ws/install/tello_driver/lib/python3.8/site-packages'
[2.135s] Level 1:colcon.colcon_core.environment:checking '/home/hkim/development/tello_ros_ws/install/tello_driver/bin'
[2.135s] INFO:colcon.colcon_core.shell:Creating package script '/home/hkim/development/tello_ros_ws/install/tello_driver/share/tello_driver/package.ps1'
[2.136s] INFO:colcon.colcon_core.shell:Creating package descriptor '/home/hkim/development/tello_ros_ws/install/tello_driver/share/tello_driver/package.dsv'
[2.136s] INFO:colcon.colcon_core.shell:Creating package script '/home/hkim/development/tello_ros_ws/install/tello_driver/share/tello_driver/package.sh'
[2.137s] INFO:colcon.colcon_core.shell:Creating package script '/home/hkim/development/tello_ros_ws/install/tello_driver/share/tello_driver/package.bash'
[2.137s] INFO:colcon.colcon_core.shell:Creating package script '/home/hkim/development/tello_ros_ws/install/tello_driver/share/tello_driver/package.zsh'
[2.138s] Level 1:colcon.colcon_core.environment:create_file_with_runtime_dependencies(/home/hkim/development/tello_ros_ws/install/tello_driver/share/colcon-core/packages/tello_driver)
[4.421s] DEBUG:colcon.colcon_core.event_handler.log_command:Invoked command in '/home/hkim/development/tello_ros_ws/build/tello_gazebo' returned '1': CMAKE_PREFIX_PATH=/home/hkim/development/tello_ros_ws/install/tello_msgs:/home/hkim/development/tello_ros_ws/install/tello_driver:/home/hkim/development/tello_ros_ws/install/tello_description:/home/hkim/development/tello_ros_ws/install/ros2_shared:/home/hkim/development/tello-ros2/workspace/src/install/tello_msg:/home/hkim/development/tello-ros2/workspace/src/install/tello_control:/home/hkim/development/tello-ros2/workspace/src/install/tello:/opt/ros/foxy LD_LIBRARY_PATH=/home/hkim/development/tello_ros_ws/install/tello_msgs/lib:/home/hkim/development/tello_ros_ws/install/tello_driver/lib:/home/hkim/development/tello-ros2/workspace/src/install/tello_msg/lib:/opt/ros/foxy/opt/yaml_cpp_vendor/lib:/opt/ros/foxy/opt/rviz_ogre_vendor/lib:/opt/ros/foxy/lib/x86_64-linux-gnu:/opt/ros/foxy/lib /usr/bin/cmake /home/hkim/development/tello_ros_ws/src/tello_ros/tello_gazebo -DCMAKE_INSTALL_PREFIX=/home/hkim/development/tello_ros_ws/install/tello_gazebo
[4.439s] Level 1:colcon.colcon_core.environment:create_environment_scripts_only(tello_gazebo)
[4.440s] Level 1:colcon.colcon_core.environment:checking '/home/hkim/development/tello_ros_ws/install/tello_gazebo' for CMake module files
[4.441s] Level 1:colcon.colcon_core.environment:checking '/home/hkim/development/tello_ros_ws/install/tello_gazebo' for CMake config files
[4.441s] Level 1:colcon.colcon_core.environment:checking '/home/hkim/development/tello_ros_ws/install/tello_gazebo/bin'
[4.441s] Level 1:colcon.colcon_core.environment:checking '/home/hkim/development/tello_ros_ws/install/tello_gazebo/lib/pkgconfig/tello_gazebo.pc'
[4.442s] Level 1:colcon.colcon_core.environment:checking '/home/hkim/development/tello_ros_ws/install/tello_gazebo/lib/python3.8/site-packages'
[4.442s] Level 1:colcon.colcon_core.environment:checking '/home/hkim/development/tello_ros_ws/install/tello_gazebo/bin'
[4.443s] INFO:colcon.colcon_core.shell:Creating package script '/home/hkim/development/tello_ros_ws/install/tello_gazebo/share/tello_gazebo/package.ps1'
[4.444s] INFO:colcon.colcon_core.shell:Creating package descriptor '/home/hkim/development/tello_ros_ws/install/tello_gazebo/share/tello_gazebo/package.dsv'
[4.444s] INFO:colcon.colcon_core.shell:Creating package script '/home/hkim/development/tello_ros_ws/install/tello_gazebo/share/tello_gazebo/package.sh'
[4.444s] INFO:colcon.colcon_core.shell:Creating package script '/home/hkim/development/tello_ros_ws/install/tello_gazebo/share/tello_gazebo/package.bash'
[4.445s] INFO:colcon.colcon_core.shell:Creating package script '/home/hkim/development/tello_ros_ws/install/tello_gazebo/share/tello_gazebo/package.zsh'
[4.445s] Level 1:colcon.colcon_core.environment:create_file_with_runtime_dependencies(/home/hkim/development/tello_ros_ws/install/tello_gazebo/share/colcon-core/packages/tello_gazebo)
[4.456s] DEBUG:colcon.colcon_parallel_executor.executor.parallel:closing loop
[4.456s] DEBUG:colcon.colcon_parallel_executor.executor.parallel:loop closed
[4.456s] DEBUG:colcon.colcon_parallel_executor.executor.parallel:run_until_complete finished with '1'
[4.456s] DEBUG:colcon.colcon_core.event_reactor:joining thread
[4.465s] INFO:colcon.colcon_core.plugin_system:Skipping extension 'colcon_notification.desktop_notification.terminal_notifier': Not used on non-Darwin systems
[4.465s] INFO:colcon.colcon_core.plugin_system:Skipping extension 'colcon_notification.desktop_notification.win32': Not used on non-Windows systems
[4.466s] INFO:colcon.colcon_notification.desktop_notification:Sending desktop notification using 'notify2'
[4.484s] DEBUG:colcon.colcon_core.event_reactor:joined thread
[4.485s] INFO:colcon.colcon_core.shell:Creating prefix script '/home/hkim/development/tello_ros_ws/install/local_setup.ps1'
[4.487s] INFO:colcon.colcon_core.shell:Creating prefix util module '/home/hkim/development/tello_ros_ws/install/_local_setup_util_ps1.py'
[4.488s] INFO:colcon.colcon_core.shell:Creating prefix chain script '/home/hkim/development/tello_ros_ws/install/setup.ps1'
[4.490s] INFO:colcon.colcon_core.shell:Creating prefix script '/home/hkim/development/tello_ros_ws/install/local_setup.sh'
[4.491s] INFO:colcon.colcon_core.shell:Creating prefix util module '/home/hkim/development/tello_ros_ws/install/_local_setup_util_sh.py'
[4.492s] INFO:colcon.colcon_core.shell:Creating prefix chain script '/home/hkim/development/tello_ros_ws/install/setup.sh'
[4.493s] INFO:colcon.colcon_core.shell:Creating prefix script '/home/hkim/development/tello_ros_ws/install/local_setup.bash'
[4.493s] INFO:colcon.colcon_core.shell:Creating prefix chain script '/home/hkim/development/tello_ros_ws/install/setup.bash'
[4.494s] INFO:colcon.colcon_core.shell:Creating prefix script '/home/hkim/development/tello_ros_ws/install/local_setup.zsh'
[4.495s] INFO:colcon.colcon_core.shell:Creating prefix chain script '/home/hkim/development/tello_ros_ws/install/setup.zsh'
