[0.137s] Invoking command in '/home/hkim/development/tello_ros_ws/build/tello_gazebo': CMAKE_PREFIX_PATH=/home/hkim/development/tello_ros_ws/install/tello_msgs:/home/hkim/development/tello_ros_ws/install/tello_gazebo:/home/hkim/development/tello_ros_ws/install/tello_driver:/home/hkim/development/tello_ros_ws/install/tello_description:/home/hkim/development/tello_ros_ws/install/fiducial_vlam:/home/hkim/development/tello_ros_ws/install/ros2_shared:/home/hkim/development/tello_ros_ws/install/orbslam3:/home/hkim/development/tello_ros_ws/install/fiducial_vlam_msgs:/opt/ros/foxy LD_LIBRARY_PATH=/home/hkim/development/tello_ros_ws/install/tello_msgs/lib:/home/hkim/development/tello_ros_ws/install/tello_gazebo/lib:/home/hkim/development/tello_ros_ws/install/tello_driver/lib:/home/hkim/development/tello_ros_ws/install/fiducial_vlam/lib:/home/hkim/development/tello_ros_ws/install/fiducial_vlam_msgs/lib:/usr/lib/x86_64-linux-gnu/gazebo-11/plugins:/opt/ros/foxy/opt/yaml_cpp_vendor/lib:/opt/ros/foxy/opt/rviz_ogre_vendor/lib:/opt/ros/foxy/lib/x86_64-linux-gnu:/opt/ros/foxy/lib /usr/bin/cmake --build /home/hkim/development/tello_ros_ws/build/tello_gazebo -- -j4 -l4
[0.730s] [100%] Built target TelloPlugin
[0.825s] Invoked command in '/home/hkim/development/tello_ros_ws/build/tello_gazebo' returned '0': CMAKE_PREFIX_PATH=/home/hkim/development/tello_ros_ws/install/tello_msgs:/home/hkim/development/tello_ros_ws/install/tello_gazebo:/home/hkim/development/tello_ros_ws/install/tello_driver:/home/hkim/development/tello_ros_ws/install/tello_description:/home/hkim/development/tello_ros_ws/install/fiducial_vlam:/home/hkim/development/tello_ros_ws/install/ros2_shared:/home/hkim/development/tello_ros_ws/install/orbslam3:/home/hkim/development/tello_ros_ws/install/fiducial_vlam_msgs:/opt/ros/foxy LD_LIBRARY_PATH=/home/hkim/development/tello_ros_ws/install/tello_msgs/lib:/home/hkim/development/tello_ros_ws/install/tello_gazebo/lib:/home/hkim/development/tello_ros_ws/install/tello_driver/lib:/home/hkim/development/tello_ros_ws/install/fiducial_vlam/lib:/home/hkim/development/tello_ros_ws/install/fiducial_vlam_msgs/lib:/usr/lib/x86_64-linux-gnu/gazebo-11/plugins:/opt/ros/foxy/opt/yaml_cpp_vendor/lib:/opt/ros/foxy/opt/rviz_ogre_vendor/lib:/opt/ros/foxy/lib/x86_64-linux-gnu:/opt/ros/foxy/lib /usr/bin/cmake --build /home/hkim/development/tello_ros_ws/build/tello_gazebo -- -j4 -l4
[1.069s] Invoking command in '/home/hkim/development/tello_ros_ws/build/tello_gazebo': CMAKE_PREFIX_PATH=/home/hkim/development/tello_ros_ws/install/tello_msgs:/home/hkim/development/tello_ros_ws/install/tello_gazebo:/home/hkim/development/tello_ros_ws/install/tello_driver:/home/hkim/development/tello_ros_ws/install/tello_description:/home/hkim/development/tello_ros_ws/install/fiducial_vlam:/home/hkim/development/tello_ros_ws/install/ros2_shared:/home/hkim/development/tello_ros_ws/install/orbslam3:/home/hkim/development/tello_ros_ws/install/fiducial_vlam_msgs:/opt/ros/foxy LD_LIBRARY_PATH=/home/hkim/development/tello_ros_ws/install/tello_msgs/lib:/home/hkim/development/tello_ros_ws/install/tello_gazebo/lib:/home/hkim/development/tello_ros_ws/install/tello_driver/lib:/home/hkim/development/tello_ros_ws/install/fiducial_vlam/lib:/home/hkim/development/tello_ros_ws/install/fiducial_vlam_msgs/lib:/usr/lib/x86_64-linux-gnu/gazebo-11/plugins:/opt/ros/foxy/opt/yaml_cpp_vendor/lib:/opt/ros/foxy/opt/rviz_ogre_vendor/lib:/opt/ros/foxy/lib/x86_64-linux-gnu:/opt/ros/foxy/lib /usr/bin/cmake --install /home/hkim/development/tello_ros_ws/build/tello_gazebo
[1.111s] -- Install configuration: ""
[1.111s] -- Up-to-date: /home/hkim/development/tello_ros_ws/install/tello_gazebo/lib/libTelloPlugin.so
[1.112s] -- Up-to-date: /home/hkim/development/tello_ros_ws/install/tello_gazebo/share/tello_gazebo/models
[1.112s] -- Up-to-date: /home/hkim/development/tello_ros_ws/install/tello_gazebo/share/tello_gazebo/models/marker_4
[1.112s] -- Up-to-date: /home/hkim/development/tello_ros_ws/install/tello_gazebo/share/tello_gazebo/models/marker_4/model.sdf
[1.112s] -- Up-to-date: /home/hkim/development/tello_ros_ws/install/tello_gazebo/share/tello_gazebo/models/marker_4/materials
[1.113s] -- Up-to-date: /home/hkim/development/tello_ros_ws/install/tello_gazebo/share/tello_gazebo/models/marker_4/materials/scripts
[1.113s] -- Up-to-date: /home/hkim/development/tello_ros_ws/install/tello_gazebo/share/tello_gazebo/models/marker_4/materials/scripts/marker_4.material
[1.113s] -- Up-to-date: /home/hkim/development/tello_ros_ws/install/tello_gazebo/share/tello_gazebo/models/marker_4/materials/textures
[1.113s] -- Up-to-date: /home/hkim/development/tello_ros_ws/install/tello_gazebo/share/tello_gazebo/models/marker_4/materials/textures/aruco_mark_4.svg
[1.115s] -- Up-to-date: /home/hkim/development/tello_ros_ws/install/tello_gazebo/share/tello_gazebo/models/marker_4/materials/textures/aruco_mark_4.png
[1.115s] -- Up-to-date: /home/hkim/development/tello_ros_ws/install/tello_gazebo/share/tello_gazebo/models/marker_4/model.config
[1.115s] -- Up-to-date: /home/hkim/development/tello_ros_ws/install/tello_gazebo/share/tello_gazebo/models/marker_3
[1.115s] -- Up-to-date: /home/hkim/development/tello_ros_ws/install/tello_gazebo/share/tello_gazebo/models/marker_3/model.sdf
[1.115s] -- Up-to-date: /home/hkim/development/tello_ros_ws/install/tello_gazebo/share/tello_gazebo/models/marker_3/materials
[1.119s] -- Up-to-date: /home/hkim/development/tello_ros_ws/install/tello_gazebo/share/tello_gazebo/models/marker_3/materials/scripts
[1.126s] -- Up-to-date: /home/hkim/development/tello_ros_ws/install/tello_gazebo/share/tello_gazebo/models/marker_3/materials/scripts/marker_3.material
[1.127s] -- Up-to-date: /home/hkim/development/tello_ros_ws/install/tello_gazebo/share/tello_gazebo/models/marker_3/materials/textures
[1.128s] -- Up-to-date: /home/hkim/development/tello_ros_ws/install/tello_gazebo/share/tello_gazebo/models/marker_3/materials/textures/aruco_mark_3.svg
[1.128s] -- Up-to-date: /home/hkim/development/tello_ros_ws/install/tello_gazebo/share/tello_gazebo/models/marker_3/materials/textures/aruco_mark_3.png
[1.129s] -- Up-to-date: /home/hkim/development/tello_ros_ws/install/tello_gazebo/share/tello_gazebo/models/marker_3/model.config
[1.129s] -- Up-to-date: /home/hkim/development/tello_ros_ws/install/tello_gazebo/share/tello_gazebo/models/marker_7
[1.129s] -- Up-to-date: /home/hkim/development/tello_ros_ws/install/tello_gazebo/share/tello_gazebo/models/marker_7/model.sdf
[1.130s] -- Up-to-date: /home/hkim/development/tello_ros_ws/install/tello_gazebo/share/tello_gazebo/models/marker_7/materials
[1.130s] -- Up-to-date: /home/hkim/development/tello_ros_ws/install/tello_gazebo/share/tello_gazebo/models/marker_7/materials/scripts
[1.131s] -- Up-to-date: /home/hkim/development/tello_ros_ws/install/tello_gazebo/share/tello_gazebo/models/marker_7/materials/scripts/marker_7.material
[1.132s] -- Up-to-date: /home/hkim/development/tello_ros_ws/install/tello_gazebo/share/tello_gazebo/models/marker_7/materials/textures
[1.132s] -- Up-to-date: /home/hkim/development/tello_ros_ws/install/tello_gazebo/share/tello_gazebo/models/marker_7/materials/textures/aruco_mark_7.svg
[1.133s] -- Up-to-date: /home/hkim/development/tello_ros_ws/install/tello_gazebo/share/tello_gazebo/models/marker_7/materials/textures/aruco_mark_7.png
[1.144s] -- Up-to-date: /home/hkim/development/tello_ros_ws/install/tello_gazebo/share/tello_gazebo/models/marker_7/model.config
[1.144s] -- Up-to-date: /home/hkim/development/tello_ros_ws/install/tello_gazebo/share/tello_gazebo/models/marker_5
[1.145s] -- Up-to-date: /home/hkim/development/tello_ros_ws/install/tello_gazebo/share/tello_gazebo/models/marker_5/model.sdf
[1.148s] -- Up-to-date: /home/hkim/development/tello_ros_ws/install/tello_gazebo/share/tello_gazebo/models/marker_5/materials
[1.148s] -- Up-to-date: /home/hkim/development/tello_ros_ws/install/tello_gazebo/share/tello_gazebo/models/marker_5/materials/scripts
[1.149s] -- Up-to-date: /home/hkim/development/tello_ros_ws/install/tello_gazebo/share/tello_gazebo/models/marker_5/materials/scripts/marker_5.material
[1.149s] -- Up-to-date: /home/hkim/development/tello_ros_ws/install/tello_gazebo/share/tello_gazebo/models/marker_5/materials/textures
[1.149s] -- Up-to-date: /home/hkim/development/tello_ros_ws/install/tello_gazebo/share/tello_gazebo/models/marker_5/materials/textures/aruco_mark_5.png
[1.168s] -- Up-to-date: /home/hkim/development/tello_ros_ws/install/tello_gazebo/share/tello_gazebo/models/marker_5/materials/textures/aruco_mark_5.svg
[1.169s] -- Up-to-date: /home/hkim/development/tello_ros_ws/install/tello_gazebo/share/tello_gazebo/models/marker_5/model.config
[1.169s] -- Up-to-date: /home/hkim/development/tello_ros_ws/install/tello_gazebo/share/tello_gazebo/models/marker_0
[1.170s] -- Up-to-date: /home/hkim/development/tello_ros_ws/install/tello_gazebo/share/tello_gazebo/models/marker_0/model.sdf
[1.170s] -- Up-to-date: /home/hkim/development/tello_ros_ws/install/tello_gazebo/share/tello_gazebo/models/marker_0/materials
[1.170s] -- Up-to-date: /home/hkim/development/tello_ros_ws/install/tello_gazebo/share/tello_gazebo/models/marker_0/materials/scripts
[1.170s] -- Up-to-date: /home/hkim/development/tello_ros_ws/install/tello_gazebo/share/tello_gazebo/models/marker_0/materials/scripts/marker_0.material
[1.170s] -- Up-to-date: /home/hkim/development/tello_ros_ws/install/tello_gazebo/share/tello_gazebo/models/marker_0/materials/textures
[1.171s] -- Up-to-date: /home/hkim/development/tello_ros_ws/install/tello_gazebo/share/tello_gazebo/models/marker_0/materials/textures/aruco_mark_0.png
[1.171s] -- Up-to-date: /home/hkim/development/tello_ros_ws/install/tello_gazebo/share/tello_gazebo/models/marker_0/materials/textures/aruco_mark_0.svg
[1.171s] -- Up-to-date: /home/hkim/development/tello_ros_ws/install/tello_gazebo/share/tello_gazebo/models/marker_0/model.config
[1.171s] -- Up-to-date: /home/hkim/development/tello_ros_ws/install/tello_gazebo/share/tello_gazebo/models/marker_6
[1.177s] -- Up-to-date: /home/hkim/development/tello_ros_ws/install/tello_gazebo/share/tello_gazebo/models/marker_6/model.sdf
[1.177s] -- Up-to-date: /home/hkim/development/tello_ros_ws/install/tello_gazebo/share/tello_gazebo/models/marker_6/materials
[1.177s] -- Up-to-date: /home/hkim/development/tello_ros_ws/install/tello_gazebo/share/tello_gazebo/models/marker_6/materials/scripts
[1.177s] -- Up-to-date: /home/hkim/development/tello_ros_ws/install/tello_gazebo/share/tello_gazebo/models/marker_6/materials/scripts/marker_6.material
[1.177s] -- Up-to-date: /home/hkim/development/tello_ros_ws/install/tello_gazebo/share/tello_gazebo/models/marker_6/materials/textures
[1.177s] -- Up-to-date: /home/hkim/development/tello_ros_ws/install/tello_gazebo/share/tello_gazebo/models/marker_6/materials/textures/aruco_mark_6.svg
[1.178s] -- Up-to-date: /home/hkim/development/tello_ros_ws/install/tello_gazebo/share/tello_gazebo/models/marker_6/materials/textures/aruco_mark_6.png
[1.178s] -- Up-to-date: /home/hkim/development/tello_ros_ws/install/tello_gazebo/share/tello_gazebo/models/marker_6/model.config
[1.178s] -- Up-to-date: /home/hkim/development/tello_ros_ws/install/tello_gazebo/share/tello_gazebo/models/marker_2
[1.178s] -- Up-to-date: /home/hkim/development/tello_ros_ws/install/tello_gazebo/share/tello_gazebo/models/marker_2/model.sdf
[1.178s] -- Up-to-date: /home/hkim/development/tello_ros_ws/install/tello_gazebo/share/tello_gazebo/models/marker_2/materials
[1.178s] -- Up-to-date: /home/hkim/development/tello_ros_ws/install/tello_gazebo/share/tello_gazebo/models/marker_2/materials/scripts
[1.178s] -- Up-to-date: /home/hkim/development/tello_ros_ws/install/tello_gazebo/share/tello_gazebo/models/marker_2/materials/scripts/marker_2.material
[1.179s] -- Up-to-date: /home/hkim/development/tello_ros_ws/install/tello_gazebo/share/tello_gazebo/models/marker_2/materials/textures
[1.179s] -- Up-to-date: /home/hkim/development/tello_ros_ws/install/tello_gazebo/share/tello_gazebo/models/marker_2/materials/textures/aruco_mark_2.png
[1.179s] -- Up-to-date: /home/hkim/development/tello_ros_ws/install/tello_gazebo/share/tello_gazebo/models/marker_2/materials/textures/aruco_mark_2.svg
[1.179s] -- Up-to-date: /home/hkim/development/tello_ros_ws/install/tello_gazebo/share/tello_gazebo/models/marker_2/model.config
[1.179s] -- Up-to-date: /home/hkim/development/tello_ros_ws/install/tello_gazebo/share/tello_gazebo/models/marker_1
[1.180s] -- Up-to-date: /home/hkim/development/tello_ros_ws/install/tello_gazebo/share/tello_gazebo/models/marker_1/model.sdf
[1.180s] -- Up-to-date: /home/hkim/development/tello_ros_ws/install/tello_gazebo/share/tello_gazebo/models/marker_1/materials
[1.180s] -- Up-to-date: /home/hkim/development/tello_ros_ws/install/tello_gazebo/share/tello_gazebo/models/marker_1/materials/scripts
[1.180s] -- Up-to-date: /home/hkim/development/tello_ros_ws/install/tello_gazebo/share/tello_gazebo/models/marker_1/materials/scripts/marker_1.material
[1.181s] -- Up-to-date: /home/hkim/development/tello_ros_ws/install/tello_gazebo/share/tello_gazebo/models/marker_1/materials/textures
[1.181s] -- Up-to-date: /home/hkim/development/tello_ros_ws/install/tello_gazebo/share/tello_gazebo/models/marker_1/materials/textures/aruco_mark_1.png
[1.181s] -- Up-to-date: /home/hkim/development/tello_ros_ws/install/tello_gazebo/share/tello_gazebo/models/marker_1/materials/textures/aruco_mark_1.svg
[1.181s] -- Up-to-date: /home/hkim/development/tello_ros_ws/install/tello_gazebo/share/tello_gazebo/models/marker_1/model.config
[1.181s] -- Up-to-date: /home/hkim/development/tello_ros_ws/install/tello_gazebo/share/tello_gazebo/worlds
[1.181s] -- Up-to-date: /home/hkim/development/tello_ros_ws/install/tello_gazebo/share/tello_gazebo/worlds/f2.world
[1.182s] -- Up-to-date: /home/hkim/development/tello_ros_ws/install/tello_gazebo/share/tello_gazebo/worlds/build_world.py
[1.182s] -- Up-to-date: /home/hkim/development/tello_ros_ws/install/tello_gazebo/share/tello_gazebo/worlds/fiducial_map.yaml
[1.182s] -- Up-to-date: /home/hkim/development/tello_ros_ws/install/tello_gazebo/share/tello_gazebo/worlds/simple.world
[1.182s] -- Up-to-date: /home/hkim/development/tello_ros_ws/install/tello_gazebo/share/tello_gazebo/worlds/f2_map.yaml
[1.182s] -- Up-to-date: /home/hkim/development/tello_ros_ws/install/tello_gazebo/share/tello_gazebo/worlds/office_small.world
[1.182s] -- Up-to-date: /home/hkim/development/tello_ros_ws/install/tello_gazebo/share/tello_gazebo/worlds/fiducial.world
[1.182s] -- Up-to-date: /home/hkim/development/tello_ros_ws/install/tello_gazebo/share/tello_gazebo/launch
[1.183s] -- Up-to-date: /home/hkim/development/tello_ros_ws/install/tello_gazebo/share/tello_gazebo/launch/vlam_launch.py
[1.183s] -- Up-to-date: /home/hkim/development/tello_ros_ws/install/tello_gazebo/share/tello_gazebo/launch/simple_launch.py
[1.183s] -- Up-to-date: /home/hkim/development/tello_ros_ws/install/tello_gazebo/lib/tello_gazebo/inject_entity.py
[1.183s] -- Up-to-date: /home/hkim/development/tello_ros_ws/install/tello_gazebo/share/ament_index/resource_index/package_run_dependencies/tello_gazebo
[1.183s] -- Up-to-date: /home/hkim/development/tello_ros_ws/install/tello_gazebo/share/ament_index/resource_index/parent_prefix_path/tello_gazebo
[1.183s] -- Up-to-date: /home/hkim/development/tello_ros_ws/install/tello_gazebo/share/tello_gazebo/environment/ament_prefix_path.sh
[1.198s] -- Up-to-date: /home/hkim/development/tello_ros_ws/install/tello_gazebo/share/tello_gazebo/environment/ament_prefix_path.dsv
[1.199s] -- Up-to-date: /home/hkim/development/tello_ros_ws/install/tello_gazebo/share/tello_gazebo/environment/path.sh
[1.199s] -- Up-to-date: /home/hkim/development/tello_ros_ws/install/tello_gazebo/share/tello_gazebo/environment/path.dsv
[1.200s] -- Up-to-date: /home/hkim/development/tello_ros_ws/install/tello_gazebo/share/tello_gazebo/local_setup.bash
[1.200s] -- Up-to-date: /home/hkim/development/tello_ros_ws/install/tello_gazebo/share/tello_gazebo/local_setup.sh
[1.200s] -- Up-to-date: /home/hkim/development/tello_ros_ws/install/tello_gazebo/share/tello_gazebo/local_setup.zsh
[1.200s] -- Up-to-date: /home/hkim/development/tello_ros_ws/install/tello_gazebo/share/tello_gazebo/local_setup.dsv
[1.200s] -- Installing: /home/hkim/development/tello_ros_ws/install/tello_gazebo/share/tello_gazebo/package.dsv
[1.201s] -- Up-to-date: /home/hkim/development/tello_ros_ws/install/tello_gazebo/share/ament_index/resource_index/packages/tello_gazebo
[1.201s] -- Up-to-date: /home/hkim/development/tello_ros_ws/install/tello_gazebo/share/tello_gazebo/cmake/tello_gazeboConfig.cmake
[1.201s] -- Up-to-date: /home/hkim/development/tello_ros_ws/install/tello_gazebo/share/tello_gazebo/cmake/tello_gazeboConfig-version.cmake
[1.201s] -- Up-to-date: /home/hkim/development/tello_ros_ws/install/tello_gazebo/share/tello_gazebo/package.xml
[1.202s] Invoked command in '/home/hkim/development/tello_ros_ws/build/tello_gazebo' returned '0': CMAKE_PREFIX_PATH=/home/hkim/development/tello_ros_ws/install/tello_msgs:/home/hkim/development/tello_ros_ws/install/tello_gazebo:/home/hkim/development/tello_ros_ws/install/tello_driver:/home/hkim/development/tello_ros_ws/install/tello_description:/home/hkim/development/tello_ros_ws/install/fiducial_vlam:/home/hkim/development/tello_ros_ws/install/ros2_shared:/home/hkim/development/tello_ros_ws/install/orbslam3:/home/hkim/development/tello_ros_ws/install/fiducial_vlam_msgs:/opt/ros/foxy LD_LIBRARY_PATH=/home/hkim/development/tello_ros_ws/install/tello_msgs/lib:/home/hkim/development/tello_ros_ws/install/tello_gazebo/lib:/home/hkim/development/tello_ros_ws/install/tello_driver/lib:/home/hkim/development/tello_ros_ws/install/fiducial_vlam/lib:/home/hkim/development/tello_ros_ws/install/fiducial_vlam_msgs/lib:/usr/lib/x86_64-linux-gnu/gazebo-11/plugins:/opt/ros/foxy/opt/yaml_cpp_vendor/lib:/opt/ros/foxy/opt/rviz_ogre_vendor/lib:/opt/ros/foxy/lib/x86_64-linux-gnu:/opt/ros/foxy/lib /usr/bin/cmake --install /home/hkim/development/tello_ros_ws/build/tello_gazebo
