[0.191s] Invoking command in '/home/hkim/development/tello_ros_ws/build/tello_msgs': CMAKE_PREFIX_PATH=${CMAKE_PREFIX_PATH}:/opt/ros/foxy /usr/bin/cmake --build /home/hkim/development/tello_ros_ws/build/tello_msgs -- -j4 -l4
[0.833s] [  2%] Built target tello_msgs__cpp
[1.080s] [ 12%] Built target tello_msgs__rosidl_generator_c
[1.448s] [ 23%] Built target tello_msgs__rosidl_typesupport_introspection_cpp
[1.553s] [ 34%] Built target tello_msgs__rosidl_typesupport_introspection_c
[1.905s] [ 44%] Built target tello_msgs__rosidl_typesupport_c
[2.123s] [ 55%] Built target tello_msgs__rosidl_typesupport_fastrtps_cpp
[2.368s] [ 65%] Built target tello_msgs__rosidl_typesupport_cpp
[2.661s] [ 76%] Built target tello_msgs__rosidl_typesupport_fastrtps_c
[2.943s] [ 76%] Built target tello_msgs
[3.152s] [ 78%] Built target tello_msgs__py
[3.435s] [ 87%] Built target tello_msgs__python
[3.732s] [ 91%] Built target tello_msgs__rosidl_typesupport_c__pyext
[4.083s] [ 95%] Built target tello_msgs__rosidl_typesupport_introspection_c__pyext
[4.298s] [100%] Built target tello_msgs__rosidl_typesupport_fastrtps_c__pyext
[4.407s] Invoked command in '/home/hkim/development/tello_ros_ws/build/tello_msgs' returned '0': CMAKE_PREFIX_PATH=${CMAKE_PREFIX_PATH}:/opt/ros/foxy /usr/bin/cmake --build /home/hkim/development/tello_ros_ws/build/tello_msgs -- -j4 -l4
[5.390s] Invoking command in '/home/hkim/development/tello_ros_ws/build/tello_msgs': CMAKE_PREFIX_PATH=${CMAKE_PREFIX_PATH}:/opt/ros/foxy /usr/bin/cmake --install /home/hkim/development/tello_ros_ws/build/tello_msgs
[5.453s] -- Install configuration: ""
[5.457s] -- Up-to-date: /home/hkim/development/tello_ros_ws/install/tello_msgs/share/ament_index/resource_index/rosidl_interfaces/tello_msgs
[5.461s] -- Up-to-date: /home/hkim/development/tello_ros_ws/install/tello_msgs/include/tello_msgs
[5.465s] -- Up-to-date: /home/hkim/development/tello_ros_ws/install/tello_msgs/include/tello_msgs/srv
[5.467s] -- Up-to-date: /home/hkim/development/tello_ros_ws/install/tello_msgs/include/tello_msgs/srv/detail
[5.468s] -- Up-to-date: /home/hkim/development/tello_ros_ws/install/tello_msgs/include/tello_msgs/srv/detail/tello_action__functions.h
[5.470s] -- Up-to-date: /home/hkim/development/tello_ros_ws/install/tello_msgs/include/tello_msgs/srv/detail/tello_action__struct.h
[5.472s] -- Up-to-date: /home/hkim/development/tello_ros_ws/install/tello_msgs/include/tello_msgs/srv/detail/tello_action__type_support.h
[5.478s] -- Up-to-date: /home/hkim/development/tello_ros_ws/install/tello_msgs/include/tello_msgs/srv/detail/tello_action__functions.c
[5.480s] -- Up-to-date: /home/hkim/development/tello_ros_ws/install/tello_msgs/include/tello_msgs/srv/tello_action.h
[5.480s] -- Up-to-date: /home/hkim/development/tello_ros_ws/install/tello_msgs/include/tello_msgs/msg
[5.481s] -- Up-to-date: /home/hkim/development/tello_ros_ws/install/tello_msgs/include/tello_msgs/msg/detail
[5.482s] -- Up-to-date: /home/hkim/development/tello_ros_ws/install/tello_msgs/include/tello_msgs/msg/detail/flight_data__struct.h
[5.482s] -- Up-to-date: /home/hkim/development/tello_ros_ws/install/tello_msgs/include/tello_msgs/msg/detail/flight_data__functions.c
[5.482s] -- Up-to-date: /home/hkim/development/tello_ros_ws/install/tello_msgs/include/tello_msgs/msg/detail/flight_data__type_support.h
[5.493s] -- Up-to-date: /home/hkim/development/tello_ros_ws/install/tello_msgs/include/tello_msgs/msg/detail/tello_response__type_support.h
[5.502s] -- Up-to-date: /home/hkim/development/tello_ros_ws/install/tello_msgs/include/tello_msgs/msg/detail/tello_response__struct.h
[5.502s] -- Up-to-date: /home/hkim/development/tello_ros_ws/install/tello_msgs/include/tello_msgs/msg/detail/tello_response__functions.h
[5.502s] -- Up-to-date: /home/hkim/development/tello_ros_ws/install/tello_msgs/include/tello_msgs/msg/detail/flight_data__functions.h
[5.502s] -- Up-to-date: /home/hkim/development/tello_ros_ws/install/tello_msgs/include/tello_msgs/msg/detail/tello_response__functions.c
[5.503s] -- Up-to-date: /home/hkim/development/tello_ros_ws/install/tello_msgs/include/tello_msgs/msg/tello_response.h
[5.503s] -- Up-to-date: /home/hkim/development/tello_ros_ws/install/tello_msgs/include/tello_msgs/msg/rosidl_generator_c__visibility_control.h
[5.503s] -- Up-to-date: /home/hkim/development/tello_ros_ws/install/tello_msgs/include/tello_msgs/msg/flight_data.h
[5.503s] -- Up-to-date: /home/hkim/development/tello_ros_ws/install/tello_msgs/share/tello_msgs/environment/library_path.sh
[5.504s] -- Up-to-date: /home/hkim/development/tello_ros_ws/install/tello_msgs/share/tello_msgs/environment/library_path.dsv
[5.504s] -- Up-to-date: /home/hkim/development/tello_ros_ws/install/tello_msgs/lib/libtello_msgs__rosidl_generator_c.so
[5.520s] -- Up-to-date: /home/hkim/development/tello_ros_ws/install/tello_msgs/include/tello_msgs
[5.521s] -- Up-to-date: /home/hkim/development/tello_ros_ws/install/tello_msgs/include/tello_msgs/srv
[5.521s] -- Up-to-date: /home/hkim/development/tello_ros_ws/install/tello_msgs/include/tello_msgs/srv/detail
[5.521s] -- Up-to-date: /home/hkim/development/tello_ros_ws/install/tello_msgs/include/tello_msgs/srv/detail/tello_action__rosidl_typesupport_fastrtps_c.h
[5.522s] -- Up-to-date: /home/hkim/development/tello_ros_ws/install/tello_msgs/include/tello_msgs/msg
[5.522s] -- Up-to-date: /home/hkim/development/tello_ros_ws/install/tello_msgs/include/tello_msgs/msg/detail
[5.523s] -- Up-to-date: /home/hkim/development/tello_ros_ws/install/tello_msgs/include/tello_msgs/msg/detail/tello_response__rosidl_typesupport_fastrtps_c.h
[5.544s] -- Up-to-date: /home/hkim/development/tello_ros_ws/install/tello_msgs/include/tello_msgs/msg/detail/flight_data__rosidl_typesupport_fastrtps_c.h
[5.544s] -- Up-to-date: /home/hkim/development/tello_ros_ws/install/tello_msgs/include/tello_msgs/msg/rosidl_typesupport_fastrtps_c__visibility_control.h
[5.545s] -- Up-to-date: /home/hkim/development/tello_ros_ws/install/tello_msgs/lib/libtello_msgs__rosidl_typesupport_fastrtps_c.so
[5.545s] -- Up-to-date: /home/hkim/development/tello_ros_ws/install/tello_msgs/include/tello_msgs
[5.545s] -- Up-to-date: /home/hkim/development/tello_ros_ws/install/tello_msgs/include/tello_msgs/srv
[5.546s] -- Up-to-date: /home/hkim/development/tello_ros_ws/install/tello_msgs/include/tello_msgs/srv/detail
[5.546s] -- Up-to-date: /home/hkim/development/tello_ros_ws/install/tello_msgs/include/tello_msgs/srv/detail/dds_fastrtps
[5.547s] -- Up-to-date: /home/hkim/development/tello_ros_ws/install/tello_msgs/include/tello_msgs/srv/detail/tello_action__rosidl_typesupport_fastrtps_cpp.hpp
[5.547s] -- Up-to-date: /home/hkim/development/tello_ros_ws/install/tello_msgs/include/tello_msgs/msg
[5.547s] -- Up-to-date: /home/hkim/development/tello_ros_ws/install/tello_msgs/include/tello_msgs/msg/detail
[5.548s] -- Up-to-date: /home/hkim/development/tello_ros_ws/install/tello_msgs/include/tello_msgs/msg/detail/dds_fastrtps
[5.548s] -- Up-to-date: /home/hkim/development/tello_ros_ws/install/tello_msgs/include/tello_msgs/msg/detail/flight_data__rosidl_typesupport_fastrtps_cpp.hpp
[5.558s] -- Up-to-date: /home/hkim/development/tello_ros_ws/install/tello_msgs/include/tello_msgs/msg/detail/tello_response__rosidl_typesupport_fastrtps_cpp.hpp
[5.558s] -- Up-to-date: /home/hkim/development/tello_ros_ws/install/tello_msgs/include/tello_msgs/msg/rosidl_typesupport_fastrtps_cpp__visibility_control.h
[5.558s] -- Up-to-date: /home/hkim/development/tello_ros_ws/install/tello_msgs/lib/libtello_msgs__rosidl_typesupport_fastrtps_cpp.so
[5.559s] -- Up-to-date: /home/hkim/development/tello_ros_ws/install/tello_msgs/include/tello_msgs
[5.559s] -- Up-to-date: /home/hkim/development/tello_ros_ws/install/tello_msgs/include/tello_msgs/srv
[5.569s] -- Up-to-date: /home/hkim/development/tello_ros_ws/install/tello_msgs/include/tello_msgs/srv/detail
[5.570s] -- Up-to-date: /home/hkim/development/tello_ros_ws/install/tello_msgs/include/tello_msgs/srv/detail/tello_action__rosidl_typesupport_introspection_c.h
[5.570s] -- Up-to-date: /home/hkim/development/tello_ros_ws/install/tello_msgs/include/tello_msgs/srv/detail/tello_action__type_support.c
[5.571s] -- Up-to-date: /home/hkim/development/tello_ros_ws/install/tello_msgs/include/tello_msgs/msg
[5.571s] -- Up-to-date: /home/hkim/development/tello_ros_ws/install/tello_msgs/include/tello_msgs/msg/detail
[5.572s] -- Up-to-date: /home/hkim/development/tello_ros_ws/install/tello_msgs/include/tello_msgs/msg/detail/flight_data__type_support.c
[5.589s] -- Up-to-date: /home/hkim/development/tello_ros_ws/install/tello_msgs/include/tello_msgs/msg/detail/tello_response__type_support.c
[5.590s] -- Up-to-date: /home/hkim/development/tello_ros_ws/install/tello_msgs/include/tello_msgs/msg/detail/tello_response__rosidl_typesupport_introspection_c.h
[5.590s] -- Up-to-date: /home/hkim/development/tello_ros_ws/install/tello_msgs/include/tello_msgs/msg/detail/flight_data__rosidl_typesupport_introspection_c.h
[5.591s] -- Up-to-date: /home/hkim/development/tello_ros_ws/install/tello_msgs/include/tello_msgs/msg/rosidl_typesupport_introspection_c__visibility_control.h
[5.591s] -- Up-to-date: /home/hkim/development/tello_ros_ws/install/tello_msgs/lib/libtello_msgs__rosidl_typesupport_introspection_c.so
[5.591s] -- Up-to-date: /home/hkim/development/tello_ros_ws/install/tello_msgs/lib/libtello_msgs__rosidl_typesupport_c.so
[5.592s] -- Up-to-date: /home/hkim/development/tello_ros_ws/install/tello_msgs/include/tello_msgs
[5.593s] -- Up-to-date: /home/hkim/development/tello_ros_ws/install/tello_msgs/include/tello_msgs/srv
[5.593s] -- Up-to-date: /home/hkim/development/tello_ros_ws/install/tello_msgs/include/tello_msgs/srv/detail
[5.605s] -- Up-to-date: /home/hkim/development/tello_ros_ws/install/tello_msgs/include/tello_msgs/srv/detail/tello_action__type_support.hpp
[5.605s] -- Up-to-date: /home/hkim/development/tello_ros_ws/install/tello_msgs/include/tello_msgs/srv/detail/tello_action__struct.hpp
[5.610s] -- Up-to-date: /home/hkim/development/tello_ros_ws/install/tello_msgs/include/tello_msgs/srv/detail/tello_action__traits.hpp
[5.610s] -- Up-to-date: /home/hkim/development/tello_ros_ws/install/tello_msgs/include/tello_msgs/srv/detail/tello_action__builder.hpp
[5.610s] -- Up-to-date: /home/hkim/development/tello_ros_ws/install/tello_msgs/include/tello_msgs/srv/tello_action.hpp
[5.610s] -- Up-to-date: /home/hkim/development/tello_ros_ws/install/tello_msgs/include/tello_msgs/msg
[5.610s] -- Up-to-date: /home/hkim/development/tello_ros_ws/install/tello_msgs/include/tello_msgs/msg/tello_response.hpp
[5.611s] -- Up-to-date: /home/hkim/development/tello_ros_ws/install/tello_msgs/include/tello_msgs/msg/rosidl_generator_cpp__visibility_control.hpp
[5.611s] -- Up-to-date: /home/hkim/development/tello_ros_ws/install/tello_msgs/include/tello_msgs/msg/detail
[5.611s] -- Up-to-date: /home/hkim/development/tello_ros_ws/install/tello_msgs/include/tello_msgs/msg/detail/flight_data__builder.hpp
[5.611s] -- Up-to-date: /home/hkim/development/tello_ros_ws/install/tello_msgs/include/tello_msgs/msg/detail/flight_data__type_support.hpp
[5.611s] -- Up-to-date: /home/hkim/development/tello_ros_ws/install/tello_msgs/include/tello_msgs/msg/detail/flight_data__traits.hpp
[5.611s] -- Up-to-date: /home/hkim/development/tello_ros_ws/install/tello_msgs/include/tello_msgs/msg/detail/tello_response__struct.hpp
[5.612s] -- Up-to-date: /home/hkim/development/tello_ros_ws/install/tello_msgs/include/tello_msgs/msg/detail/tello_response__traits.hpp
[5.612s] -- Up-to-date: /home/hkim/development/tello_ros_ws/install/tello_msgs/include/tello_msgs/msg/detail/flight_data__struct.hpp
[5.612s] -- Up-to-date: /home/hkim/development/tello_ros_ws/install/tello_msgs/include/tello_msgs/msg/detail/tello_response__type_support.hpp
[5.620s] -- Up-to-date: /home/hkim/development/tello_ros_ws/install/tello_msgs/include/tello_msgs/msg/detail/tello_response__builder.hpp
[5.620s] -- Up-to-date: /home/hkim/development/tello_ros_ws/install/tello_msgs/include/tello_msgs/msg/flight_data.hpp
[5.620s] -- Up-to-date: /home/hkim/development/tello_ros_ws/install/tello_msgs/include/tello_msgs
[5.621s] -- Up-to-date: /home/hkim/development/tello_ros_ws/install/tello_msgs/include/tello_msgs/srv
[5.630s] -- Up-to-date: /home/hkim/development/tello_ros_ws/install/tello_msgs/include/tello_msgs/srv/detail
[5.630s] -- Up-to-date: /home/hkim/development/tello_ros_ws/install/tello_msgs/include/tello_msgs/srv/detail/tello_action__rosidl_typesupport_introspection_cpp.hpp
[5.630s] -- Up-to-date: /home/hkim/development/tello_ros_ws/install/tello_msgs/include/tello_msgs/srv/detail/tello_action__type_support.cpp
[5.630s] -- Up-to-date: /home/hkim/development/tello_ros_ws/install/tello_msgs/include/tello_msgs/msg
[5.631s] -- Up-to-date: /home/hkim/development/tello_ros_ws/install/tello_msgs/include/tello_msgs/msg/detail
[5.631s] -- Up-to-date: /home/hkim/development/tello_ros_ws/install/tello_msgs/include/tello_msgs/msg/detail/tello_response__rosidl_typesupport_introspection_cpp.hpp
[5.631s] -- Up-to-date: /home/hkim/development/tello_ros_ws/install/tello_msgs/include/tello_msgs/msg/detail/flight_data__rosidl_typesupport_introspection_cpp.hpp
[5.631s] -- Up-to-date: /home/hkim/development/tello_ros_ws/install/tello_msgs/include/tello_msgs/msg/detail/tello_response__type_support.cpp
[5.631s] -- Up-to-date: /home/hkim/development/tello_ros_ws/install/tello_msgs/include/tello_msgs/msg/detail/flight_data__type_support.cpp
[5.631s] -- Up-to-date: /home/hkim/development/tello_ros_ws/install/tello_msgs/lib/libtello_msgs__rosidl_typesupport_introspection_cpp.so
[5.631s] -- Up-to-date: /home/hkim/development/tello_ros_ws/install/tello_msgs/lib/libtello_msgs__rosidl_typesupport_cpp.so
[5.631s] -- Up-to-date: /home/hkim/development/tello_ros_ws/install/tello_msgs/share/tello_msgs/environment/pythonpath.sh
[5.631s] -- Up-to-date: /home/hkim/development/tello_ros_ws/install/tello_msgs/share/tello_msgs/environment/pythonpath.dsv
[5.648s] -- Up-to-date: /home/hkim/development/tello_ros_ws/install/tello_msgs/lib/python3.8/site-packages/tello_msgs/__init__.py
[5.903s] -- Up-to-date: /home/hkim/development/tello_ros_ws/install/tello_msgs/lib/python3.8/site-packages/tello_msgs/msg
[5.906s] -- Up-to-date: /home/hkim/development/tello_ros_ws/install/tello_msgs/lib/python3.8/site-packages/tello_msgs/msg/_tello_response_s.c
[5.907s] -- Up-to-date: /home/hkim/development/tello_ros_ws/install/tello_msgs/lib/python3.8/site-packages/tello_msgs/msg/_flight_data.py
[5.907s] -- Up-to-date: /home/hkim/development/tello_ros_ws/install/tello_msgs/lib/python3.8/site-packages/tello_msgs/msg/_flight_data_s.c
[5.908s] -- Up-to-date: /home/hkim/development/tello_ros_ws/install/tello_msgs/lib/python3.8/site-packages/tello_msgs/msg/_tello_response.py
[5.918s] -- Up-to-date: /home/hkim/development/tello_ros_ws/install/tello_msgs/lib/python3.8/site-packages/tello_msgs/msg/__init__.py
[5.918s] -- Up-to-date: /home/hkim/development/tello_ros_ws/install/tello_msgs/lib/python3.8/site-packages/tello_msgs/srv
[5.918s] -- Up-to-date: /home/hkim/development/tello_ros_ws/install/tello_msgs/lib/python3.8/site-packages/tello_msgs/srv/_tello_action_s.c
[5.918s] -- Up-to-date: /home/hkim/development/tello_ros_ws/install/tello_msgs/lib/python3.8/site-packages/tello_msgs/srv/__init__.py
[5.918s] -- Up-to-date: /home/hkim/development/tello_ros_ws/install/tello_msgs/lib/python3.8/site-packages/tello_msgs/srv/_tello_action.py
[5.918s] -- Up-to-date: /home/hkim/development/tello_ros_ws/install/tello_msgs/lib/python3.8/site-packages/tello_msgs/tello_msgs_s__rosidl_typesupport_fastrtps_c.cpython-38-x86_64-linux-gnu.so
[5.919s] -- Up-to-date: /home/hkim/development/tello_ros_ws/install/tello_msgs/lib/python3.8/site-packages/tello_msgs/tello_msgs_s__rosidl_typesupport_introspection_c.cpython-38-x86_64-linux-gnu.so
[5.919s] -- Up-to-date: /home/hkim/development/tello_ros_ws/install/tello_msgs/lib/python3.8/site-packages/tello_msgs/tello_msgs_s__rosidl_typesupport_c.cpython-38-x86_64-linux-gnu.so
[5.924s] -- Up-to-date: /home/hkim/development/tello_ros_ws/install/tello_msgs/lib/libtello_msgs__python.so
[5.938s] -- Up-to-date: /home/hkim/development/tello_ros_ws/install/tello_msgs/share/tello_msgs/msg/FlightData.idl
[5.939s] -- Up-to-date: /home/hkim/development/tello_ros_ws/install/tello_msgs/share/tello_msgs/msg/TelloResponse.idl
[5.940s] -- Up-to-date: /home/hkim/development/tello_ros_ws/install/tello_msgs/share/tello_msgs/srv/TelloAction.idl
[5.940s] -- Up-to-date: /home/hkim/development/tello_ros_ws/install/tello_msgs/share/tello_msgs/msg/FlightData.msg
[5.940s] -- Up-to-date: /home/hkim/development/tello_ros_ws/install/tello_msgs/share/tello_msgs/msg/TelloResponse.msg
[5.941s] -- Up-to-date: /home/hkim/development/tello_ros_ws/install/tello_msgs/share/tello_msgs/srv/TelloAction.srv
[5.942s] -- Up-to-date: /home/hkim/development/tello_ros_ws/install/tello_msgs/share/tello_msgs/srv/TelloAction_Request.msg
[5.942s] -- Up-to-date: /home/hkim/development/tello_ros_ws/install/tello_msgs/share/tello_msgs/srv/TelloAction_Response.msg
[5.943s] -- Up-to-date: /home/hkim/development/tello_ros_ws/install/tello_msgs/share/ament_index/resource_index/package_run_dependencies/tello_msgs
[5.943s] -- Up-to-date: /home/hkim/development/tello_ros_ws/install/tello_msgs/share/ament_index/resource_index/parent_prefix_path/tello_msgs
[5.948s] -- Up-to-date: /home/hkim/development/tello_ros_ws/install/tello_msgs/share/tello_msgs/environment/ament_prefix_path.sh
[5.949s] -- Up-to-date: /home/hkim/development/tello_ros_ws/install/tello_msgs/share/tello_msgs/environment/ament_prefix_path.dsv
[5.949s] -- Up-to-date: /home/hkim/development/tello_ros_ws/install/tello_msgs/share/tello_msgs/environment/path.sh
[5.950s] -- Up-to-date: /home/hkim/development/tello_ros_ws/install/tello_msgs/share/tello_msgs/environment/path.dsv
[5.950s] -- Up-to-date: /home/hkim/development/tello_ros_ws/install/tello_msgs/share/tello_msgs/local_setup.bash
[5.973s] -- Up-to-date: /home/hkim/development/tello_ros_ws/install/tello_msgs/share/tello_msgs/local_setup.sh
[5.973s] -- Up-to-date: /home/hkim/development/tello_ros_ws/install/tello_msgs/share/tello_msgs/local_setup.zsh
[5.973s] -- Up-to-date: /home/hkim/development/tello_ros_ws/install/tello_msgs/share/tello_msgs/local_setup.dsv
[5.974s] -- Installing: /home/hkim/development/tello_ros_ws/install/tello_msgs/share/tello_msgs/package.dsv
[5.975s] -- Up-to-date: /home/hkim/development/tello_ros_ws/install/tello_msgs/share/ament_index/resource_index/packages/tello_msgs
[5.975s] -- Up-to-date: /home/hkim/development/tello_ros_ws/install/tello_msgs/share/tello_msgs/cmake/tello_msgs__rosidl_generator_cExport.cmake
[5.975s] -- Up-to-date: /home/hkim/development/tello_ros_ws/install/tello_msgs/share/tello_msgs/cmake/tello_msgs__rosidl_generator_cExport-noconfig.cmake
[5.976s] -- Up-to-date: /home/hkim/development/tello_ros_ws/install/tello_msgs/share/tello_msgs/cmake/tello_msgs__rosidl_typesupport_introspection_cExport.cmake
[5.976s] -- Up-to-date: /home/hkim/development/tello_ros_ws/install/tello_msgs/share/tello_msgs/cmake/tello_msgs__rosidl_typesupport_introspection_cExport-noconfig.cmake
[5.977s] -- Up-to-date: /home/hkim/development/tello_ros_ws/install/tello_msgs/share/tello_msgs/cmake/tello_msgs__rosidl_typesupport_cExport.cmake
[5.977s] -- Up-to-date: /home/hkim/development/tello_ros_ws/install/tello_msgs/share/tello_msgs/cmake/tello_msgs__rosidl_typesupport_cExport-noconfig.cmake
[5.977s] -- Up-to-date: /home/hkim/development/tello_ros_ws/install/tello_msgs/share/tello_msgs/cmake/tello_msgs__rosidl_generator_cppExport.cmake
[5.978s] -- Up-to-date: /home/hkim/development/tello_ros_ws/install/tello_msgs/share/tello_msgs/cmake/tello_msgs__rosidl_typesupport_introspection_cppExport.cmake
[5.978s] -- Up-to-date: /home/hkim/development/tello_ros_ws/install/tello_msgs/share/tello_msgs/cmake/tello_msgs__rosidl_typesupport_introspection_cppExport-noconfig.cmake
[6.003s] -- Up-to-date: /home/hkim/development/tello_ros_ws/install/tello_msgs/share/tello_msgs/cmake/tello_msgs__rosidl_typesupport_cppExport.cmake
[6.003s] -- Up-to-date: /home/hkim/development/tello_ros_ws/install/tello_msgs/share/tello_msgs/cmake/tello_msgs__rosidl_typesupport_cppExport-noconfig.cmake
[6.005s] -- Up-to-date: /home/hkim/development/tello_ros_ws/install/tello_msgs/share/tello_msgs/cmake/rosidl_cmake-extras.cmake
[6.005s] -- Up-to-date: /home/hkim/development/tello_ros_ws/install/tello_msgs/share/tello_msgs/cmake/ament_cmake_export_dependencies-extras.cmake
[6.006s] -- Up-to-date: /home/hkim/development/tello_ros_ws/install/tello_msgs/share/tello_msgs/cmake/ament_cmake_export_libraries-extras.cmake
[6.006s] -- Up-to-date: /home/hkim/development/tello_ros_ws/install/tello_msgs/share/tello_msgs/cmake/ament_cmake_export_targets-extras.cmake
[6.006s] -- Up-to-date: /home/hkim/development/tello_ros_ws/install/tello_msgs/share/tello_msgs/cmake/ament_cmake_export_include_directories-extras.cmake
[6.007s] -- Up-to-date: /home/hkim/development/tello_ros_ws/install/tello_msgs/share/tello_msgs/cmake/rosidl_cmake_export_typesupport_libraries-extras.cmake
[6.007s] -- Up-to-date: /home/hkim/development/tello_ros_ws/install/tello_msgs/share/tello_msgs/cmake/rosidl_cmake_export_typesupport_targets-extras.cmake
[6.007s] -- Up-to-date: /home/hkim/development/tello_ros_ws/install/tello_msgs/share/tello_msgs/cmake/tello_msgsConfig.cmake
[6.007s] -- Up-to-date: /home/hkim/development/tello_ros_ws/install/tello_msgs/share/tello_msgs/cmake/tello_msgsConfig-version.cmake
[6.008s] -- Up-to-date: /home/hkim/development/tello_ros_ws/install/tello_msgs/share/tello_msgs/package.xml
[6.029s] Invoked command in '/home/hkim/development/tello_ros_ws/build/tello_msgs' returned '0': CMAKE_PREFIX_PATH=${CMAKE_PREFIX_PATH}:/opt/ros/foxy /usr/bin/cmake --install /home/hkim/development/tello_ros_ws/build/tello_msgs
