[0.137s] Invoking command in '/home/hkim/development/tello_ros_ws/build/fiducial_vlam': CMAKE_PREFIX_PATH=/home/hkim/development/tello_ros_ws/install/ros2_shared:/home/hkim/development/tello_ros_ws/install/fiducial_vlam_msgs:/home/hkim/development/tello_ros_ws/install/tello_gazebo:/home/hkim/development/tello_ros_ws/install/tello_driver:/home/hkim/development/tello_ros_ws/install/tello_msgs:/home/hkim/development/tello_ros_ws/install/tello_description:/home/hkim/development/tello_ros_ws/install/fiducial_vlam:/home/hkim/development/tello_ros_ws/install/orbslam3:/opt/ros/foxy LD_LIBRARY_PATH=/home/hkim/development/tello_ros_ws/install/fiducial_vlam_msgs/lib:/home/hkim/development/tello_ros_ws/install/tello_gazebo/lib:/home/hkim/development/tello_ros_ws/install/tello_driver/lib:/home/hkim/development/tello_ros_ws/install/tello_msgs/lib:/home/hkim/development/tello_ros_ws/install/fiducial_vlam/lib:/usr/lib/x86_64-linux-gnu/gazebo-11/plugins:/opt/ros/foxy/opt/yaml_cpp_vendor/lib:/opt/ros/foxy/opt/rviz_ogre_vendor/lib:/opt/ros/foxy/lib/x86_64-linux-gnu:/opt/ros/foxy/lib PYTHONPATH=/home/hkim/development/tello_ros_ws/install/fiducial_vlam_msgs/lib/python3.8/site-packages:/home/hkim/development/tello_ros_ws/install/tello_msgs/lib/python3.8/site-packages:/opt/ros/foxy/lib/python3.8/site-packages /usr/bin/cmake --build /home/hkim/development/tello_ros_ws/build/fiducial_vlam -- -j4 -l4
[0.983s] [ 25%] Built target vmap_main
[1.363s] [ 48%] Built target vloc_node
[1.784s] [ 74%] Built target vmap_node
[2.368s] [100%] Built target vloc_main
[2.566s] Invoked command in '/home/hkim/development/tello_ros_ws/build/fiducial_vlam' returned '0': CMAKE_PREFIX_PATH=/home/hkim/development/tello_ros_ws/install/ros2_shared:/home/hkim/development/tello_ros_ws/install/fiducial_vlam_msgs:/home/hkim/development/tello_ros_ws/install/tello_gazebo:/home/hkim/development/tello_ros_ws/install/tello_driver:/home/hkim/development/tello_ros_ws/install/tello_msgs:/home/hkim/development/tello_ros_ws/install/tello_description:/home/hkim/development/tello_ros_ws/install/fiducial_vlam:/home/hkim/development/tello_ros_ws/install/orbslam3:/opt/ros/foxy LD_LIBRARY_PATH=/home/hkim/development/tello_ros_ws/install/fiducial_vlam_msgs/lib:/home/hkim/development/tello_ros_ws/install/tello_gazebo/lib:/home/hkim/development/tello_ros_ws/install/tello_driver/lib:/home/hkim/development/tello_ros_ws/install/tello_msgs/lib:/home/hkim/development/tello_ros_ws/install/fiducial_vlam/lib:/usr/lib/x86_64-linux-gnu/gazebo-11/plugins:/opt/ros/foxy/opt/yaml_cpp_vendor/lib:/opt/ros/foxy/opt/rviz_ogre_vendor/lib:/opt/ros/foxy/lib/x86_64-linux-gnu:/opt/ros/foxy/lib PYTHONPATH=/home/hkim/development/tello_ros_ws/install/fiducial_vlam_msgs/lib/python3.8/site-packages:/home/hkim/development/tello_ros_ws/install/tello_msgs/lib/python3.8/site-packages:/opt/ros/foxy/lib/python3.8/site-packages /usr/bin/cmake --build /home/hkim/development/tello_ros_ws/build/fiducial_vlam -- -j4 -l4
[3.106s] Invoking command in '/home/hkim/development/tello_ros_ws/build/fiducial_vlam': CMAKE_PREFIX_PATH=/home/hkim/development/tello_ros_ws/install/ros2_shared:/home/hkim/development/tello_ros_ws/install/fiducial_vlam_msgs:/home/hkim/development/tello_ros_ws/install/tello_gazebo:/home/hkim/development/tello_ros_ws/install/tello_driver:/home/hkim/development/tello_ros_ws/install/tello_msgs:/home/hkim/development/tello_ros_ws/install/tello_description:/home/hkim/development/tello_ros_ws/install/fiducial_vlam:/home/hkim/development/tello_ros_ws/install/orbslam3:/opt/ros/foxy LD_LIBRARY_PATH=/home/hkim/development/tello_ros_ws/install/fiducial_vlam_msgs/lib:/home/hkim/development/tello_ros_ws/install/tello_gazebo/lib:/home/hkim/development/tello_ros_ws/install/tello_driver/lib:/home/hkim/development/tello_ros_ws/install/tello_msgs/lib:/home/hkim/development/tello_ros_ws/install/fiducial_vlam/lib:/usr/lib/x86_64-linux-gnu/gazebo-11/plugins:/opt/ros/foxy/opt/yaml_cpp_vendor/lib:/opt/ros/foxy/opt/rviz_ogre_vendor/lib:/opt/ros/foxy/lib/x86_64-linux-gnu:/opt/ros/foxy/lib PYTHONPATH=/home/hkim/development/tello_ros_ws/install/fiducial_vlam_msgs/lib/python3.8/site-packages:/home/hkim/development/tello_ros_ws/install/tello_msgs/lib/python3.8/site-packages:/opt/ros/foxy/lib/python3.8/site-packages /usr/bin/cmake --install /home/hkim/development/tello_ros_ws/build/fiducial_vlam
[3.221s] -- Install configuration: ""
[3.222s] -- Up-to-date: /home/hkim/development/tello_ros_ws/install/fiducial_vlam/lib/libvloc_node.so
[3.222s] -- Up-to-date: /home/hkim/development/tello_ros_ws/install/fiducial_vlam/lib/libvmap_node.so
[3.225s] -- Up-to-date: /home/hkim/development/tello_ros_ws/install/fiducial_vlam/lib/fiducial_vlam/vloc_main
[3.225s] -- Up-to-date: /home/hkim/development/tello_ros_ws/install/fiducial_vlam/lib/fiducial_vlam/vmap_main
[3.265s] -- Up-to-date: /home/hkim/development/tello_ros_ws/install/fiducial_vlam/share/fiducial_vlam/cfg
[3.265s] -- Up-to-date: /home/hkim/development/tello_ros_ws/install/fiducial_vlam/share/fiducial_vlam/cfg/fiducial_marker_locations_basement.yaml
[3.266s] -- Up-to-date: /home/hkim/development/tello_ros_ws/install/fiducial_vlam/share/fiducial_vlam/cfg/Aruco Marker 6X6 250 IDs 01-12.pdf
[3.269s] -- Up-to-date: /home/hkim/development/tello_ros_ws/install/fiducial_vlam/share/fiducial_vlam/cfg/fiducial_marker_locations_office.yaml
[3.269s] -- Up-to-date: /home/hkim/development/tello_ros_ws/install/fiducial_vlam/share/fiducial_vlam/launch
[3.270s] -- Up-to-date: /home/hkim/development/tello_ros_ws/install/fiducial_vlam/share/fiducial_vlam/launch/teleop_launch.py
[3.270s] -- Up-to-date: /home/hkim/development/tello_ros_ws/install/fiducial_vlam/share/fiducial_vlam/launch/pair_xps_launch.py
[3.271s] -- Up-to-date: /home/hkim/development/tello_ros_ws/install/fiducial_vlam/share/fiducial_vlam/launch/launch_one_gazebo.py
[3.276s] -- Up-to-date: /home/hkim/development/tello_ros_ws/install/fiducial_vlam/share/fiducial_vlam/launch/launch_one.py
[3.276s] -- Up-to-date: /home/hkim/development/tello_ros_ws/install/fiducial_vlam/share/fiducial_vlam/launch/pair_box_pattern.sh
[3.276s] -- Up-to-date: /home/hkim/development/tello_ros_ws/install/fiducial_vlam/share/fiducial_vlam/launch/launch_one.rviz
[3.277s] -- Up-to-date: /home/hkim/development/tello_ros_ws/install/fiducial_vlam/share/fiducial_vlam/launch/pair_brix_launch.py
[3.277s] -- Up-to-date: /home/hkim/development/tello_ros_ws/install/fiducial_vlam/share/fiducial_vlam/launch/sim_one_marker_launch.py
[3.277s] -- Up-to-date: /home/hkim/development/tello_ros_ws/install/fiducial_vlam/share/fiducial_vlam/launch/launch_two_gazebo.py
[3.277s] -- Up-to-date: /home/hkim/development/tello_ros_ws/install/fiducial_vlam/share/fiducial_vlam/launch/sim_yz_plane_of_markers_launch.py
[3.278s] -- Up-to-date: /home/hkim/development/tello_ros_ws/install/fiducial_vlam/share/fiducial_vlam/launch/pair_shared_launch.py
[3.290s] -- Up-to-date: /home/hkim/development/tello_ros_ws/install/fiducial_vlam/share/fiducial_vlam/launch/pair_box_pattern_b.sh
[3.294s] -- Up-to-date: /home/hkim/development/tello_ros_ws/install/fiducial_vlam/include
[3.301s] -- Up-to-date: /home/hkim/development/tello_ros_ws/install/fiducial_vlam/include/map.hpp
[3.302s] -- Up-to-date: /home/hkim/development/tello_ros_ws/install/fiducial_vlam/include/fiducial_vlam
[3.314s] -- Up-to-date: /home/hkim/development/tello_ros_ws/install/fiducial_vlam/include/fiducial_vlam/fiducial_vlam.hpp
[3.315s] -- Up-to-date: /home/hkim/development/tello_ros_ws/install/fiducial_vlam/include/vmap_context.hpp
[3.319s] -- Up-to-date: /home/hkim/development/tello_ros_ws/install/fiducial_vlam/include/vloc_context.hpp
[3.319s] -- Up-to-date: /home/hkim/development/tello_ros_ws/install/fiducial_vlam/include/transform_with_covariance.hpp
[3.319s] -- Up-to-date: /home/hkim/development/tello_ros_ws/install/fiducial_vlam/include/convert_util.hpp
[3.319s] -- Up-to-date: /home/hkim/development/tello_ros_ws/install/fiducial_vlam/include/observation.hpp
[3.320s] -- Up-to-date: /home/hkim/development/tello_ros_ws/install/fiducial_vlam/include/fiducial_math.hpp
[3.320s] -- Up-to-date: /home/hkim/development/tello_ros_ws/install/fiducial_vlam/share/fiducial_vlam/environment/library_path.sh
[3.320s] -- Up-to-date: /home/hkim/development/tello_ros_ws/install/fiducial_vlam/share/fiducial_vlam/environment/library_path.dsv
[3.321s] -- Up-to-date: /home/hkim/development/tello_ros_ws/install/fiducial_vlam/share/ament_index/resource_index/package_run_dependencies/fiducial_vlam
[3.321s] -- Up-to-date: /home/hkim/development/tello_ros_ws/install/fiducial_vlam/share/ament_index/resource_index/parent_prefix_path/fiducial_vlam
[3.383s] -- Up-to-date: /home/hkim/development/tello_ros_ws/install/fiducial_vlam/share/fiducial_vlam/environment/ament_prefix_path.sh
[3.385s] -- Up-to-date: /home/hkim/development/tello_ros_ws/install/fiducial_vlam/share/fiducial_vlam/environment/ament_prefix_path.dsv
[3.386s] -- Up-to-date: /home/hkim/development/tello_ros_ws/install/fiducial_vlam/share/fiducial_vlam/environment/path.sh
[3.386s] -- Up-to-date: /home/hkim/development/tello_ros_ws/install/fiducial_vlam/share/fiducial_vlam/environment/path.dsv
[3.386s] -- Up-to-date: /home/hkim/development/tello_ros_ws/install/fiducial_vlam/share/fiducial_vlam/local_setup.bash
[3.387s] -- Up-to-date: /home/hkim/development/tello_ros_ws/install/fiducial_vlam/share/fiducial_vlam/local_setup.sh
[3.387s] -- Up-to-date: /home/hkim/development/tello_ros_ws/install/fiducial_vlam/share/fiducial_vlam/local_setup.zsh
[3.387s] -- Up-to-date: /home/hkim/development/tello_ros_ws/install/fiducial_vlam/share/fiducial_vlam/local_setup.dsv
[3.388s] -- Installing: /home/hkim/development/tello_ros_ws/install/fiducial_vlam/share/fiducial_vlam/package.dsv
[3.388s] -- Up-to-date: /home/hkim/development/tello_ros_ws/install/fiducial_vlam/share/ament_index/resource_index/packages/fiducial_vlam
[3.388s] -- Up-to-date: /home/hkim/development/tello_ros_ws/install/fiducial_vlam/share/ament_index/resource_index/rclcpp_components/fiducial_vlam
[3.423s] -- Up-to-date: /home/hkim/development/tello_ros_ws/install/fiducial_vlam/share/fiducial_vlam/cmake/export_vloc_nodeExport.cmake
[3.424s] -- Up-to-date: /home/hkim/development/tello_ros_ws/install/fiducial_vlam/share/fiducial_vlam/cmake/export_vloc_nodeExport-noconfig.cmake
[3.434s] -- Up-to-date: /home/hkim/development/tello_ros_ws/install/fiducial_vlam/share/fiducial_vlam/cmake/export_vmap_nodeExport.cmake
[3.435s] -- Up-to-date: /home/hkim/development/tello_ros_ws/install/fiducial_vlam/share/fiducial_vlam/cmake/export_vmap_nodeExport-noconfig.cmake
[3.435s] -- Up-to-date: /home/hkim/development/tello_ros_ws/install/fiducial_vlam/share/fiducial_vlam/cmake/ament_cmake_export_dependencies-extras.cmake
[3.435s] -- Up-to-date: /home/hkim/development/tello_ros_ws/install/fiducial_vlam/share/fiducial_vlam/cmake/ament_cmake_export_include_directories-extras.cmake
[3.436s] -- Up-to-date: /home/hkim/development/tello_ros_ws/install/fiducial_vlam/share/fiducial_vlam/cmake/ament_cmake_export_targets-extras.cmake
[3.436s] -- Up-to-date: /home/hkim/development/tello_ros_ws/install/fiducial_vlam/share/fiducial_vlam/cmake/ament_cmake_export_libraries-extras.cmake
[3.436s] -- Up-to-date: /home/hkim/development/tello_ros_ws/install/fiducial_vlam/share/fiducial_vlam/cmake/fiducial_vlamConfig.cmake
[3.436s] -- Up-to-date: /home/hkim/development/tello_ros_ws/install/fiducial_vlam/share/fiducial_vlam/cmake/fiducial_vlamConfig-version.cmake
[3.437s] -- Up-to-date: /home/hkim/development/tello_ros_ws/install/fiducial_vlam/share/fiducial_vlam/package.xml
[3.437s] Invoked command in '/home/hkim/development/tello_ros_ws/build/fiducial_vlam' returned '0': CMAKE_PREFIX_PATH=/home/hkim/development/tello_ros_ws/install/ros2_shared:/home/hkim/development/tello_ros_ws/install/fiducial_vlam_msgs:/home/hkim/development/tello_ros_ws/install/tello_gazebo:/home/hkim/development/tello_ros_ws/install/tello_driver:/home/hkim/development/tello_ros_ws/install/tello_msgs:/home/hkim/development/tello_ros_ws/install/tello_description:/home/hkim/development/tello_ros_ws/install/fiducial_vlam:/home/hkim/development/tello_ros_ws/install/orbslam3:/opt/ros/foxy LD_LIBRARY_PATH=/home/hkim/development/tello_ros_ws/install/fiducial_vlam_msgs/lib:/home/hkim/development/tello_ros_ws/install/tello_gazebo/lib:/home/hkim/development/tello_ros_ws/install/tello_driver/lib:/home/hkim/development/tello_ros_ws/install/tello_msgs/lib:/home/hkim/development/tello_ros_ws/install/fiducial_vlam/lib:/usr/lib/x86_64-linux-gnu/gazebo-11/plugins:/opt/ros/foxy/opt/yaml_cpp_vendor/lib:/opt/ros/foxy/opt/rviz_ogre_vendor/lib:/opt/ros/foxy/lib/x86_64-linux-gnu:/opt/ros/foxy/lib PYTHONPATH=/home/hkim/development/tello_ros_ws/install/fiducial_vlam_msgs/lib/python3.8/site-packages:/home/hkim/development/tello_ros_ws/install/tello_msgs/lib/python3.8/site-packages:/opt/ros/foxy/lib/python3.8/site-packages /usr/bin/cmake --install /home/hkim/development/tello_ros_ws/build/fiducial_vlam
