[0.046s] Invoking command in '/home/hkim/development/tello_ros_ws/build/ros2_orbslam': CMAKE_PREFIX_PATH=/opt/ros/foxy /usr/bin/cmake /home/hkim/development/tello_ros_ws/src/ros2-ORB_SLAM2 -DCMAKE_INSTALL_PREFIX=/home/hkim/development/tello_ros_ws/install/ros2_orbslam
[0.066s] -- Found ament_cmake: 0.9.12 (/opt/ros/foxy/share/ament_cmake/cmake)
[0.102s] -- Using PYTHON_EXECUTABLE: /usr/bin/python3
[0.731s] -- Found rclcpp: 2.4.3 (/opt/ros/foxy/share/rclcpp/cmake)
[0.813s] -- Using all available rosidl_typesupport_c: rosidl_typesupport_fastrtps_c;rosidl_typesupport_introspection_c
[0.818s] -- Found rosidl_adapter: 1.3.1 (/opt/ros/foxy/share/rosidl_adapter/cmake)
[1.079s] -- Using all available rosidl_typesupport_cpp: rosidl_typesupport_fastrtps_cpp;rosidl_typesupport_introspection_cpp
[1.179s] -- Found rmw_implementation_cmake: 1.0.4 (/opt/ros/foxy/share/rmw_implementation_cmake/cmake)
[1.181s] -- Using RMW implementation 'rmw_fastrtps_cpp' as default
[1.613s] -- Found sensor_msgs: 2.0.5 (/opt/ros/foxy/share/sensor_msgs/cmake)
[1.888s] -- Found cv_bridge: 3.0.7 (/opt/ros/foxy/share/cv_bridge/cmake)
[1.926s] -- Found message_filters: 3.2.7 (/opt/ros/foxy/share/message_filters/cmake)
[1.942s] CMake Error at /usr/share/cmake-3.16/Modules/FindPackageHandleStandardArgs.cmake:146 (message):
[1.942s]   Could NOT find ORB_SLAM2 (missing: ORB_SLAM2_LIBRARY DBoW2_LIBRARY)
[1.942s] Call Stack (most recent call first):
[1.942s]   /usr/share/cmake-3.16/Modules/FindPackageHandleStandardArgs.cmake:393 (_FPHSA_FAILURE_MESSAGE)
[1.943s]   CMakeModules/FindORB_SLAM2.cmake:44 (find_package_handle_standard_args)
[1.943s]   CMakeLists.txt:21 (find_package)
[1.943s] 
[1.943s] 
[1.945s] -- Configuring incomplete, errors occurred!
[1.945s] See also "/home/hkim/development/tello_ros_ws/build/ros2_orbslam/CMakeFiles/CMakeOutput.log".
[1.945s] See also "/home/hkim/development/tello_ros_ws/build/ros2_orbslam/CMakeFiles/CMakeError.log".
[1.957s] Invoked command in '/home/hkim/development/tello_ros_ws/build/ros2_orbslam' returned '1': CMAKE_PREFIX_PATH=/opt/ros/foxy /usr/bin/cmake /home/hkim/development/tello_ros_ws/src/ros2-ORB_SLAM2 -DCMAKE_INSTALL_PREFIX=/home/hkim/development/tello_ros_ws/install/ros2_orbslam
