[0.044s] Invoking command in '/home/hkim/development/tello_ros_ws/build/tello_gazebo': CMAKE_PREFIX_PATH=/home/hkim/development/tello_ros_ws/install/tello_msgs:/home/hkim/development/tello_ros_ws/install/orbslam3:/home/hkim/development/tello_ros_ws/install/tello_gazebo:/home/hkim/development/tello_ros_ws/install/tello_driver:/home/hkim/development/tello_ros_ws/install/tello_description:/home/hkim/development/tello_ros_ws/install/fiducial_vlam:/home/hkim/development/tello_ros_ws/install/ros2_shared:/home/hkim/development/tello_ros_ws/install/fiducial_vlam_msgs:/opt/ros/foxy LD_LIBRARY_PATH=/home/hkim/development/tello_ros_ws/install/tello_msgs/lib:/home/hkim/development/tello_ros_ws/install/tello_gazebo/lib:/home/hkim/development/tello_ros_ws/install/tello_driver/lib:/home/hkim/development/tello_ros_ws/install/fiducial_vlam/lib:/home/hkim/development/tello_ros_ws/install/fiducial_vlam_msgs/lib:/usr/lib/x86_64-linux-gnu/gazebo-11/plugins:/opt/ros/foxy/opt/yaml_cpp_vendor/lib:/opt/ros/foxy/opt/rviz_ogre_vendor/lib:/opt/ros/foxy/lib/x86_64-linux-gnu:/opt/ros/foxy/lib /usr/bin/cmake --build /home/hkim/development/tello_ros_ws/build/tello_gazebo -- -j4 -l4
[0.581s] [100%] Built target TelloPlugin
[0.663s] Invoked command in '/home/hkim/development/tello_ros_ws/build/tello_gazebo' returned '0': CMAKE_PREFIX_PATH=/home/hkim/development/tello_ros_ws/install/tello_msgs:/home/hkim/development/tello_ros_ws/install/orbslam3:/home/hkim/development/tello_ros_ws/install/tello_gazebo:/home/hkim/development/tello_ros_ws/install/tello_driver:/home/hkim/development/tello_ros_ws/install/tello_description:/home/hkim/development/tello_ros_ws/install/fiducial_vlam:/home/hkim/development/tello_ros_ws/install/ros2_shared:/home/hkim/development/tello_ros_ws/install/fiducial_vlam_msgs:/opt/ros/foxy LD_LIBRARY_PATH=/home/hkim/development/tello_ros_ws/install/tello_msgs/lib:/home/hkim/development/tello_ros_ws/install/tello_gazebo/lib:/home/hkim/development/tello_ros_ws/install/tello_driver/lib:/home/hkim/development/tello_ros_ws/install/fiducial_vlam/lib:/home/hkim/development/tello_ros_ws/install/fiducial_vlam_msgs/lib:/usr/lib/x86_64-linux-gnu/gazebo-11/plugins:/opt/ros/foxy/opt/yaml_cpp_vendor/lib:/opt/ros/foxy/opt/rviz_ogre_vendor/lib:/opt/ros/foxy/lib/x86_64-linux-gnu:/opt/ros/foxy/lib /usr/bin/cmake --build /home/hkim/development/tello_ros_ws/build/tello_gazebo -- -j4 -l4
[0.829s] Invoking command in '/home/hkim/development/tello_ros_ws/build/tello_gazebo': CMAKE_PREFIX_PATH=/home/hkim/development/tello_ros_ws/install/tello_msgs:/home/hkim/development/tello_ros_ws/install/orbslam3:/home/hkim/development/tello_ros_ws/install/tello_gazebo:/home/hkim/development/tello_ros_ws/install/tello_driver:/home/hkim/development/tello_ros_ws/install/tello_description:/home/hkim/development/tello_ros_ws/install/fiducial_vlam:/home/hkim/development/tello_ros_ws/install/ros2_shared:/home/hkim/development/tello_ros_ws/install/fiducial_vlam_msgs:/opt/ros/foxy LD_LIBRARY_PATH=/home/hkim/development/tello_ros_ws/install/tello_msgs/lib:/home/hkim/development/tello_ros_ws/install/tello_gazebo/lib:/home/hkim/development/tello_ros_ws/install/tello_driver/lib:/home/hkim/development/tello_ros_ws/install/fiducial_vlam/lib:/home/hkim/development/tello_ros_ws/install/fiducial_vlam_msgs/lib:/usr/lib/x86_64-linux-gnu/gazebo-11/plugins:/opt/ros/foxy/opt/yaml_cpp_vendor/lib:/opt/ros/foxy/opt/rviz_ogre_vendor/lib:/opt/ros/foxy/lib/x86_64-linux-gnu:/opt/ros/foxy/lib /usr/bin/cmake --install /home/hkim/development/tello_ros_ws/build/tello_gazebo
[0.912s] -- Install configuration: ""
[0.923s] -- Up-to-date: /home/hkim/development/tello_ros_ws/install/tello_gazebo/lib/libTelloPlugin.so
[0.926s] -- Up-to-date: /home/hkim/development/tello_ros_ws/install/tello_gazebo/share/tello_gazebo/models
[0.927s] -- Up-to-date: /home/hkim/development/tello_ros_ws/install/tello_gazebo/share/tello_gazebo/models/marker_4
[0.927s] -- Up-to-date: /home/hkim/development/tello_ros_ws/install/tello_gazebo/share/tello_gazebo/models/marker_4/model.sdf
[0.928s] -- Up-to-date: /home/hkim/development/tello_ros_ws/install/tello_gazebo/share/tello_gazebo/models/marker_4/materials
[0.932s] -- Up-to-date: /home/hkim/development/tello_ros_ws/install/tello_gazebo/share/tello_gazebo/models/marker_4/materials/scripts
[0.933s] -- Up-to-date: /home/hkim/development/tello_ros_ws/install/tello_gazebo/share/tello_gazebo/models/marker_4/materials/scripts/marker_4.material
[0.933s] -- Up-to-date: /home/hkim/development/tello_ros_ws/install/tello_gazebo/share/tello_gazebo/models/marker_4/materials/textures
[0.933s] -- Up-to-date: /home/hkim/development/tello_ros_ws/install/tello_gazebo/share/tello_gazebo/models/marker_4/materials/textures/aruco_mark_4.svg
[0.933s] -- Up-to-date: /home/hkim/development/tello_ros_ws/install/tello_gazebo/share/tello_gazebo/models/marker_4/materials/textures/aruco_mark_4.png
[0.933s] -- Up-to-date: /home/hkim/development/tello_ros_ws/install/tello_gazebo/share/tello_gazebo/models/marker_4/model.config
[0.933s] -- Up-to-date: /home/hkim/development/tello_ros_ws/install/tello_gazebo/share/tello_gazebo/models/marker_3
[0.945s] -- Up-to-date: /home/hkim/development/tello_ros_ws/install/tello_gazebo/share/tello_gazebo/models/marker_3/model.sdf
[0.945s] -- Up-to-date: /home/hkim/development/tello_ros_ws/install/tello_gazebo/share/tello_gazebo/models/marker_3/materials
[0.946s] -- Up-to-date: /home/hkim/development/tello_ros_ws/install/tello_gazebo/share/tello_gazebo/models/marker_3/materials/scripts
[0.950s] -- Up-to-date: /home/hkim/development/tello_ros_ws/install/tello_gazebo/share/tello_gazebo/models/marker_3/materials/scripts/marker_3.material
[0.951s] -- Up-to-date: /home/hkim/development/tello_ros_ws/install/tello_gazebo/share/tello_gazebo/models/marker_3/materials/textures
[0.951s] -- Up-to-date: /home/hkim/development/tello_ros_ws/install/tello_gazebo/share/tello_gazebo/models/marker_3/materials/textures/aruco_mark_3.svg
[0.952s] -- Up-to-date: /home/hkim/development/tello_ros_ws/install/tello_gazebo/share/tello_gazebo/models/marker_3/materials/textures/aruco_mark_3.png
[0.952s] -- Up-to-date: /home/hkim/development/tello_ros_ws/install/tello_gazebo/share/tello_gazebo/models/marker_3/model.config
[0.952s] -- Up-to-date: /home/hkim/development/tello_ros_ws/install/tello_gazebo/share/tello_gazebo/models/marker_7
[0.953s] -- Up-to-date: /home/hkim/development/tello_ros_ws/install/tello_gazebo/share/tello_gazebo/models/marker_7/model.sdf
[0.953s] -- Up-to-date: /home/hkim/development/tello_ros_ws/install/tello_gazebo/share/tello_gazebo/models/marker_7/materials
[0.953s] -- Up-to-date: /home/hkim/development/tello_ros_ws/install/tello_gazebo/share/tello_gazebo/models/marker_7/materials/scripts
[0.954s] -- Up-to-date: /home/hkim/development/tello_ros_ws/install/tello_gazebo/share/tello_gazebo/models/marker_7/materials/scripts/marker_7.material
[0.954s] -- Up-to-date: /home/hkim/development/tello_ros_ws/install/tello_gazebo/share/tello_gazebo/models/marker_7/materials/textures
[0.955s] -- Up-to-date: /home/hkim/development/tello_ros_ws/install/tello_gazebo/share/tello_gazebo/models/marker_7/materials/textures/aruco_mark_7.svg
[0.955s] -- Up-to-date: /home/hkim/development/tello_ros_ws/install/tello_gazebo/share/tello_gazebo/models/marker_7/materials/textures/aruco_mark_7.png
[0.956s] -- Up-to-date: /home/hkim/development/tello_ros_ws/install/tello_gazebo/share/tello_gazebo/models/marker_7/model.config
[0.956s] -- Up-to-date: /home/hkim/development/tello_ros_ws/install/tello_gazebo/share/tello_gazebo/models/marker_5
[0.956s] -- Up-to-date: /home/hkim/development/tello_ros_ws/install/tello_gazebo/share/tello_gazebo/models/marker_5/model.sdf
[0.957s] -- Up-to-date: /home/hkim/development/tello_ros_ws/install/tello_gazebo/share/tello_gazebo/models/marker_5/materials
[0.972s] -- Up-to-date: /home/hkim/development/tello_ros_ws/install/tello_gazebo/share/tello_gazebo/models/marker_5/materials/scripts
[0.984s] -- Up-to-date: /home/hkim/development/tello_ros_ws/install/tello_gazebo/share/tello_gazebo/models/marker_5/materials/scripts/marker_5.material
[0.985s] -- Up-to-date: /home/hkim/development/tello_ros_ws/install/tello_gazebo/share/tello_gazebo/models/marker_5/materials/textures
[0.985s] -- Up-to-date: /home/hkim/development/tello_ros_ws/install/tello_gazebo/share/tello_gazebo/models/marker_5/materials/textures/aruco_mark_5.png
[0.985s] -- Up-to-date: /home/hkim/development/tello_ros_ws/install/tello_gazebo/share/tello_gazebo/models/marker_5/materials/textures/aruco_mark_5.svg
[0.987s] -- Up-to-date: /home/hkim/development/tello_ros_ws/install/tello_gazebo/share/tello_gazebo/models/marker_5/model.config
[0.987s] -- Up-to-date: /home/hkim/development/tello_ros_ws/install/tello_gazebo/share/tello_gazebo/models/marker_0
[0.987s] -- Up-to-date: /home/hkim/development/tello_ros_ws/install/tello_gazebo/share/tello_gazebo/models/marker_0/model.sdf
[0.988s] -- Up-to-date: /home/hkim/development/tello_ros_ws/install/tello_gazebo/share/tello_gazebo/models/marker_0/materials
[0.988s] -- Up-to-date: /home/hkim/development/tello_ros_ws/install/tello_gazebo/share/tello_gazebo/models/marker_0/materials/scripts
[0.995s] -- Up-to-date: /home/hkim/development/tello_ros_ws/install/tello_gazebo/share/tello_gazebo/models/marker_0/materials/scripts/marker_0.material
[0.996s] -- Up-to-date: /home/hkim/development/tello_ros_ws/install/tello_gazebo/share/tello_gazebo/models/marker_0/materials/textures
[0.998s] -- Up-to-date: /home/hkim/development/tello_ros_ws/install/tello_gazebo/share/tello_gazebo/models/marker_0/materials/textures/aruco_mark_0.png
[0.999s] -- Up-to-date: /home/hkim/development/tello_ros_ws/install/tello_gazebo/share/tello_gazebo/models/marker_0/materials/textures/aruco_mark_0.svg
[0.999s] -- Up-to-date: /home/hkim/development/tello_ros_ws/install/tello_gazebo/share/tello_gazebo/models/marker_0/model.config
[0.999s] -- Up-to-date: /home/hkim/development/tello_ros_ws/install/tello_gazebo/share/tello_gazebo/models/marker_6
[0.999s] -- Up-to-date: /home/hkim/development/tello_ros_ws/install/tello_gazebo/share/tello_gazebo/models/marker_6/model.sdf
[1.000s] -- Up-to-date: /home/hkim/development/tello_ros_ws/install/tello_gazebo/share/tello_gazebo/models/marker_6/materials
[1.000s] -- Up-to-date: /home/hkim/development/tello_ros_ws/install/tello_gazebo/share/tello_gazebo/models/marker_6/materials/scripts
[1.000s] -- Up-to-date: /home/hkim/development/tello_ros_ws/install/tello_gazebo/share/tello_gazebo/models/marker_6/materials/scripts/marker_6.material
[1.000s] -- Up-to-date: /home/hkim/development/tello_ros_ws/install/tello_gazebo/share/tello_gazebo/models/marker_6/materials/textures
[1.000s] -- Up-to-date: /home/hkim/development/tello_ros_ws/install/tello_gazebo/share/tello_gazebo/models/marker_6/materials/textures/aruco_mark_6.svg
[1.000s] -- Up-to-date: /home/hkim/development/tello_ros_ws/install/tello_gazebo/share/tello_gazebo/models/marker_6/materials/textures/aruco_mark_6.png
[1.000s] -- Up-to-date: /home/hkim/development/tello_ros_ws/install/tello_gazebo/share/tello_gazebo/models/marker_6/model.config
[1.008s] -- Up-to-date: /home/hkim/development/tello_ros_ws/install/tello_gazebo/share/tello_gazebo/models/marker_2
[1.010s] -- Up-to-date: /home/hkim/development/tello_ros_ws/install/tello_gazebo/share/tello_gazebo/models/marker_2/model.sdf
[1.010s] -- Up-to-date: /home/hkim/development/tello_ros_ws/install/tello_gazebo/share/tello_gazebo/models/marker_2/materials
[1.010s] -- Up-to-date: /home/hkim/development/tello_ros_ws/install/tello_gazebo/share/tello_gazebo/models/marker_2/materials/scripts
[1.012s] -- Up-to-date: /home/hkim/development/tello_ros_ws/install/tello_gazebo/share/tello_gazebo/models/marker_2/materials/scripts/marker_2.material
[1.013s] -- Up-to-date: /home/hkim/development/tello_ros_ws/install/tello_gazebo/share/tello_gazebo/models/marker_2/materials/textures
[1.013s] -- Up-to-date: /home/hkim/development/tello_ros_ws/install/tello_gazebo/share/tello_gazebo/models/marker_2/materials/textures/aruco_mark_2.png
[1.015s] -- Up-to-date: /home/hkim/development/tello_ros_ws/install/tello_gazebo/share/tello_gazebo/models/marker_2/materials/textures/aruco_mark_2.svg
[1.015s] -- Up-to-date: /home/hkim/development/tello_ros_ws/install/tello_gazebo/share/tello_gazebo/models/marker_2/model.config
[1.015s] -- Up-to-date: /home/hkim/development/tello_ros_ws/install/tello_gazebo/share/tello_gazebo/models/marker_1
[1.015s] -- Up-to-date: /home/hkim/development/tello_ros_ws/install/tello_gazebo/share/tello_gazebo/models/marker_1/model.sdf
[1.016s] -- Up-to-date: /home/hkim/development/tello_ros_ws/install/tello_gazebo/share/tello_gazebo/models/marker_1/materials
[1.016s] -- Up-to-date: /home/hkim/development/tello_ros_ws/install/tello_gazebo/share/tello_gazebo/models/marker_1/materials/scripts
[1.016s] -- Up-to-date: /home/hkim/development/tello_ros_ws/install/tello_gazebo/share/tello_gazebo/models/marker_1/materials/scripts/marker_1.material
[1.016s] -- Up-to-date: /home/hkim/development/tello_ros_ws/install/tello_gazebo/share/tello_gazebo/models/marker_1/materials/textures
[1.016s] -- Up-to-date: /home/hkim/development/tello_ros_ws/install/tello_gazebo/share/tello_gazebo/models/marker_1/materials/textures/aruco_mark_1.png
[1.016s] -- Up-to-date: /home/hkim/development/tello_ros_ws/install/tello_gazebo/share/tello_gazebo/models/marker_1/materials/textures/aruco_mark_1.svg
[1.016s] -- Up-to-date: /home/hkim/development/tello_ros_ws/install/tello_gazebo/share/tello_gazebo/models/marker_1/model.config
[1.016s] -- Up-to-date: /home/hkim/development/tello_ros_ws/install/tello_gazebo/share/tello_gazebo/worlds
[1.017s] -- Up-to-date: /home/hkim/development/tello_ros_ws/install/tello_gazebo/share/tello_gazebo/worlds/f2.world
[1.017s] -- Up-to-date: /home/hkim/development/tello_ros_ws/install/tello_gazebo/share/tello_gazebo/worlds/build_world.py
[1.017s] -- Up-to-date: /home/hkim/development/tello_ros_ws/install/tello_gazebo/share/tello_gazebo/worlds/fiducial_map.yaml
[1.017s] -- Up-to-date: /home/hkim/development/tello_ros_ws/install/tello_gazebo/share/tello_gazebo/worlds/simple.world
[1.017s] -- Up-to-date: /home/hkim/development/tello_ros_ws/install/tello_gazebo/share/tello_gazebo/worlds/f2_map.yaml
[1.039s] -- Installing: /home/hkim/development/tello_ros_ws/install/tello_gazebo/share/tello_gazebo/worlds/office_small.world
[1.040s] -- Up-to-date: /home/hkim/development/tello_ros_ws/install/tello_gazebo/share/tello_gazebo/worlds/fiducial.world
[1.040s] -- Up-to-date: /home/hkim/development/tello_ros_ws/install/tello_gazebo/share/tello_gazebo/launch
[1.041s] -- Up-to-date: /home/hkim/development/tello_ros_ws/install/tello_gazebo/share/tello_gazebo/launch/vlam_launch.py
[1.041s] -- Installing: /home/hkim/development/tello_ros_ws/install/tello_gazebo/share/tello_gazebo/launch/simple_launch.py
[1.042s] -- Up-to-date: /home/hkim/development/tello_ros_ws/install/tello_gazebo/lib/tello_gazebo/inject_entity.py
[1.042s] -- Up-to-date: /home/hkim/development/tello_ros_ws/install/tello_gazebo/share/ament_index/resource_index/package_run_dependencies/tello_gazebo
[1.085s] -- Up-to-date: /home/hkim/development/tello_ros_ws/install/tello_gazebo/share/ament_index/resource_index/parent_prefix_path/tello_gazebo
[1.086s] -- Up-to-date: /home/hkim/development/tello_ros_ws/install/tello_gazebo/share/tello_gazebo/environment/ament_prefix_path.sh
[1.087s] -- Up-to-date: /home/hkim/development/tello_ros_ws/install/tello_gazebo/share/tello_gazebo/environment/ament_prefix_path.dsv
[1.087s] -- Up-to-date: /home/hkim/development/tello_ros_ws/install/tello_gazebo/share/tello_gazebo/environment/path.sh
[1.088s] -- Up-to-date: /home/hkim/development/tello_ros_ws/install/tello_gazebo/share/tello_gazebo/environment/path.dsv
[1.088s] -- Up-to-date: /home/hkim/development/tello_ros_ws/install/tello_gazebo/share/tello_gazebo/local_setup.bash
[1.089s] -- Up-to-date: /home/hkim/development/tello_ros_ws/install/tello_gazebo/share/tello_gazebo/local_setup.sh
[1.089s] -- Up-to-date: /home/hkim/development/tello_ros_ws/install/tello_gazebo/share/tello_gazebo/local_setup.zsh
[1.090s] -- Up-to-date: /home/hkim/development/tello_ros_ws/install/tello_gazebo/share/tello_gazebo/local_setup.dsv
[1.092s] -- Installing: /home/hkim/development/tello_ros_ws/install/tello_gazebo/share/tello_gazebo/package.dsv
[1.118s] -- Up-to-date: /home/hkim/development/tello_ros_ws/install/tello_gazebo/share/ament_index/resource_index/packages/tello_gazebo
[1.119s] -- Up-to-date: /home/hkim/development/tello_ros_ws/install/tello_gazebo/share/tello_gazebo/cmake/tello_gazeboConfig.cmake
[1.119s] -- Up-to-date: /home/hkim/development/tello_ros_ws/install/tello_gazebo/share/tello_gazebo/cmake/tello_gazeboConfig-version.cmake
[1.119s] -- Up-to-date: /home/hkim/development/tello_ros_ws/install/tello_gazebo/share/tello_gazebo/package.xml
[1.122s] Invoked command in '/home/hkim/development/tello_ros_ws/build/tello_gazebo' returned '0': CMAKE_PREFIX_PATH=/home/hkim/development/tello_ros_ws/install/tello_msgs:/home/hkim/development/tello_ros_ws/install/orbslam3:/home/hkim/development/tello_ros_ws/install/tello_gazebo:/home/hkim/development/tello_ros_ws/install/tello_driver:/home/hkim/development/tello_ros_ws/install/tello_description:/home/hkim/development/tello_ros_ws/install/fiducial_vlam:/home/hkim/development/tello_ros_ws/install/ros2_shared:/home/hkim/development/tello_ros_ws/install/fiducial_vlam_msgs:/opt/ros/foxy LD_LIBRARY_PATH=/home/hkim/development/tello_ros_ws/install/tello_msgs/lib:/home/hkim/development/tello_ros_ws/install/tello_gazebo/lib:/home/hkim/development/tello_ros_ws/install/tello_driver/lib:/home/hkim/development/tello_ros_ws/install/fiducial_vlam/lib:/home/hkim/development/tello_ros_ws/install/fiducial_vlam_msgs/lib:/usr/lib/x86_64-linux-gnu/gazebo-11/plugins:/opt/ros/foxy/opt/yaml_cpp_vendor/lib:/opt/ros/foxy/opt/rviz_ogre_vendor/lib:/opt/ros/foxy/lib/x86_64-linux-gnu:/opt/ros/foxy/lib /usr/bin/cmake --install /home/hkim/development/tello_ros_ws/build/tello_gazebo
