[0.055s] Invoking command in '/home/hkim/development/tello_ros_ws/build/ORB_SLAM3': /usr/bin/cmake --build /home/hkim/development/tello_ros_ws/build/ORB_SLAM3 -- -j4 -l4
[0.467s] [ 26%] Built target ORB_SLAM3
[0.585s] [ 55%] Built target g2o
[0.659s] [ 57%] Built target mono_tum_vi_old
[0.747s] [ 58%] Built target stereo_inertial_euroc_old
[0.830s] [ 60%] Built target mono_kitti_old
[0.932s] [ 62%] Built target mono_tum_old
[1.031s] [ 64%] Built target stereo_euroc_old
[1.122s] [ 66%] Built target stereo_kitti_old
[1.194s] [ 68%] Built target rgbd_tum
[1.267s] [ 70%] Built target mono_euroc_old
[1.353s] [ 72%] Built target stereo_inertial_euroc
[1.440s] [ 74%] Built target mono_tum
[1.567s] [ 76%] Built target stereo_kitti
[1.689s] [ 78%] Built target stereo_euroc
[1.767s] [ 80%] Built target mono_kitti
[1.859s] [ 82%] Built target stereo_tum_vi
[1.949s] [ 84%] Built target mono_euroc
[2.050s] [ 85%] Built target mono_tum_vi
[2.121s] [ 87%] Built target mono_inertial_euroc
[2.181s] [ 88%] Built target mono_inertial_euroc_old
[2.285s] [ 90%] Built target stereo_tum_vi_old
[2.377s] [ 92%] Built target mono_inertial_tum_vi
[2.504s] [ 94%] Built target rgbd_tum_old
[2.589s] [ 96%] Built target stereo_inertial_tum_vi
[2.680s] [ 98%] Built target mono_inertial_tum_vi_old
[2.754s] [100%] Built target stereo_inertial_tum_vi_old
[2.786s] Invoked command in '/home/hkim/development/tello_ros_ws/build/ORB_SLAM3' returned '0': /usr/bin/cmake --build /home/hkim/development/tello_ros_ws/build/ORB_SLAM3 -- -j4 -l4
