[0.062s] Invoking command in '/home/hkim/development/tello_ros_ws/build/tello_description': CMAKE_PREFIX_PATH=/opt/ros/foxy /usr/bin/cmake --build /home/hkim/development/tello_ros_ws/build/tello_description -- -j4 -l4
[0.323s] [ 11%] Built target generate_urdf_6
[0.356s] [ 22%] Built target generate_urdf
[0.370s] [ 33%] Built target generate_urdf_1
[0.386s] [ 44%] Built target generate_urdf_3
[0.490s] [ 55%] Built target generate_urdf_8
[0.509s] [ 66%] Built target generate_urdf_4
[0.519s] [ 77%] Built target generate_urdf_7
[0.626s] [ 88%] Built target generate_urdf_5
[0.700s] [100%] Built target generate_urdf_2
[0.826s] Invoked command in '/home/hkim/development/tello_ros_ws/build/tello_description' returned '0': CMAKE_PREFIX_PATH=/opt/ros/foxy /usr/bin/cmake --build /home/hkim/development/tello_ros_ws/build/tello_description -- -j4 -l4
[1.196s] Invoking command in '/home/hkim/development/tello_ros_ws/build/tello_description': CMAKE_PREFIX_PATH=/opt/ros/foxy /usr/bin/cmake --install /home/hkim/development/tello_ros_ws/build/tello_description
[1.225s] -- Install configuration: ""
[1.226s] -- Up-to-date: /home/hkim/development/tello_ros_ws/install/tello_description/share/tello_description/urdf
[1.228s] -- Up-to-date: /home/hkim/development/tello_ros_ws/install/tello_description/share/tello_description/urdf/tello_8.urdf
[1.230s] -- Up-to-date: /home/hkim/development/tello_ros_ws/install/tello_description/share/tello_description/urdf/tello_3.urdf
[1.233s] -- Up-to-date: /home/hkim/development/tello_ros_ws/install/tello_description/share/tello_description/urdf/tello.urdf
[1.235s] -- Up-to-date: /home/hkim/development/tello_ros_ws/install/tello_description/share/tello_description/urdf/tello_6.urdf
[1.238s] -- Up-to-date: /home/hkim/development/tello_ros_ws/install/tello_description/share/tello_description/urdf/tello_1.urdf
[1.239s] -- Up-to-date: /home/hkim/development/tello_ros_ws/install/tello_description/share/tello_description/urdf/tello_5.urdf
[1.239s] -- Up-to-date: /home/hkim/development/tello_ros_ws/install/tello_description/share/tello_description/urdf/tello_7.urdf
[1.239s] -- Up-to-date: /home/hkim/development/tello_ros_ws/install/tello_description/share/tello_description/urdf/tello_2.urdf
[1.248s] -- Up-to-date: /home/hkim/development/tello_ros_ws/install/tello_description/share/tello_description/urdf/tello_4.urdf
[1.255s] -- Up-to-date: /home/hkim/development/tello_ros_ws/install/tello_description/share/ament_index/resource_index/package_run_dependencies/tello_description
[1.256s] -- Up-to-date: /home/hkim/development/tello_ros_ws/install/tello_description/share/ament_index/resource_index/parent_prefix_path/tello_description
[1.256s] -- Up-to-date: /home/hkim/development/tello_ros_ws/install/tello_description/share/tello_description/environment/ament_prefix_path.sh
[1.257s] -- Up-to-date: /home/hkim/development/tello_ros_ws/install/tello_description/share/tello_description/environment/ament_prefix_path.dsv
[1.265s] -- Up-to-date: /home/hkim/development/tello_ros_ws/install/tello_description/share/tello_description/environment/path.sh
[1.265s] -- Up-to-date: /home/hkim/development/tello_ros_ws/install/tello_description/share/tello_description/environment/path.dsv
[1.266s] -- Up-to-date: /home/hkim/development/tello_ros_ws/install/tello_description/share/tello_description/local_setup.bash
[1.273s] -- Up-to-date: /home/hkim/development/tello_ros_ws/install/tello_description/share/tello_description/local_setup.sh
[1.274s] -- Up-to-date: /home/hkim/development/tello_ros_ws/install/tello_description/share/tello_description/local_setup.zsh
[1.274s] -- Up-to-date: /home/hkim/development/tello_ros_ws/install/tello_description/share/tello_description/local_setup.dsv
[1.274s] -- Installing: /home/hkim/development/tello_ros_ws/install/tello_description/share/tello_description/package.dsv
[1.274s] -- Up-to-date: /home/hkim/development/tello_ros_ws/install/tello_description/share/ament_index/resource_index/packages/tello_description
[1.275s] -- Up-to-date: /home/hkim/development/tello_ros_ws/install/tello_description/share/tello_description/cmake/tello_descriptionConfig.cmake
[1.275s] -- Up-to-date: /home/hkim/development/tello_ros_ws/install/tello_description/share/tello_description/cmake/tello_descriptionConfig-version.cmake
[1.302s] -- Up-to-date: /home/hkim/development/tello_ros_ws/install/tello_description/share/tello_description/package.xml
[1.303s] Invoked command in '/home/hkim/development/tello_ros_ws/build/tello_description' returned '0': CMAKE_PREFIX_PATH=/opt/ros/foxy /usr/bin/cmake --install /home/hkim/development/tello_ros_ws/build/tello_description
