[  2%] Built target fiducial_vlam_msgs__cpp
[ 12%] Built target fiducial_vlam_msgs__rosidl_generator_c
[ 23%] Built target fiducial_vlam_msgs__rosidl_typesupport_fastrtps_cpp
[ 34%] Built target fiducial_vlam_msgs__rosidl_typesupport_cpp
[ 44%] Built target fiducial_vlam_msgs__rosidl_typesupport_introspection_cpp
[ 55%] Built target fiducial_vlam_msgs__rosidl_typesupport_c
[ 65%] Built target fiducial_vlam_msgs__rosidl_typesupport_introspection_c
[ 76%] Built target fiducial_vlam_msgs__rosidl_typesupport_fastrtps_c
[ 76%] Built target fiducial_vlam_msgs
[ 78%] Built target fiducial_vlam_msgs__py
[ 87%] Built target fiducial_vlam_msgs__python
[ 91%] Built target fiducial_vlam_msgs__rosidl_typesupport_c__pyext
[ 95%] Built target fiducial_vlam_msgs__rosidl_typesupport_fastrtps_c__pyext
[100%] Built target fiducial_vlam_msgs__rosidl_typesupport_introspection_c__pyext
-- Install configuration: ""
-- Up-to-date: /home/hkim/development/tello_ros_ws/install/fiducial_vlam_msgs/share/ament_index/resource_index/rosidl_interfaces/fiducial_vlam_msgs
-- Up-to-date: /home/hkim/development/tello_ros_ws/install/fiducial_vlam_msgs/include/fiducial_vlam_msgs
-- Up-to-date: /home/hkim/development/tello_ros_ws/install/fiducial_vlam_msgs/include/fiducial_vlam_msgs/msg
-- Up-to-date: /home/hkim/development/tello_ros_ws/install/fiducial_vlam_msgs/include/fiducial_vlam_msgs/msg/detail
-- Up-to-date: /home/hkim/development/tello_ros_ws/install/fiducial_vlam_msgs/include/fiducial_vlam_msgs/msg/detail/observations__functions.c
-- Up-to-date: /home/hkim/development/tello_ros_ws/install/fiducial_vlam_msgs/include/fiducial_vlam_msgs/msg/detail/observation__struct.h
-- Up-to-date: /home/hkim/development/tello_ros_ws/install/fiducial_vlam_msgs/include/fiducial_vlam_msgs/msg/detail/observation__functions.h
-- Up-to-date: /home/hkim/development/tello_ros_ws/install/fiducial_vlam_msgs/include/fiducial_vlam_msgs/msg/detail/map__type_support.h
-- Up-to-date: /home/hkim/development/tello_ros_ws/install/fiducial_vlam_msgs/include/fiducial_vlam_msgs/msg/detail/observations__type_support.h
-- Up-to-date: /home/hkim/development/tello_ros_ws/install/fiducial_vlam_msgs/include/fiducial_vlam_msgs/msg/detail/map__functions.h
-- Up-to-date: /home/hkim/development/tello_ros_ws/install/fiducial_vlam_msgs/include/fiducial_vlam_msgs/msg/detail/observations__struct.h
-- Up-to-date: /home/hkim/development/tello_ros_ws/install/fiducial_vlam_msgs/include/fiducial_vlam_msgs/msg/detail/map__functions.c
-- Up-to-date: /home/hkim/development/tello_ros_ws/install/fiducial_vlam_msgs/include/fiducial_vlam_msgs/msg/detail/observation__type_support.h
-- Up-to-date: /home/hkim/development/tello_ros_ws/install/fiducial_vlam_msgs/include/fiducial_vlam_msgs/msg/detail/map__struct.h
-- Up-to-date: /home/hkim/development/tello_ros_ws/install/fiducial_vlam_msgs/include/fiducial_vlam_msgs/msg/detail/observations__functions.h
-- Up-to-date: /home/hkim/development/tello_ros_ws/install/fiducial_vlam_msgs/include/fiducial_vlam_msgs/msg/detail/observation__functions.c
-- Up-to-date: /home/hkim/development/tello_ros_ws/install/fiducial_vlam_msgs/include/fiducial_vlam_msgs/msg/observation.h
-- Up-to-date: /home/hkim/development/tello_ros_ws/install/fiducial_vlam_msgs/include/fiducial_vlam_msgs/msg/observations.h
-- Up-to-date: /home/hkim/development/tello_ros_ws/install/fiducial_vlam_msgs/include/fiducial_vlam_msgs/msg/rosidl_generator_c__visibility_control.h
-- Up-to-date: /home/hkim/development/tello_ros_ws/install/fiducial_vlam_msgs/include/fiducial_vlam_msgs/msg/map.h
-- Up-to-date: /home/hkim/development/tello_ros_ws/install/fiducial_vlam_msgs/share/fiducial_vlam_msgs/environment/library_path.sh
-- Up-to-date: /home/hkim/development/tello_ros_ws/install/fiducial_vlam_msgs/share/fiducial_vlam_msgs/environment/library_path.dsv
-- Up-to-date: /home/hkim/development/tello_ros_ws/install/fiducial_vlam_msgs/lib/libfiducial_vlam_msgs__rosidl_generator_c.so
-- Up-to-date: /home/hkim/development/tello_ros_ws/install/fiducial_vlam_msgs/include/fiducial_vlam_msgs
-- Up-to-date: /home/hkim/development/tello_ros_ws/install/fiducial_vlam_msgs/include/fiducial_vlam_msgs/msg
-- Up-to-date: /home/hkim/development/tello_ros_ws/install/fiducial_vlam_msgs/include/fiducial_vlam_msgs/msg/detail
-- Up-to-date: /home/hkim/development/tello_ros_ws/install/fiducial_vlam_msgs/include/fiducial_vlam_msgs/msg/detail/map__rosidl_typesupport_fastrtps_c.h
-- Up-to-date: /home/hkim/development/tello_ros_ws/install/fiducial_vlam_msgs/include/fiducial_vlam_msgs/msg/detail/observation__rosidl_typesupport_fastrtps_c.h
-- Up-to-date: /home/hkim/development/tello_ros_ws/install/fiducial_vlam_msgs/include/fiducial_vlam_msgs/msg/detail/observations__rosidl_typesupport_fastrtps_c.h
-- Up-to-date: /home/hkim/development/tello_ros_ws/install/fiducial_vlam_msgs/include/fiducial_vlam_msgs/msg/rosidl_typesupport_fastrtps_c__visibility_control.h
-- Up-to-date: /home/hkim/development/tello_ros_ws/install/fiducial_vlam_msgs/lib/libfiducial_vlam_msgs__rosidl_typesupport_fastrtps_c.so
-- Up-to-date: /home/hkim/development/tello_ros_ws/install/fiducial_vlam_msgs/include/fiducial_vlam_msgs
-- Up-to-date: /home/hkim/development/tello_ros_ws/install/fiducial_vlam_msgs/include/fiducial_vlam_msgs/msg
-- Up-to-date: /home/hkim/development/tello_ros_ws/install/fiducial_vlam_msgs/include/fiducial_vlam_msgs/msg/detail
-- Up-to-date: /home/hkim/development/tello_ros_ws/install/fiducial_vlam_msgs/include/fiducial_vlam_msgs/msg/detail/dds_fastrtps
-- Up-to-date: /home/hkim/development/tello_ros_ws/install/fiducial_vlam_msgs/include/fiducial_vlam_msgs/msg/detail/map__rosidl_typesupport_fastrtps_cpp.hpp
-- Up-to-date: /home/hkim/development/tello_ros_ws/install/fiducial_vlam_msgs/include/fiducial_vlam_msgs/msg/detail/observations__rosidl_typesupport_fastrtps_cpp.hpp
-- Up-to-date: /home/hkim/development/tello_ros_ws/install/fiducial_vlam_msgs/include/fiducial_vlam_msgs/msg/detail/observation__rosidl_typesupport_fastrtps_cpp.hpp
-- Up-to-date: /home/hkim/development/tello_ros_ws/install/fiducial_vlam_msgs/include/fiducial_vlam_msgs/msg/rosidl_typesupport_fastrtps_cpp__visibility_control.h
-- Up-to-date: /home/hkim/development/tello_ros_ws/install/fiducial_vlam_msgs/lib/libfiducial_vlam_msgs__rosidl_typesupport_fastrtps_cpp.so
-- Up-to-date: /home/hkim/development/tello_ros_ws/install/fiducial_vlam_msgs/include/fiducial_vlam_msgs
-- Up-to-date: /home/hkim/development/tello_ros_ws/install/fiducial_vlam_msgs/include/fiducial_vlam_msgs/msg
-- Up-to-date: /home/hkim/development/tello_ros_ws/install/fiducial_vlam_msgs/include/fiducial_vlam_msgs/msg/detail
-- Up-to-date: /home/hkim/development/tello_ros_ws/install/fiducial_vlam_msgs/include/fiducial_vlam_msgs/msg/detail/map__type_support.c
-- Up-to-date: /home/hkim/development/tello_ros_ws/install/fiducial_vlam_msgs/include/fiducial_vlam_msgs/msg/detail/observations__type_support.c
-- Up-to-date: /home/hkim/development/tello_ros_ws/install/fiducial_vlam_msgs/include/fiducial_vlam_msgs/msg/detail/map__rosidl_typesupport_introspection_c.h
-- Up-to-date: /home/hkim/development/tello_ros_ws/install/fiducial_vlam_msgs/include/fiducial_vlam_msgs/msg/detail/observations__rosidl_typesupport_introspection_c.h
-- Up-to-date: /home/hkim/development/tello_ros_ws/install/fiducial_vlam_msgs/include/fiducial_vlam_msgs/msg/detail/observation__type_support.c
-- Up-to-date: /home/hkim/development/tello_ros_ws/install/fiducial_vlam_msgs/include/fiducial_vlam_msgs/msg/detail/observation__rosidl_typesupport_introspection_c.h
-- Up-to-date: /home/hkim/development/tello_ros_ws/install/fiducial_vlam_msgs/include/fiducial_vlam_msgs/msg/rosidl_typesupport_introspection_c__visibility_control.h
-- Up-to-date: /home/hkim/development/tello_ros_ws/install/fiducial_vlam_msgs/lib/libfiducial_vlam_msgs__rosidl_typesupport_introspection_c.so
-- Up-to-date: /home/hkim/development/tello_ros_ws/install/fiducial_vlam_msgs/lib/libfiducial_vlam_msgs__rosidl_typesupport_c.so
-- Up-to-date: /home/hkim/development/tello_ros_ws/install/fiducial_vlam_msgs/include/fiducial_vlam_msgs
-- Up-to-date: /home/hkim/development/tello_ros_ws/install/fiducial_vlam_msgs/include/fiducial_vlam_msgs/msg
-- Up-to-date: /home/hkim/development/tello_ros_ws/install/fiducial_vlam_msgs/include/fiducial_vlam_msgs/msg/map.hpp
-- Up-to-date: /home/hkim/development/tello_ros_ws/install/fiducial_vlam_msgs/include/fiducial_vlam_msgs/msg/rosidl_generator_cpp__visibility_control.hpp
-- Up-to-date: /home/hkim/development/tello_ros_ws/install/fiducial_vlam_msgs/include/fiducial_vlam_msgs/msg/detail
-- Up-to-date: /home/hkim/development/tello_ros_ws/install/fiducial_vlam_msgs/include/fiducial_vlam_msgs/msg/detail/observations__struct.hpp
-- Up-to-date: /home/hkim/development/tello_ros_ws/install/fiducial_vlam_msgs/include/fiducial_vlam_msgs/msg/detail/observations__traits.hpp
-- Up-to-date: /home/hkim/development/tello_ros_ws/install/fiducial_vlam_msgs/include/fiducial_vlam_msgs/msg/detail/observation__struct.hpp
-- Up-to-date: /home/hkim/development/tello_ros_ws/install/fiducial_vlam_msgs/include/fiducial_vlam_msgs/msg/detail/map__builder.hpp
-- Up-to-date: /home/hkim/development/tello_ros_ws/install/fiducial_vlam_msgs/include/fiducial_vlam_msgs/msg/detail/map__type_support.hpp
-- Up-to-date: /home/hkim/development/tello_ros_ws/install/fiducial_vlam_msgs/include/fiducial_vlam_msgs/msg/detail/map__struct.hpp
-- Up-to-date: /home/hkim/development/tello_ros_ws/install/fiducial_vlam_msgs/include/fiducial_vlam_msgs/msg/detail/observations__builder.hpp
-- Up-to-date: /home/hkim/development/tello_ros_ws/install/fiducial_vlam_msgs/include/fiducial_vlam_msgs/msg/detail/observation__traits.hpp
-- Up-to-date: /home/hkim/development/tello_ros_ws/install/fiducial_vlam_msgs/include/fiducial_vlam_msgs/msg/detail/observations__type_support.hpp
-- Up-to-date: /home/hkim/development/tello_ros_ws/install/fiducial_vlam_msgs/include/fiducial_vlam_msgs/msg/detail/observation__type_support.hpp
-- Up-to-date: /home/hkim/development/tello_ros_ws/install/fiducial_vlam_msgs/include/fiducial_vlam_msgs/msg/detail/observation__builder.hpp
-- Up-to-date: /home/hkim/development/tello_ros_ws/install/fiducial_vlam_msgs/include/fiducial_vlam_msgs/msg/detail/map__traits.hpp
-- Up-to-date: /home/hkim/development/tello_ros_ws/install/fiducial_vlam_msgs/include/fiducial_vlam_msgs/msg/observations.hpp
-- Up-to-date: /home/hkim/development/tello_ros_ws/install/fiducial_vlam_msgs/include/fiducial_vlam_msgs/msg/observation.hpp
-- Up-to-date: /home/hkim/development/tello_ros_ws/install/fiducial_vlam_msgs/include/fiducial_vlam_msgs
-- Up-to-date: /home/hkim/development/tello_ros_ws/install/fiducial_vlam_msgs/include/fiducial_vlam_msgs/msg
-- Up-to-date: /home/hkim/development/tello_ros_ws/install/fiducial_vlam_msgs/include/fiducial_vlam_msgs/msg/detail
-- Up-to-date: /home/hkim/development/tello_ros_ws/install/fiducial_vlam_msgs/include/fiducial_vlam_msgs/msg/detail/map__type_support.cpp
-- Up-to-date: /home/hkim/development/tello_ros_ws/install/fiducial_vlam_msgs/include/fiducial_vlam_msgs/msg/detail/observations__rosidl_typesupport_introspection_cpp.hpp
-- Up-to-date: /home/hkim/development/tello_ros_ws/install/fiducial_vlam_msgs/include/fiducial_vlam_msgs/msg/detail/observation__type_support.cpp
-- Up-to-date: /home/hkim/development/tello_ros_ws/install/fiducial_vlam_msgs/include/fiducial_vlam_msgs/msg/detail/observation__rosidl_typesupport_introspection_cpp.hpp
-- Up-to-date: /home/hkim/development/tello_ros_ws/install/fiducial_vlam_msgs/include/fiducial_vlam_msgs/msg/detail/observations__type_support.cpp
-- Up-to-date: /home/hkim/development/tello_ros_ws/install/fiducial_vlam_msgs/include/fiducial_vlam_msgs/msg/detail/map__rosidl_typesupport_introspection_cpp.hpp
-- Up-to-date: /home/hkim/development/tello_ros_ws/install/fiducial_vlam_msgs/lib/libfiducial_vlam_msgs__rosidl_typesupport_introspection_cpp.so
-- Up-to-date: /home/hkim/development/tello_ros_ws/install/fiducial_vlam_msgs/lib/libfiducial_vlam_msgs__rosidl_typesupport_cpp.so
-- Up-to-date: /home/hkim/development/tello_ros_ws/install/fiducial_vlam_msgs/share/fiducial_vlam_msgs/environment/pythonpath.sh
-- Up-to-date: /home/hkim/development/tello_ros_ws/install/fiducial_vlam_msgs/share/fiducial_vlam_msgs/environment/pythonpath.dsv
-- Up-to-date: /home/hkim/development/tello_ros_ws/install/fiducial_vlam_msgs/lib/python3.8/site-packages/fiducial_vlam_msgs/__init__.py
-- Up-to-date: /home/hkim/development/tello_ros_ws/install/fiducial_vlam_msgs/lib/python3.8/site-packages/fiducial_vlam_msgs/msg
-- Up-to-date: /home/hkim/development/tello_ros_ws/install/fiducial_vlam_msgs/lib/python3.8/site-packages/fiducial_vlam_msgs/msg/_observation.py
-- Up-to-date: /home/hkim/development/tello_ros_ws/install/fiducial_vlam_msgs/lib/python3.8/site-packages/fiducial_vlam_msgs/msg/_observations.py
-- Up-to-date: /home/hkim/development/tello_ros_ws/install/fiducial_vlam_msgs/lib/python3.8/site-packages/fiducial_vlam_msgs/msg/_observations_s.c
-- Up-to-date: /home/hkim/development/tello_ros_ws/install/fiducial_vlam_msgs/lib/python3.8/site-packages/fiducial_vlam_msgs/msg/_map_s.c
-- Up-to-date: /home/hkim/development/tello_ros_ws/install/fiducial_vlam_msgs/lib/python3.8/site-packages/fiducial_vlam_msgs/msg/_observation_s.c
-- Up-to-date: /home/hkim/development/tello_ros_ws/install/fiducial_vlam_msgs/lib/python3.8/site-packages/fiducial_vlam_msgs/msg/__init__.py
-- Up-to-date: /home/hkim/development/tello_ros_ws/install/fiducial_vlam_msgs/lib/python3.8/site-packages/fiducial_vlam_msgs/msg/_map.py
-- Up-to-date: /home/hkim/development/tello_ros_ws/install/fiducial_vlam_msgs/lib/python3.8/site-packages/fiducial_vlam_msgs/fiducial_vlam_msgs_s__rosidl_typesupport_fastrtps_c.cpython-38-x86_64-linux-gnu.so
-- Up-to-date: /home/hkim/development/tello_ros_ws/install/fiducial_vlam_msgs/lib/python3.8/site-packages/fiducial_vlam_msgs/fiducial_vlam_msgs_s__rosidl_typesupport_introspection_c.cpython-38-x86_64-linux-gnu.so
-- Up-to-date: /home/hkim/development/tello_ros_ws/install/fiducial_vlam_msgs/lib/python3.8/site-packages/fiducial_vlam_msgs/fiducial_vlam_msgs_s__rosidl_typesupport_c.cpython-38-x86_64-linux-gnu.so
-- Up-to-date: /home/hkim/development/tello_ros_ws/install/fiducial_vlam_msgs/lib/libfiducial_vlam_msgs__python.so
-- Up-to-date: /home/hkim/development/tello_ros_ws/install/fiducial_vlam_msgs/share/fiducial_vlam_msgs/msg/Map.idl
-- Up-to-date: /home/hkim/development/tello_ros_ws/install/fiducial_vlam_msgs/share/fiducial_vlam_msgs/msg/Observation.idl
-- Up-to-date: /home/hkim/development/tello_ros_ws/install/fiducial_vlam_msgs/share/fiducial_vlam_msgs/msg/Observations.idl
-- Up-to-date: /home/hkim/development/tello_ros_ws/install/fiducial_vlam_msgs/share/fiducial_vlam_msgs/msg/Map.msg
-- Up-to-date: /home/hkim/development/tello_ros_ws/install/fiducial_vlam_msgs/share/fiducial_vlam_msgs/msg/Observation.msg
-- Up-to-date: /home/hkim/development/tello_ros_ws/install/fiducial_vlam_msgs/share/fiducial_vlam_msgs/msg/Observations.msg
-- Up-to-date: /home/hkim/development/tello_ros_ws/install/fiducial_vlam_msgs/share/ament_index/resource_index/package_run_dependencies/fiducial_vlam_msgs
-- Up-to-date: /home/hkim/development/tello_ros_ws/install/fiducial_vlam_msgs/share/ament_index/resource_index/parent_prefix_path/fiducial_vlam_msgs
-- Up-to-date: /home/hkim/development/tello_ros_ws/install/fiducial_vlam_msgs/share/fiducial_vlam_msgs/environment/ament_prefix_path.sh
-- Up-to-date: /home/hkim/development/tello_ros_ws/install/fiducial_vlam_msgs/share/fiducial_vlam_msgs/environment/ament_prefix_path.dsv
-- Up-to-date: /home/hkim/development/tello_ros_ws/install/fiducial_vlam_msgs/share/fiducial_vlam_msgs/environment/path.sh
-- Up-to-date: /home/hkim/development/tello_ros_ws/install/fiducial_vlam_msgs/share/fiducial_vlam_msgs/environment/path.dsv
-- Up-to-date: /home/hkim/development/tello_ros_ws/install/fiducial_vlam_msgs/share/fiducial_vlam_msgs/local_setup.bash
-- Up-to-date: /home/hkim/development/tello_ros_ws/install/fiducial_vlam_msgs/share/fiducial_vlam_msgs/local_setup.sh
-- Up-to-date: /home/hkim/development/tello_ros_ws/install/fiducial_vlam_msgs/share/fiducial_vlam_msgs/local_setup.zsh
-- Up-to-date: /home/hkim/development/tello_ros_ws/install/fiducial_vlam_msgs/share/fiducial_vlam_msgs/local_setup.dsv
-- Installing: /home/hkim/development/tello_ros_ws/install/fiducial_vlam_msgs/share/fiducial_vlam_msgs/package.dsv
-- Up-to-date: /home/hkim/development/tello_ros_ws/install/fiducial_vlam_msgs/share/ament_index/resource_index/packages/fiducial_vlam_msgs
-- Up-to-date: /home/hkim/development/tello_ros_ws/install/fiducial_vlam_msgs/share/fiducial_vlam_msgs/cmake/fiducial_vlam_msgs__rosidl_generator_cExport.cmake
-- Up-to-date: /home/hkim/development/tello_ros_ws/install/fiducial_vlam_msgs/share/fiducial_vlam_msgs/cmake/fiducial_vlam_msgs__rosidl_generator_cExport-noconfig.cmake
-- Up-to-date: /home/hkim/development/tello_ros_ws/install/fiducial_vlam_msgs/share/fiducial_vlam_msgs/cmake/fiducial_vlam_msgs__rosidl_typesupport_introspection_cExport.cmake
-- Up-to-date: /home/hkim/development/tello_ros_ws/install/fiducial_vlam_msgs/share/fiducial_vlam_msgs/cmake/fiducial_vlam_msgs__rosidl_typesupport_introspection_cExport-noconfig.cmake
-- Up-to-date: /home/hkim/development/tello_ros_ws/install/fiducial_vlam_msgs/share/fiducial_vlam_msgs/cmake/fiducial_vlam_msgs__rosidl_typesupport_cExport.cmake
-- Up-to-date: /home/hkim/development/tello_ros_ws/install/fiducial_vlam_msgs/share/fiducial_vlam_msgs/cmake/fiducial_vlam_msgs__rosidl_typesupport_cExport-noconfig.cmake
-- Up-to-date: /home/hkim/development/tello_ros_ws/install/fiducial_vlam_msgs/share/fiducial_vlam_msgs/cmake/fiducial_vlam_msgs__rosidl_generator_cppExport.cmake
-- Up-to-date: /home/hkim/development/tello_ros_ws/install/fiducial_vlam_msgs/share/fiducial_vlam_msgs/cmake/fiducial_vlam_msgs__rosidl_typesupport_introspection_cppExport.cmake
-- Up-to-date: /home/hkim/development/tello_ros_ws/install/fiducial_vlam_msgs/share/fiducial_vlam_msgs/cmake/fiducial_vlam_msgs__rosidl_typesupport_introspection_cppExport-noconfig.cmake
-- Up-to-date: /home/hkim/development/tello_ros_ws/install/fiducial_vlam_msgs/share/fiducial_vlam_msgs/cmake/fiducial_vlam_msgs__rosidl_typesupport_cppExport.cmake
-- Up-to-date: /home/hkim/development/tello_ros_ws/install/fiducial_vlam_msgs/share/fiducial_vlam_msgs/cmake/fiducial_vlam_msgs__rosidl_typesupport_cppExport-noconfig.cmake
-- Up-to-date: /home/hkim/development/tello_ros_ws/install/fiducial_vlam_msgs/share/fiducial_vlam_msgs/cmake/rosidl_cmake-extras.cmake
-- Up-to-date: /home/hkim/development/tello_ros_ws/install/fiducial_vlam_msgs/share/fiducial_vlam_msgs/cmake/ament_cmake_export_dependencies-extras.cmake
-- Up-to-date: /home/hkim/development/tello_ros_ws/install/fiducial_vlam_msgs/share/fiducial_vlam_msgs/cmake/ament_cmake_export_libraries-extras.cmake
-- Up-to-date: /home/hkim/development/tello_ros_ws/install/fiducial_vlam_msgs/share/fiducial_vlam_msgs/cmake/ament_cmake_export_targets-extras.cmake
-- Up-to-date: /home/hkim/development/tello_ros_ws/install/fiducial_vlam_msgs/share/fiducial_vlam_msgs/cmake/ament_cmake_export_include_directories-extras.cmake
-- Up-to-date: /home/hkim/development/tello_ros_ws/install/fiducial_vlam_msgs/share/fiducial_vlam_msgs/cmake/rosidl_cmake_export_typesupport_libraries-extras.cmake
-- Up-to-date: /home/hkim/development/tello_ros_ws/install/fiducial_vlam_msgs/share/fiducial_vlam_msgs/cmake/rosidl_cmake_export_typesupport_targets-extras.cmake
-- Up-to-date: /home/hkim/development/tello_ros_ws/install/fiducial_vlam_msgs/share/fiducial_vlam_msgs/cmake/fiducial_vlam_msgsConfig.cmake
-- Up-to-date: /home/hkim/development/tello_ros_ws/install/fiducial_vlam_msgs/share/fiducial_vlam_msgs/cmake/fiducial_vlam_msgsConfig-version.cmake
-- Up-to-date: /home/hkim/development/tello_ros_ws/install/fiducial_vlam_msgs/share/fiducial_vlam_msgs/package.xml
