[0.043s] Invoking command in '/home/hkim/development/tello_ros_ws/build/fiducial_vlam_msgs': CMAKE_PREFIX_PATH=${CMAKE_PREFIX_PATH}:/opt/ros/foxy /usr/bin/cmake --build /home/hkim/development/tello_ros_ws/build/fiducial_vlam_msgs -- -j4 -l4
[0.182s] [  2%] Built target fiducial_vlam_msgs__cpp
[0.262s] [ 12%] Built target fiducial_vlam_msgs__rosidl_generator_c
[0.319s] [ 23%] Built target fiducial_vlam_msgs__rosidl_typesupport_fastrtps_cpp
[0.344s] [ 34%] Built target fiducial_vlam_msgs__rosidl_typesupport_cpp
[0.373s] [ 44%] Built target fiducial_vlam_msgs__rosidl_typesupport_introspection_cpp
[0.467s] [ 55%] Built target fiducial_vlam_msgs__rosidl_typesupport_c
[0.501s] [ 65%] Built target fiducial_vlam_msgs__rosidl_typesupport_introspection_c
[0.536s] [ 76%] Built target fiducial_vlam_msgs__rosidl_typesupport_fastrtps_c
[0.571s] [ 76%] Built target fiducial_vlam_msgs
[0.611s] [ 78%] Built target fiducial_vlam_msgs__py
[0.666s] [ 87%] Built target fiducial_vlam_msgs__python
[0.743s] [ 91%] Built target fiducial_vlam_msgs__rosidl_typesupport_c__pyext
[0.743s] [ 95%] Built target fiducial_vlam_msgs__rosidl_typesupport_fastrtps_c__pyext
[0.759s] [100%] Built target fiducial_vlam_msgs__rosidl_typesupport_introspection_c__pyext
[0.775s] Invoked command in '/home/hkim/development/tello_ros_ws/build/fiducial_vlam_msgs' returned '0': CMAKE_PREFIX_PATH=${CMAKE_PREFIX_PATH}:/opt/ros/foxy /usr/bin/cmake --build /home/hkim/development/tello_ros_ws/build/fiducial_vlam_msgs -- -j4 -l4
[0.892s] Invoking command in '/home/hkim/development/tello_ros_ws/build/fiducial_vlam_msgs': CMAKE_PREFIX_PATH=${CMAKE_PREFIX_PATH}:/opt/ros/foxy /usr/bin/cmake --install /home/hkim/development/tello_ros_ws/build/fiducial_vlam_msgs
[0.904s] -- Install configuration: ""
[0.905s] -- Up-to-date: /home/hkim/development/tello_ros_ws/install/fiducial_vlam_msgs/share/ament_index/resource_index/rosidl_interfaces/fiducial_vlam_msgs
[0.905s] -- Up-to-date: /home/hkim/development/tello_ros_ws/install/fiducial_vlam_msgs/include/fiducial_vlam_msgs
[0.905s] -- Up-to-date: /home/hkim/development/tello_ros_ws/install/fiducial_vlam_msgs/include/fiducial_vlam_msgs/msg
[0.905s] -- Up-to-date: /home/hkim/development/tello_ros_ws/install/fiducial_vlam_msgs/include/fiducial_vlam_msgs/msg/detail
[0.905s] -- Up-to-date: /home/hkim/development/tello_ros_ws/install/fiducial_vlam_msgs/include/fiducial_vlam_msgs/msg/detail/observations__functions.c
[0.906s] -- Up-to-date: /home/hkim/development/tello_ros_ws/install/fiducial_vlam_msgs/include/fiducial_vlam_msgs/msg/detail/observation__struct.h
[0.906s] -- Up-to-date: /home/hkim/development/tello_ros_ws/install/fiducial_vlam_msgs/include/fiducial_vlam_msgs/msg/detail/observation__functions.h
[0.906s] -- Up-to-date: /home/hkim/development/tello_ros_ws/install/fiducial_vlam_msgs/include/fiducial_vlam_msgs/msg/detail/map__type_support.h
[0.906s] -- Up-to-date: /home/hkim/development/tello_ros_ws/install/fiducial_vlam_msgs/include/fiducial_vlam_msgs/msg/detail/observations__type_support.h
[0.906s] -- Up-to-date: /home/hkim/development/tello_ros_ws/install/fiducial_vlam_msgs/include/fiducial_vlam_msgs/msg/detail/map__functions.h
[0.907s] -- Up-to-date: /home/hkim/development/tello_ros_ws/install/fiducial_vlam_msgs/include/fiducial_vlam_msgs/msg/detail/observations__struct.h
[0.907s] -- Up-to-date: /home/hkim/development/tello_ros_ws/install/fiducial_vlam_msgs/include/fiducial_vlam_msgs/msg/detail/map__functions.c
[0.907s] -- Up-to-date: /home/hkim/development/tello_ros_ws/install/fiducial_vlam_msgs/include/fiducial_vlam_msgs/msg/detail/observation__type_support.h
[0.907s] -- Up-to-date: /home/hkim/development/tello_ros_ws/install/fiducial_vlam_msgs/include/fiducial_vlam_msgs/msg/detail/map__struct.h
[0.907s] -- Up-to-date: /home/hkim/development/tello_ros_ws/install/fiducial_vlam_msgs/include/fiducial_vlam_msgs/msg/detail/observations__functions.h
[0.908s] -- Up-to-date: /home/hkim/development/tello_ros_ws/install/fiducial_vlam_msgs/include/fiducial_vlam_msgs/msg/detail/observation__functions.c
[0.908s] -- Up-to-date: /home/hkim/development/tello_ros_ws/install/fiducial_vlam_msgs/include/fiducial_vlam_msgs/msg/observation.h
[0.908s] -- Up-to-date: /home/hkim/development/tello_ros_ws/install/fiducial_vlam_msgs/include/fiducial_vlam_msgs/msg/observations.h
[0.908s] -- Up-to-date: /home/hkim/development/tello_ros_ws/install/fiducial_vlam_msgs/include/fiducial_vlam_msgs/msg/rosidl_generator_c__visibility_control.h
[0.908s] -- Up-to-date: /home/hkim/development/tello_ros_ws/install/fiducial_vlam_msgs/include/fiducial_vlam_msgs/msg/map.h
[0.908s] -- Up-to-date: /home/hkim/development/tello_ros_ws/install/fiducial_vlam_msgs/share/fiducial_vlam_msgs/environment/library_path.sh
[0.909s] -- Up-to-date: /home/hkim/development/tello_ros_ws/install/fiducial_vlam_msgs/share/fiducial_vlam_msgs/environment/library_path.dsv
[0.909s] -- Up-to-date: /home/hkim/development/tello_ros_ws/install/fiducial_vlam_msgs/lib/libfiducial_vlam_msgs__rosidl_generator_c.so
[0.909s] -- Up-to-date: /home/hkim/development/tello_ros_ws/install/fiducial_vlam_msgs/include/fiducial_vlam_msgs
[0.909s] -- Up-to-date: /home/hkim/development/tello_ros_ws/install/fiducial_vlam_msgs/include/fiducial_vlam_msgs/msg
[0.909s] -- Up-to-date: /home/hkim/development/tello_ros_ws/install/fiducial_vlam_msgs/include/fiducial_vlam_msgs/msg/detail
[0.909s] -- Up-to-date: /home/hkim/development/tello_ros_ws/install/fiducial_vlam_msgs/include/fiducial_vlam_msgs/msg/detail/map__rosidl_typesupport_fastrtps_c.h
[0.910s] -- Up-to-date: /home/hkim/development/tello_ros_ws/install/fiducial_vlam_msgs/include/fiducial_vlam_msgs/msg/detail/observation__rosidl_typesupport_fastrtps_c.h
[0.910s] -- Up-to-date: /home/hkim/development/tello_ros_ws/install/fiducial_vlam_msgs/include/fiducial_vlam_msgs/msg/detail/observations__rosidl_typesupport_fastrtps_c.h
[0.910s] -- Up-to-date: /home/hkim/development/tello_ros_ws/install/fiducial_vlam_msgs/include/fiducial_vlam_msgs/msg/rosidl_typesupport_fastrtps_c__visibility_control.h
[0.910s] -- Up-to-date: /home/hkim/development/tello_ros_ws/install/fiducial_vlam_msgs/lib/libfiducial_vlam_msgs__rosidl_typesupport_fastrtps_c.so
[0.910s] -- Up-to-date: /home/hkim/development/tello_ros_ws/install/fiducial_vlam_msgs/include/fiducial_vlam_msgs
[0.910s] -- Up-to-date: /home/hkim/development/tello_ros_ws/install/fiducial_vlam_msgs/include/fiducial_vlam_msgs/msg
[0.910s] -- Up-to-date: /home/hkim/development/tello_ros_ws/install/fiducial_vlam_msgs/include/fiducial_vlam_msgs/msg/detail
[0.911s] -- Up-to-date: /home/hkim/development/tello_ros_ws/install/fiducial_vlam_msgs/include/fiducial_vlam_msgs/msg/detail/dds_fastrtps
[0.912s] -- Up-to-date: /home/hkim/development/tello_ros_ws/install/fiducial_vlam_msgs/include/fiducial_vlam_msgs/msg/detail/map__rosidl_typesupport_fastrtps_cpp.hpp
[0.912s] -- Up-to-date: /home/hkim/development/tello_ros_ws/install/fiducial_vlam_msgs/include/fiducial_vlam_msgs/msg/detail/observations__rosidl_typesupport_fastrtps_cpp.hpp
[0.912s] -- Up-to-date: /home/hkim/development/tello_ros_ws/install/fiducial_vlam_msgs/include/fiducial_vlam_msgs/msg/detail/observation__rosidl_typesupport_fastrtps_cpp.hpp
[0.913s] -- Up-to-date: /home/hkim/development/tello_ros_ws/install/fiducial_vlam_msgs/include/fiducial_vlam_msgs/msg/rosidl_typesupport_fastrtps_cpp__visibility_control.h
[0.913s] -- Up-to-date: /home/hkim/development/tello_ros_ws/install/fiducial_vlam_msgs/lib/libfiducial_vlam_msgs__rosidl_typesupport_fastrtps_cpp.so
[0.913s] -- Up-to-date: /home/hkim/development/tello_ros_ws/install/fiducial_vlam_msgs/include/fiducial_vlam_msgs
[0.913s] -- Up-to-date: /home/hkim/development/tello_ros_ws/install/fiducial_vlam_msgs/include/fiducial_vlam_msgs/msg
[0.913s] -- Up-to-date: /home/hkim/development/tello_ros_ws/install/fiducial_vlam_msgs/include/fiducial_vlam_msgs/msg/detail
[0.914s] -- Up-to-date: /home/hkim/development/tello_ros_ws/install/fiducial_vlam_msgs/include/fiducial_vlam_msgs/msg/detail/map__type_support.c
[0.914s] -- Up-to-date: /home/hkim/development/tello_ros_ws/install/fiducial_vlam_msgs/include/fiducial_vlam_msgs/msg/detail/observations__type_support.c
[0.914s] -- Up-to-date: /home/hkim/development/tello_ros_ws/install/fiducial_vlam_msgs/include/fiducial_vlam_msgs/msg/detail/map__rosidl_typesupport_introspection_c.h
[0.914s] -- Up-to-date: /home/hkim/development/tello_ros_ws/install/fiducial_vlam_msgs/include/fiducial_vlam_msgs/msg/detail/observations__rosidl_typesupport_introspection_c.h
[0.915s] -- Up-to-date: /home/hkim/development/tello_ros_ws/install/fiducial_vlam_msgs/include/fiducial_vlam_msgs/msg/detail/observation__type_support.c
[0.915s] -- Up-to-date: /home/hkim/development/tello_ros_ws/install/fiducial_vlam_msgs/include/fiducial_vlam_msgs/msg/detail/observation__rosidl_typesupport_introspection_c.h
[0.915s] -- Up-to-date: /home/hkim/development/tello_ros_ws/install/fiducial_vlam_msgs/include/fiducial_vlam_msgs/msg/rosidl_typesupport_introspection_c__visibility_control.h
[0.915s] -- Up-to-date: /home/hkim/development/tello_ros_ws/install/fiducial_vlam_msgs/lib/libfiducial_vlam_msgs__rosidl_typesupport_introspection_c.so
[0.916s] -- Up-to-date: /home/hkim/development/tello_ros_ws/install/fiducial_vlam_msgs/lib/libfiducial_vlam_msgs__rosidl_typesupport_c.so
[0.917s] -- Up-to-date: /home/hkim/development/tello_ros_ws/install/fiducial_vlam_msgs/include/fiducial_vlam_msgs
[0.918s] -- Up-to-date: /home/hkim/development/tello_ros_ws/install/fiducial_vlam_msgs/include/fiducial_vlam_msgs/msg
[0.919s] -- Up-to-date: /home/hkim/development/tello_ros_ws/install/fiducial_vlam_msgs/include/fiducial_vlam_msgs/msg/map.hpp
[0.920s] -- Up-to-date: /home/hkim/development/tello_ros_ws/install/fiducial_vlam_msgs/include/fiducial_vlam_msgs/msg/rosidl_generator_cpp__visibility_control.hpp
[0.920s] -- Up-to-date: /home/hkim/development/tello_ros_ws/install/fiducial_vlam_msgs/include/fiducial_vlam_msgs/msg/detail
[0.921s] -- Up-to-date: /home/hkim/development/tello_ros_ws/install/fiducial_vlam_msgs/include/fiducial_vlam_msgs/msg/detail/observations__struct.hpp
[0.921s] -- Up-to-date: /home/hkim/development/tello_ros_ws/install/fiducial_vlam_msgs/include/fiducial_vlam_msgs/msg/detail/observations__traits.hpp
[0.922s] -- Up-to-date: /home/hkim/development/tello_ros_ws/install/fiducial_vlam_msgs/include/fiducial_vlam_msgs/msg/detail/observation__struct.hpp
[0.922s] -- Up-to-date: /home/hkim/development/tello_ros_ws/install/fiducial_vlam_msgs/include/fiducial_vlam_msgs/msg/detail/map__builder.hpp
[0.922s] -- Up-to-date: /home/hkim/development/tello_ros_ws/install/fiducial_vlam_msgs/include/fiducial_vlam_msgs/msg/detail/map__type_support.hpp
[0.922s] -- Up-to-date: /home/hkim/development/tello_ros_ws/install/fiducial_vlam_msgs/include/fiducial_vlam_msgs/msg/detail/map__struct.hpp
[0.922s] -- Up-to-date: /home/hkim/development/tello_ros_ws/install/fiducial_vlam_msgs/include/fiducial_vlam_msgs/msg/detail/observations__builder.hpp
[0.923s] -- Up-to-date: /home/hkim/development/tello_ros_ws/install/fiducial_vlam_msgs/include/fiducial_vlam_msgs/msg/detail/observation__traits.hpp
[0.924s] -- Up-to-date: /home/hkim/development/tello_ros_ws/install/fiducial_vlam_msgs/include/fiducial_vlam_msgs/msg/detail/observations__type_support.hpp
[0.924s] -- Up-to-date: /home/hkim/development/tello_ros_ws/install/fiducial_vlam_msgs/include/fiducial_vlam_msgs/msg/detail/observation__type_support.hpp
[0.924s] -- Up-to-date: /home/hkim/development/tello_ros_ws/install/fiducial_vlam_msgs/include/fiducial_vlam_msgs/msg/detail/observation__builder.hpp
[0.924s] -- Up-to-date: /home/hkim/development/tello_ros_ws/install/fiducial_vlam_msgs/include/fiducial_vlam_msgs/msg/detail/map__traits.hpp
[0.925s] -- Up-to-date: /home/hkim/development/tello_ros_ws/install/fiducial_vlam_msgs/include/fiducial_vlam_msgs/msg/observations.hpp
[0.925s] -- Up-to-date: /home/hkim/development/tello_ros_ws/install/fiducial_vlam_msgs/include/fiducial_vlam_msgs/msg/observation.hpp
[0.925s] -- Up-to-date: /home/hkim/development/tello_ros_ws/install/fiducial_vlam_msgs/include/fiducial_vlam_msgs
[0.925s] -- Up-to-date: /home/hkim/development/tello_ros_ws/install/fiducial_vlam_msgs/include/fiducial_vlam_msgs/msg
[0.926s] -- Up-to-date: /home/hkim/development/tello_ros_ws/install/fiducial_vlam_msgs/include/fiducial_vlam_msgs/msg/detail
[0.926s] -- Up-to-date: /home/hkim/development/tello_ros_ws/install/fiducial_vlam_msgs/include/fiducial_vlam_msgs/msg/detail/map__type_support.cpp
[0.926s] -- Up-to-date: /home/hkim/development/tello_ros_ws/install/fiducial_vlam_msgs/include/fiducial_vlam_msgs/msg/detail/observations__rosidl_typesupport_introspection_cpp.hpp
[0.926s] -- Up-to-date: /home/hkim/development/tello_ros_ws/install/fiducial_vlam_msgs/include/fiducial_vlam_msgs/msg/detail/observation__type_support.cpp
[0.926s] -- Up-to-date: /home/hkim/development/tello_ros_ws/install/fiducial_vlam_msgs/include/fiducial_vlam_msgs/msg/detail/observation__rosidl_typesupport_introspection_cpp.hpp
[0.927s] -- Up-to-date: /home/hkim/development/tello_ros_ws/install/fiducial_vlam_msgs/include/fiducial_vlam_msgs/msg/detail/observations__type_support.cpp
[0.927s] -- Up-to-date: /home/hkim/development/tello_ros_ws/install/fiducial_vlam_msgs/include/fiducial_vlam_msgs/msg/detail/map__rosidl_typesupport_introspection_cpp.hpp
[0.928s] -- Up-to-date: /home/hkim/development/tello_ros_ws/install/fiducial_vlam_msgs/lib/libfiducial_vlam_msgs__rosidl_typesupport_introspection_cpp.so
[0.929s] -- Up-to-date: /home/hkim/development/tello_ros_ws/install/fiducial_vlam_msgs/lib/libfiducial_vlam_msgs__rosidl_typesupport_cpp.so
[0.931s] -- Up-to-date: /home/hkim/development/tello_ros_ws/install/fiducial_vlam_msgs/share/fiducial_vlam_msgs/environment/pythonpath.sh
[0.931s] -- Up-to-date: /home/hkim/development/tello_ros_ws/install/fiducial_vlam_msgs/share/fiducial_vlam_msgs/environment/pythonpath.dsv
[0.932s] -- Up-to-date: /home/hkim/development/tello_ros_ws/install/fiducial_vlam_msgs/lib/python3.8/site-packages/fiducial_vlam_msgs/__init__.py
[0.971s] -- Up-to-date: /home/hkim/development/tello_ros_ws/install/fiducial_vlam_msgs/lib/python3.8/site-packages/fiducial_vlam_msgs/msg
[0.971s] -- Up-to-date: /home/hkim/development/tello_ros_ws/install/fiducial_vlam_msgs/lib/python3.8/site-packages/fiducial_vlam_msgs/msg/_observation.py
[0.971s] -- Up-to-date: /home/hkim/development/tello_ros_ws/install/fiducial_vlam_msgs/lib/python3.8/site-packages/fiducial_vlam_msgs/msg/_observations.py
[0.971s] -- Up-to-date: /home/hkim/development/tello_ros_ws/install/fiducial_vlam_msgs/lib/python3.8/site-packages/fiducial_vlam_msgs/msg/_observations_s.c
[0.971s] -- Up-to-date: /home/hkim/development/tello_ros_ws/install/fiducial_vlam_msgs/lib/python3.8/site-packages/fiducial_vlam_msgs/msg/_map_s.c
[0.971s] -- Up-to-date: /home/hkim/development/tello_ros_ws/install/fiducial_vlam_msgs/lib/python3.8/site-packages/fiducial_vlam_msgs/msg/_observation_s.c
[0.972s] -- Up-to-date: /home/hkim/development/tello_ros_ws/install/fiducial_vlam_msgs/lib/python3.8/site-packages/fiducial_vlam_msgs/msg/__init__.py
[0.972s] -- Up-to-date: /home/hkim/development/tello_ros_ws/install/fiducial_vlam_msgs/lib/python3.8/site-packages/fiducial_vlam_msgs/msg/_map.py
[0.972s] -- Up-to-date: /home/hkim/development/tello_ros_ws/install/fiducial_vlam_msgs/lib/python3.8/site-packages/fiducial_vlam_msgs/fiducial_vlam_msgs_s__rosidl_typesupport_fastrtps_c.cpython-38-x86_64-linux-gnu.so
[0.972s] -- Up-to-date: /home/hkim/development/tello_ros_ws/install/fiducial_vlam_msgs/lib/python3.8/site-packages/fiducial_vlam_msgs/fiducial_vlam_msgs_s__rosidl_typesupport_introspection_c.cpython-38-x86_64-linux-gnu.so
[0.974s] -- Up-to-date: /home/hkim/development/tello_ros_ws/install/fiducial_vlam_msgs/lib/python3.8/site-packages/fiducial_vlam_msgs/fiducial_vlam_msgs_s__rosidl_typesupport_c.cpython-38-x86_64-linux-gnu.so
[0.975s] -- Up-to-date: /home/hkim/development/tello_ros_ws/install/fiducial_vlam_msgs/lib/libfiducial_vlam_msgs__python.so
[0.975s] -- Up-to-date: /home/hkim/development/tello_ros_ws/install/fiducial_vlam_msgs/share/fiducial_vlam_msgs/msg/Map.idl
[0.975s] -- Up-to-date: /home/hkim/development/tello_ros_ws/install/fiducial_vlam_msgs/share/fiducial_vlam_msgs/msg/Observation.idl
[0.975s] -- Up-to-date: /home/hkim/development/tello_ros_ws/install/fiducial_vlam_msgs/share/fiducial_vlam_msgs/msg/Observations.idl
[0.975s] -- Up-to-date: /home/hkim/development/tello_ros_ws/install/fiducial_vlam_msgs/share/fiducial_vlam_msgs/msg/Map.msg
[0.976s] -- Up-to-date: /home/hkim/development/tello_ros_ws/install/fiducial_vlam_msgs/share/fiducial_vlam_msgs/msg/Observation.msg
[0.976s] -- Up-to-date: /home/hkim/development/tello_ros_ws/install/fiducial_vlam_msgs/share/fiducial_vlam_msgs/msg/Observations.msg
[0.976s] -- Up-to-date: /home/hkim/development/tello_ros_ws/install/fiducial_vlam_msgs/share/ament_index/resource_index/package_run_dependencies/fiducial_vlam_msgs
[0.976s] -- Up-to-date: /home/hkim/development/tello_ros_ws/install/fiducial_vlam_msgs/share/ament_index/resource_index/parent_prefix_path/fiducial_vlam_msgs
[0.976s] -- Up-to-date: /home/hkim/development/tello_ros_ws/install/fiducial_vlam_msgs/share/fiducial_vlam_msgs/environment/ament_prefix_path.sh
[0.977s] -- Up-to-date: /home/hkim/development/tello_ros_ws/install/fiducial_vlam_msgs/share/fiducial_vlam_msgs/environment/ament_prefix_path.dsv
[0.977s] -- Up-to-date: /home/hkim/development/tello_ros_ws/install/fiducial_vlam_msgs/share/fiducial_vlam_msgs/environment/path.sh
[0.977s] -- Up-to-date: /home/hkim/development/tello_ros_ws/install/fiducial_vlam_msgs/share/fiducial_vlam_msgs/environment/path.dsv
[0.977s] -- Up-to-date: /home/hkim/development/tello_ros_ws/install/fiducial_vlam_msgs/share/fiducial_vlam_msgs/local_setup.bash
[0.978s] -- Up-to-date: /home/hkim/development/tello_ros_ws/install/fiducial_vlam_msgs/share/fiducial_vlam_msgs/local_setup.sh
[0.978s] -- Up-to-date: /home/hkim/development/tello_ros_ws/install/fiducial_vlam_msgs/share/fiducial_vlam_msgs/local_setup.zsh
[0.978s] -- Up-to-date: /home/hkim/development/tello_ros_ws/install/fiducial_vlam_msgs/share/fiducial_vlam_msgs/local_setup.dsv
[0.978s] -- Installing: /home/hkim/development/tello_ros_ws/install/fiducial_vlam_msgs/share/fiducial_vlam_msgs/package.dsv
[0.978s] -- Up-to-date: /home/hkim/development/tello_ros_ws/install/fiducial_vlam_msgs/share/ament_index/resource_index/packages/fiducial_vlam_msgs
[0.979s] -- Up-to-date: /home/hkim/development/tello_ros_ws/install/fiducial_vlam_msgs/share/fiducial_vlam_msgs/cmake/fiducial_vlam_msgs__rosidl_generator_cExport.cmake
[0.979s] -- Up-to-date: /home/hkim/development/tello_ros_ws/install/fiducial_vlam_msgs/share/fiducial_vlam_msgs/cmake/fiducial_vlam_msgs__rosidl_generator_cExport-noconfig.cmake
[0.980s] -- Up-to-date: /home/hkim/development/tello_ros_ws/install/fiducial_vlam_msgs/share/fiducial_vlam_msgs/cmake/fiducial_vlam_msgs__rosidl_typesupport_introspection_cExport.cmake
[0.980s] -- Up-to-date: /home/hkim/development/tello_ros_ws/install/fiducial_vlam_msgs/share/fiducial_vlam_msgs/cmake/fiducial_vlam_msgs__rosidl_typesupport_introspection_cExport-noconfig.cmake
[0.981s] -- Up-to-date: /home/hkim/development/tello_ros_ws/install/fiducial_vlam_msgs/share/fiducial_vlam_msgs/cmake/fiducial_vlam_msgs__rosidl_typesupport_cExport.cmake
[0.981s] -- Up-to-date: /home/hkim/development/tello_ros_ws/install/fiducial_vlam_msgs/share/fiducial_vlam_msgs/cmake/fiducial_vlam_msgs__rosidl_typesupport_cExport-noconfig.cmake
[0.981s] -- Up-to-date: /home/hkim/development/tello_ros_ws/install/fiducial_vlam_msgs/share/fiducial_vlam_msgs/cmake/fiducial_vlam_msgs__rosidl_generator_cppExport.cmake
[0.984s] -- Up-to-date: /home/hkim/development/tello_ros_ws/install/fiducial_vlam_msgs/share/fiducial_vlam_msgs/cmake/fiducial_vlam_msgs__rosidl_typesupport_introspection_cppExport.cmake
[0.986s] -- Up-to-date: /home/hkim/development/tello_ros_ws/install/fiducial_vlam_msgs/share/fiducial_vlam_msgs/cmake/fiducial_vlam_msgs__rosidl_typesupport_introspection_cppExport-noconfig.cmake
[0.987s] -- Up-to-date: /home/hkim/development/tello_ros_ws/install/fiducial_vlam_msgs/share/fiducial_vlam_msgs/cmake/fiducial_vlam_msgs__rosidl_typesupport_cppExport.cmake
[0.988s] -- Up-to-date: /home/hkim/development/tello_ros_ws/install/fiducial_vlam_msgs/share/fiducial_vlam_msgs/cmake/fiducial_vlam_msgs__rosidl_typesupport_cppExport-noconfig.cmake
[0.988s] -- Up-to-date: /home/hkim/development/tello_ros_ws/install/fiducial_vlam_msgs/share/fiducial_vlam_msgs/cmake/rosidl_cmake-extras.cmake
[0.989s] -- Up-to-date: /home/hkim/development/tello_ros_ws/install/fiducial_vlam_msgs/share/fiducial_vlam_msgs/cmake/ament_cmake_export_dependencies-extras.cmake
[0.990s] -- Up-to-date: /home/hkim/development/tello_ros_ws/install/fiducial_vlam_msgs/share/fiducial_vlam_msgs/cmake/ament_cmake_export_libraries-extras.cmake
[0.990s] -- Up-to-date: /home/hkim/development/tello_ros_ws/install/fiducial_vlam_msgs/share/fiducial_vlam_msgs/cmake/ament_cmake_export_targets-extras.cmake
[0.991s] -- Up-to-date: /home/hkim/development/tello_ros_ws/install/fiducial_vlam_msgs/share/fiducial_vlam_msgs/cmake/ament_cmake_export_include_directories-extras.cmake
[0.991s] -- Up-to-date: /home/hkim/development/tello_ros_ws/install/fiducial_vlam_msgs/share/fiducial_vlam_msgs/cmake/rosidl_cmake_export_typesupport_libraries-extras.cmake
[0.992s] -- Up-to-date: /home/hkim/development/tello_ros_ws/install/fiducial_vlam_msgs/share/fiducial_vlam_msgs/cmake/rosidl_cmake_export_typesupport_targets-extras.cmake
[0.992s] -- Up-to-date: /home/hkim/development/tello_ros_ws/install/fiducial_vlam_msgs/share/fiducial_vlam_msgs/cmake/fiducial_vlam_msgsConfig.cmake
[0.993s] -- Up-to-date: /home/hkim/development/tello_ros_ws/install/fiducial_vlam_msgs/share/fiducial_vlam_msgs/cmake/fiducial_vlam_msgsConfig-version.cmake
[0.994s] -- Up-to-date: /home/hkim/development/tello_ros_ws/install/fiducial_vlam_msgs/share/fiducial_vlam_msgs/package.xml
[1.000s] Invoked command in '/home/hkim/development/tello_ros_ws/build/fiducial_vlam_msgs' returned '0': CMAKE_PREFIX_PATH=${CMAKE_PREFIX_PATH}:/opt/ros/foxy /usr/bin/cmake --install /home/hkim/development/tello_ros_ws/build/fiducial_vlam_msgs
