[0.053s] Invoking command in '/home/hkim/development/tello_ros_ws/build/tello_driver': AMENT_PREFIX_PATH=/home/hkim/development/tello_ros_ws/install/tello_msgs:/home/hkim/development/tello_ros_ws/install/ros2_shared:${AMENT_PREFIX_PATH} CMAKE_PREFIX_PATH=/home/hkim/development/tello_ros_ws/install/tello_msgs:/home/hkim/development/tello_ros_ws/install/ros2_shared:/opt/ros/foxy LD_LIBRARY_PATH=/home/hkim/development/tello_ros_ws/install/tello_msgs/lib:${LD_LIBRARY_PATH} PYTHONPATH=/home/hkim/development/tello_ros_ws/install/tello_msgs/lib/python3.8/site-packages:${PYTHONPATH} /usr/bin/cmake --build /home/hkim/development/tello_ros_ws/build/tello_driver -- -j4 -l4
[0.688s] [ 13%] Built target tello_joy_main
[0.837s] [ 22%] Built target tello_emulator
[1.154s] [ 31%] Built target tello_joy_node
[1.752s] [ 68%] Built target tello_driver_main
[2.269s] [100%] Built target tello_driver_node
[2.379s] Invoked command in '/home/hkim/development/tello_ros_ws/build/tello_driver' returned '0': AMENT_PREFIX_PATH=/home/hkim/development/tello_ros_ws/install/tello_msgs:/home/hkim/development/tello_ros_ws/install/ros2_shared:${AMENT_PREFIX_PATH} CMAKE_PREFIX_PATH=/home/hkim/development/tello_ros_ws/install/tello_msgs:/home/hkim/development/tello_ros_ws/install/ros2_shared:/opt/ros/foxy LD_LIBRARY_PATH=/home/hkim/development/tello_ros_ws/install/tello_msgs/lib:${LD_LIBRARY_PATH} PYTHONPATH=/home/hkim/development/tello_ros_ws/install/tello_msgs/lib/python3.8/site-packages:${PYTHONPATH} /usr/bin/cmake --build /home/hkim/development/tello_ros_ws/build/tello_driver -- -j4 -l4
[3.034s] Invoking command in '/home/hkim/development/tello_ros_ws/build/tello_driver': AMENT_PREFIX_PATH=/home/hkim/development/tello_ros_ws/install/tello_msgs:/home/hkim/development/tello_ros_ws/install/ros2_shared:${AMENT_PREFIX_PATH} CMAKE_PREFIX_PATH=/home/hkim/development/tello_ros_ws/install/tello_msgs:/home/hkim/development/tello_ros_ws/install/ros2_shared:/opt/ros/foxy LD_LIBRARY_PATH=/home/hkim/development/tello_ros_ws/install/tello_msgs/lib:${LD_LIBRARY_PATH} PYTHONPATH=/home/hkim/development/tello_ros_ws/install/tello_msgs/lib/python3.8/site-packages:${PYTHONPATH} /usr/bin/cmake --install /home/hkim/development/tello_ros_ws/build/tello_driver
[3.114s] -- Install configuration: ""
[3.116s] -- Up-to-date: /home/hkim/development/tello_ros_ws/install/tello_driver/share/tello_driver/environment/library_path.sh
[3.117s] -- Up-to-date: /home/hkim/development/tello_ros_ws/install/tello_driver/share/tello_driver/environment/library_path.dsv
[3.129s] -- Up-to-date: /home/hkim/development/tello_ros_ws/install/tello_driver/lib/libtello_driver_node.so
[3.129s] -- Up-to-date: /home/hkim/development/tello_ros_ws/install/tello_driver/lib/libtello_joy_node.so
[3.132s] -- Up-to-date: /home/hkim/development/tello_ros_ws/install/tello_driver/lib/tello_driver/tello_driver_main
[3.152s] -- Up-to-date: /home/hkim/development/tello_ros_ws/install/tello_driver/lib/tello_driver/tello_joy_main
[3.157s] -- Up-to-date: /home/hkim/development/tello_ros_ws/install/tello_driver/lib/tello_driver/tello_emulator
[3.157s] -- Up-to-date: /home/hkim/development/tello_ros_ws/install/tello_driver/share/tello_driver/cfg
[3.157s] -- Up-to-date: /home/hkim/development/tello_ros_ws/install/tello_driver/share/tello_driver/cfg/camera_info.yaml
[3.158s] -- Up-to-date: /home/hkim/development/tello_ros_ws/install/tello_driver/share/tello_driver/launch
[3.158s] -- Up-to-date: /home/hkim/development/tello_ros_ws/install/tello_driver/share/tello_driver/launch/teleop_launch.py
[3.158s] -- Up-to-date: /home/hkim/development/tello_ros_ws/install/tello_driver/share/tello_driver/launch/emulator_launch.py
[3.158s] -- Up-to-date: /home/hkim/development/tello_ros_ws/install/tello_driver/share/tello_driver/launch/emulators_launch.py
[3.159s] -- Up-to-date: /home/hkim/development/tello_ros_ws/install/tello_driver/share/ament_index/resource_index/package_run_dependencies/tello_driver
[3.159s] -- Up-to-date: /home/hkim/development/tello_ros_ws/install/tello_driver/share/ament_index/resource_index/parent_prefix_path/tello_driver
[3.159s] -- Up-to-date: /home/hkim/development/tello_ros_ws/install/tello_driver/share/tello_driver/environment/ament_prefix_path.sh
[3.160s] -- Up-to-date: /home/hkim/development/tello_ros_ws/install/tello_driver/share/tello_driver/environment/ament_prefix_path.dsv
[3.160s] -- Up-to-date: /home/hkim/development/tello_ros_ws/install/tello_driver/share/tello_driver/environment/path.sh
[3.160s] -- Up-to-date: /home/hkim/development/tello_ros_ws/install/tello_driver/share/tello_driver/environment/path.dsv
[3.160s] -- Up-to-date: /home/hkim/development/tello_ros_ws/install/tello_driver/share/tello_driver/local_setup.bash
[3.161s] -- Up-to-date: /home/hkim/development/tello_ros_ws/install/tello_driver/share/tello_driver/local_setup.sh
[3.161s] -- Up-to-date: /home/hkim/development/tello_ros_ws/install/tello_driver/share/tello_driver/local_setup.zsh
[3.168s] -- Up-to-date: /home/hkim/development/tello_ros_ws/install/tello_driver/share/tello_driver/local_setup.dsv
[3.169s] -- Installing: /home/hkim/development/tello_ros_ws/install/tello_driver/share/tello_driver/package.dsv
[3.176s] -- Up-to-date: /home/hkim/development/tello_ros_ws/install/tello_driver/share/ament_index/resource_index/packages/tello_driver
[3.176s] -- Up-to-date: /home/hkim/development/tello_ros_ws/install/tello_driver/share/ament_index/resource_index/rclcpp_components/tello_driver
[3.176s] -- Up-to-date: /home/hkim/development/tello_ros_ws/install/tello_driver/share/tello_driver/cmake/tello_driverConfig.cmake
[3.177s] -- Up-to-date: /home/hkim/development/tello_ros_ws/install/tello_driver/share/tello_driver/cmake/tello_driverConfig-version.cmake
[3.177s] -- Up-to-date: /home/hkim/development/tello_ros_ws/install/tello_driver/share/tello_driver/package.xml
[3.185s] Invoked command in '/home/hkim/development/tello_ros_ws/build/tello_driver' returned '0': AMENT_PREFIX_PATH=/home/hkim/development/tello_ros_ws/install/tello_msgs:/home/hkim/development/tello_ros_ws/install/ros2_shared:${AMENT_PREFIX_PATH} CMAKE_PREFIX_PATH=/home/hkim/development/tello_ros_ws/install/tello_msgs:/home/hkim/development/tello_ros_ws/install/ros2_shared:/opt/ros/foxy LD_LIBRARY_PATH=/home/hkim/development/tello_ros_ws/install/tello_msgs/lib:${LD_LIBRARY_PATH} PYTHONPATH=/home/hkim/development/tello_ros_ws/install/tello_msgs/lib/python3.8/site-packages:${PYTHONPATH} /usr/bin/cmake --install /home/hkim/development/tello_ros_ws/build/tello_driver
