[0.052s] Invoking command in '/home/hkim/development/tello_ros_ws/build/tello_gazebo': CMAKE_PREFIX_PATH=/home/hkim/development/tello_ros_ws/install/tello_msgs:/home/hkim/development/tello_ros_ws/install/tello_gazebo:/home/hkim/development/tello_ros_ws/install/tello_driver:/home/hkim/development/tello_ros_ws/install/tello_description:/home/hkim/development/tello_ros_ws/install/fiducial_vlam:/home/hkim/development/tello_ros_ws/install/ros2_shared:/home/hkim/development/tello_ros_ws/install/fiducial_vlam_msgs:/home/hkim/development/dev_ws/install/my_bot:/opt/ros/foxy LD_LIBRARY_PATH=/home/hkim/development/tello_ros_ws/install/tello_msgs/lib:/home/hkim/development/tello_ros_ws/install/tello_gazebo/lib:/home/hkim/development/tello_ros_ws/install/tello_driver/lib:/home/hkim/development/tello_ros_ws/install/fiducial_vlam/lib:/home/hkim/development/tello_ros_ws/install/fiducial_vlam_msgs/lib:/usr/lib/x86_64-linux-gnu/gazebo-11/plugins:/opt/ros/foxy/opt/yaml_cpp_vendor/lib:/opt/ros/foxy/opt/rviz_ogre_vendor/lib:/opt/ros/foxy/lib/x86_64-linux-gnu:/opt/ros/foxy/lib:/usr/lib/x86_64-linux-gnu/gazebo-11/plugins /usr/bin/cmake --build /home/hkim/development/tello_ros_ws/build/tello_gazebo -- -j4 -l4
[0.229s] [100%] Built target TelloPlugin
[0.270s] Invoked command in '/home/hkim/development/tello_ros_ws/build/tello_gazebo' returned '0': CMAKE_PREFIX_PATH=/home/hkim/development/tello_ros_ws/install/tello_msgs:/home/hkim/development/tello_ros_ws/install/tello_gazebo:/home/hkim/development/tello_ros_ws/install/tello_driver:/home/hkim/development/tello_ros_ws/install/tello_description:/home/hkim/development/tello_ros_ws/install/fiducial_vlam:/home/hkim/development/tello_ros_ws/install/ros2_shared:/home/hkim/development/tello_ros_ws/install/fiducial_vlam_msgs:/home/hkim/development/dev_ws/install/my_bot:/opt/ros/foxy LD_LIBRARY_PATH=/home/hkim/development/tello_ros_ws/install/tello_msgs/lib:/home/hkim/development/tello_ros_ws/install/tello_gazebo/lib:/home/hkim/development/tello_ros_ws/install/tello_driver/lib:/home/hkim/development/tello_ros_ws/install/fiducial_vlam/lib:/home/hkim/development/tello_ros_ws/install/fiducial_vlam_msgs/lib:/usr/lib/x86_64-linux-gnu/gazebo-11/plugins:/opt/ros/foxy/opt/yaml_cpp_vendor/lib:/opt/ros/foxy/opt/rviz_ogre_vendor/lib:/opt/ros/foxy/lib/x86_64-linux-gnu:/opt/ros/foxy/lib:/usr/lib/x86_64-linux-gnu/gazebo-11/plugins /usr/bin/cmake --build /home/hkim/development/tello_ros_ws/build/tello_gazebo -- -j4 -l4
[0.312s] Invoking command in '/home/hkim/development/tello_ros_ws/build/tello_gazebo': CMAKE_PREFIX_PATH=/home/hkim/development/tello_ros_ws/install/tello_msgs:/home/hkim/development/tello_ros_ws/install/tello_gazebo:/home/hkim/development/tello_ros_ws/install/tello_driver:/home/hkim/development/tello_ros_ws/install/tello_description:/home/hkim/development/tello_ros_ws/install/fiducial_vlam:/home/hkim/development/tello_ros_ws/install/ros2_shared:/home/hkim/development/tello_ros_ws/install/fiducial_vlam_msgs:/home/hkim/development/dev_ws/install/my_bot:/opt/ros/foxy LD_LIBRARY_PATH=/home/hkim/development/tello_ros_ws/install/tello_msgs/lib:/home/hkim/development/tello_ros_ws/install/tello_gazebo/lib:/home/hkim/development/tello_ros_ws/install/tello_driver/lib:/home/hkim/development/tello_ros_ws/install/fiducial_vlam/lib:/home/hkim/development/tello_ros_ws/install/fiducial_vlam_msgs/lib:/usr/lib/x86_64-linux-gnu/gazebo-11/plugins:/opt/ros/foxy/opt/yaml_cpp_vendor/lib:/opt/ros/foxy/opt/rviz_ogre_vendor/lib:/opt/ros/foxy/lib/x86_64-linux-gnu:/opt/ros/foxy/lib:/usr/lib/x86_64-linux-gnu/gazebo-11/plugins /usr/bin/cmake --install /home/hkim/development/tello_ros_ws/build/tello_gazebo
[0.324s] -- Install configuration: ""
[0.324s] -- Up-to-date: /home/hkim/development/tello_ros_ws/install/tello_gazebo/lib/libTelloPlugin.so
[0.325s] -- Up-to-date: /home/hkim/development/tello_ros_ws/install/tello_gazebo/share/tello_gazebo/models
[0.325s] -- Up-to-date: /home/hkim/development/tello_ros_ws/install/tello_gazebo/share/tello_gazebo/models/marker_4
[0.325s] -- Up-to-date: /home/hkim/development/tello_ros_ws/install/tello_gazebo/share/tello_gazebo/models/marker_4/model.sdf
[0.326s] -- Up-to-date: /home/hkim/development/tello_ros_ws/install/tello_gazebo/share/tello_gazebo/models/marker_4/materials
[0.326s] -- Up-to-date: /home/hkim/development/tello_ros_ws/install/tello_gazebo/share/tello_gazebo/models/marker_4/materials/scripts
[0.326s] -- Up-to-date: /home/hkim/development/tello_ros_ws/install/tello_gazebo/share/tello_gazebo/models/marker_4/materials/scripts/marker_4.material
[0.326s] -- Up-to-date: /home/hkim/development/tello_ros_ws/install/tello_gazebo/share/tello_gazebo/models/marker_4/materials/textures
[0.326s] -- Up-to-date: /home/hkim/development/tello_ros_ws/install/tello_gazebo/share/tello_gazebo/models/marker_4/materials/textures/aruco_mark_4.svg
[0.327s] -- Up-to-date: /home/hkim/development/tello_ros_ws/install/tello_gazebo/share/tello_gazebo/models/marker_4/materials/textures/aruco_mark_4.png
[0.327s] -- Up-to-date: /home/hkim/development/tello_ros_ws/install/tello_gazebo/share/tello_gazebo/models/marker_4/model.config
[0.327s] -- Up-to-date: /home/hkim/development/tello_ros_ws/install/tello_gazebo/share/tello_gazebo/models/marker_3
[0.328s] -- Up-to-date: /home/hkim/development/tello_ros_ws/install/tello_gazebo/share/tello_gazebo/models/marker_3/model.sdf
[0.328s] -- Up-to-date: /home/hkim/development/tello_ros_ws/install/tello_gazebo/share/tello_gazebo/models/marker_3/materials
[0.328s] -- Up-to-date: /home/hkim/development/tello_ros_ws/install/tello_gazebo/share/tello_gazebo/models/marker_3/materials/scripts
[0.328s] -- Up-to-date: /home/hkim/development/tello_ros_ws/install/tello_gazebo/share/tello_gazebo/models/marker_3/materials/scripts/marker_3.material
[0.328s] -- Up-to-date: /home/hkim/development/tello_ros_ws/install/tello_gazebo/share/tello_gazebo/models/marker_3/materials/textures
[0.328s] -- Up-to-date: /home/hkim/development/tello_ros_ws/install/tello_gazebo/share/tello_gazebo/models/marker_3/materials/textures/aruco_mark_3.svg
[0.329s] -- Up-to-date: /home/hkim/development/tello_ros_ws/install/tello_gazebo/share/tello_gazebo/models/marker_3/materials/textures/aruco_mark_3.png
[0.329s] -- Up-to-date: /home/hkim/development/tello_ros_ws/install/tello_gazebo/share/tello_gazebo/models/marker_3/model.config
[0.329s] -- Up-to-date: /home/hkim/development/tello_ros_ws/install/tello_gazebo/share/tello_gazebo/models/marker_7
[0.329s] -- Up-to-date: /home/hkim/development/tello_ros_ws/install/tello_gazebo/share/tello_gazebo/models/marker_7/model.sdf
[0.329s] -- Up-to-date: /home/hkim/development/tello_ros_ws/install/tello_gazebo/share/tello_gazebo/models/marker_7/materials
[0.329s] -- Up-to-date: /home/hkim/development/tello_ros_ws/install/tello_gazebo/share/tello_gazebo/models/marker_7/materials/scripts
[0.330s] -- Up-to-date: /home/hkim/development/tello_ros_ws/install/tello_gazebo/share/tello_gazebo/models/marker_7/materials/scripts/marker_7.material
[0.330s] -- Up-to-date: /home/hkim/development/tello_ros_ws/install/tello_gazebo/share/tello_gazebo/models/marker_7/materials/textures
[0.330s] -- Up-to-date: /home/hkim/development/tello_ros_ws/install/tello_gazebo/share/tello_gazebo/models/marker_7/materials/textures/aruco_mark_7.svg
[0.330s] -- Up-to-date: /home/hkim/development/tello_ros_ws/install/tello_gazebo/share/tello_gazebo/models/marker_7/materials/textures/aruco_mark_7.png
[0.330s] -- Up-to-date: /home/hkim/development/tello_ros_ws/install/tello_gazebo/share/tello_gazebo/models/marker_7/model.config
[0.330s] -- Up-to-date: /home/hkim/development/tello_ros_ws/install/tello_gazebo/share/tello_gazebo/models/marker_5
[0.330s] -- Up-to-date: /home/hkim/development/tello_ros_ws/install/tello_gazebo/share/tello_gazebo/models/marker_5/model.sdf
[0.331s] -- Up-to-date: /home/hkim/development/tello_ros_ws/install/tello_gazebo/share/tello_gazebo/models/marker_5/materials
[0.331s] -- Up-to-date: /home/hkim/development/tello_ros_ws/install/tello_gazebo/share/tello_gazebo/models/marker_5/materials/scripts
[0.331s] -- Up-to-date: /home/hkim/development/tello_ros_ws/install/tello_gazebo/share/tello_gazebo/models/marker_5/materials/scripts/marker_5.material
[0.331s] -- Up-to-date: /home/hkim/development/tello_ros_ws/install/tello_gazebo/share/tello_gazebo/models/marker_5/materials/textures
[0.331s] -- Up-to-date: /home/hkim/development/tello_ros_ws/install/tello_gazebo/share/tello_gazebo/models/marker_5/materials/textures/aruco_mark_5.png
[0.331s] -- Up-to-date: /home/hkim/development/tello_ros_ws/install/tello_gazebo/share/tello_gazebo/models/marker_5/materials/textures/aruco_mark_5.svg
[0.332s] -- Up-to-date: /home/hkim/development/tello_ros_ws/install/tello_gazebo/share/tello_gazebo/models/marker_5/model.config
[0.332s] -- Up-to-date: /home/hkim/development/tello_ros_ws/install/tello_gazebo/share/tello_gazebo/models/marker_0
[0.332s] -- Up-to-date: /home/hkim/development/tello_ros_ws/install/tello_gazebo/share/tello_gazebo/models/marker_0/model.sdf
[0.332s] -- Up-to-date: /home/hkim/development/tello_ros_ws/install/tello_gazebo/share/tello_gazebo/models/marker_0/materials
[0.332s] -- Up-to-date: /home/hkim/development/tello_ros_ws/install/tello_gazebo/share/tello_gazebo/models/marker_0/materials/scripts
[0.333s] -- Up-to-date: /home/hkim/development/tello_ros_ws/install/tello_gazebo/share/tello_gazebo/models/marker_0/materials/scripts/marker_0.material
[0.333s] -- Up-to-date: /home/hkim/development/tello_ros_ws/install/tello_gazebo/share/tello_gazebo/models/marker_0/materials/textures
[0.341s] -- Up-to-date: /home/hkim/development/tello_ros_ws/install/tello_gazebo/share/tello_gazebo/models/marker_0/materials/textures/aruco_mark_0.png
[0.341s] -- Up-to-date: /home/hkim/development/tello_ros_ws/install/tello_gazebo/share/tello_gazebo/models/marker_0/materials/textures/aruco_mark_0.svg
[0.341s] -- Up-to-date: /home/hkim/development/tello_ros_ws/install/tello_gazebo/share/tello_gazebo/models/marker_0/model.config
[0.342s] -- Up-to-date: /home/hkim/development/tello_ros_ws/install/tello_gazebo/share/tello_gazebo/models/marker_6
[0.342s] -- Up-to-date: /home/hkim/development/tello_ros_ws/install/tello_gazebo/share/tello_gazebo/models/marker_6/model.sdf
[0.342s] -- Up-to-date: /home/hkim/development/tello_ros_ws/install/tello_gazebo/share/tello_gazebo/models/marker_6/materials
[0.342s] -- Up-to-date: /home/hkim/development/tello_ros_ws/install/tello_gazebo/share/tello_gazebo/models/marker_6/materials/scripts
[0.342s] -- Up-to-date: /home/hkim/development/tello_ros_ws/install/tello_gazebo/share/tello_gazebo/models/marker_6/materials/scripts/marker_6.material
[0.342s] -- Up-to-date: /home/hkim/development/tello_ros_ws/install/tello_gazebo/share/tello_gazebo/models/marker_6/materials/textures
[0.343s] -- Up-to-date: /home/hkim/development/tello_ros_ws/install/tello_gazebo/share/tello_gazebo/models/marker_6/materials/textures/aruco_mark_6.svg
[0.343s] -- Up-to-date: /home/hkim/development/tello_ros_ws/install/tello_gazebo/share/tello_gazebo/models/marker_6/materials/textures/aruco_mark_6.png
[0.343s] -- Up-to-date: /home/hkim/development/tello_ros_ws/install/tello_gazebo/share/tello_gazebo/models/marker_6/model.config
[0.343s] -- Up-to-date: /home/hkim/development/tello_ros_ws/install/tello_gazebo/share/tello_gazebo/models/marker_2
[0.343s] -- Up-to-date: /home/hkim/development/tello_ros_ws/install/tello_gazebo/share/tello_gazebo/models/marker_2/model.sdf
[0.343s] -- Up-to-date: /home/hkim/development/tello_ros_ws/install/tello_gazebo/share/tello_gazebo/models/marker_2/materials
[0.344s] -- Up-to-date: /home/hkim/development/tello_ros_ws/install/tello_gazebo/share/tello_gazebo/models/marker_2/materials/scripts
[0.344s] -- Up-to-date: /home/hkim/development/tello_ros_ws/install/tello_gazebo/share/tello_gazebo/models/marker_2/materials/scripts/marker_2.material
[0.344s] -- Up-to-date: /home/hkim/development/tello_ros_ws/install/tello_gazebo/share/tello_gazebo/models/marker_2/materials/textures
[0.344s] -- Up-to-date: /home/hkim/development/tello_ros_ws/install/tello_gazebo/share/tello_gazebo/models/marker_2/materials/textures/aruco_mark_2.png
[0.344s] -- Up-to-date: /home/hkim/development/tello_ros_ws/install/tello_gazebo/share/tello_gazebo/models/marker_2/materials/textures/aruco_mark_2.svg
[0.344s] -- Up-to-date: /home/hkim/development/tello_ros_ws/install/tello_gazebo/share/tello_gazebo/models/marker_2/model.config
[0.345s] -- Up-to-date: /home/hkim/development/tello_ros_ws/install/tello_gazebo/share/tello_gazebo/models/marker_1
[0.345s] -- Up-to-date: /home/hkim/development/tello_ros_ws/install/tello_gazebo/share/tello_gazebo/models/marker_1/model.sdf
[0.345s] -- Up-to-date: /home/hkim/development/tello_ros_ws/install/tello_gazebo/share/tello_gazebo/models/marker_1/materials
[0.345s] -- Up-to-date: /home/hkim/development/tello_ros_ws/install/tello_gazebo/share/tello_gazebo/models/marker_1/materials/scripts
[0.345s] -- Up-to-date: /home/hkim/development/tello_ros_ws/install/tello_gazebo/share/tello_gazebo/models/marker_1/materials/scripts/marker_1.material
[0.345s] -- Up-to-date: /home/hkim/development/tello_ros_ws/install/tello_gazebo/share/tello_gazebo/models/marker_1/materials/textures
[0.345s] -- Up-to-date: /home/hkim/development/tello_ros_ws/install/tello_gazebo/share/tello_gazebo/models/marker_1/materials/textures/aruco_mark_1.png
[0.346s] -- Up-to-date: /home/hkim/development/tello_ros_ws/install/tello_gazebo/share/tello_gazebo/models/marker_1/materials/textures/aruco_mark_1.svg
[0.346s] -- Up-to-date: /home/hkim/development/tello_ros_ws/install/tello_gazebo/share/tello_gazebo/models/marker_1/model.config
[0.346s] -- Up-to-date: /home/hkim/development/tello_ros_ws/install/tello_gazebo/share/tello_gazebo/worlds
[0.346s] -- Up-to-date: /home/hkim/development/tello_ros_ws/install/tello_gazebo/share/tello_gazebo/worlds/f2.world
[0.346s] -- Up-to-date: /home/hkim/development/tello_ros_ws/install/tello_gazebo/share/tello_gazebo/worlds/build_world.py
[0.346s] -- Up-to-date: /home/hkim/development/tello_ros_ws/install/tello_gazebo/share/tello_gazebo/worlds/fiducial_map.yaml
[0.347s] -- Up-to-date: /home/hkim/development/tello_ros_ws/install/tello_gazebo/share/tello_gazebo/worlds/simple.world
[0.347s] -- Up-to-date: /home/hkim/development/tello_ros_ws/install/tello_gazebo/share/tello_gazebo/worlds/f2_map.yaml
[0.347s] -- Up-to-date: /home/hkim/development/tello_ros_ws/install/tello_gazebo/share/tello_gazebo/worlds/fiducial.world
[0.347s] -- Up-to-date: /home/hkim/development/tello_ros_ws/install/tello_gazebo/share/tello_gazebo/launch
[0.347s] -- Up-to-date: /home/hkim/development/tello_ros_ws/install/tello_gazebo/share/tello_gazebo/launch/vlam_launch.py
[0.347s] -- Installing: /home/hkim/development/tello_ros_ws/install/tello_gazebo/share/tello_gazebo/launch/simple_launch.py
[0.347s] -- Up-to-date: /home/hkim/development/tello_ros_ws/install/tello_gazebo/lib/tello_gazebo/inject_entity.py
[0.348s] -- Up-to-date: /home/hkim/development/tello_ros_ws/install/tello_gazebo/share/ament_index/resource_index/package_run_dependencies/tello_gazebo
[0.348s] -- Up-to-date: /home/hkim/development/tello_ros_ws/install/tello_gazebo/share/ament_index/resource_index/parent_prefix_path/tello_gazebo
[0.351s] -- Up-to-date: /home/hkim/development/tello_ros_ws/install/tello_gazebo/share/tello_gazebo/environment/ament_prefix_path.sh
[0.351s] -- Up-to-date: /home/hkim/development/tello_ros_ws/install/tello_gazebo/share/tello_gazebo/environment/ament_prefix_path.dsv
[0.351s] -- Up-to-date: /home/hkim/development/tello_ros_ws/install/tello_gazebo/share/tello_gazebo/environment/path.sh
[0.352s] -- Up-to-date: /home/hkim/development/tello_ros_ws/install/tello_gazebo/share/tello_gazebo/environment/path.dsv
[0.352s] -- Up-to-date: /home/hkim/development/tello_ros_ws/install/tello_gazebo/share/tello_gazebo/local_setup.bash
[0.352s] -- Up-to-date: /home/hkim/development/tello_ros_ws/install/tello_gazebo/share/tello_gazebo/local_setup.sh
[0.352s] -- Up-to-date: /home/hkim/development/tello_ros_ws/install/tello_gazebo/share/tello_gazebo/local_setup.zsh
[0.352s] -- Up-to-date: /home/hkim/development/tello_ros_ws/install/tello_gazebo/share/tello_gazebo/local_setup.dsv
[0.353s] -- Installing: /home/hkim/development/tello_ros_ws/install/tello_gazebo/share/tello_gazebo/package.dsv
[0.353s] -- Up-to-date: /home/hkim/development/tello_ros_ws/install/tello_gazebo/share/ament_index/resource_index/packages/tello_gazebo
[0.353s] -- Up-to-date: /home/hkim/development/tello_ros_ws/install/tello_gazebo/share/tello_gazebo/cmake/tello_gazeboConfig.cmake
[0.353s] -- Up-to-date: /home/hkim/development/tello_ros_ws/install/tello_gazebo/share/tello_gazebo/cmake/tello_gazeboConfig-version.cmake
[0.353s] -- Up-to-date: /home/hkim/development/tello_ros_ws/install/tello_gazebo/share/tello_gazebo/package.xml
[0.354s] Invoked command in '/home/hkim/development/tello_ros_ws/build/tello_gazebo' returned '0': CMAKE_PREFIX_PATH=/home/hkim/development/tello_ros_ws/install/tello_msgs:/home/hkim/development/tello_ros_ws/install/tello_gazebo:/home/hkim/development/tello_ros_ws/install/tello_driver:/home/hkim/development/tello_ros_ws/install/tello_description:/home/hkim/development/tello_ros_ws/install/fiducial_vlam:/home/hkim/development/tello_ros_ws/install/ros2_shared:/home/hkim/development/tello_ros_ws/install/fiducial_vlam_msgs:/home/hkim/development/dev_ws/install/my_bot:/opt/ros/foxy LD_LIBRARY_PATH=/home/hkim/development/tello_ros_ws/install/tello_msgs/lib:/home/hkim/development/tello_ros_ws/install/tello_gazebo/lib:/home/hkim/development/tello_ros_ws/install/tello_driver/lib:/home/hkim/development/tello_ros_ws/install/fiducial_vlam/lib:/home/hkim/development/tello_ros_ws/install/fiducial_vlam_msgs/lib:/usr/lib/x86_64-linux-gnu/gazebo-11/plugins:/opt/ros/foxy/opt/yaml_cpp_vendor/lib:/opt/ros/foxy/opt/rviz_ogre_vendor/lib:/opt/ros/foxy/lib/x86_64-linux-gnu:/opt/ros/foxy/lib:/usr/lib/x86_64-linux-gnu/gazebo-11/plugins /usr/bin/cmake --install /home/hkim/development/tello_ros_ws/build/tello_gazebo
