[0.041s] Invoking command in '/home/hkim/development/tello_ros_ws/build/ros2_shared': CMAKE_PREFIX_PATH=/opt/ros/foxy /usr/bin/cmake --build /home/hkim/development/tello_ros_ws/build/ros2_shared -- -j4 -l4
[0.117s] Invoked command in '/home/hkim/development/tello_ros_ws/build/ros2_shared' returned '0': CMAKE_PREFIX_PATH=/opt/ros/foxy /usr/bin/cmake --build /home/hkim/development/tello_ros_ws/build/ros2_shared -- -j4 -l4
[0.280s] Invoking command in '/home/hkim/development/tello_ros_ws/build/ros2_shared': CMAKE_PREFIX_PATH=/opt/ros/foxy /usr/bin/cmake --install /home/hkim/development/tello_ros_ws/build/ros2_shared
[0.307s] -- Install configuration: ""
[0.308s] -- Up-to-date: /home/hkim/development/tello_ros_ws/install/ros2_shared/include
[0.309s] -- Up-to-date: /home/hkim/development/tello_ros_ws/install/ros2_shared/include/ros2_shared
[0.309s] -- Up-to-date: /home/hkim/development/tello_ros_ws/install/ros2_shared/include/ros2_shared/param_macros.hpp
[0.309s] -- Up-to-date: /home/hkim/development/tello_ros_ws/install/ros2_shared/include/ros2_shared/context_macros.hpp
[0.310s] -- Up-to-date: /home/hkim/development/tello_ros_ws/install/ros2_shared/include/ros2_shared/string_printf.hpp
[0.310s] -- Up-to-date: /home/hkim/development/tello_ros_ws/install/ros2_shared/share/ament_index/resource_index/package_run_dependencies/ros2_shared
[0.310s] -- Up-to-date: /home/hkim/development/tello_ros_ws/install/ros2_shared/share/ament_index/resource_index/parent_prefix_path/ros2_shared
[0.310s] -- Up-to-date: /home/hkim/development/tello_ros_ws/install/ros2_shared/share/ros2_shared/environment/ament_prefix_path.sh
[0.310s] -- Up-to-date: /home/hkim/development/tello_ros_ws/install/ros2_shared/share/ros2_shared/environment/ament_prefix_path.dsv
[0.311s] -- Up-to-date: /home/hkim/development/tello_ros_ws/install/ros2_shared/share/ros2_shared/environment/path.sh
[0.311s] -- Up-to-date: /home/hkim/development/tello_ros_ws/install/ros2_shared/share/ros2_shared/environment/path.dsv
[0.311s] -- Up-to-date: /home/hkim/development/tello_ros_ws/install/ros2_shared/share/ros2_shared/local_setup.bash
[0.311s] -- Up-to-date: /home/hkim/development/tello_ros_ws/install/ros2_shared/share/ros2_shared/local_setup.sh
[0.311s] -- Up-to-date: /home/hkim/development/tello_ros_ws/install/ros2_shared/share/ros2_shared/local_setup.zsh
[0.312s] -- Up-to-date: /home/hkim/development/tello_ros_ws/install/ros2_shared/share/ros2_shared/local_setup.dsv
[0.312s] -- Installing: /home/hkim/development/tello_ros_ws/install/ros2_shared/share/ros2_shared/package.dsv
[0.312s] -- Up-to-date: /home/hkim/development/tello_ros_ws/install/ros2_shared/share/ament_index/resource_index/packages/ros2_shared
[0.312s] -- Up-to-date: /home/hkim/development/tello_ros_ws/install/ros2_shared/share/ros2_shared/cmake/ros2_shared_targetsExport.cmake
[0.312s] -- Up-to-date: /home/hkim/development/tello_ros_ws/install/ros2_shared/share/ros2_shared/cmake/ament_cmake_export_targets-extras.cmake
[0.312s] -- Up-to-date: /home/hkim/development/tello_ros_ws/install/ros2_shared/share/ros2_shared/cmake/ament_cmake_export_dependencies-extras.cmake
[0.312s] -- Up-to-date: /home/hkim/development/tello_ros_ws/install/ros2_shared/share/ros2_shared/cmake/ros2_sharedConfig.cmake
[0.313s] -- Up-to-date: /home/hkim/development/tello_ros_ws/install/ros2_shared/share/ros2_shared/cmake/ros2_sharedConfig-version.cmake
[0.313s] -- Up-to-date: /home/hkim/development/tello_ros_ws/install/ros2_shared/share/ros2_shared/package.xml
[0.342s] Invoked command in '/home/hkim/development/tello_ros_ws/build/ros2_shared' returned '0': CMAKE_PREFIX_PATH=/opt/ros/foxy /usr/bin/cmake --install /home/hkim/development/tello_ros_ws/build/ros2_shared
