[0.072s] Invoking command in '/home/hkim/development/tello_ros_ws/build/tello_gazebo': AMENT_PREFIX_PATH=/home/hkim/development/tello_ros_ws/install/tello_msgs:${AMENT_PREFIX_PATH} CMAKE_PREFIX_PATH=/home/hkim/development/tello_ros_ws/install/tello_msgs:/opt/ros/foxy LD_LIBRARY_PATH=/home/hkim/development/tello_ros_ws/install/tello_msgs/lib:${LD_LIBRARY_PATH} PYTHONPATH=/home/hkim/development/tello_ros_ws/install/tello_msgs/lib/python3.8/site-packages:${PYTHONPATH} /usr/bin/cmake --build /home/hkim/development/tello_ros_ws/build/tello_gazebo -- -j4 -l4
[0.454s] [100%] Built target TelloPlugin
[0.494s] Invoked command in '/home/hkim/development/tello_ros_ws/build/tello_gazebo' returned '0': AMENT_PREFIX_PATH=/home/hkim/development/tello_ros_ws/install/tello_msgs:${AMENT_PREFIX_PATH} CMAKE_PREFIX_PATH=/home/hkim/development/tello_ros_ws/install/tello_msgs:/opt/ros/foxy LD_LIBRARY_PATH=/home/hkim/development/tello_ros_ws/install/tello_msgs/lib:${LD_LIBRARY_PATH} PYTHONPATH=/home/hkim/development/tello_ros_ws/install/tello_msgs/lib/python3.8/site-packages:${PYTHONPATH} /usr/bin/cmake --build /home/hkim/development/tello_ros_ws/build/tello_gazebo -- -j4 -l4
[0.665s] Invoking command in '/home/hkim/development/tello_ros_ws/build/tello_gazebo': AMENT_PREFIX_PATH=/home/hkim/development/tello_ros_ws/install/tello_msgs:${AMENT_PREFIX_PATH} CMAKE_PREFIX_PATH=/home/hkim/development/tello_ros_ws/install/tello_msgs:/opt/ros/foxy LD_LIBRARY_PATH=/home/hkim/development/tello_ros_ws/install/tello_msgs/lib:${LD_LIBRARY_PATH} PYTHONPATH=/home/hkim/development/tello_ros_ws/install/tello_msgs/lib/python3.8/site-packages:${PYTHONPATH} /usr/bin/cmake --install /home/hkim/development/tello_ros_ws/build/tello_gazebo
[0.730s] -- Install configuration: ""
[0.730s] -- Up-to-date: /home/hkim/development/tello_ros_ws/install/tello_gazebo/lib/libTelloPlugin.so
[0.731s] -- Up-to-date: /home/hkim/development/tello_ros_ws/install/tello_gazebo/share/tello_gazebo/models
[0.731s] -- Up-to-date: /home/hkim/development/tello_ros_ws/install/tello_gazebo/share/tello_gazebo/models/marker_4
[0.731s] -- Up-to-date: /home/hkim/development/tello_ros_ws/install/tello_gazebo/share/tello_gazebo/models/marker_4/model.sdf
[0.732s] -- Up-to-date: /home/hkim/development/tello_ros_ws/install/tello_gazebo/share/tello_gazebo/models/marker_4/materials
[0.732s] -- Up-to-date: /home/hkim/development/tello_ros_ws/install/tello_gazebo/share/tello_gazebo/models/marker_4/materials/scripts
[0.733s] -- Up-to-date: /home/hkim/development/tello_ros_ws/install/tello_gazebo/share/tello_gazebo/models/marker_4/materials/scripts/marker_4.material
[0.733s] -- Up-to-date: /home/hkim/development/tello_ros_ws/install/tello_gazebo/share/tello_gazebo/models/marker_4/materials/textures
[0.734s] -- Up-to-date: /home/hkim/development/tello_ros_ws/install/tello_gazebo/share/tello_gazebo/models/marker_4/materials/textures/aruco_mark_4.svg
[0.734s] -- Up-to-date: /home/hkim/development/tello_ros_ws/install/tello_gazebo/share/tello_gazebo/models/marker_4/materials/textures/aruco_mark_4.png
[0.734s] -- Up-to-date: /home/hkim/development/tello_ros_ws/install/tello_gazebo/share/tello_gazebo/models/marker_4/model.config
[0.735s] -- Up-to-date: /home/hkim/development/tello_ros_ws/install/tello_gazebo/share/tello_gazebo/models/marker_3
[0.735s] -- Up-to-date: /home/hkim/development/tello_ros_ws/install/tello_gazebo/share/tello_gazebo/models/marker_3/model.sdf
[0.736s] -- Up-to-date: /home/hkim/development/tello_ros_ws/install/tello_gazebo/share/tello_gazebo/models/marker_3/materials
[0.747s] -- Up-to-date: /home/hkim/development/tello_ros_ws/install/tello_gazebo/share/tello_gazebo/models/marker_3/materials/scripts
[0.748s] -- Up-to-date: /home/hkim/development/tello_ros_ws/install/tello_gazebo/share/tello_gazebo/models/marker_3/materials/scripts/marker_3.material
[0.749s] -- Up-to-date: /home/hkim/development/tello_ros_ws/install/tello_gazebo/share/tello_gazebo/models/marker_3/materials/textures
[0.750s] -- Up-to-date: /home/hkim/development/tello_ros_ws/install/tello_gazebo/share/tello_gazebo/models/marker_3/materials/textures/aruco_mark_3.svg
[0.751s] -- Up-to-date: /home/hkim/development/tello_ros_ws/install/tello_gazebo/share/tello_gazebo/models/marker_3/materials/textures/aruco_mark_3.png
[0.751s] -- Up-to-date: /home/hkim/development/tello_ros_ws/install/tello_gazebo/share/tello_gazebo/models/marker_3/model.config
[0.751s] -- Up-to-date: /home/hkim/development/tello_ros_ws/install/tello_gazebo/share/tello_gazebo/models/marker_7
[0.752s] -- Up-to-date: /home/hkim/development/tello_ros_ws/install/tello_gazebo/share/tello_gazebo/models/marker_7/model.sdf
[0.752s] -- Up-to-date: /home/hkim/development/tello_ros_ws/install/tello_gazebo/share/tello_gazebo/models/marker_7/materials
[0.761s] -- Up-to-date: /home/hkim/development/tello_ros_ws/install/tello_gazebo/share/tello_gazebo/models/marker_7/materials/scripts
[0.761s] -- Up-to-date: /home/hkim/development/tello_ros_ws/install/tello_gazebo/share/tello_gazebo/models/marker_7/materials/scripts/marker_7.material
[0.762s] -- Up-to-date: /home/hkim/development/tello_ros_ws/install/tello_gazebo/share/tello_gazebo/models/marker_7/materials/textures
[0.763s] -- Up-to-date: /home/hkim/development/tello_ros_ws/install/tello_gazebo/share/tello_gazebo/models/marker_7/materials/textures/aruco_mark_7.svg
[0.763s] -- Up-to-date: /home/hkim/development/tello_ros_ws/install/tello_gazebo/share/tello_gazebo/models/marker_7/materials/textures/aruco_mark_7.png
[0.763s] -- Up-to-date: /home/hkim/development/tello_ros_ws/install/tello_gazebo/share/tello_gazebo/models/marker_7/model.config
[0.763s] -- Up-to-date: /home/hkim/development/tello_ros_ws/install/tello_gazebo/share/tello_gazebo/models/marker_5
[0.764s] -- Up-to-date: /home/hkim/development/tello_ros_ws/install/tello_gazebo/share/tello_gazebo/models/marker_5/model.sdf
[0.764s] -- Up-to-date: /home/hkim/development/tello_ros_ws/install/tello_gazebo/share/tello_gazebo/models/marker_5/materials
[0.764s] -- Up-to-date: /home/hkim/development/tello_ros_ws/install/tello_gazebo/share/tello_gazebo/models/marker_5/materials/scripts
[0.764s] -- Up-to-date: /home/hkim/development/tello_ros_ws/install/tello_gazebo/share/tello_gazebo/models/marker_5/materials/scripts/marker_5.material
[0.770s] -- Up-to-date: /home/hkim/development/tello_ros_ws/install/tello_gazebo/share/tello_gazebo/models/marker_5/materials/textures
[0.771s] -- Up-to-date: /home/hkim/development/tello_ros_ws/install/tello_gazebo/share/tello_gazebo/models/marker_5/materials/textures/aruco_mark_5.png
[0.771s] -- Up-to-date: /home/hkim/development/tello_ros_ws/install/tello_gazebo/share/tello_gazebo/models/marker_5/materials/textures/aruco_mark_5.svg
[0.772s] -- Up-to-date: /home/hkim/development/tello_ros_ws/install/tello_gazebo/share/tello_gazebo/models/marker_5/model.config
[0.772s] -- Up-to-date: /home/hkim/development/tello_ros_ws/install/tello_gazebo/share/tello_gazebo/models/marker_0
[0.772s] -- Up-to-date: /home/hkim/development/tello_ros_ws/install/tello_gazebo/share/tello_gazebo/models/marker_0/model.sdf
[0.773s] -- Up-to-date: /home/hkim/development/tello_ros_ws/install/tello_gazebo/share/tello_gazebo/models/marker_0/materials
[0.773s] -- Up-to-date: /home/hkim/development/tello_ros_ws/install/tello_gazebo/share/tello_gazebo/models/marker_0/materials/scripts
[0.774s] -- Up-to-date: /home/hkim/development/tello_ros_ws/install/tello_gazebo/share/tello_gazebo/models/marker_0/materials/scripts/marker_0.material
[0.775s] -- Up-to-date: /home/hkim/development/tello_ros_ws/install/tello_gazebo/share/tello_gazebo/models/marker_0/materials/textures
[0.775s] -- Up-to-date: /home/hkim/development/tello_ros_ws/install/tello_gazebo/share/tello_gazebo/models/marker_0/materials/textures/aruco_mark_0.png
[0.775s] -- Up-to-date: /home/hkim/development/tello_ros_ws/install/tello_gazebo/share/tello_gazebo/models/marker_0/materials/textures/aruco_mark_0.svg
[0.776s] -- Up-to-date: /home/hkim/development/tello_ros_ws/install/tello_gazebo/share/tello_gazebo/models/marker_0/model.config
[0.776s] -- Up-to-date: /home/hkim/development/tello_ros_ws/install/tello_gazebo/share/tello_gazebo/models/marker_6
[0.813s] -- Up-to-date: /home/hkim/development/tello_ros_ws/install/tello_gazebo/share/tello_gazebo/models/marker_6/model.sdf
[0.814s] -- Up-to-date: /home/hkim/development/tello_ros_ws/install/tello_gazebo/share/tello_gazebo/models/marker_6/materials
[0.814s] -- Up-to-date: /home/hkim/development/tello_ros_ws/install/tello_gazebo/share/tello_gazebo/models/marker_6/materials/scripts
[0.815s] -- Up-to-date: /home/hkim/development/tello_ros_ws/install/tello_gazebo/share/tello_gazebo/models/marker_6/materials/scripts/marker_6.material
[0.816s] -- Up-to-date: /home/hkim/development/tello_ros_ws/install/tello_gazebo/share/tello_gazebo/models/marker_6/materials/textures
[0.816s] -- Up-to-date: /home/hkim/development/tello_ros_ws/install/tello_gazebo/share/tello_gazebo/models/marker_6/materials/textures/aruco_mark_6.svg
[0.816s] -- Up-to-date: /home/hkim/development/tello_ros_ws/install/tello_gazebo/share/tello_gazebo/models/marker_6/materials/textures/aruco_mark_6.png
[0.817s] -- Up-to-date: /home/hkim/development/tello_ros_ws/install/tello_gazebo/share/tello_gazebo/models/marker_6/model.config
[0.817s] -- Up-to-date: /home/hkim/development/tello_ros_ws/install/tello_gazebo/share/tello_gazebo/models/marker_2
[0.817s] -- Up-to-date: /home/hkim/development/tello_ros_ws/install/tello_gazebo/share/tello_gazebo/models/marker_2/model.sdf
[0.818s] -- Up-to-date: /home/hkim/development/tello_ros_ws/install/tello_gazebo/share/tello_gazebo/models/marker_2/materials
[0.818s] -- Up-to-date: /home/hkim/development/tello_ros_ws/install/tello_gazebo/share/tello_gazebo/models/marker_2/materials/scripts
[0.818s] -- Up-to-date: /home/hkim/development/tello_ros_ws/install/tello_gazebo/share/tello_gazebo/models/marker_2/materials/scripts/marker_2.material
[0.819s] -- Up-to-date: /home/hkim/development/tello_ros_ws/install/tello_gazebo/share/tello_gazebo/models/marker_2/materials/textures
[0.820s] -- Up-to-date: /home/hkim/development/tello_ros_ws/install/tello_gazebo/share/tello_gazebo/models/marker_2/materials/textures/aruco_mark_2.png
[0.820s] -- Up-to-date: /home/hkim/development/tello_ros_ws/install/tello_gazebo/share/tello_gazebo/models/marker_2/materials/textures/aruco_mark_2.svg
[0.821s] -- Up-to-date: /home/hkim/development/tello_ros_ws/install/tello_gazebo/share/tello_gazebo/models/marker_2/model.config
[0.821s] -- Up-to-date: /home/hkim/development/tello_ros_ws/install/tello_gazebo/share/tello_gazebo/models/marker_1
[0.822s] -- Up-to-date: /home/hkim/development/tello_ros_ws/install/tello_gazebo/share/tello_gazebo/models/marker_1/model.sdf
[0.822s] -- Up-to-date: /home/hkim/development/tello_ros_ws/install/tello_gazebo/share/tello_gazebo/models/marker_1/materials
[0.822s] -- Up-to-date: /home/hkim/development/tello_ros_ws/install/tello_gazebo/share/tello_gazebo/models/marker_1/materials/scripts
[0.823s] -- Up-to-date: /home/hkim/development/tello_ros_ws/install/tello_gazebo/share/tello_gazebo/models/marker_1/materials/scripts/marker_1.material
[0.823s] -- Up-to-date: /home/hkim/development/tello_ros_ws/install/tello_gazebo/share/tello_gazebo/models/marker_1/materials/textures
[0.824s] -- Up-to-date: /home/hkim/development/tello_ros_ws/install/tello_gazebo/share/tello_gazebo/models/marker_1/materials/textures/aruco_mark_1.png
[0.824s] -- Up-to-date: /home/hkim/development/tello_ros_ws/install/tello_gazebo/share/tello_gazebo/models/marker_1/materials/textures/aruco_mark_1.svg
[0.830s] -- Up-to-date: /home/hkim/development/tello_ros_ws/install/tello_gazebo/share/tello_gazebo/models/marker_1/model.config
[0.830s] -- Up-to-date: /home/hkim/development/tello_ros_ws/install/tello_gazebo/share/tello_gazebo/worlds
[0.831s] -- Up-to-date: /home/hkim/development/tello_ros_ws/install/tello_gazebo/share/tello_gazebo/worlds/f2.world
[0.832s] -- Up-to-date: /home/hkim/development/tello_ros_ws/install/tello_gazebo/share/tello_gazebo/worlds/build_world.py
[0.832s] -- Up-to-date: /home/hkim/development/tello_ros_ws/install/tello_gazebo/share/tello_gazebo/worlds/fiducial_map.yaml
[0.832s] -- Up-to-date: /home/hkim/development/tello_ros_ws/install/tello_gazebo/share/tello_gazebo/worlds/simple.world
[0.833s] -- Up-to-date: /home/hkim/development/tello_ros_ws/install/tello_gazebo/share/tello_gazebo/worlds/f2_map.yaml
[0.833s] -- Up-to-date: /home/hkim/development/tello_ros_ws/install/tello_gazebo/share/tello_gazebo/worlds/office_small.world
[0.842s] -- Up-to-date: /home/hkim/development/tello_ros_ws/install/tello_gazebo/share/tello_gazebo/worlds/fiducial.world
[0.849s] -- Up-to-date: /home/hkim/development/tello_ros_ws/install/tello_gazebo/share/tello_gazebo/launch
[0.853s] -- Up-to-date: /home/hkim/development/tello_ros_ws/install/tello_gazebo/share/tello_gazebo/launch/vlam_launch.py
[0.853s] -- Up-to-date: /home/hkim/development/tello_ros_ws/install/tello_gazebo/share/tello_gazebo/launch/simple_launch.py
[0.853s] -- Up-to-date: /home/hkim/development/tello_ros_ws/install/tello_gazebo/lib/tello_gazebo/inject_entity.py
[0.853s] -- Up-to-date: /home/hkim/development/tello_ros_ws/install/tello_gazebo/share/ament_index/resource_index/package_run_dependencies/tello_gazebo
[0.853s] -- Up-to-date: /home/hkim/development/tello_ros_ws/install/tello_gazebo/share/ament_index/resource_index/parent_prefix_path/tello_gazebo
[0.853s] -- Up-to-date: /home/hkim/development/tello_ros_ws/install/tello_gazebo/share/tello_gazebo/environment/ament_prefix_path.sh
[0.853s] -- Up-to-date: /home/hkim/development/tello_ros_ws/install/tello_gazebo/share/tello_gazebo/environment/ament_prefix_path.dsv
[0.853s] -- Up-to-date: /home/hkim/development/tello_ros_ws/install/tello_gazebo/share/tello_gazebo/environment/path.sh
[0.854s] -- Up-to-date: /home/hkim/development/tello_ros_ws/install/tello_gazebo/share/tello_gazebo/environment/path.dsv
[0.854s] -- Up-to-date: /home/hkim/development/tello_ros_ws/install/tello_gazebo/share/tello_gazebo/local_setup.bash
[0.854s] -- Up-to-date: /home/hkim/development/tello_ros_ws/install/tello_gazebo/share/tello_gazebo/local_setup.sh
[0.854s] -- Up-to-date: /home/hkim/development/tello_ros_ws/install/tello_gazebo/share/tello_gazebo/local_setup.zsh
[0.854s] -- Up-to-date: /home/hkim/development/tello_ros_ws/install/tello_gazebo/share/tello_gazebo/local_setup.dsv
[0.854s] -- Installing: /home/hkim/development/tello_ros_ws/install/tello_gazebo/share/tello_gazebo/package.dsv
[0.854s] -- Up-to-date: /home/hkim/development/tello_ros_ws/install/tello_gazebo/share/ament_index/resource_index/packages/tello_gazebo
[0.854s] -- Up-to-date: /home/hkim/development/tello_ros_ws/install/tello_gazebo/share/tello_gazebo/cmake/tello_gazeboConfig.cmake
[0.854s] -- Up-to-date: /home/hkim/development/tello_ros_ws/install/tello_gazebo/share/tello_gazebo/cmake/tello_gazeboConfig-version.cmake
[0.854s] -- Up-to-date: /home/hkim/development/tello_ros_ws/install/tello_gazebo/share/tello_gazebo/package.xml
[0.855s] Invoked command in '/home/hkim/development/tello_ros_ws/build/tello_gazebo' returned '0': AMENT_PREFIX_PATH=/home/hkim/development/tello_ros_ws/install/tello_msgs:${AMENT_PREFIX_PATH} CMAKE_PREFIX_PATH=/home/hkim/development/tello_ros_ws/install/tello_msgs:/opt/ros/foxy LD_LIBRARY_PATH=/home/hkim/development/tello_ros_ws/install/tello_msgs/lib:${LD_LIBRARY_PATH} PYTHONPATH=/home/hkim/development/tello_ros_ws/install/tello_msgs/lib/python3.8/site-packages:${PYTHONPATH} /usr/bin/cmake --install /home/hkim/development/tello_ros_ws/build/tello_gazebo
