[0.050s] Invoking command in '/home/hkim/development/tello_ros_ws/build/orb_slam2_ros': /usr/bin/cmake /home/hkim/development/tello_ros_ws/src/orb_slam_2_ros-master -DCATKIN_INSTALL_INTO_PREFIX_ROOT=0 -DCMAKE_INSTALL_PREFIX=/home/hkim/development/tello_ros_ws/install/orb_slam2_ros
[0.327s] -- The C compiler identification is GNU 9.4.0
[0.607s] -- The CXX compiler identification is GNU 9.4.0
[0.634s] -- Check for working C compiler: /usr/bin/cc
[0.771s] -- Check for working C compiler: /usr/bin/cc -- works
[0.774s] -- Detecting C compiler ABI info
[0.898s] -- Detecting C compiler ABI info - done
[0.944s] -- Detecting C compile features
[0.944s] -- Detecting C compile features - done
[0.944s] -- Check for working CXX compiler: /usr/bin/c++
[1.084s] -- Check for working CXX compiler: /usr/bin/c++ -- works
[1.086s] -- Detecting CXX compiler ABI info
[1.220s] -- Detecting CXX compiler ABI info - done
[1.251s] -- Detecting CXX compile features
[1.251s] -- Detecting CXX compile features - done
[1.260s] -- Performing Test COMPILER_SUPPORTS_CXX11
[1.464s] -- Performing Test COMPILER_SUPPORTS_CXX11 - Success
[1.487s] CMake Error at CMakeLists.txt:19 (find_package):
[1.487s]   By not providing "Findcatkin.cmake" in CMAKE_MODULE_PATH this project has
[1.487s]   asked CMake to find a package configuration file provided by "catkin", but
[1.488s]   CMake did not find one.
[1.488s] 
[1.488s]   Could not find a package configuration file provided by "catkin" with any
[1.488s]   of the following names:
[1.488s] 
[1.488s]     catkinConfig.cmake
[1.488s]     catkin-config.cmake
[1.488s] 
[1.489s]   Add the installation prefix of "catkin" to CMAKE_PREFIX_PATH or set
[1.489s]   "catkin_DIR" to a directory containing one of the above files.  If "catkin"
[1.489s]   provides a separate development package or SDK, be sure it has been
[1.489s]   installed.
[1.489s] 
[1.489s] 
[1.489s] -- Configuring incomplete, errors occurred!
[1.489s] See also "/home/hkim/development/tello_ros_ws/build/orb_slam2_ros/CMakeFiles/CMakeOutput.log".
[1.496s] Invoked command in '/home/hkim/development/tello_ros_ws/build/orb_slam2_ros' returned '1': /usr/bin/cmake /home/hkim/development/tello_ros_ws/src/orb_slam_2_ros-master -DCATKIN_INSTALL_INTO_PREFIX_ROOT=0 -DCMAKE_INSTALL_PREFIX=/home/hkim/development/tello_ros_ws/install/orb_slam2_ros
