[0.196s] Invoking command in '/home/hkim/development/tello_ros_ws/build/fiducial_vlam': AMENT_PREFIX_PATH=/home/hkim/development/tello_ros_ws/install/ros2_shared:/home/hkim/development/tello_ros_ws/install/fiducial_vlam_msgs:${AMENT_PREFIX_PATH} CMAKE_PREFIX_PATH=/home/hkim/development/tello_ros_ws/install/ros2_shared:/home/hkim/development/tello_ros_ws/install/fiducial_vlam_msgs:/opt/ros/foxy LD_LIBRARY_PATH=/home/hkim/development/tello_ros_ws/install/fiducial_vlam_msgs/lib:${LD_LIBRARY_PATH} PYTHONPATH=/home/hkim/development/tello_ros_ws/install/fiducial_vlam_msgs/lib/python3.8/site-packages:${PYTHONPATH} /usr/bin/cmake --build /home/hkim/development/tello_ros_ws/build/fiducial_vlam -- -j4 -l4
[0.935s] [ 25%] Built target vloc_main
[0.947s] [ 51%] Built target vmap_main
[0.980s] [ 74%] Built target vloc_node
[1.043s] [100%] Built target vmap_node
[1.130s] Invoked command in '/home/hkim/development/tello_ros_ws/build/fiducial_vlam' returned '0': AMENT_PREFIX_PATH=/home/hkim/development/tello_ros_ws/install/ros2_shared:/home/hkim/development/tello_ros_ws/install/fiducial_vlam_msgs:${AMENT_PREFIX_PATH} CMAKE_PREFIX_PATH=/home/hkim/development/tello_ros_ws/install/ros2_shared:/home/hkim/development/tello_ros_ws/install/fiducial_vlam_msgs:/opt/ros/foxy LD_LIBRARY_PATH=/home/hkim/development/tello_ros_ws/install/fiducial_vlam_msgs/lib:${LD_LIBRARY_PATH} PYTHONPATH=/home/hkim/development/tello_ros_ws/install/fiducial_vlam_msgs/lib/python3.8/site-packages:${PYTHONPATH} /usr/bin/cmake --build /home/hkim/development/tello_ros_ws/build/fiducial_vlam -- -j4 -l4
[1.530s] Invoking command in '/home/hkim/development/tello_ros_ws/build/fiducial_vlam': AMENT_PREFIX_PATH=/home/hkim/development/tello_ros_ws/install/ros2_shared:/home/hkim/development/tello_ros_ws/install/fiducial_vlam_msgs:${AMENT_PREFIX_PATH} CMAKE_PREFIX_PATH=/home/hkim/development/tello_ros_ws/install/ros2_shared:/home/hkim/development/tello_ros_ws/install/fiducial_vlam_msgs:/opt/ros/foxy LD_LIBRARY_PATH=/home/hkim/development/tello_ros_ws/install/fiducial_vlam_msgs/lib:${LD_LIBRARY_PATH} PYTHONPATH=/home/hkim/development/tello_ros_ws/install/fiducial_vlam_msgs/lib/python3.8/site-packages:${PYTHONPATH} /usr/bin/cmake --install /home/hkim/development/tello_ros_ws/build/fiducial_vlam
[1.590s] -- Install configuration: ""
[1.604s] -- Up-to-date: /home/hkim/development/tello_ros_ws/install/fiducial_vlam/lib/libvloc_node.so
[1.613s] -- Up-to-date: /home/hkim/development/tello_ros_ws/install/fiducial_vlam/lib/libvmap_node.so
[1.616s] -- Up-to-date: /home/hkim/development/tello_ros_ws/install/fiducial_vlam/lib/fiducial_vlam/vloc_main
[1.631s] -- Up-to-date: /home/hkim/development/tello_ros_ws/install/fiducial_vlam/lib/fiducial_vlam/vmap_main
[1.631s] -- Up-to-date: /home/hkim/development/tello_ros_ws/install/fiducial_vlam/share/fiducial_vlam/cfg
[1.632s] -- Up-to-date: /home/hkim/development/tello_ros_ws/install/fiducial_vlam/share/fiducial_vlam/cfg/fiducial_marker_locations_basement.yaml
[1.632s] -- Up-to-date: /home/hkim/development/tello_ros_ws/install/fiducial_vlam/share/fiducial_vlam/cfg/Aruco Marker 6X6 250 IDs 01-12.pdf
[1.633s] -- Up-to-date: /home/hkim/development/tello_ros_ws/install/fiducial_vlam/share/fiducial_vlam/cfg/fiducial_marker_locations_office.yaml
[1.633s] -- Up-to-date: /home/hkim/development/tello_ros_ws/install/fiducial_vlam/share/fiducial_vlam/launch
[1.633s] -- Up-to-date: /home/hkim/development/tello_ros_ws/install/fiducial_vlam/share/fiducial_vlam/launch/teleop_launch.py
[1.637s] -- Up-to-date: /home/hkim/development/tello_ros_ws/install/fiducial_vlam/share/fiducial_vlam/launch/pair_xps_launch.py
[1.637s] -- Up-to-date: /home/hkim/development/tello_ros_ws/install/fiducial_vlam/share/fiducial_vlam/launch/launch_one_gazebo.py
[1.637s] -- Up-to-date: /home/hkim/development/tello_ros_ws/install/fiducial_vlam/share/fiducial_vlam/launch/launch_one.py
[1.637s] -- Up-to-date: /home/hkim/development/tello_ros_ws/install/fiducial_vlam/share/fiducial_vlam/launch/pair_box_pattern.sh
[1.637s] -- Up-to-date: /home/hkim/development/tello_ros_ws/install/fiducial_vlam/share/fiducial_vlam/launch/launch_one.rviz
[1.638s] -- Up-to-date: /home/hkim/development/tello_ros_ws/install/fiducial_vlam/share/fiducial_vlam/launch/pair_brix_launch.py
[1.638s] -- Up-to-date: /home/hkim/development/tello_ros_ws/install/fiducial_vlam/share/fiducial_vlam/launch/sim_one_marker_launch.py
[1.638s] -- Up-to-date: /home/hkim/development/tello_ros_ws/install/fiducial_vlam/share/fiducial_vlam/launch/launch_two_gazebo.py
[1.638s] -- Up-to-date: /home/hkim/development/tello_ros_ws/install/fiducial_vlam/share/fiducial_vlam/launch/sim_yz_plane_of_markers_launch.py
[1.638s] -- Up-to-date: /home/hkim/development/tello_ros_ws/install/fiducial_vlam/share/fiducial_vlam/launch/pair_shared_launch.py
[1.638s] -- Up-to-date: /home/hkim/development/tello_ros_ws/install/fiducial_vlam/share/fiducial_vlam/launch/pair_box_pattern_b.sh
[1.639s] -- Up-to-date: /home/hkim/development/tello_ros_ws/install/fiducial_vlam/include
[1.639s] -- Up-to-date: /home/hkim/development/tello_ros_ws/install/fiducial_vlam/include/map.hpp
[1.639s] -- Up-to-date: /home/hkim/development/tello_ros_ws/install/fiducial_vlam/include/fiducial_vlam
[1.639s] -- Up-to-date: /home/hkim/development/tello_ros_ws/install/fiducial_vlam/include/fiducial_vlam/fiducial_vlam.hpp
[1.639s] -- Up-to-date: /home/hkim/development/tello_ros_ws/install/fiducial_vlam/include/vmap_context.hpp
[1.639s] -- Up-to-date: /home/hkim/development/tello_ros_ws/install/fiducial_vlam/include/vloc_context.hpp
[1.639s] -- Up-to-date: /home/hkim/development/tello_ros_ws/install/fiducial_vlam/include/transform_with_covariance.hpp
[1.639s] -- Up-to-date: /home/hkim/development/tello_ros_ws/install/fiducial_vlam/include/convert_util.hpp
[1.639s] -- Up-to-date: /home/hkim/development/tello_ros_ws/install/fiducial_vlam/include/observation.hpp
[1.640s] -- Up-to-date: /home/hkim/development/tello_ros_ws/install/fiducial_vlam/include/fiducial_math.hpp
[1.640s] -- Up-to-date: /home/hkim/development/tello_ros_ws/install/fiducial_vlam/share/fiducial_vlam/environment/library_path.sh
[1.640s] -- Up-to-date: /home/hkim/development/tello_ros_ws/install/fiducial_vlam/share/fiducial_vlam/environment/library_path.dsv
[1.640s] -- Up-to-date: /home/hkim/development/tello_ros_ws/install/fiducial_vlam/share/ament_index/resource_index/package_run_dependencies/fiducial_vlam
[1.640s] -- Up-to-date: /home/hkim/development/tello_ros_ws/install/fiducial_vlam/share/ament_index/resource_index/parent_prefix_path/fiducial_vlam
[1.640s] -- Up-to-date: /home/hkim/development/tello_ros_ws/install/fiducial_vlam/share/fiducial_vlam/environment/ament_prefix_path.sh
[1.640s] -- Up-to-date: /home/hkim/development/tello_ros_ws/install/fiducial_vlam/share/fiducial_vlam/environment/ament_prefix_path.dsv
[1.640s] -- Up-to-date: /home/hkim/development/tello_ros_ws/install/fiducial_vlam/share/fiducial_vlam/environment/path.sh
[1.641s] -- Up-to-date: /home/hkim/development/tello_ros_ws/install/fiducial_vlam/share/fiducial_vlam/environment/path.dsv
[1.641s] -- Up-to-date: /home/hkim/development/tello_ros_ws/install/fiducial_vlam/share/fiducial_vlam/local_setup.bash
[1.641s] -- Up-to-date: /home/hkim/development/tello_ros_ws/install/fiducial_vlam/share/fiducial_vlam/local_setup.sh
[1.641s] -- Up-to-date: /home/hkim/development/tello_ros_ws/install/fiducial_vlam/share/fiducial_vlam/local_setup.zsh
[1.641s] -- Up-to-date: /home/hkim/development/tello_ros_ws/install/fiducial_vlam/share/fiducial_vlam/local_setup.dsv
[1.641s] -- Installing: /home/hkim/development/tello_ros_ws/install/fiducial_vlam/share/fiducial_vlam/package.dsv
[1.643s] -- Up-to-date: /home/hkim/development/tello_ros_ws/install/fiducial_vlam/share/ament_index/resource_index/packages/fiducial_vlam
[1.644s] -- Up-to-date: /home/hkim/development/tello_ros_ws/install/fiducial_vlam/share/ament_index/resource_index/rclcpp_components/fiducial_vlam
[1.647s] -- Up-to-date: /home/hkim/development/tello_ros_ws/install/fiducial_vlam/share/fiducial_vlam/cmake/export_vloc_nodeExport.cmake
[1.650s] -- Up-to-date: /home/hkim/development/tello_ros_ws/install/fiducial_vlam/share/fiducial_vlam/cmake/export_vloc_nodeExport-noconfig.cmake
[1.668s] -- Up-to-date: /home/hkim/development/tello_ros_ws/install/fiducial_vlam/share/fiducial_vlam/cmake/export_vmap_nodeExport.cmake
[1.669s] -- Up-to-date: /home/hkim/development/tello_ros_ws/install/fiducial_vlam/share/fiducial_vlam/cmake/export_vmap_nodeExport-noconfig.cmake
[1.670s] -- Up-to-date: /home/hkim/development/tello_ros_ws/install/fiducial_vlam/share/fiducial_vlam/cmake/ament_cmake_export_dependencies-extras.cmake
[1.671s] -- Up-to-date: /home/hkim/development/tello_ros_ws/install/fiducial_vlam/share/fiducial_vlam/cmake/ament_cmake_export_include_directories-extras.cmake
[1.675s] -- Up-to-date: /home/hkim/development/tello_ros_ws/install/fiducial_vlam/share/fiducial_vlam/cmake/ament_cmake_export_targets-extras.cmake
[1.678s] -- Up-to-date: /home/hkim/development/tello_ros_ws/install/fiducial_vlam/share/fiducial_vlam/cmake/ament_cmake_export_libraries-extras.cmake
[1.680s] -- Up-to-date: /home/hkim/development/tello_ros_ws/install/fiducial_vlam/share/fiducial_vlam/cmake/fiducial_vlamConfig.cmake
[1.681s] -- Up-to-date: /home/hkim/development/tello_ros_ws/install/fiducial_vlam/share/fiducial_vlam/cmake/fiducial_vlamConfig-version.cmake
[1.682s] -- Up-to-date: /home/hkim/development/tello_ros_ws/install/fiducial_vlam/share/fiducial_vlam/package.xml
[1.700s] Invoked command in '/home/hkim/development/tello_ros_ws/build/fiducial_vlam' returned '0': AMENT_PREFIX_PATH=/home/hkim/development/tello_ros_ws/install/ros2_shared:/home/hkim/development/tello_ros_ws/install/fiducial_vlam_msgs:${AMENT_PREFIX_PATH} CMAKE_PREFIX_PATH=/home/hkim/development/tello_ros_ws/install/ros2_shared:/home/hkim/development/tello_ros_ws/install/fiducial_vlam_msgs:/opt/ros/foxy LD_LIBRARY_PATH=/home/hkim/development/tello_ros_ws/install/fiducial_vlam_msgs/lib:${LD_LIBRARY_PATH} PYTHONPATH=/home/hkim/development/tello_ros_ws/install/fiducial_vlam_msgs/lib/python3.8/site-packages:${PYTHONPATH} /usr/bin/cmake --install /home/hkim/development/tello_ros_ws/build/fiducial_vlam
