[0.030s] Invoking command in '/home/hkim/development/tello_ros_ws/src/build/tello_gazebo': AMENT_PREFIX_PATH=/home/hkim/development/tello_ros_ws/src/install/tello_msgs:${AMENT_PREFIX_PATH} CMAKE_PREFIX_PATH=/home/hkim/development/tello_ros_ws/src/install/tello_msgs:/home/hkim/development/tello_ros_ws/install/tello_gazebo:/home/hkim/development/tello_ros_ws/install/tello_driver:/home/hkim/development/tello_ros_ws/install/tello_msgs:/home/hkim/development/tello_ros_ws/install/tello_description:/home/hkim/development/tello_ros_ws/install/fiducial_vlam:/home/hkim/development/tello_ros_ws/install/ros2_shared:/home/hkim/development/tello_ros_ws/install/fiducial_vlam_msgs:/home/hkim/development/tello-ros2/workspace/src/install/tello_msg:/home/hkim/development/tello-ros2/workspace/src/install/tello_control:/home/hkim/development/tello-ros2/workspace/src/install/tello:/opt/ros/foxy LD_LIBRARY_PATH=/home/hkim/development/tello_ros_ws/src/install/tello_msgs/lib:${LD_LIBRARY_PATH} PYTHONPATH=/home/hkim/development/tello_ros_ws/src/install/tello_msgs/lib/python3.8/site-packages:${PYTHONPATH} /usr/bin/cmake /home/hkim/development/tello_ros_ws/src/tello_ros/tello_gazebo -DCMAKE_INSTALL_PREFIX=/home/hkim/development/tello_ros_ws/src/install/tello_gazebo
[0.103s] -- The C compiler identification is GNU 9.4.0
[0.189s] -- The CXX compiler identification is GNU 9.4.0
[0.200s] -- Check for working C compiler: /usr/bin/cc
[0.292s] -- Check for working C compiler: /usr/bin/cc -- works
[0.296s] -- Detecting C compiler ABI info
[0.387s] -- Detecting C compiler ABI info - done
[0.413s] -- Detecting C compile features
[0.414s] -- Detecting C compile features - done
[0.419s] -- Check for working CXX compiler: /usr/bin/c++
[0.539s] -- Check for working CXX compiler: /usr/bin/c++ -- works
[0.541s] -- Detecting CXX compiler ABI info
[0.663s] -- Detecting CXX compiler ABI info - done
[0.686s] -- Detecting CXX compile features
[0.687s] -- Detecting CXX compile features - done
[0.691s] -- Found ament_cmake: 0.9.12 (/opt/ros/foxy/share/ament_cmake/cmake)
[0.739s] -- Found PythonInterp: /usr/bin/python3 (found suitable version "3.8.10", minimum required is "3") 
[0.739s] -- Using PYTHON_EXECUTABLE: /usr/bin/python3
[0.987s] -- Found PkgConfig: /usr/bin/pkg-config (found version "0.29.1") 
[0.992s] -- Checking for module 'bullet>=2.82'
[1.013s] --   Found bullet, version 2.88
[1.176s] -- Found ccd: /usr/include (found suitable version "2.0", minimum required is "2.0") 
[1.248s] -- Found fcl: /usr/include (found suitable version "0.5.0", minimum required is "0.3.2") 
[1.343s] -- Found assimp: /usr/include (found version "5.0.0") 
[1.394s] -- Found DART: /usr/include (Required is at least version "6.6") found components: dart 
[1.803s] -- Found Boost: /usr/lib/x86_64-linux-gnu/cmake/Boost-1.71.0/BoostConfig.cmake (found suitable version "1.71.0", minimum required is "1.40.0") found components: thread system filesystem program_options regex iostreams date_time 
[1.839s] -- Found Protobuf: /usr/lib/x86_64-linux-gnu/libprotobuf.so;-lpthread (found version "3.6.1") 
[1.850s] -- Looking for ignition-math6 -- found version 6.15.1
[1.864s] -- Searching for dependencies of ignition-math6
[1.869s] -- Looking for OGRE...
[1.870s] -- OGRE_PREFIX_WATCH changed.
[1.876s] -- Checking for module 'OGRE'
[1.895s] --   Found OGRE, version 1.9.0
[1.960s] -- Found Ogre Ghadamon (1.9.0)
[1.978s] -- Found OGRE: optimized;/usr/lib/x86_64-linux-gnu/libOgreMain.so;debug;/usr/lib/x86_64-linux-gnu/libOgreMain.so
[1.996s] -- Looking for OGRE_Paging...
[2.011s] -- Found OGRE_Paging: optimized;/usr/lib/x86_64-linux-gnu/libOgrePaging.so;debug;/usr/lib/x86_64-linux-gnu/libOgrePaging.so
[2.011s] -- Looking for OGRE_Terrain...
[2.027s] -- Found OGRE_Terrain: optimized;/usr/lib/x86_64-linux-gnu/libOgreTerrain.so;debug;/usr/lib/x86_64-linux-gnu/libOgreTerrain.so
[2.027s] -- Looking for OGRE_Property...
[2.035s] -- Found OGRE_Property: optimized;/usr/lib/x86_64-linux-gnu/libOgreProperty.so;debug;/usr/lib/x86_64-linux-gnu/libOgreProperty.so
[2.036s] -- Looking for OGRE_RTShaderSystem...
[2.045s] -- Found OGRE_RTShaderSystem: optimized;/usr/lib/x86_64-linux-gnu/libOgreRTShaderSystem.so;debug;/usr/lib/x86_64-linux-gnu/libOgreRTShaderSystem.so
[2.045s] -- Looking for OGRE_Volume...
[2.061s] -- Found OGRE_Volume: optimized;/usr/lib/x86_64-linux-gnu/libOgreVolume.so;debug;/usr/lib/x86_64-linux-gnu/libOgreVolume.so
[2.061s] -- Looking for OGRE_Overlay...
[2.073s] -- Found OGRE_Overlay: optimized;/usr/lib/x86_64-linux-gnu/libOgreOverlay.so;debug;/usr/lib/x86_64-linux-gnu/libOgreOverlay.so
[2.251s] -- Looking for ignition-math6 -- found version 6.15.1
[2.254s] -- Looking for ignition-transport8 -- found version 8.5.0
[2.255s] -- Searching for dependencies of ignition-transport8
[2.288s] -- Config-file not installed for ZeroMQ -- checking for pkg-config
[2.293s] -- Checking for module 'libzmq >= 4'
[2.317s] --   Found libzmq , version 4.3.2
[2.366s] -- Found ZeroMQ: TRUE (Required is at least version "4") 
[2.373s] -- Checking for module 'uuid'
[2.392s] --   Found uuid, version 2.34.0
[2.442s] -- Found UUID: TRUE  
[2.445s] -- Looking for ignition-msgs5 -- found version 5.11.0
[2.446s] -- Searching for dependencies of ignition-msgs5
[2.466s] -- Found Protobuf: /usr/lib/x86_64-linux-gnu/libprotobuf.so;-lpthread (found suitable version "3.6.1", minimum required is "3") 
[2.467s] -- Looking for ignition-math6 -- found version 6.15.1
[2.472s] -- Checking for module 'tinyxml2'
[2.491s] --   Found tinyxml2, version 6.2.0
[2.545s] -- Looking for ignition-msgs5 -- found version 5.11.0
[2.549s] -- Looking for ignition-common3 -- found version 3.17.0
[2.549s] -- Searching for dependencies of ignition-common3
[2.550s] -- Looking for dlfcn.h - found
[2.551s] -- Looking for libdl - found
[2.553s] -- Found DL: TRUE  
[2.564s] -- Searching for <ignition-common3> component [graphics]
[2.567s] -- Looking for ignition-common3-graphics -- found version 3.17.0
[2.568s] -- Searching for dependencies of ignition-common3-graphics
[2.568s] -- Looking for ignition-math6 -- found version 6.15.1
[2.573s] -- Looking for ignition-fuel_tools4 -- found version 4.9.1
[2.574s] -- Searching for dependencies of ignition-fuel_tools4
[2.670s] -- Found CURL: /usr/lib/x86_64-linux-gnu/libcurl.so (found version "7.68.0")  
[2.681s] -- Checking for module 'jsoncpp'
[2.700s] --   Found jsoncpp, version 1.7.4
[2.764s] -- Found JSONCPP: TRUE  
[2.777s] -- Checking for module 'libzip'
[2.803s] --   Found libzip, version 1.5.1
[2.853s] -- Found ZIP: TRUE  
[2.854s] -- Looking for ignition-common3 -- found version 3.17.0
[2.854s] -- Looking for ignition-math6 -- found version 6.15.1
[2.855s] -- Looking for ignition-msgs5 -- found version 5.11.0
[2.860s] -- Found gazebo_dev: 3.5.3 (/opt/ros/foxy/share/gazebo_dev/cmake)
[2.860s] -- Gazebo version: 11.14
[2.863s] -- Found gazebo_ros: 3.5.3 (/opt/ros/foxy/share/gazebo_ros/cmake)
[2.921s] -- Using all available rosidl_typesupport_c: rosidl_typesupport_fastrtps_c;rosidl_typesupport_introspection_c
[2.931s] -- Found rosidl_adapter: 1.3.1 (/opt/ros/foxy/share/rosidl_adapter/cmake)
[3.042s] -- Found OpenSSL: /usr/lib/x86_64-linux-gnu/libcrypto.so (found version "1.1.1f")  
[3.093s] -- Found FastRTPS: /opt/ros/foxy/include  
[3.263s] -- Using all available rosidl_typesupport_cpp: rosidl_typesupport_fastrtps_cpp;rosidl_typesupport_introspection_cpp
[3.399s] -- Found rmw_implementation_cmake: 1.0.4 (/opt/ros/foxy/share/rmw_implementation_cmake/cmake)
[3.407s] -- Using RMW implementation 'rmw_fastrtps_cpp' as default
[3.414s] -- Found Threads: TRUE  
[3.960s] -- Found geometry_msgs: 2.0.5 (/opt/ros/foxy/share/geometry_msgs/cmake)
[4.066s] -- Found sensor_msgs: 2.0.5 (/opt/ros/foxy/share/sensor_msgs/cmake)
[4.266s] -- Found tello_msgs: 0.1.0 (/home/hkim/development/tello_ros_ws/src/install/tello_msgs/share/tello_msgs/cmake)
[4.564s] -- Configuring done
[4.671s] -- Generating done
[4.687s] -- Build files have been written to: /home/hkim/development/tello_ros_ws/src/build/tello_gazebo
[4.727s] Invoked command in '/home/hkim/development/tello_ros_ws/src/build/tello_gazebo' returned '0': AMENT_PREFIX_PATH=/home/hkim/development/tello_ros_ws/src/install/tello_msgs:${AMENT_PREFIX_PATH} CMAKE_PREFIX_PATH=/home/hkim/development/tello_ros_ws/src/install/tello_msgs:/home/hkim/development/tello_ros_ws/install/tello_gazebo:/home/hkim/development/tello_ros_ws/install/tello_driver:/home/hkim/development/tello_ros_ws/install/tello_msgs:/home/hkim/development/tello_ros_ws/install/tello_description:/home/hkim/development/tello_ros_ws/install/fiducial_vlam:/home/hkim/development/tello_ros_ws/install/ros2_shared:/home/hkim/development/tello_ros_ws/install/fiducial_vlam_msgs:/home/hkim/development/tello-ros2/workspace/src/install/tello_msg:/home/hkim/development/tello-ros2/workspace/src/install/tello_control:/home/hkim/development/tello-ros2/workspace/src/install/tello:/opt/ros/foxy LD_LIBRARY_PATH=/home/hkim/development/tello_ros_ws/src/install/tello_msgs/lib:${LD_LIBRARY_PATH} PYTHONPATH=/home/hkim/development/tello_ros_ws/src/install/tello_msgs/lib/python3.8/site-packages:${PYTHONPATH} /usr/bin/cmake /home/hkim/development/tello_ros_ws/src/tello_ros/tello_gazebo -DCMAKE_INSTALL_PREFIX=/home/hkim/development/tello_ros_ws/src/install/tello_gazebo
[4.728s] Invoking command in '/home/hkim/development/tello_ros_ws/src/build/tello_gazebo': AMENT_PREFIX_PATH=/home/hkim/development/tello_ros_ws/src/install/tello_msgs:${AMENT_PREFIX_PATH} CMAKE_PREFIX_PATH=/home/hkim/development/tello_ros_ws/src/install/tello_msgs:/home/hkim/development/tello_ros_ws/install/tello_gazebo:/home/hkim/development/tello_ros_ws/install/tello_driver:/home/hkim/development/tello_ros_ws/install/tello_msgs:/home/hkim/development/tello_ros_ws/install/tello_description:/home/hkim/development/tello_ros_ws/install/fiducial_vlam:/home/hkim/development/tello_ros_ws/install/ros2_shared:/home/hkim/development/tello_ros_ws/install/fiducial_vlam_msgs:/home/hkim/development/tello-ros2/workspace/src/install/tello_msg:/home/hkim/development/tello-ros2/workspace/src/install/tello_control:/home/hkim/development/tello-ros2/workspace/src/install/tello:/opt/ros/foxy LD_LIBRARY_PATH=/home/hkim/development/tello_ros_ws/src/install/tello_msgs/lib:${LD_LIBRARY_PATH} PYTHONPATH=/home/hkim/development/tello_ros_ws/src/install/tello_msgs/lib/python3.8/site-packages:${PYTHONPATH} /usr/bin/cmake --build /home/hkim/development/tello_ros_ws/src/build/tello_gazebo -- -j4 -l4
[5.066s] [35m[1mScanning dependencies of target TelloPlugin[0m
[5.757s] [ 50%] [32mBuilding CXX object CMakeFiles/TelloPlugin.dir/src/tello_plugin.cpp.o[0m
[57.898s] [100%] [32m[1mLinking CXX shared library libTelloPlugin.so[0m
[59.909s] [100%] Built target TelloPlugin
[59.951s] Invoked command in '/home/hkim/development/tello_ros_ws/src/build/tello_gazebo' returned '0': AMENT_PREFIX_PATH=/home/hkim/development/tello_ros_ws/src/install/tello_msgs:${AMENT_PREFIX_PATH} CMAKE_PREFIX_PATH=/home/hkim/development/tello_ros_ws/src/install/tello_msgs:/home/hkim/development/tello_ros_ws/install/tello_gazebo:/home/hkim/development/tello_ros_ws/install/tello_driver:/home/hkim/development/tello_ros_ws/install/tello_msgs:/home/hkim/development/tello_ros_ws/install/tello_description:/home/hkim/development/tello_ros_ws/install/fiducial_vlam:/home/hkim/development/tello_ros_ws/install/ros2_shared:/home/hkim/development/tello_ros_ws/install/fiducial_vlam_msgs:/home/hkim/development/tello-ros2/workspace/src/install/tello_msg:/home/hkim/development/tello-ros2/workspace/src/install/tello_control:/home/hkim/development/tello-ros2/workspace/src/install/tello:/opt/ros/foxy LD_LIBRARY_PATH=/home/hkim/development/tello_ros_ws/src/install/tello_msgs/lib:${LD_LIBRARY_PATH} PYTHONPATH=/home/hkim/development/tello_ros_ws/src/install/tello_msgs/lib/python3.8/site-packages:${PYTHONPATH} /usr/bin/cmake --build /home/hkim/development/tello_ros_ws/src/build/tello_gazebo -- -j4 -l4
[60.229s] Invoking command in '/home/hkim/development/tello_ros_ws/src/build/tello_gazebo': AMENT_PREFIX_PATH=/home/hkim/development/tello_ros_ws/src/install/tello_msgs:${AMENT_PREFIX_PATH} CMAKE_PREFIX_PATH=/home/hkim/development/tello_ros_ws/src/install/tello_msgs:/home/hkim/development/tello_ros_ws/install/tello_gazebo:/home/hkim/development/tello_ros_ws/install/tello_driver:/home/hkim/development/tello_ros_ws/install/tello_msgs:/home/hkim/development/tello_ros_ws/install/tello_description:/home/hkim/development/tello_ros_ws/install/fiducial_vlam:/home/hkim/development/tello_ros_ws/install/ros2_shared:/home/hkim/development/tello_ros_ws/install/fiducial_vlam_msgs:/home/hkim/development/tello-ros2/workspace/src/install/tello_msg:/home/hkim/development/tello-ros2/workspace/src/install/tello_control:/home/hkim/development/tello-ros2/workspace/src/install/tello:/opt/ros/foxy LD_LIBRARY_PATH=/home/hkim/development/tello_ros_ws/src/install/tello_msgs/lib:${LD_LIBRARY_PATH} PYTHONPATH=/home/hkim/development/tello_ros_ws/src/install/tello_msgs/lib/python3.8/site-packages:${PYTHONPATH} /usr/bin/cmake --install /home/hkim/development/tello_ros_ws/src/build/tello_gazebo
[60.281s] -- Install configuration: ""
[60.282s] -- Installing: /home/hkim/development/tello_ros_ws/src/install/tello_gazebo/lib/libTelloPlugin.so
[60.296s] -- Set runtime path of "/home/hkim/development/tello_ros_ws/src/install/tello_gazebo/lib/libTelloPlugin.so" to ""
[60.296s] -- Installing: /home/hkim/development/tello_ros_ws/src/install/tello_gazebo/share/tello_gazebo/models
[60.297s] -- Installing: /home/hkim/development/tello_ros_ws/src/install/tello_gazebo/share/tello_gazebo/models/marker_4
[60.297s] -- Installing: /home/hkim/development/tello_ros_ws/src/install/tello_gazebo/share/tello_gazebo/models/marker_4/model.sdf
[60.298s] -- Installing: /home/hkim/development/tello_ros_ws/src/install/tello_gazebo/share/tello_gazebo/models/marker_4/materials
[60.298s] -- Installing: /home/hkim/development/tello_ros_ws/src/install/tello_gazebo/share/tello_gazebo/models/marker_4/materials/scripts
[60.298s] -- Installing: /home/hkim/development/tello_ros_ws/src/install/tello_gazebo/share/tello_gazebo/models/marker_4/materials/scripts/marker_4.material
[60.299s] -- Installing: /home/hkim/development/tello_ros_ws/src/install/tello_gazebo/share/tello_gazebo/models/marker_4/materials/textures
[60.299s] -- Installing: /home/hkim/development/tello_ros_ws/src/install/tello_gazebo/share/tello_gazebo/models/marker_4/materials/textures/aruco_mark_4.svg
[60.301s] -- Installing: /home/hkim/development/tello_ros_ws/src/install/tello_gazebo/share/tello_gazebo/models/marker_4/materials/textures/aruco_mark_4.png
[60.301s] -- Installing: /home/hkim/development/tello_ros_ws/src/install/tello_gazebo/share/tello_gazebo/models/marker_4/model.config
[60.301s] -- Installing: /home/hkim/development/tello_ros_ws/src/install/tello_gazebo/share/tello_gazebo/models/marker_3
[60.301s] -- Installing: /home/hkim/development/tello_ros_ws/src/install/tello_gazebo/share/tello_gazebo/models/marker_3/model.sdf
[60.301s] -- Installing: /home/hkim/development/tello_ros_ws/src/install/tello_gazebo/share/tello_gazebo/models/marker_3/materials
[60.302s] -- Installing: /home/hkim/development/tello_ros_ws/src/install/tello_gazebo/share/tello_gazebo/models/marker_3/materials/scripts
[60.302s] -- Installing: /home/hkim/development/tello_ros_ws/src/install/tello_gazebo/share/tello_gazebo/models/marker_3/materials/scripts/marker_3.material
[60.303s] -- Installing: /home/hkim/development/tello_ros_ws/src/install/tello_gazebo/share/tello_gazebo/models/marker_3/materials/textures
[60.303s] -- Installing: /home/hkim/development/tello_ros_ws/src/install/tello_gazebo/share/tello_gazebo/models/marker_3/materials/textures/aruco_mark_3.svg
[60.303s] -- Installing: /home/hkim/development/tello_ros_ws/src/install/tello_gazebo/share/tello_gazebo/models/marker_3/materials/textures/aruco_mark_3.png
[60.304s] -- Installing: /home/hkim/development/tello_ros_ws/src/install/tello_gazebo/share/tello_gazebo/models/marker_3/model.config
[60.304s] -- Installing: /home/hkim/development/tello_ros_ws/src/install/tello_gazebo/share/tello_gazebo/models/marker_7
[60.305s] -- Installing: /home/hkim/development/tello_ros_ws/src/install/tello_gazebo/share/tello_gazebo/models/marker_7/model.sdf
[60.305s] -- Installing: /home/hkim/development/tello_ros_ws/src/install/tello_gazebo/share/tello_gazebo/models/marker_7/materials
[60.305s] -- Installing: /home/hkim/development/tello_ros_ws/src/install/tello_gazebo/share/tello_gazebo/models/marker_7/materials/scripts
[60.306s] -- Installing: /home/hkim/development/tello_ros_ws/src/install/tello_gazebo/share/tello_gazebo/models/marker_7/materials/scripts/marker_7.material
[60.306s] -- Installing: /home/hkim/development/tello_ros_ws/src/install/tello_gazebo/share/tello_gazebo/models/marker_7/materials/textures
[60.306s] -- Installing: /home/hkim/development/tello_ros_ws/src/install/tello_gazebo/share/tello_gazebo/models/marker_7/materials/textures/aruco_mark_7.svg
[60.307s] -- Installing: /home/hkim/development/tello_ros_ws/src/install/tello_gazebo/share/tello_gazebo/models/marker_7/materials/textures/aruco_mark_7.png
[60.307s] -- Installing: /home/hkim/development/tello_ros_ws/src/install/tello_gazebo/share/tello_gazebo/models/marker_7/model.config
[60.307s] -- Installing: /home/hkim/development/tello_ros_ws/src/install/tello_gazebo/share/tello_gazebo/models/marker_5
[60.308s] -- Installing: /home/hkim/development/tello_ros_ws/src/install/tello_gazebo/share/tello_gazebo/models/marker_5/model.sdf
[60.308s] -- Installing: /home/hkim/development/tello_ros_ws/src/install/tello_gazebo/share/tello_gazebo/models/marker_5/materials
[60.308s] -- Installing: /home/hkim/development/tello_ros_ws/src/install/tello_gazebo/share/tello_gazebo/models/marker_5/materials/scripts
[60.309s] -- Installing: /home/hkim/development/tello_ros_ws/src/install/tello_gazebo/share/tello_gazebo/models/marker_5/materials/scripts/marker_5.material
[60.309s] -- Installing: /home/hkim/development/tello_ros_ws/src/install/tello_gazebo/share/tello_gazebo/models/marker_5/materials/textures
[60.309s] -- Installing: /home/hkim/development/tello_ros_ws/src/install/tello_gazebo/share/tello_gazebo/models/marker_5/materials/textures/aruco_mark_5.png
[60.310s] -- Installing: /home/hkim/development/tello_ros_ws/src/install/tello_gazebo/share/tello_gazebo/models/marker_5/materials/textures/aruco_mark_5.svg
[60.310s] -- Installing: /home/hkim/development/tello_ros_ws/src/install/tello_gazebo/share/tello_gazebo/models/marker_5/model.config
[60.311s] -- Installing: /home/hkim/development/tello_ros_ws/src/install/tello_gazebo/share/tello_gazebo/models/marker_0
[60.311s] -- Installing: /home/hkim/development/tello_ros_ws/src/install/tello_gazebo/share/tello_gazebo/models/marker_0/model.sdf
[60.311s] -- Installing: /home/hkim/development/tello_ros_ws/src/install/tello_gazebo/share/tello_gazebo/models/marker_0/materials
[60.312s] -- Installing: /home/hkim/development/tello_ros_ws/src/install/tello_gazebo/share/tello_gazebo/models/marker_0/materials/scripts
[60.312s] -- Installing: /home/hkim/development/tello_ros_ws/src/install/tello_gazebo/share/tello_gazebo/models/marker_0/materials/scripts/marker_0.material
[60.312s] -- Installing: /home/hkim/development/tello_ros_ws/src/install/tello_gazebo/share/tello_gazebo/models/marker_0/materials/textures
[60.313s] -- Installing: /home/hkim/development/tello_ros_ws/src/install/tello_gazebo/share/tello_gazebo/models/marker_0/materials/textures/aruco_mark_0.png
[60.313s] -- Installing: /home/hkim/development/tello_ros_ws/src/install/tello_gazebo/share/tello_gazebo/models/marker_0/materials/textures/aruco_mark_0.svg
[60.314s] -- Installing: /home/hkim/development/tello_ros_ws/src/install/tello_gazebo/share/tello_gazebo/models/marker_0/model.config
[60.314s] -- Installing: /home/hkim/development/tello_ros_ws/src/install/tello_gazebo/share/tello_gazebo/models/marker_6
[60.315s] -- Installing: /home/hkim/development/tello_ros_ws/src/install/tello_gazebo/share/tello_gazebo/models/marker_6/model.sdf
[60.315s] -- Installing: /home/hkim/development/tello_ros_ws/src/install/tello_gazebo/share/tello_gazebo/models/marker_6/materials
[60.315s] -- Installing: /home/hkim/development/tello_ros_ws/src/install/tello_gazebo/share/tello_gazebo/models/marker_6/materials/scripts
[60.315s] -- Installing: /home/hkim/development/tello_ros_ws/src/install/tello_gazebo/share/tello_gazebo/models/marker_6/materials/scripts/marker_6.material
[60.316s] -- Installing: /home/hkim/development/tello_ros_ws/src/install/tello_gazebo/share/tello_gazebo/models/marker_6/materials/textures
[60.316s] -- Installing: /home/hkim/development/tello_ros_ws/src/install/tello_gazebo/share/tello_gazebo/models/marker_6/materials/textures/aruco_mark_6.svg
[60.317s] -- Installing: /home/hkim/development/tello_ros_ws/src/install/tello_gazebo/share/tello_gazebo/models/marker_6/materials/textures/aruco_mark_6.png
[60.317s] -- Installing: /home/hkim/development/tello_ros_ws/src/install/tello_gazebo/share/tello_gazebo/models/marker_6/model.config
[60.318s] -- Installing: /home/hkim/development/tello_ros_ws/src/install/tello_gazebo/share/tello_gazebo/models/marker_2
[60.318s] -- Installing: /home/hkim/development/tello_ros_ws/src/install/tello_gazebo/share/tello_gazebo/models/marker_2/model.sdf
[60.318s] -- Installing: /home/hkim/development/tello_ros_ws/src/install/tello_gazebo/share/tello_gazebo/models/marker_2/materials
[60.319s] -- Installing: /home/hkim/development/tello_ros_ws/src/install/tello_gazebo/share/tello_gazebo/models/marker_2/materials/scripts
[60.319s] -- Installing: /home/hkim/development/tello_ros_ws/src/install/tello_gazebo/share/tello_gazebo/models/marker_2/materials/scripts/marker_2.material
[60.320s] -- Installing: /home/hkim/development/tello_ros_ws/src/install/tello_gazebo/share/tello_gazebo/models/marker_2/materials/textures
[60.320s] -- Installing: /home/hkim/development/tello_ros_ws/src/install/tello_gazebo/share/tello_gazebo/models/marker_2/materials/textures/aruco_mark_2.png
[60.320s] -- Installing: /home/hkim/development/tello_ros_ws/src/install/tello_gazebo/share/tello_gazebo/models/marker_2/materials/textures/aruco_mark_2.svg
[60.321s] -- Installing: /home/hkim/development/tello_ros_ws/src/install/tello_gazebo/share/tello_gazebo/models/marker_2/model.config
[60.321s] -- Installing: /home/hkim/development/tello_ros_ws/src/install/tello_gazebo/share/tello_gazebo/models/marker_1
[60.322s] -- Installing: /home/hkim/development/tello_ros_ws/src/install/tello_gazebo/share/tello_gazebo/models/marker_1/model.sdf
[60.322s] -- Installing: /home/hkim/development/tello_ros_ws/src/install/tello_gazebo/share/tello_gazebo/models/marker_1/materials
[60.323s] -- Installing: /home/hkim/development/tello_ros_ws/src/install/tello_gazebo/share/tello_gazebo/models/marker_1/materials/scripts
[60.323s] -- Installing: /home/hkim/development/tello_ros_ws/src/install/tello_gazebo/share/tello_gazebo/models/marker_1/materials/scripts/marker_1.material
[60.323s] -- Installing: /home/hkim/development/tello_ros_ws/src/install/tello_gazebo/share/tello_gazebo/models/marker_1/materials/textures
[60.324s] -- Installing: /home/hkim/development/tello_ros_ws/src/install/tello_gazebo/share/tello_gazebo/models/marker_1/materials/textures/aruco_mark_1.png
[60.324s] -- Installing: /home/hkim/development/tello_ros_ws/src/install/tello_gazebo/share/tello_gazebo/models/marker_1/materials/textures/aruco_mark_1.svg
[60.325s] -- Installing: /home/hkim/development/tello_ros_ws/src/install/tello_gazebo/share/tello_gazebo/models/marker_1/model.config
[60.326s] -- Installing: /home/hkim/development/tello_ros_ws/src/install/tello_gazebo/share/tello_gazebo/worlds
[60.326s] -- Installing: /home/hkim/development/tello_ros_ws/src/install/tello_gazebo/share/tello_gazebo/worlds/f2.world
[60.326s] -- Installing: /home/hkim/development/tello_ros_ws/src/install/tello_gazebo/share/tello_gazebo/worlds/build_world.py
[60.327s] -- Installing: /home/hkim/development/tello_ros_ws/src/install/tello_gazebo/share/tello_gazebo/worlds/fiducial_map.yaml
[60.327s] -- Installing: /home/hkim/development/tello_ros_ws/src/install/tello_gazebo/share/tello_gazebo/worlds/simple.world
[60.327s] -- Installing: /home/hkim/development/tello_ros_ws/src/install/tello_gazebo/share/tello_gazebo/worlds/f2_map.yaml
[60.328s] -- Installing: /home/hkim/development/tello_ros_ws/src/install/tello_gazebo/share/tello_gazebo/worlds/fiducial.world
[60.328s] -- Installing: /home/hkim/development/tello_ros_ws/src/install/tello_gazebo/share/tello_gazebo/launch
[60.329s] -- Installing: /home/hkim/development/tello_ros_ws/src/install/tello_gazebo/share/tello_gazebo/launch/vlam_launch.py
[60.329s] -- Installing: /home/hkim/development/tello_ros_ws/src/install/tello_gazebo/share/tello_gazebo/launch/simple_launch.py
[60.329s] -- Installing: /home/hkim/development/tello_ros_ws/src/install/tello_gazebo/lib/tello_gazebo/inject_entity.py
[60.336s] -- Installing: /home/hkim/development/tello_ros_ws/src/install/tello_gazebo/share/ament_index/resource_index/package_run_dependencies/tello_gazebo
[60.337s] -- Installing: /home/hkim/development/tello_ros_ws/src/install/tello_gazebo/share/ament_index/resource_index/parent_prefix_path/tello_gazebo
[60.337s] -- Installing: /home/hkim/development/tello_ros_ws/src/install/tello_gazebo/share/tello_gazebo/environment/ament_prefix_path.sh
[60.337s] -- Installing: /home/hkim/development/tello_ros_ws/src/install/tello_gazebo/share/tello_gazebo/environment/ament_prefix_path.dsv
[60.337s] -- Installing: /home/hkim/development/tello_ros_ws/src/install/tello_gazebo/share/tello_gazebo/environment/path.sh
[60.338s] -- Installing: /home/hkim/development/tello_ros_ws/src/install/tello_gazebo/share/tello_gazebo/environment/path.dsv
[60.338s] -- Installing: /home/hkim/development/tello_ros_ws/src/install/tello_gazebo/share/tello_gazebo/local_setup.bash
[60.338s] -- Installing: /home/hkim/development/tello_ros_ws/src/install/tello_gazebo/share/tello_gazebo/local_setup.sh
[60.338s] -- Installing: /home/hkim/development/tello_ros_ws/src/install/tello_gazebo/share/tello_gazebo/local_setup.zsh
[60.339s] -- Installing: /home/hkim/development/tello_ros_ws/src/install/tello_gazebo/share/tello_gazebo/local_setup.dsv
[60.339s] -- Installing: /home/hkim/development/tello_ros_ws/src/install/tello_gazebo/share/tello_gazebo/package.dsv
[60.339s] -- Installing: /home/hkim/development/tello_ros_ws/src/install/tello_gazebo/share/ament_index/resource_index/packages/tello_gazebo
[60.339s] -- Installing: /home/hkim/development/tello_ros_ws/src/install/tello_gazebo/share/tello_gazebo/cmake/tello_gazeboConfig.cmake
[60.340s] -- Installing: /home/hkim/development/tello_ros_ws/src/install/tello_gazebo/share/tello_gazebo/cmake/tello_gazeboConfig-version.cmake
[60.340s] -- Installing: /home/hkim/development/tello_ros_ws/src/install/tello_gazebo/share/tello_gazebo/package.xml
[60.344s] Invoked command in '/home/hkim/development/tello_ros_ws/src/build/tello_gazebo' returned '0': AMENT_PREFIX_PATH=/home/hkim/development/tello_ros_ws/src/install/tello_msgs:${AMENT_PREFIX_PATH} CMAKE_PREFIX_PATH=/home/hkim/development/tello_ros_ws/src/install/tello_msgs:/home/hkim/development/tello_ros_ws/install/tello_gazebo:/home/hkim/development/tello_ros_ws/install/tello_driver:/home/hkim/development/tello_ros_ws/install/tello_msgs:/home/hkim/development/tello_ros_ws/install/tello_description:/home/hkim/development/tello_ros_ws/install/fiducial_vlam:/home/hkim/development/tello_ros_ws/install/ros2_shared:/home/hkim/development/tello_ros_ws/install/fiducial_vlam_msgs:/home/hkim/development/tello-ros2/workspace/src/install/tello_msg:/home/hkim/development/tello-ros2/workspace/src/install/tello_control:/home/hkim/development/tello-ros2/workspace/src/install/tello:/opt/ros/foxy LD_LIBRARY_PATH=/home/hkim/development/tello_ros_ws/src/install/tello_msgs/lib:${LD_LIBRARY_PATH} PYTHONPATH=/home/hkim/development/tello_ros_ws/src/install/tello_msgs/lib/python3.8/site-packages:${PYTHONPATH} /usr/bin/cmake --install /home/hkim/development/tello_ros_ws/src/build/tello_gazebo
