-- Found ament_cmake: 0.9.12 (/opt/ros/foxy/share/ament_cmake/cmake)
-- Using PYTHON_EXECUTABLE: /usr/bin/python3
-- Override CMake install command with custom implementation using symlinks instead of copying resources
-- Found rclcpp: 2.4.3 (/opt/ros/foxy/share/rclcpp/cmake)
-- Using all available rosidl_typesupport_c: rosidl_typesupport_fastrtps_c;rosidl_typesupport_introspection_c
-- Found rosidl_adapter: 1.3.1 (/opt/ros/foxy/share/rosidl_adapter/cmake)
-- Using all available rosidl_typesupport_cpp: rosidl_typesupport_fastrtps_cpp;rosidl_typesupport_introspection_cpp
-- Found rmw_implementation_cmake: 1.0.4 (/opt/ros/foxy/share/rmw_implementation_cmake/cmake)
-- Using RMW implementation 'rmw_fastrtps_cpp' as default
-- Found sensor_msgs: 2.0.5 (/opt/ros/foxy/share/sensor_msgs/cmake)
-- Found cv_bridge: 3.0.7 (/opt/ros/foxy/share/cv_bridge/cmake)
-- Found message_filters: 3.2.7 (/opt/ros/foxy/share/message_filters/cmake)
-- Configuring done
-- Generating done
-- Build files have been written to: /home/hkim/development/tello_ros_ws/build/orbslam3
[35m[1mScanning dependencies of target rgbd[0m
[35m[1mScanning dependencies of target mono[0m
[35m[1mScanning dependencies of target stereo[0m
[35m[1mScanning dependencies of target stereo-inertial[0m
[  8%] [32mBuilding CXX object CMakeFiles/rgbd.dir/src/rgbd/rgbd.cpp.o[0m
[ 16%] [32mBuilding CXX object CMakeFiles/mono.dir/src/monocular/mono.cpp.o[0m
[ 25%] [32mBuilding CXX object CMakeFiles/stereo-inertial.dir/src/stereo-inertial/stereo-inertial.cpp.o[0m
[ 33%] [32mBuilding CXX object CMakeFiles/stereo.dir/src/stereo/stereo.cpp.o[0m
[ 41%] [32mBuilding CXX object CMakeFiles/stereo-inertial.dir/src/stereo-inertial/stereo-inertial-node.cpp.o[0m
[ 50%] [32mBuilding CXX object CMakeFiles/rgbd.dir/src/rgbd/rgbd-slam-node.cpp.o[0m
[ 58%] [32mBuilding CXX object CMakeFiles/stereo.dir/src/stereo/stereo-slam-node.cpp.o[0m
[ 66%] [32mBuilding CXX object CMakeFiles/mono.dir/src/monocular/monocular-slam-node.cpp.o[0m
[ 75%] [32m[1mLinking CXX executable stereo-inertial[0m
[ 83%] [32m[1mLinking CXX executable stereo[0m
[ 91%] [32m[1mLinking CXX executable rgbd[0m
[100%] [32m[1mLinking CXX executable mono[0m
[100%] Built target stereo
[100%] Built target stereo-inertial
[100%] Built target rgbd
[100%] Built target mono
-- Install configuration: ""
-- Execute custom install script
-- Symlinking: /home/hkim/development/tello_ros_ws/install/orbslam3/lib/orbslam3/mono
-- Symlinking: /home/hkim/development/tello_ros_ws/install/orbslam3/lib/orbslam3/rgbd
-- Symlinking: /home/hkim/development/tello_ros_ws/install/orbslam3/lib/orbslam3/stereo
-- Symlinking: /home/hkim/development/tello_ros_ws/install/orbslam3/lib/orbslam3/stereo-inertial
-- Symlinking: /home/hkim/development/tello_ros_ws/install/orbslam3/share/ament_index/resource_index/package_run_dependencies/orbslam3
-- Symlinking: /home/hkim/development/tello_ros_ws/install/orbslam3/share/ament_index/resource_index/parent_prefix_path/orbslam3
-- Symlinking: /home/hkim/development/tello_ros_ws/install/orbslam3/share/orbslam3/environment/ament_prefix_path.sh
-- Symlinking: /home/hkim/development/tello_ros_ws/install/orbslam3/share/orbslam3/environment/ament_prefix_path.dsv
-- Symlinking: /home/hkim/development/tello_ros_ws/install/orbslam3/share/orbslam3/environment/path.sh
-- Symlinking: /home/hkim/development/tello_ros_ws/install/orbslam3/share/orbslam3/environment/path.dsv
-- Symlinking: /home/hkim/development/tello_ros_ws/install/orbslam3/share/orbslam3/local_setup.bash
-- Symlinking: /home/hkim/development/tello_ros_ws/install/orbslam3/share/orbslam3/local_setup.sh
-- Symlinking: /home/hkim/development/tello_ros_ws/install/orbslam3/share/orbslam3/local_setup.zsh
-- Symlinking: /home/hkim/development/tello_ros_ws/install/orbslam3/share/orbslam3/local_setup.dsv
-- Symlinking: /home/hkim/development/tello_ros_ws/install/orbslam3/share/orbslam3/package.dsv
-- Symlinking: /home/hkim/development/tello_ros_ws/install/orbslam3/share/ament_index/resource_index/packages/orbslam3
-- Symlinking: /home/hkim/development/tello_ros_ws/install/orbslam3/share/orbslam3/cmake/orbslam3Config.cmake
-- Symlinking: /home/hkim/development/tello_ros_ws/install/orbslam3/share/orbslam3/cmake/orbslam3Config-version.cmake
-- Symlinking: /home/hkim/development/tello_ros_ws/install/orbslam3/share/orbslam3/package.xml
