Performing C SOURCE FILE Test CMAKE_HAVE_LIBC_PTHREAD failed with the following output:
Change Dir: /home/hkim/development/tello_ros_ws/build/ORB_SLAM3/CMakeFiles/CMakeTmp

Run Build Command(s):/usr/bin/make cmTC_5f75d/fast && /usr/bin/make -f CMakeFiles/cmTC_5f75d.dir/build.make CMakeFiles/cmTC_5f75d.dir/build
make[1]: Entering directory '/home/hkim/development/tello_ros_ws/build/ORB_SLAM3/CMakeFiles/CMakeTmp'
Building C object CMakeFiles/cmTC_5f75d.dir/src.c.o
/usr/bin/cc   -Wall   -O3 -DCMAKE_HAVE_LIBC_PTHREAD   -o CMakeFiles/cmTC_5f75d.dir/src.c.o   -c /home/hkim/development/tello_ros_ws/build/ORB_SLAM3/CMakeFiles/CMakeTmp/src.c
Linking C executable cmTC_5f75d
/usr/bin/cmake -E cmake_link_script CMakeFiles/cmTC_5f75d.dir/link.txt --verbose=1
/usr/bin/cc   -Wall   -O3 -DCMAKE_HAVE_LIBC_PTHREAD    -rdynamic CMakeFiles/cmTC_5f75d.dir/src.c.o  -o cmTC_5f75d 
/usr/bin/ld: CMakeFiles/cmTC_5f75d.dir/src.c.o: in function `main':
src.c:(.text.startup+0x29): undefined reference to `pthread_create'
/usr/bin/ld: src.c:(.text.startup+0x32): undefined reference to `pthread_detach'
/usr/bin/ld: src.c:(.text.startup+0x3d): undefined reference to `pthread_join'
collect2: error: ld returned 1 exit status
make[1]: *** [CMakeFiles/cmTC_5f75d.dir/build.make:87: cmTC_5f75d] Error 1
make[1]: Leaving directory '/home/hkim/development/tello_ros_ws/build/ORB_SLAM3/CMakeFiles/CMakeTmp'
make: *** [Makefile:121: cmTC_5f75d/fast] Error 2


Source file was:
#include <pthread.h>

void* test_func(void* data)
{
  return data;
}

int main(void)
{
  pthread_t thread;
  pthread_create(&thread, NULL, test_func, NULL);
  pthread_detach(thread);
  pthread_join(thread, NULL);
  pthread_atfork(NULL, NULL, NULL);
  pthread_exit(NULL);

  return 0;
}

Determining if the function pthread_create exists in the pthreads failed with the following output:
Change Dir: /home/hkim/development/tello_ros_ws/build/ORB_SLAM3/CMakeFiles/CMakeTmp

Run Build Command(s):/usr/bin/make cmTC_ecd11/fast && /usr/bin/make -f CMakeFiles/cmTC_ecd11.dir/build.make CMakeFiles/cmTC_ecd11.dir/build
make[1]: Entering directory '/home/hkim/development/tello_ros_ws/build/ORB_SLAM3/CMakeFiles/CMakeTmp'
Building C object CMakeFiles/cmTC_ecd11.dir/CheckFunctionExists.c.o
/usr/bin/cc   -Wall   -O3 -DCHECK_FUNCTION_EXISTS=pthread_create   -o CMakeFiles/cmTC_ecd11.dir/CheckFunctionExists.c.o   -c /usr/share/cmake-3.16/Modules/CheckFunctionExists.c
Linking C executable cmTC_ecd11
/usr/bin/cmake -E cmake_link_script CMakeFiles/cmTC_ecd11.dir/link.txt --verbose=1
/usr/bin/cc   -Wall   -O3 -DCHECK_FUNCTION_EXISTS=pthread_create    -rdynamic CMakeFiles/cmTC_ecd11.dir/CheckFunctionExists.c.o  -o cmTC_ecd11  -lpthreads 
/usr/bin/ld: cannot find -lpthreads
collect2: error: ld returned 1 exit status
make[1]: *** [CMakeFiles/cmTC_ecd11.dir/build.make:87: cmTC_ecd11] Error 1
make[1]: Leaving directory '/home/hkim/development/tello_ros_ws/build/ORB_SLAM3/CMakeFiles/CMakeTmp'
make: *** [Makefile:121: cmTC_ecd11/fast] Error 2



