[0.059s] Invoking command in '/home/hkim/development/tello_ros_ws/build/orbslam3': CMAKE_PREFIX_PATH=/opt/ros/foxy /usr/bin/cmake --build /home/hkim/development/tello_ros_ws/build/orbslam3 -- -j4 -l4
[0.104s] -- Found ament_cmake: 0.9.12 (/opt/ros/foxy/share/ament_cmake/cmake)
[0.161s] -- Using PYTHON_EXECUTABLE: /usr/bin/python3
[0.705s] -- Found rclcpp: 2.4.3 (/opt/ros/foxy/share/rclcpp/cmake)
[0.795s] -- Using all available rosidl_typesupport_c: rosidl_typesupport_fastrtps_c;rosidl_typesupport_introspection_c
[0.802s] -- Found rosidl_adapter: 1.3.1 (/opt/ros/foxy/share/rosidl_adapter/cmake)
[1.045s] -- Using all available rosidl_typesupport_cpp: rosidl_typesupport_fastrtps_cpp;rosidl_typesupport_introspection_cpp
[1.149s] -- Found rmw_implementation_cmake: 1.0.4 (/opt/ros/foxy/share/rmw_implementation_cmake/cmake)
[1.151s] -- Using RMW implementation 'rmw_fastrtps_cpp' as default
[1.509s] -- Found sensor_msgs: 2.0.5 (/opt/ros/foxy/share/sensor_msgs/cmake)
[1.836s] -- Found cv_bridge: 3.0.7 (/opt/ros/foxy/share/cv_bridge/cmake)
[1.882s] -- Found message_filters: 3.2.7 (/opt/ros/foxy/share/message_filters/cmake)
[1.902s] CMake Error at CMakeLists.txt:23 (find_package):
[1.902s]   By not providing "FindSophus.cmake" in CMAKE_MODULE_PATH this project has
[1.902s]   asked CMake to find a package configuration file provided by "Sophus", but
[1.902s]   CMake did not find one.
[1.903s] 
[1.903s]   Could not find a package configuration file provided by "Sophus" with any
[1.903s]   of the following names:
[1.903s] 
[1.903s]     SophusConfig.cmake
[1.903s]     sophus-config.cmake
[1.903s] 
[1.903s]   Add the installation prefix of "Sophus" to CMAKE_PREFIX_PATH or set
[1.903s]   "Sophus_DIR" to a directory containing one of the above files.  If "Sophus"
[1.903s]   provides a separate development package or SDK, be sure it has been
[1.903s]   installed.
[1.903s] 
[1.903s] 
[1.905s] -- Configuring incomplete, errors occurred!
[1.905s] See also "/home/hkim/development/tello_ros_ws/build/orbslam3/CMakeFiles/CMakeOutput.log".
[1.905s] See also "/home/hkim/development/tello_ros_ws/build/orbslam3/CMakeFiles/CMakeError.log".
[1.914s] make: *** [Makefile:518: cmake_check_build_system] Error 1
[1.917s] Invoked command in '/home/hkim/development/tello_ros_ws/build/orbslam3' returned '2': CMAKE_PREFIX_PATH=/opt/ros/foxy /usr/bin/cmake --build /home/hkim/development/tello_ros_ws/build/orbslam3 -- -j4 -l4
