[0.080s] Invoking command in '/home/hkim/development/tello_ros_ws/build/ros2_shared': CMAKE_PREFIX_PATH=/opt/ros/foxy /usr/bin/cmake --build /home/hkim/development/tello_ros_ws/build/ros2_shared -- -j4 -l4
[0.243s] Invoked command in '/home/hkim/development/tello_ros_ws/build/ros2_shared' returned '0': CMAKE_PREFIX_PATH=/opt/ros/foxy /usr/bin/cmake --build /home/hkim/development/tello_ros_ws/build/ros2_shared -- -j4 -l4
[0.630s] Invoking command in '/home/hkim/development/tello_ros_ws/build/ros2_shared': CMAKE_PREFIX_PATH=/opt/ros/foxy /usr/bin/cmake --install /home/hkim/development/tello_ros_ws/build/ros2_shared
[0.725s] -- Install configuration: ""
[0.726s] -- Up-to-date: /home/hkim/development/tello_ros_ws/install/ros2_shared/include
[0.726s] -- Up-to-date: /home/hkim/development/tello_ros_ws/install/ros2_shared/include/ros2_shared
[0.726s] -- Up-to-date: /home/hkim/development/tello_ros_ws/install/ros2_shared/include/ros2_shared/param_macros.hpp
[0.726s] -- Up-to-date: /home/hkim/development/tello_ros_ws/install/ros2_shared/include/ros2_shared/context_macros.hpp
[0.727s] -- Up-to-date: /home/hkim/development/tello_ros_ws/install/ros2_shared/include/ros2_shared/string_printf.hpp
[0.727s] -- Up-to-date: /home/hkim/development/tello_ros_ws/install/ros2_shared/share/ament_index/resource_index/package_run_dependencies/ros2_shared
[0.727s] -- Up-to-date: /home/hkim/development/tello_ros_ws/install/ros2_shared/share/ament_index/resource_index/parent_prefix_path/ros2_shared
[0.727s] -- Up-to-date: /home/hkim/development/tello_ros_ws/install/ros2_shared/share/ros2_shared/environment/ament_prefix_path.sh
[0.728s] -- Up-to-date: /home/hkim/development/tello_ros_ws/install/ros2_shared/share/ros2_shared/environment/ament_prefix_path.dsv
[0.728s] -- Up-to-date: /home/hkim/development/tello_ros_ws/install/ros2_shared/share/ros2_shared/environment/path.sh
[0.728s] -- Up-to-date: /home/hkim/development/tello_ros_ws/install/ros2_shared/share/ros2_shared/environment/path.dsv
[0.729s] -- Up-to-date: /home/hkim/development/tello_ros_ws/install/ros2_shared/share/ros2_shared/local_setup.bash
[0.737s] -- Up-to-date: /home/hkim/development/tello_ros_ws/install/ros2_shared/share/ros2_shared/local_setup.sh
[0.740s] -- Up-to-date: /home/hkim/development/tello_ros_ws/install/ros2_shared/share/ros2_shared/local_setup.zsh
[0.741s] -- Up-to-date: /home/hkim/development/tello_ros_ws/install/ros2_shared/share/ros2_shared/local_setup.dsv
[0.741s] -- Installing: /home/hkim/development/tello_ros_ws/install/ros2_shared/share/ros2_shared/package.dsv
[0.742s] -- Up-to-date: /home/hkim/development/tello_ros_ws/install/ros2_shared/share/ament_index/resource_index/packages/ros2_shared
[0.743s] -- Up-to-date: /home/hkim/development/tello_ros_ws/install/ros2_shared/share/ros2_shared/cmake/ros2_shared_targetsExport.cmake
[0.747s] -- Up-to-date: /home/hkim/development/tello_ros_ws/install/ros2_shared/share/ros2_shared/cmake/ament_cmake_export_targets-extras.cmake
[0.748s] -- Up-to-date: /home/hkim/development/tello_ros_ws/install/ros2_shared/share/ros2_shared/cmake/ament_cmake_export_dependencies-extras.cmake
[0.749s] -- Up-to-date: /home/hkim/development/tello_ros_ws/install/ros2_shared/share/ros2_shared/cmake/ros2_sharedConfig.cmake
[0.749s] -- Up-to-date: /home/hkim/development/tello_ros_ws/install/ros2_shared/share/ros2_shared/cmake/ros2_sharedConfig-version.cmake
[0.750s] -- Up-to-date: /home/hkim/development/tello_ros_ws/install/ros2_shared/share/ros2_shared/package.xml
[0.771s] Invoked command in '/home/hkim/development/tello_ros_ws/build/ros2_shared' returned '0': CMAKE_PREFIX_PATH=/opt/ros/foxy /usr/bin/cmake --install /home/hkim/development/tello_ros_ws/build/ros2_shared
