[0.302s] DEBUG:colcon:Command line arguments: ['/usr/bin/colcon', 'build']
[0.303s] DEBUG:colcon:Parsed command line arguments: Namespace(allow_overriding=[], ament_cmake_args=None, base_paths=['.'], build_base='build', catkin_cmake_args=None, catkin_skip_building_tests=False, cmake_args=None, cmake_clean_cache=False, cmake_clean_first=False, cmake_force_configure=False, cmake_target=None, cmake_target_skip_unavailable=False, continue_on_error=False, event_handlers=None, executor='parallel', ignore_user_meta=False, install_base='install', log_base=None, log_level=None, main=<bound method BuildVerb.main of <colcon_core.verb.build.BuildVerb object at 0x7fed8cf5e2b0>>, merge_install=False, metas=['./colcon.meta'], mixin=None, mixin_files=None, mixin_verb=('build',), packages_above=None, packages_above_and_dependencies=None, packages_above_depth=None, packages_end=None, packages_ignore=None, packages_ignore_regex=None, packages_select=None, packages_select_build_failed=False, packages_select_by_dep=None, packages_select_regex=None, packages_select_test_failures=False, packages_skip=None, packages_skip_build_finished=False, packages_skip_by_dep=None, packages_skip_regex=None, packages_skip_test_passed=False, packages_skip_up_to=None, packages_start=None, packages_up_to=None, packages_up_to_regex=None, parallel_workers=4, paths=None, symlink_install=False, test_result_base=None, verb_extension=<colcon_core.verb.build.BuildVerb object at 0x7fed8cf5e2b0>, verb_name='build', verb_parser=<colcon_mixin.mixin.mixin_argument.MixinArgumentDecorator object at 0x7fed8cea8970>)
[0.577s] Level 1:colcon.colcon_core.package_discovery:discover_packages(colcon_meta) check parameters
[0.578s] Level 1:colcon.colcon_core.package_discovery:discover_packages(recursive) check parameters
[0.578s] Level 1:colcon.colcon_core.package_discovery:discover_packages(ignore) check parameters
[0.578s] Level 1:colcon.colcon_core.package_discovery:discover_packages(path) check parameters
[0.578s] Level 1:colcon.colcon_core.package_discovery:discover_packages(colcon_meta) discover
[0.578s] Level 1:colcon.colcon_core.package_discovery:discover_packages(recursive) discover
[0.578s] INFO:colcon.colcon_core.package_discovery:Crawling recursively for packages in '/home/hkim/development/tello_ros_ws'
[0.578s] Level 1:colcon.colcon_core.package_identification:_identify(.) by extensions ['ignore', 'ignore_ament_install']
[0.578s] Level 1:colcon.colcon_core.package_identification:_identify(.) by extension 'ignore'
[0.578s] Level 1:colcon.colcon_core.package_identification:_identify(.) by extension 'ignore_ament_install'
[0.578s] Level 1:colcon.colcon_core.package_identification:_identify(.) by extensions ['colcon_pkg']
[0.578s] Level 1:colcon.colcon_core.package_identification:_identify(.) by extension 'colcon_pkg'
[0.578s] Level 1:colcon.colcon_core.package_identification:_identify(.) by extensions ['colcon_meta']
[0.578s] Level 1:colcon.colcon_core.package_identification:_identify(.) by extension 'colcon_meta'
[0.578s] Level 1:colcon.colcon_core.package_identification:_identify(.) by extensions ['ros']
[0.578s] Level 1:colcon.colcon_core.package_identification:_identify(.) by extension 'ros'
[0.591s] Level 1:colcon.colcon_core.package_identification:_identify(.) by extensions ['cmake', 'python']
[0.591s] Level 1:colcon.colcon_core.package_identification:_identify(.) by extension 'cmake'
[0.591s] Level 1:colcon.colcon_core.package_identification:_identify(.) by extension 'python'
[0.591s] Level 1:colcon.colcon_core.package_identification:_identify(.) by extensions ['python_setup_py']
[0.591s] Level 1:colcon.colcon_core.package_identification:_identify(.) by extension 'python_setup_py'
[0.591s] Level 1:colcon.colcon_core.package_identification:_identify(build) by extensions ['ignore', 'ignore_ament_install']
[0.591s] Level 1:colcon.colcon_core.package_identification:_identify(build) by extension 'ignore'
[0.591s] Level 1:colcon.colcon_core.package_identification:_identify(build) ignored
[0.591s] Level 1:colcon.colcon_core.package_identification:_identify(install) by extensions ['ignore', 'ignore_ament_install']
[0.592s] Level 1:colcon.colcon_core.package_identification:_identify(install) by extension 'ignore'
[0.592s] Level 1:colcon.colcon_core.package_identification:_identify(install) ignored
[0.592s] Level 1:colcon.colcon_core.package_identification:_identify(log) by extensions ['ignore', 'ignore_ament_install']
[0.592s] Level 1:colcon.colcon_core.package_identification:_identify(log) by extension 'ignore'
[0.592s] Level 1:colcon.colcon_core.package_identification:_identify(log) ignored
[0.592s] Level 1:colcon.colcon_core.package_identification:_identify(src) by extensions ['ignore', 'ignore_ament_install']
[0.592s] Level 1:colcon.colcon_core.package_identification:_identify(src) by extension 'ignore'
[0.592s] Level 1:colcon.colcon_core.package_identification:_identify(src) by extension 'ignore_ament_install'
[0.592s] Level 1:colcon.colcon_core.package_identification:_identify(src) by extensions ['colcon_pkg']
[0.592s] Level 1:colcon.colcon_core.package_identification:_identify(src) by extension 'colcon_pkg'
[0.592s] Level 1:colcon.colcon_core.package_identification:_identify(src) by extensions ['colcon_meta']
[0.592s] Level 1:colcon.colcon_core.package_identification:_identify(src) by extension 'colcon_meta'
[0.592s] Level 1:colcon.colcon_core.package_identification:_identify(src) by extensions ['ros']
[0.592s] Level 1:colcon.colcon_core.package_identification:_identify(src) by extension 'ros'
[0.592s] Level 1:colcon.colcon_core.package_identification:_identify(src) by extensions ['cmake', 'python']
[0.592s] Level 1:colcon.colcon_core.package_identification:_identify(src) by extension 'cmake'
[0.592s] Level 1:colcon.colcon_core.package_identification:_identify(src) by extension 'python'
[0.592s] Level 1:colcon.colcon_core.package_identification:_identify(src) by extensions ['python_setup_py']
[0.593s] Level 1:colcon.colcon_core.package_identification:_identify(src) by extension 'python_setup_py'
[0.593s] Level 1:colcon.colcon_core.package_identification:_identify(src/build) by extensions ['ignore', 'ignore_ament_install']
[0.593s] Level 1:colcon.colcon_core.package_identification:_identify(src/build) by extension 'ignore'
[0.593s] Level 1:colcon.colcon_core.package_identification:_identify(src/build) ignored
[0.593s] Level 1:colcon.colcon_core.package_identification:_identify(src/fiducial_vlam) by extensions ['ignore', 'ignore_ament_install']
[0.593s] Level 1:colcon.colcon_core.package_identification:_identify(src/fiducial_vlam) by extension 'ignore'
[0.593s] Level 1:colcon.colcon_core.package_identification:_identify(src/fiducial_vlam) by extension 'ignore_ament_install'
[0.593s] Level 1:colcon.colcon_core.package_identification:_identify(src/fiducial_vlam) by extensions ['colcon_pkg']
[0.593s] Level 1:colcon.colcon_core.package_identification:_identify(src/fiducial_vlam) by extension 'colcon_pkg'
[0.593s] Level 1:colcon.colcon_core.package_identification:_identify(src/fiducial_vlam) by extensions ['colcon_meta']
[0.593s] Level 1:colcon.colcon_core.package_identification:_identify(src/fiducial_vlam) by extension 'colcon_meta'
[0.593s] Level 1:colcon.colcon_core.package_identification:_identify(src/fiducial_vlam) by extensions ['ros']
[0.593s] Level 1:colcon.colcon_core.package_identification:_identify(src/fiducial_vlam) by extension 'ros'
[0.593s] Level 1:colcon.colcon_core.package_identification:_identify(src/fiducial_vlam) by extensions ['cmake', 'python']
[0.593s] Level 1:colcon.colcon_core.package_identification:_identify(src/fiducial_vlam) by extension 'cmake'
[0.593s] Level 1:colcon.colcon_core.package_identification:_identify(src/fiducial_vlam) by extension 'python'
[0.593s] Level 1:colcon.colcon_core.package_identification:_identify(src/fiducial_vlam) by extensions ['python_setup_py']
[0.593s] Level 1:colcon.colcon_core.package_identification:_identify(src/fiducial_vlam) by extension 'python_setup_py'
[0.594s] Level 1:colcon.colcon_core.package_identification:_identify(src/fiducial_vlam/fiducial_vlam) by extensions ['ignore', 'ignore_ament_install']
[0.594s] Level 1:colcon.colcon_core.package_identification:_identify(src/fiducial_vlam/fiducial_vlam) by extension 'ignore'
[0.594s] Level 1:colcon.colcon_core.package_identification:_identify(src/fiducial_vlam/fiducial_vlam) by extension 'ignore_ament_install'
[0.594s] Level 1:colcon.colcon_core.package_identification:_identify(src/fiducial_vlam/fiducial_vlam) by extensions ['colcon_pkg']
[0.594s] Level 1:colcon.colcon_core.package_identification:_identify(src/fiducial_vlam/fiducial_vlam) by extension 'colcon_pkg'
[0.594s] Level 1:colcon.colcon_core.package_identification:_identify(src/fiducial_vlam/fiducial_vlam) by extensions ['colcon_meta']
[0.594s] Level 1:colcon.colcon_core.package_identification:_identify(src/fiducial_vlam/fiducial_vlam) by extension 'colcon_meta'
[0.594s] Level 1:colcon.colcon_core.package_identification:_identify(src/fiducial_vlam/fiducial_vlam) by extensions ['ros']
[0.594s] Level 1:colcon.colcon_core.package_identification:_identify(src/fiducial_vlam/fiducial_vlam) by extension 'ros'
[0.597s] DEBUG:colcon.colcon_core.package_identification:Package 'src/fiducial_vlam/fiducial_vlam' with type 'ros.ament_cmake' and name 'fiducial_vlam'
[0.598s] Level 1:colcon.colcon_core.package_identification:_identify(src/fiducial_vlam/fiducial_vlam_msgs) by extensions ['ignore', 'ignore_ament_install']
[0.598s] Level 1:colcon.colcon_core.package_identification:_identify(src/fiducial_vlam/fiducial_vlam_msgs) by extension 'ignore'
[0.598s] Level 1:colcon.colcon_core.package_identification:_identify(src/fiducial_vlam/fiducial_vlam_msgs) by extension 'ignore_ament_install'
[0.598s] Level 1:colcon.colcon_core.package_identification:_identify(src/fiducial_vlam/fiducial_vlam_msgs) by extensions ['colcon_pkg']
[0.598s] Level 1:colcon.colcon_core.package_identification:_identify(src/fiducial_vlam/fiducial_vlam_msgs) by extension 'colcon_pkg'
[0.598s] Level 1:colcon.colcon_core.package_identification:_identify(src/fiducial_vlam/fiducial_vlam_msgs) by extensions ['colcon_meta']
[0.598s] Level 1:colcon.colcon_core.package_identification:_identify(src/fiducial_vlam/fiducial_vlam_msgs) by extension 'colcon_meta'
[0.598s] Level 1:colcon.colcon_core.package_identification:_identify(src/fiducial_vlam/fiducial_vlam_msgs) by extensions ['ros']
[0.598s] Level 1:colcon.colcon_core.package_identification:_identify(src/fiducial_vlam/fiducial_vlam_msgs) by extension 'ros'
[0.599s] DEBUG:colcon.colcon_core.package_identification:Package 'src/fiducial_vlam/fiducial_vlam_msgs' with type 'ros.ament_cmake' and name 'fiducial_vlam_msgs'
[0.599s] Level 1:colcon.colcon_core.package_identification:_identify(src/fiducial_vlam/images) by extensions ['ignore', 'ignore_ament_install']
[0.599s] Level 1:colcon.colcon_core.package_identification:_identify(src/fiducial_vlam/images) by extension 'ignore'
[0.599s] Level 1:colcon.colcon_core.package_identification:_identify(src/fiducial_vlam/images) by extension 'ignore_ament_install'
[0.599s] Level 1:colcon.colcon_core.package_identification:_identify(src/fiducial_vlam/images) by extensions ['colcon_pkg']
[0.599s] Level 1:colcon.colcon_core.package_identification:_identify(src/fiducial_vlam/images) by extension 'colcon_pkg'
[0.599s] Level 1:colcon.colcon_core.package_identification:_identify(src/fiducial_vlam/images) by extensions ['colcon_meta']
[0.599s] Level 1:colcon.colcon_core.package_identification:_identify(src/fiducial_vlam/images) by extension 'colcon_meta'
[0.599s] Level 1:colcon.colcon_core.package_identification:_identify(src/fiducial_vlam/images) by extensions ['ros']
[0.599s] Level 1:colcon.colcon_core.package_identification:_identify(src/fiducial_vlam/images) by extension 'ros'
[0.599s] Level 1:colcon.colcon_core.package_identification:_identify(src/fiducial_vlam/images) by extensions ['cmake', 'python']
[0.600s] Level 1:colcon.colcon_core.package_identification:_identify(src/fiducial_vlam/images) by extension 'cmake'
[0.600s] Level 1:colcon.colcon_core.package_identification:_identify(src/fiducial_vlam/images) by extension 'python'
[0.600s] Level 1:colcon.colcon_core.package_identification:_identify(src/fiducial_vlam/images) by extensions ['python_setup_py']
[0.600s] Level 1:colcon.colcon_core.package_identification:_identify(src/fiducial_vlam/images) by extension 'python_setup_py'
[0.600s] Level 1:colcon.colcon_core.package_identification:_identify(src/install) by extensions ['ignore', 'ignore_ament_install']
[0.600s] Level 1:colcon.colcon_core.package_identification:_identify(src/install) by extension 'ignore'
[0.600s] Level 1:colcon.colcon_core.package_identification:_identify(src/install) ignored
[0.600s] Level 1:colcon.colcon_core.package_identification:_identify(src/log) by extensions ['ignore', 'ignore_ament_install']
[0.600s] Level 1:colcon.colcon_core.package_identification:_identify(src/log) by extension 'ignore'
[0.600s] Level 1:colcon.colcon_core.package_identification:_identify(src/log) ignored
[0.600s] Level 1:colcon.colcon_core.package_identification:_identify(src/orbslam3_ros2) by extensions ['ignore', 'ignore_ament_install']
[0.600s] Level 1:colcon.colcon_core.package_identification:_identify(src/orbslam3_ros2) by extension 'ignore'
[0.600s] Level 1:colcon.colcon_core.package_identification:_identify(src/orbslam3_ros2) by extension 'ignore_ament_install'
[0.600s] Level 1:colcon.colcon_core.package_identification:_identify(src/orbslam3_ros2) by extensions ['colcon_pkg']
[0.600s] Level 1:colcon.colcon_core.package_identification:_identify(src/orbslam3_ros2) by extension 'colcon_pkg'
[0.600s] Level 1:colcon.colcon_core.package_identification:_identify(src/orbslam3_ros2) by extensions ['colcon_meta']
[0.600s] Level 1:colcon.colcon_core.package_identification:_identify(src/orbslam3_ros2) by extension 'colcon_meta'
[0.601s] Level 1:colcon.colcon_core.package_identification:_identify(src/orbslam3_ros2) by extensions ['ros']
[0.601s] Level 1:colcon.colcon_core.package_identification:_identify(src/orbslam3_ros2) by extension 'ros'
[0.601s] DEBUG:colcon.colcon_core.package_identification:Package 'src/orbslam3_ros2' with type 'ros.ament_cmake' and name 'orbslam3'
[0.601s] Level 1:colcon.colcon_core.package_identification:_identify(src/ros2_shared) by extensions ['ignore', 'ignore_ament_install']
[0.602s] Level 1:colcon.colcon_core.package_identification:_identify(src/ros2_shared) by extension 'ignore'
[0.602s] Level 1:colcon.colcon_core.package_identification:_identify(src/ros2_shared) by extension 'ignore_ament_install'
[0.602s] Level 1:colcon.colcon_core.package_identification:_identify(src/ros2_shared) by extensions ['colcon_pkg']
[0.602s] Level 1:colcon.colcon_core.package_identification:_identify(src/ros2_shared) by extension 'colcon_pkg'
[0.602s] Level 1:colcon.colcon_core.package_identification:_identify(src/ros2_shared) by extensions ['colcon_meta']
[0.602s] Level 1:colcon.colcon_core.package_identification:_identify(src/ros2_shared) by extension 'colcon_meta'
[0.602s] Level 1:colcon.colcon_core.package_identification:_identify(src/ros2_shared) by extensions ['ros']
[0.602s] Level 1:colcon.colcon_core.package_identification:_identify(src/ros2_shared) by extension 'ros'
[0.605s] DEBUG:colcon.colcon_core.package_identification:Package 'src/ros2_shared' with type 'ros.ament_cmake' and name 'ros2_shared'
[0.605s] Level 1:colcon.colcon_core.package_identification:_identify(src/tello_ros) by extensions ['ignore', 'ignore_ament_install']
[0.605s] Level 1:colcon.colcon_core.package_identification:_identify(src/tello_ros) by extension 'ignore'
[0.605s] Level 1:colcon.colcon_core.package_identification:_identify(src/tello_ros) by extension 'ignore_ament_install'
[0.605s] Level 1:colcon.colcon_core.package_identification:_identify(src/tello_ros) by extensions ['colcon_pkg']
[0.606s] Level 1:colcon.colcon_core.package_identification:_identify(src/tello_ros) by extension 'colcon_pkg'
[0.606s] Level 1:colcon.colcon_core.package_identification:_identify(src/tello_ros) by extensions ['colcon_meta']
[0.606s] Level 1:colcon.colcon_core.package_identification:_identify(src/tello_ros) by extension 'colcon_meta'
[0.606s] Level 1:colcon.colcon_core.package_identification:_identify(src/tello_ros) by extensions ['ros']
[0.606s] Level 1:colcon.colcon_core.package_identification:_identify(src/tello_ros) by extension 'ros'
[0.606s] Level 1:colcon.colcon_core.package_identification:_identify(src/tello_ros) by extensions ['cmake', 'python']
[0.606s] Level 1:colcon.colcon_core.package_identification:_identify(src/tello_ros) by extension 'cmake'
[0.606s] Level 1:colcon.colcon_core.package_identification:_identify(src/tello_ros) by extension 'python'
[0.606s] Level 1:colcon.colcon_core.package_identification:_identify(src/tello_ros) by extensions ['python_setup_py']
[0.606s] Level 1:colcon.colcon_core.package_identification:_identify(src/tello_ros) by extension 'python_setup_py'
[0.606s] Level 1:colcon.colcon_core.package_identification:_identify(src/tello_ros/tello_description) by extensions ['ignore', 'ignore_ament_install']
[0.606s] Level 1:colcon.colcon_core.package_identification:_identify(src/tello_ros/tello_description) by extension 'ignore'
[0.606s] Level 1:colcon.colcon_core.package_identification:_identify(src/tello_ros/tello_description) by extension 'ignore_ament_install'
[0.606s] Level 1:colcon.colcon_core.package_identification:_identify(src/tello_ros/tello_description) by extensions ['colcon_pkg']
[0.606s] Level 1:colcon.colcon_core.package_identification:_identify(src/tello_ros/tello_description) by extension 'colcon_pkg'
[0.606s] Level 1:colcon.colcon_core.package_identification:_identify(src/tello_ros/tello_description) by extensions ['colcon_meta']
[0.606s] Level 1:colcon.colcon_core.package_identification:_identify(src/tello_ros/tello_description) by extension 'colcon_meta'
[0.607s] Level 1:colcon.colcon_core.package_identification:_identify(src/tello_ros/tello_description) by extensions ['ros']
[0.607s] Level 1:colcon.colcon_core.package_identification:_identify(src/tello_ros/tello_description) by extension 'ros'
[0.607s] DEBUG:colcon.colcon_core.package_identification:Package 'src/tello_ros/tello_description' with type 'ros.ament_cmake' and name 'tello_description'
[0.607s] Level 1:colcon.colcon_core.package_identification:_identify(src/tello_ros/tello_driver) by extensions ['ignore', 'ignore_ament_install']
[0.608s] Level 1:colcon.colcon_core.package_identification:_identify(src/tello_ros/tello_driver) by extension 'ignore'
[0.608s] Level 1:colcon.colcon_core.package_identification:_identify(src/tello_ros/tello_driver) by extension 'ignore_ament_install'
[0.608s] Level 1:colcon.colcon_core.package_identification:_identify(src/tello_ros/tello_driver) by extensions ['colcon_pkg']
[0.608s] Level 1:colcon.colcon_core.package_identification:_identify(src/tello_ros/tello_driver) by extension 'colcon_pkg'
[0.608s] Level 1:colcon.colcon_core.package_identification:_identify(src/tello_ros/tello_driver) by extensions ['colcon_meta']
[0.608s] Level 1:colcon.colcon_core.package_identification:_identify(src/tello_ros/tello_driver) by extension 'colcon_meta'
[0.608s] Level 1:colcon.colcon_core.package_identification:_identify(src/tello_ros/tello_driver) by extensions ['ros']
[0.608s] Level 1:colcon.colcon_core.package_identification:_identify(src/tello_ros/tello_driver) by extension 'ros'
[0.609s] DEBUG:colcon.colcon_core.package_identification:Package 'src/tello_ros/tello_driver' with type 'ros.ament_cmake' and name 'tello_driver'
[0.609s] Level 1:colcon.colcon_core.package_identification:_identify(src/tello_ros/tello_gazebo) by extensions ['ignore', 'ignore_ament_install']
[0.609s] Level 1:colcon.colcon_core.package_identification:_identify(src/tello_ros/tello_gazebo) by extension 'ignore'
[0.609s] Level 1:colcon.colcon_core.package_identification:_identify(src/tello_ros/tello_gazebo) by extension 'ignore_ament_install'
[0.609s] Level 1:colcon.colcon_core.package_identification:_identify(src/tello_ros/tello_gazebo) by extensions ['colcon_pkg']
[0.609s] Level 1:colcon.colcon_core.package_identification:_identify(src/tello_ros/tello_gazebo) by extension 'colcon_pkg'
[0.609s] Level 1:colcon.colcon_core.package_identification:_identify(src/tello_ros/tello_gazebo) by extensions ['colcon_meta']
[0.609s] Level 1:colcon.colcon_core.package_identification:_identify(src/tello_ros/tello_gazebo) by extension 'colcon_meta'
[0.610s] Level 1:colcon.colcon_core.package_identification:_identify(src/tello_ros/tello_gazebo) by extensions ['ros']
[0.610s] Level 1:colcon.colcon_core.package_identification:_identify(src/tello_ros/tello_gazebo) by extension 'ros'
[0.610s] DEBUG:colcon.colcon_core.package_identification:Package 'src/tello_ros/tello_gazebo' with type 'ros.ament_cmake' and name 'tello_gazebo'
[0.611s] Level 1:colcon.colcon_core.package_identification:_identify(src/tello_ros/tello_msgs) by extensions ['ignore', 'ignore_ament_install']
[0.611s] Level 1:colcon.colcon_core.package_identification:_identify(src/tello_ros/tello_msgs) by extension 'ignore'
[0.611s] Level 1:colcon.colcon_core.package_identification:_identify(src/tello_ros/tello_msgs) by extension 'ignore_ament_install'
[0.611s] Level 1:colcon.colcon_core.package_identification:_identify(src/tello_ros/tello_msgs) by extensions ['colcon_pkg']
[0.611s] Level 1:colcon.colcon_core.package_identification:_identify(src/tello_ros/tello_msgs) by extension 'colcon_pkg'
[0.611s] Level 1:colcon.colcon_core.package_identification:_identify(src/tello_ros/tello_msgs) by extensions ['colcon_meta']
[0.611s] Level 1:colcon.colcon_core.package_identification:_identify(src/tello_ros/tello_msgs) by extension 'colcon_meta'
[0.611s] Level 1:colcon.colcon_core.package_identification:_identify(src/tello_ros/tello_msgs) by extensions ['ros']
[0.611s] Level 1:colcon.colcon_core.package_identification:_identify(src/tello_ros/tello_msgs) by extension 'ros'
[0.612s] DEBUG:colcon.colcon_core.package_identification:Package 'src/tello_ros/tello_msgs' with type 'ros.ament_cmake' and name 'tello_msgs'
[0.612s] Level 1:colcon.colcon_core.package_discovery:discover_packages(recursive) using defaults
[0.612s] Level 1:colcon.colcon_core.package_discovery:discover_packages(ignore) discover
[0.612s] Level 1:colcon.colcon_core.package_discovery:discover_packages(ignore) using defaults
[0.612s] Level 1:colcon.colcon_core.package_discovery:discover_packages(path) discover
[0.612s] Level 1:colcon.colcon_core.package_discovery:discover_packages(path) using defaults
[0.633s] Level 1:colcon.colcon_core.package_discovery:discover_packages(prefix_path) check parameters
[0.633s] Level 1:colcon.colcon_core.package_discovery:discover_packages(prefix_path) discover
[0.636s] DEBUG:colcon.colcon_installed_package_information.package_discovery:Found 325 installed packages in /opt/ros/foxy
[0.638s] Level 1:colcon.colcon_core.package_discovery:discover_packages(prefix_path) using defaults
[0.743s] Level 5:colcon.colcon_core.verb:set package 'fiducial_vlam_msgs' build argument 'cmake_args' from command line to 'None'
[0.743s] Level 5:colcon.colcon_core.verb:set package 'fiducial_vlam_msgs' build argument 'cmake_target' from command line to 'None'
[0.743s] Level 5:colcon.colcon_core.verb:set package 'fiducial_vlam_msgs' build argument 'cmake_target_skip_unavailable' from command line to 'False'
[0.743s] Level 5:colcon.colcon_core.verb:set package 'fiducial_vlam_msgs' build argument 'cmake_clean_cache' from command line to 'False'
[0.743s] Level 5:colcon.colcon_core.verb:set package 'fiducial_vlam_msgs' build argument 'cmake_clean_first' from command line to 'False'
[0.743s] Level 5:colcon.colcon_core.verb:set package 'fiducial_vlam_msgs' build argument 'cmake_force_configure' from command line to 'False'
[0.743s] Level 5:colcon.colcon_core.verb:set package 'fiducial_vlam_msgs' build argument 'ament_cmake_args' from command line to 'None'
[0.743s] Level 5:colcon.colcon_core.verb:set package 'fiducial_vlam_msgs' build argument 'catkin_cmake_args' from command line to 'None'
[0.743s] Level 5:colcon.colcon_core.verb:set package 'fiducial_vlam_msgs' build argument 'catkin_skip_building_tests' from command line to 'False'
[0.743s] DEBUG:colcon.colcon_core.verb:Building package 'fiducial_vlam_msgs' with the following arguments: {'ament_cmake_args': None, 'build_base': '/home/hkim/development/tello_ros_ws/build/fiducial_vlam_msgs', 'catkin_cmake_args': None, 'catkin_skip_building_tests': False, 'cmake_args': None, 'cmake_clean_cache': False, 'cmake_clean_first': False, 'cmake_force_configure': False, 'cmake_target': None, 'cmake_target_skip_unavailable': False, 'install_base': '/home/hkim/development/tello_ros_ws/install/fiducial_vlam_msgs', 'merge_install': False, 'path': '/home/hkim/development/tello_ros_ws/src/fiducial_vlam/fiducial_vlam_msgs', 'symlink_install': False, 'test_result_base': None}
[0.744s] Level 5:colcon.colcon_core.verb:set package 'orbslam3' build argument 'cmake_args' from command line to 'None'
[0.744s] Level 5:colcon.colcon_core.verb:set package 'orbslam3' build argument 'cmake_target' from command line to 'None'
[0.744s] Level 5:colcon.colcon_core.verb:set package 'orbslam3' build argument 'cmake_target_skip_unavailable' from command line to 'False'
[0.744s] Level 5:colcon.colcon_core.verb:set package 'orbslam3' build argument 'cmake_clean_cache' from command line to 'False'
[0.744s] Level 5:colcon.colcon_core.verb:set package 'orbslam3' build argument 'cmake_clean_first' from command line to 'False'
[0.744s] Level 5:colcon.colcon_core.verb:set package 'orbslam3' build argument 'cmake_force_configure' from command line to 'False'
[0.744s] Level 5:colcon.colcon_core.verb:set package 'orbslam3' build argument 'ament_cmake_args' from command line to 'None'
[0.744s] Level 5:colcon.colcon_core.verb:set package 'orbslam3' build argument 'catkin_cmake_args' from command line to 'None'
[0.744s] Level 5:colcon.colcon_core.verb:set package 'orbslam3' build argument 'catkin_skip_building_tests' from command line to 'False'
[0.744s] DEBUG:colcon.colcon_core.verb:Building package 'orbslam3' with the following arguments: {'ament_cmake_args': None, 'build_base': '/home/hkim/development/tello_ros_ws/build/orbslam3', 'catkin_cmake_args': None, 'catkin_skip_building_tests': False, 'cmake_args': None, 'cmake_clean_cache': False, 'cmake_clean_first': False, 'cmake_force_configure': False, 'cmake_target': None, 'cmake_target_skip_unavailable': False, 'install_base': '/home/hkim/development/tello_ros_ws/install/orbslam3', 'merge_install': False, 'path': '/home/hkim/development/tello_ros_ws/src/orbslam3_ros2', 'symlink_install': False, 'test_result_base': None}
[0.744s] Level 5:colcon.colcon_core.verb:set package 'ros2_shared' build argument 'cmake_args' from command line to 'None'
[0.744s] Level 5:colcon.colcon_core.verb:set package 'ros2_shared' build argument 'cmake_target' from command line to 'None'
[0.744s] Level 5:colcon.colcon_core.verb:set package 'ros2_shared' build argument 'cmake_target_skip_unavailable' from command line to 'False'
[0.744s] Level 5:colcon.colcon_core.verb:set package 'ros2_shared' build argument 'cmake_clean_cache' from command line to 'False'
[0.744s] Level 5:colcon.colcon_core.verb:set package 'ros2_shared' build argument 'cmake_clean_first' from command line to 'False'
[0.744s] Level 5:colcon.colcon_core.verb:set package 'ros2_shared' build argument 'cmake_force_configure' from command line to 'False'
[0.744s] Level 5:colcon.colcon_core.verb:set package 'ros2_shared' build argument 'ament_cmake_args' from command line to 'None'
[0.745s] Level 5:colcon.colcon_core.verb:set package 'ros2_shared' build argument 'catkin_cmake_args' from command line to 'None'
[0.745s] Level 5:colcon.colcon_core.verb:set package 'ros2_shared' build argument 'catkin_skip_building_tests' from command line to 'False'
[0.745s] DEBUG:colcon.colcon_core.verb:Building package 'ros2_shared' with the following arguments: {'ament_cmake_args': None, 'build_base': '/home/hkim/development/tello_ros_ws/build/ros2_shared', 'catkin_cmake_args': None, 'catkin_skip_building_tests': False, 'cmake_args': None, 'cmake_clean_cache': False, 'cmake_clean_first': False, 'cmake_force_configure': False, 'cmake_target': None, 'cmake_target_skip_unavailable': False, 'install_base': '/home/hkim/development/tello_ros_ws/install/ros2_shared', 'merge_install': False, 'path': '/home/hkim/development/tello_ros_ws/src/ros2_shared', 'symlink_install': False, 'test_result_base': None}
[0.745s] Level 5:colcon.colcon_core.verb:set package 'tello_description' build argument 'cmake_args' from command line to 'None'
[0.745s] Level 5:colcon.colcon_core.verb:set package 'tello_description' build argument 'cmake_target' from command line to 'None'
[0.745s] Level 5:colcon.colcon_core.verb:set package 'tello_description' build argument 'cmake_target_skip_unavailable' from command line to 'False'
[0.745s] Level 5:colcon.colcon_core.verb:set package 'tello_description' build argument 'cmake_clean_cache' from command line to 'False'
[0.745s] Level 5:colcon.colcon_core.verb:set package 'tello_description' build argument 'cmake_clean_first' from command line to 'False'
[0.745s] Level 5:colcon.colcon_core.verb:set package 'tello_description' build argument 'cmake_force_configure' from command line to 'False'
[0.745s] Level 5:colcon.colcon_core.verb:set package 'tello_description' build argument 'ament_cmake_args' from command line to 'None'
[0.745s] Level 5:colcon.colcon_core.verb:set package 'tello_description' build argument 'catkin_cmake_args' from command line to 'None'
[0.745s] Level 5:colcon.colcon_core.verb:set package 'tello_description' build argument 'catkin_skip_building_tests' from command line to 'False'
[0.745s] DEBUG:colcon.colcon_core.verb:Building package 'tello_description' with the following arguments: {'ament_cmake_args': None, 'build_base': '/home/hkim/development/tello_ros_ws/build/tello_description', 'catkin_cmake_args': None, 'catkin_skip_building_tests': False, 'cmake_args': None, 'cmake_clean_cache': False, 'cmake_clean_first': False, 'cmake_force_configure': False, 'cmake_target': None, 'cmake_target_skip_unavailable': False, 'install_base': '/home/hkim/development/tello_ros_ws/install/tello_description', 'merge_install': False, 'path': '/home/hkim/development/tello_ros_ws/src/tello_ros/tello_description', 'symlink_install': False, 'test_result_base': None}
[0.746s] Level 5:colcon.colcon_core.verb:set package 'tello_msgs' build argument 'cmake_args' from command line to 'None'
[0.746s] Level 5:colcon.colcon_core.verb:set package 'tello_msgs' build argument 'cmake_target' from command line to 'None'
[0.746s] Level 5:colcon.colcon_core.verb:set package 'tello_msgs' build argument 'cmake_target_skip_unavailable' from command line to 'False'
[0.746s] Level 5:colcon.colcon_core.verb:set package 'tello_msgs' build argument 'cmake_clean_cache' from command line to 'False'
[0.746s] Level 5:colcon.colcon_core.verb:set package 'tello_msgs' build argument 'cmake_clean_first' from command line to 'False'
[0.746s] Level 5:colcon.colcon_core.verb:set package 'tello_msgs' build argument 'cmake_force_configure' from command line to 'False'
[0.746s] Level 5:colcon.colcon_core.verb:set package 'tello_msgs' build argument 'ament_cmake_args' from command line to 'None'
[0.746s] Level 5:colcon.colcon_core.verb:set package 'tello_msgs' build argument 'catkin_cmake_args' from command line to 'None'
[0.746s] Level 5:colcon.colcon_core.verb:set package 'tello_msgs' build argument 'catkin_skip_building_tests' from command line to 'False'
[0.746s] DEBUG:colcon.colcon_core.verb:Building package 'tello_msgs' with the following arguments: {'ament_cmake_args': None, 'build_base': '/home/hkim/development/tello_ros_ws/build/tello_msgs', 'catkin_cmake_args': None, 'catkin_skip_building_tests': False, 'cmake_args': None, 'cmake_clean_cache': False, 'cmake_clean_first': False, 'cmake_force_configure': False, 'cmake_target': None, 'cmake_target_skip_unavailable': False, 'install_base': '/home/hkim/development/tello_ros_ws/install/tello_msgs', 'merge_install': False, 'path': '/home/hkim/development/tello_ros_ws/src/tello_ros/tello_msgs', 'symlink_install': False, 'test_result_base': None}
[0.746s] Level 5:colcon.colcon_core.verb:set package 'fiducial_vlam' build argument 'cmake_args' from command line to 'None'
[0.746s] Level 5:colcon.colcon_core.verb:set package 'fiducial_vlam' build argument 'cmake_target' from command line to 'None'
[0.746s] Level 5:colcon.colcon_core.verb:set package 'fiducial_vlam' build argument 'cmake_target_skip_unavailable' from command line to 'False'
[0.746s] Level 5:colcon.colcon_core.verb:set package 'fiducial_vlam' build argument 'cmake_clean_cache' from command line to 'False'
[0.746s] Level 5:colcon.colcon_core.verb:set package 'fiducial_vlam' build argument 'cmake_clean_first' from command line to 'False'
[0.746s] Level 5:colcon.colcon_core.verb:set package 'fiducial_vlam' build argument 'cmake_force_configure' from command line to 'False'
[0.746s] Level 5:colcon.colcon_core.verb:set package 'fiducial_vlam' build argument 'ament_cmake_args' from command line to 'None'
[0.746s] Level 5:colcon.colcon_core.verb:set package 'fiducial_vlam' build argument 'catkin_cmake_args' from command line to 'None'
[0.746s] Level 5:colcon.colcon_core.verb:set package 'fiducial_vlam' build argument 'catkin_skip_building_tests' from command line to 'False'
[0.746s] DEBUG:colcon.colcon_core.verb:Building package 'fiducial_vlam' with the following arguments: {'ament_cmake_args': None, 'build_base': '/home/hkim/development/tello_ros_ws/build/fiducial_vlam', 'catkin_cmake_args': None, 'catkin_skip_building_tests': False, 'cmake_args': None, 'cmake_clean_cache': False, 'cmake_clean_first': False, 'cmake_force_configure': False, 'cmake_target': None, 'cmake_target_skip_unavailable': False, 'install_base': '/home/hkim/development/tello_ros_ws/install/fiducial_vlam', 'merge_install': False, 'path': '/home/hkim/development/tello_ros_ws/src/fiducial_vlam/fiducial_vlam', 'symlink_install': False, 'test_result_base': None}
[0.747s] Level 5:colcon.colcon_core.verb:set package 'tello_driver' build argument 'cmake_args' from command line to 'None'
[0.747s] Level 5:colcon.colcon_core.verb:set package 'tello_driver' build argument 'cmake_target' from command line to 'None'
[0.747s] Level 5:colcon.colcon_core.verb:set package 'tello_driver' build argument 'cmake_target_skip_unavailable' from command line to 'False'
[0.747s] Level 5:colcon.colcon_core.verb:set package 'tello_driver' build argument 'cmake_clean_cache' from command line to 'False'
[0.747s] Level 5:colcon.colcon_core.verb:set package 'tello_driver' build argument 'cmake_clean_first' from command line to 'False'
[0.747s] Level 5:colcon.colcon_core.verb:set package 'tello_driver' build argument 'cmake_force_configure' from command line to 'False'
[0.747s] Level 5:colcon.colcon_core.verb:set package 'tello_driver' build argument 'ament_cmake_args' from command line to 'None'
[0.747s] Level 5:colcon.colcon_core.verb:set package 'tello_driver' build argument 'catkin_cmake_args' from command line to 'None'
[0.747s] Level 5:colcon.colcon_core.verb:set package 'tello_driver' build argument 'catkin_skip_building_tests' from command line to 'False'
[0.747s] DEBUG:colcon.colcon_core.verb:Building package 'tello_driver' with the following arguments: {'ament_cmake_args': None, 'build_base': '/home/hkim/development/tello_ros_ws/build/tello_driver', 'catkin_cmake_args': None, 'catkin_skip_building_tests': False, 'cmake_args': None, 'cmake_clean_cache': False, 'cmake_clean_first': False, 'cmake_force_configure': False, 'cmake_target': None, 'cmake_target_skip_unavailable': False, 'install_base': '/home/hkim/development/tello_ros_ws/install/tello_driver', 'merge_install': False, 'path': '/home/hkim/development/tello_ros_ws/src/tello_ros/tello_driver', 'symlink_install': False, 'test_result_base': None}
[0.747s] Level 5:colcon.colcon_core.verb:set package 'tello_gazebo' build argument 'cmake_args' from command line to 'None'
[0.748s] Level 5:colcon.colcon_core.verb:set package 'tello_gazebo' build argument 'cmake_target' from command line to 'None'
[0.748s] Level 5:colcon.colcon_core.verb:set package 'tello_gazebo' build argument 'cmake_target_skip_unavailable' from command line to 'False'
[0.748s] Level 5:colcon.colcon_core.verb:set package 'tello_gazebo' build argument 'cmake_clean_cache' from command line to 'False'
[0.748s] Level 5:colcon.colcon_core.verb:set package 'tello_gazebo' build argument 'cmake_clean_first' from command line to 'False'
[0.748s] Level 5:colcon.colcon_core.verb:set package 'tello_gazebo' build argument 'cmake_force_configure' from command line to 'False'
[0.748s] Level 5:colcon.colcon_core.verb:set package 'tello_gazebo' build argument 'ament_cmake_args' from command line to 'None'
[0.748s] Level 5:colcon.colcon_core.verb:set package 'tello_gazebo' build argument 'catkin_cmake_args' from command line to 'None'
[0.748s] Level 5:colcon.colcon_core.verb:set package 'tello_gazebo' build argument 'catkin_skip_building_tests' from command line to 'False'
[0.748s] DEBUG:colcon.colcon_core.verb:Building package 'tello_gazebo' with the following arguments: {'ament_cmake_args': None, 'build_base': '/home/hkim/development/tello_ros_ws/build/tello_gazebo', 'catkin_cmake_args': None, 'catkin_skip_building_tests': False, 'cmake_args': None, 'cmake_clean_cache': False, 'cmake_clean_first': False, 'cmake_force_configure': False, 'cmake_target': None, 'cmake_target_skip_unavailable': False, 'install_base': '/home/hkim/development/tello_ros_ws/install/tello_gazebo', 'merge_install': False, 'path': '/home/hkim/development/tello_ros_ws/src/tello_ros/tello_gazebo', 'symlink_install': False, 'test_result_base': None}
[0.748s] INFO:colcon.colcon_core.executor:Executing jobs using 'parallel' executor
[0.749s] DEBUG:colcon.colcon_parallel_executor.executor.parallel:run_until_complete
[0.749s] INFO:colcon.colcon_ros.task.ament_cmake.build:Building ROS package in '/home/hkim/development/tello_ros_ws/src/ros2_shared' with build type 'ament_cmake'
[0.749s] INFO:colcon.colcon_cmake.task.cmake.build:Building CMake package in '/home/hkim/development/tello_ros_ws/src/ros2_shared'
[0.752s] INFO:colcon.colcon_core.plugin_system:Skipping extension 'colcon_core.shell.bat': Not used on non-Windows systems
[0.753s] INFO:colcon.colcon_core.shell:Skip shell extension 'powershell' for command environment: Not usable outside of PowerShell
[0.753s] DEBUG:colcon.colcon_core.shell:Skip shell extension 'dsv' for command environment
[0.759s] INFO:colcon.colcon_ros.task.ament_cmake.build:Building ROS package in '/home/hkim/development/tello_ros_ws/src/tello_ros/tello_msgs' with build type 'ament_cmake'
[0.761s] INFO:colcon.colcon_cmake.task.cmake.build:Building CMake package in '/home/hkim/development/tello_ros_ws/src/tello_ros/tello_msgs'
[0.762s] INFO:colcon.colcon_core.shell:Skip shell extension 'powershell' for command environment: Not usable outside of PowerShell
[0.762s] DEBUG:colcon.colcon_core.shell:Skip shell extension 'dsv' for command environment
[0.769s] INFO:colcon.colcon_ros.task.ament_cmake.build:Building ROS package in '/home/hkim/development/tello_ros_ws/src/fiducial_vlam/fiducial_vlam_msgs' with build type 'ament_cmake'
[0.769s] INFO:colcon.colcon_cmake.task.cmake.build:Building CMake package in '/home/hkim/development/tello_ros_ws/src/fiducial_vlam/fiducial_vlam_msgs'
[0.770s] INFO:colcon.colcon_core.shell:Skip shell extension 'powershell' for command environment: Not usable outside of PowerShell
[0.770s] DEBUG:colcon.colcon_core.shell:Skip shell extension 'dsv' for command environment
[0.780s] INFO:colcon.colcon_ros.task.ament_cmake.build:Building ROS package in '/home/hkim/development/tello_ros_ws/src/orbslam3_ros2' with build type 'ament_cmake'
[0.781s] INFO:colcon.colcon_cmake.task.cmake.build:Building CMake package in '/home/hkim/development/tello_ros_ws/src/orbslam3_ros2'
[0.782s] INFO:colcon.colcon_core.shell:Skip shell extension 'powershell' for command environment: Not usable outside of PowerShell
[0.783s] DEBUG:colcon.colcon_core.shell:Skip shell extension 'dsv' for command environment
[0.818s] DEBUG:colcon.colcon_core.event_handler.log_command:Invoking command in '/home/hkim/development/tello_ros_ws/build/ros2_shared': CMAKE_PREFIX_PATH=/opt/ros/foxy /usr/bin/cmake --build /home/hkim/development/tello_ros_ws/build/ros2_shared -- -j4 -l4
[0.835s] DEBUG:colcon.colcon_core.event_handler.log_command:Invoking command in '/home/hkim/development/tello_ros_ws/build/tello_msgs': CMAKE_PREFIX_PATH=/opt/ros/foxy /usr/bin/cmake --build /home/hkim/development/tello_ros_ws/build/tello_msgs -- -j4 -l4
[0.852s] DEBUG:colcon.colcon_core.event_handler.log_command:Invoking command in '/home/hkim/development/tello_ros_ws/build/fiducial_vlam_msgs': CMAKE_PREFIX_PATH=/opt/ros/foxy /usr/bin/cmake --build /home/hkim/development/tello_ros_ws/build/fiducial_vlam_msgs -- -j4 -l4
[0.879s] DEBUG:colcon.colcon_core.event_handler.log_command:Invoking command in '/home/hkim/development/tello_ros_ws/build/orbslam3': CMAKE_PREFIX_PATH=/opt/ros/foxy /usr/bin/cmake --build /home/hkim/development/tello_ros_ws/build/orbslam3 -- -j4 -l4
[0.959s] DEBUG:colcon.colcon_core.event_handler.log_command:Invoked command in '/home/hkim/development/tello_ros_ws/build/ros2_shared' returned '0': CMAKE_PREFIX_PATH=/opt/ros/foxy /usr/bin/cmake --build /home/hkim/development/tello_ros_ws/build/ros2_shared -- -j4 -l4
[1.209s] DEBUG:colcon.colcon_core.event_handler.log_command:Invoking command in '/home/hkim/development/tello_ros_ws/build/ros2_shared': CMAKE_PREFIX_PATH=/opt/ros/foxy /usr/bin/cmake --install /home/hkim/development/tello_ros_ws/build/ros2_shared
[1.274s] Level 1:colcon.colcon_core.environment:create_environment_scripts_only(ros2_shared)
[1.278s] Level 1:colcon.colcon_core.environment:checking '/home/hkim/development/tello_ros_ws/install/ros2_shared' for CMake module files
[1.280s] DEBUG:colcon.colcon_core.event_handler.log_command:Invoked command in '/home/hkim/development/tello_ros_ws/build/ros2_shared' returned '0': CMAKE_PREFIX_PATH=/opt/ros/foxy /usr/bin/cmake --install /home/hkim/development/tello_ros_ws/build/ros2_shared
[1.280s] Level 1:colcon.colcon_core.environment:checking '/home/hkim/development/tello_ros_ws/install/ros2_shared' for CMake config files
[1.281s] Level 1:colcon.colcon_core.shell:create_environment_hook('ros2_shared', 'cmake_prefix_path')
[1.281s] INFO:colcon.colcon_core.shell:Creating environment hook '/home/hkim/development/tello_ros_ws/install/ros2_shared/share/ros2_shared/hook/cmake_prefix_path.ps1'
[1.282s] INFO:colcon.colcon_core.shell:Creating environment descriptor '/home/hkim/development/tello_ros_ws/install/ros2_shared/share/ros2_shared/hook/cmake_prefix_path.dsv'
[1.283s] INFO:colcon.colcon_core.shell:Creating environment hook '/home/hkim/development/tello_ros_ws/install/ros2_shared/share/ros2_shared/hook/cmake_prefix_path.sh'
[1.284s] Level 1:colcon.colcon_core.environment:checking '/home/hkim/development/tello_ros_ws/install/ros2_shared/bin'
[1.284s] Level 1:colcon.colcon_core.environment:checking '/home/hkim/development/tello_ros_ws/install/ros2_shared/lib/pkgconfig/ros2_shared.pc'
[1.285s] Level 1:colcon.colcon_core.environment:checking '/home/hkim/development/tello_ros_ws/install/ros2_shared/lib/python3.8/site-packages'
[1.285s] Level 1:colcon.colcon_core.environment:checking '/home/hkim/development/tello_ros_ws/install/ros2_shared/bin'
[1.302s] INFO:colcon.colcon_core.shell:Creating package script '/home/hkim/development/tello_ros_ws/install/ros2_shared/share/ros2_shared/package.ps1'
[1.309s] INFO:colcon.colcon_core.shell:Creating package descriptor '/home/hkim/development/tello_ros_ws/install/ros2_shared/share/ros2_shared/package.dsv'
[1.310s] INFO:colcon.colcon_core.shell:Creating package script '/home/hkim/development/tello_ros_ws/install/ros2_shared/share/ros2_shared/package.sh'
[1.337s] INFO:colcon.colcon_core.shell:Creating package script '/home/hkim/development/tello_ros_ws/install/ros2_shared/share/ros2_shared/package.bash'
[1.341s] INFO:colcon.colcon_core.shell:Creating package script '/home/hkim/development/tello_ros_ws/install/ros2_shared/share/ros2_shared/package.zsh'
[1.344s] Level 1:colcon.colcon_core.environment:create_file_with_runtime_dependencies(/home/hkim/development/tello_ros_ws/install/ros2_shared/share/colcon-core/packages/ros2_shared)
[1.485s] Level 1:colcon.colcon_core.environment:create_environment_scripts_only(ros2_shared)
[1.486s] Level 1:colcon.colcon_core.environment:checking '/home/hkim/development/tello_ros_ws/install/ros2_shared' for CMake module files
[1.491s] Level 1:colcon.colcon_core.environment:checking '/home/hkim/development/tello_ros_ws/install/ros2_shared' for CMake config files
[1.491s] Level 1:colcon.colcon_core.shell:create_environment_hook('ros2_shared', 'cmake_prefix_path')
[1.492s] INFO:colcon.colcon_core.shell:Creating environment hook '/home/hkim/development/tello_ros_ws/install/ros2_shared/share/ros2_shared/hook/cmake_prefix_path.ps1'
[1.493s] INFO:colcon.colcon_core.shell:Creating environment descriptor '/home/hkim/development/tello_ros_ws/install/ros2_shared/share/ros2_shared/hook/cmake_prefix_path.dsv'
[1.493s] INFO:colcon.colcon_core.shell:Creating environment hook '/home/hkim/development/tello_ros_ws/install/ros2_shared/share/ros2_shared/hook/cmake_prefix_path.sh'
[1.494s] Level 1:colcon.colcon_core.environment:checking '/home/hkim/development/tello_ros_ws/install/ros2_shared/bin'
[1.494s] Level 1:colcon.colcon_core.environment:checking '/home/hkim/development/tello_ros_ws/install/ros2_shared/lib/pkgconfig/ros2_shared.pc'
[1.494s] Level 1:colcon.colcon_core.environment:checking '/home/hkim/development/tello_ros_ws/install/ros2_shared/lib/python3.8/site-packages'
[1.495s] Level 1:colcon.colcon_core.environment:checking '/home/hkim/development/tello_ros_ws/install/ros2_shared/bin'
[1.495s] INFO:colcon.colcon_core.shell:Creating package script '/home/hkim/development/tello_ros_ws/install/ros2_shared/share/ros2_shared/package.ps1'
[1.496s] INFO:colcon.colcon_core.shell:Creating package descriptor '/home/hkim/development/tello_ros_ws/install/ros2_shared/share/ros2_shared/package.dsv'
[1.497s] INFO:colcon.colcon_core.shell:Creating package script '/home/hkim/development/tello_ros_ws/install/ros2_shared/share/ros2_shared/package.sh'
[1.500s] INFO:colcon.colcon_core.shell:Creating package script '/home/hkim/development/tello_ros_ws/install/ros2_shared/share/ros2_shared/package.bash'
[1.501s] INFO:colcon.colcon_core.shell:Creating package script '/home/hkim/development/tello_ros_ws/install/ros2_shared/share/ros2_shared/package.zsh'
[1.502s] Level 1:colcon.colcon_core.environment:create_file_with_runtime_dependencies(/home/hkim/development/tello_ros_ws/install/ros2_shared/share/colcon-core/packages/ros2_shared)
[1.506s] INFO:colcon.colcon_ros.task.ament_cmake.build:Building ROS package in '/home/hkim/development/tello_ros_ws/src/tello_ros/tello_description' with build type 'ament_cmake'
[1.507s] INFO:colcon.colcon_cmake.task.cmake.build:Building CMake package in '/home/hkim/development/tello_ros_ws/src/tello_ros/tello_description'
[1.507s] INFO:colcon.colcon_core.shell:Skip shell extension 'powershell' for command environment: Not usable outside of PowerShell
[1.507s] DEBUG:colcon.colcon_core.shell:Skip shell extension 'dsv' for command environment
[1.615s] DEBUG:colcon.colcon_core.event_handler.log_command:Invoking command in '/home/hkim/development/tello_ros_ws/build/tello_description': CMAKE_PREFIX_PATH=/opt/ros/foxy /usr/bin/cmake --build /home/hkim/development/tello_ros_ws/build/tello_description -- -j4 -l4
[2.270s] DEBUG:colcon.colcon_core.event_handler.log_command:Invoked command in '/home/hkim/development/tello_ros_ws/build/tello_description' returned '0': CMAKE_PREFIX_PATH=/opt/ros/foxy /usr/bin/cmake --build /home/hkim/development/tello_ros_ws/build/tello_description -- -j4 -l4
[2.319s] DEBUG:colcon.colcon_core.event_handler.log_command:Invoked command in '/home/hkim/development/tello_ros_ws/build/tello_msgs' returned '0': CMAKE_PREFIX_PATH=/opt/ros/foxy /usr/bin/cmake --build /home/hkim/development/tello_ros_ws/build/tello_msgs -- -j4 -l4
[2.441s] DEBUG:colcon.colcon_core.event_handler.log_command:Invoked command in '/home/hkim/development/tello_ros_ws/build/fiducial_vlam_msgs' returned '0': CMAKE_PREFIX_PATH=/opt/ros/foxy /usr/bin/cmake --build /home/hkim/development/tello_ros_ws/build/fiducial_vlam_msgs -- -j4 -l4
[2.699s] DEBUG:colcon.colcon_core.event_handler.log_command:Invoking command in '/home/hkim/development/tello_ros_ws/build/tello_description': CMAKE_PREFIX_PATH=/opt/ros/foxy /usr/bin/cmake --install /home/hkim/development/tello_ros_ws/build/tello_description
[2.765s] Level 1:colcon.colcon_core.environment:create_environment_scripts_only(tello_description)
[2.767s] Level 1:colcon.colcon_core.environment:checking '/home/hkim/development/tello_ros_ws/install/tello_description' for CMake module files
[2.768s] Level 1:colcon.colcon_core.environment:checking '/home/hkim/development/tello_ros_ws/install/tello_description' for CMake config files
[2.769s] Level 1:colcon.colcon_core.shell:create_environment_hook('tello_description', 'cmake_prefix_path')
[2.769s] INFO:colcon.colcon_core.shell:Creating environment hook '/home/hkim/development/tello_ros_ws/install/tello_description/share/tello_description/hook/cmake_prefix_path.ps1'
[2.772s] DEBUG:colcon.colcon_core.event_handler.log_command:Invoked command in '/home/hkim/development/tello_ros_ws/build/tello_description' returned '0': CMAKE_PREFIX_PATH=/opt/ros/foxy /usr/bin/cmake --install /home/hkim/development/tello_ros_ws/build/tello_description
[2.773s] INFO:colcon.colcon_core.shell:Creating environment descriptor '/home/hkim/development/tello_ros_ws/install/tello_description/share/tello_description/hook/cmake_prefix_path.dsv'
[2.774s] INFO:colcon.colcon_core.shell:Creating environment hook '/home/hkim/development/tello_ros_ws/install/tello_description/share/tello_description/hook/cmake_prefix_path.sh'
[2.774s] Level 1:colcon.colcon_core.environment:checking '/home/hkim/development/tello_ros_ws/install/tello_description/bin'
[2.775s] Level 1:colcon.colcon_core.environment:checking '/home/hkim/development/tello_ros_ws/install/tello_description/lib/pkgconfig/tello_description.pc'
[2.775s] Level 1:colcon.colcon_core.environment:checking '/home/hkim/development/tello_ros_ws/install/tello_description/lib/python3.8/site-packages'
[2.775s] Level 1:colcon.colcon_core.environment:checking '/home/hkim/development/tello_ros_ws/install/tello_description/bin'
[2.776s] INFO:colcon.colcon_core.shell:Creating package script '/home/hkim/development/tello_ros_ws/install/tello_description/share/tello_description/package.ps1'
[2.776s] INFO:colcon.colcon_core.shell:Creating package descriptor '/home/hkim/development/tello_ros_ws/install/tello_description/share/tello_description/package.dsv'
[2.780s] INFO:colcon.colcon_core.shell:Creating package script '/home/hkim/development/tello_ros_ws/install/tello_description/share/tello_description/package.sh'
[2.780s] INFO:colcon.colcon_core.shell:Creating package script '/home/hkim/development/tello_ros_ws/install/tello_description/share/tello_description/package.bash'
[2.781s] INFO:colcon.colcon_core.shell:Creating package script '/home/hkim/development/tello_ros_ws/install/tello_description/share/tello_description/package.zsh'
[2.781s] Level 1:colcon.colcon_core.environment:create_file_with_runtime_dependencies(/home/hkim/development/tello_ros_ws/install/tello_description/share/colcon-core/packages/tello_description)
[3.176s] Level 1:colcon.colcon_core.environment:create_environment_scripts_only(tello_description)
[3.177s] Level 1:colcon.colcon_core.environment:checking '/home/hkim/development/tello_ros_ws/install/tello_description' for CMake module files
[3.177s] Level 1:colcon.colcon_core.environment:checking '/home/hkim/development/tello_ros_ws/install/tello_description' for CMake config files
[3.178s] Level 1:colcon.colcon_core.shell:create_environment_hook('tello_description', 'cmake_prefix_path')
[3.178s] INFO:colcon.colcon_core.shell:Creating environment hook '/home/hkim/development/tello_ros_ws/install/tello_description/share/tello_description/hook/cmake_prefix_path.ps1'
[3.179s] INFO:colcon.colcon_core.shell:Creating environment descriptor '/home/hkim/development/tello_ros_ws/install/tello_description/share/tello_description/hook/cmake_prefix_path.dsv'
[3.180s] INFO:colcon.colcon_core.shell:Creating environment hook '/home/hkim/development/tello_ros_ws/install/tello_description/share/tello_description/hook/cmake_prefix_path.sh'
[3.181s] Level 1:colcon.colcon_core.environment:checking '/home/hkim/development/tello_ros_ws/install/tello_description/bin'
[3.181s] Level 1:colcon.colcon_core.environment:checking '/home/hkim/development/tello_ros_ws/install/tello_description/lib/pkgconfig/tello_description.pc'
[3.181s] Level 1:colcon.colcon_core.environment:checking '/home/hkim/development/tello_ros_ws/install/tello_description/lib/python3.8/site-packages'
[3.182s] Level 1:colcon.colcon_core.environment:checking '/home/hkim/development/tello_ros_ws/install/tello_description/bin'
[3.182s] INFO:colcon.colcon_core.shell:Creating package script '/home/hkim/development/tello_ros_ws/install/tello_description/share/tello_description/package.ps1'
[3.183s] INFO:colcon.colcon_core.shell:Creating package descriptor '/home/hkim/development/tello_ros_ws/install/tello_description/share/tello_description/package.dsv'
[3.184s] INFO:colcon.colcon_core.shell:Creating package script '/home/hkim/development/tello_ros_ws/install/tello_description/share/tello_description/package.sh'
[3.186s] INFO:colcon.colcon_core.shell:Creating package script '/home/hkim/development/tello_ros_ws/install/tello_description/share/tello_description/package.bash'
[3.187s] INFO:colcon.colcon_core.shell:Creating package script '/home/hkim/development/tello_ros_ws/install/tello_description/share/tello_description/package.zsh'
[3.197s] Level 1:colcon.colcon_core.environment:create_file_with_runtime_dependencies(/home/hkim/development/tello_ros_ws/install/tello_description/share/colcon-core/packages/tello_description)
[3.572s] DEBUG:colcon.colcon_core.event_handler.log_command:Invoking command in '/home/hkim/development/tello_ros_ws/build/tello_msgs': CMAKE_PREFIX_PATH=/opt/ros/foxy /usr/bin/cmake --install /home/hkim/development/tello_ros_ws/build/tello_msgs
[3.723s] Level 1:colcon.colcon_core.environment:create_environment_scripts_only(tello_msgs)
[3.724s] Level 1:colcon.colcon_core.environment:checking '/home/hkim/development/tello_ros_ws/install/tello_msgs' for CMake module files
[3.727s] Level 1:colcon.colcon_core.environment:checking '/home/hkim/development/tello_ros_ws/install/tello_msgs' for CMake config files
[3.728s] Level 1:colcon.colcon_core.shell:create_environment_hook('tello_msgs', 'cmake_prefix_path')
[3.729s] INFO:colcon.colcon_core.shell:Creating environment hook '/home/hkim/development/tello_ros_ws/install/tello_msgs/share/tello_msgs/hook/cmake_prefix_path.ps1'
[3.730s] INFO:colcon.colcon_core.shell:Creating environment descriptor '/home/hkim/development/tello_ros_ws/install/tello_msgs/share/tello_msgs/hook/cmake_prefix_path.dsv'
[3.731s] INFO:colcon.colcon_core.shell:Creating environment hook '/home/hkim/development/tello_ros_ws/install/tello_msgs/share/tello_msgs/hook/cmake_prefix_path.sh'
[3.724s] DEBUG:colcon.colcon_core.event_handler.log_command:Invoked command in '/home/hkim/development/tello_ros_ws/build/tello_msgs' returned '0': CMAKE_PREFIX_PATH=/opt/ros/foxy /usr/bin/cmake --install /home/hkim/development/tello_ros_ws/build/tello_msgs
[3.733s] Level 1:colcon.colcon_core.environment:checking '/home/hkim/development/tello_ros_ws/install/tello_msgs/lib'
[3.734s] Level 1:colcon.colcon_core.shell:create_environment_hook('tello_msgs', 'ld_library_path_lib')
[3.735s] INFO:colcon.colcon_core.shell:Creating environment hook '/home/hkim/development/tello_ros_ws/install/tello_msgs/share/tello_msgs/hook/ld_library_path_lib.ps1'
[3.735s] INFO:colcon.colcon_core.shell:Creating environment descriptor '/home/hkim/development/tello_ros_ws/install/tello_msgs/share/tello_msgs/hook/ld_library_path_lib.dsv'
[3.736s] INFO:colcon.colcon_core.shell:Creating environment hook '/home/hkim/development/tello_ros_ws/install/tello_msgs/share/tello_msgs/hook/ld_library_path_lib.sh'
[3.737s] Level 1:colcon.colcon_core.environment:checking '/home/hkim/development/tello_ros_ws/install/tello_msgs/bin'
[3.737s] Level 1:colcon.colcon_core.environment:checking '/home/hkim/development/tello_ros_ws/install/tello_msgs/lib/pkgconfig/tello_msgs.pc'
[3.738s] Level 1:colcon.colcon_core.environment:checking '/home/hkim/development/tello_ros_ws/install/tello_msgs/lib/python3.8/site-packages'
[3.738s] Level 1:colcon.colcon_core.shell:create_environment_hook('tello_msgs', 'pythonpath')
[3.739s] INFO:colcon.colcon_core.shell:Creating environment hook '/home/hkim/development/tello_ros_ws/install/tello_msgs/share/tello_msgs/hook/pythonpath.ps1'
[3.740s] INFO:colcon.colcon_core.shell:Creating environment descriptor '/home/hkim/development/tello_ros_ws/install/tello_msgs/share/tello_msgs/hook/pythonpath.dsv'
[3.740s] INFO:colcon.colcon_core.shell:Creating environment hook '/home/hkim/development/tello_ros_ws/install/tello_msgs/share/tello_msgs/hook/pythonpath.sh'
[3.741s] Level 1:colcon.colcon_core.environment:checking '/home/hkim/development/tello_ros_ws/install/tello_msgs/bin'
[3.742s] INFO:colcon.colcon_core.shell:Creating package script '/home/hkim/development/tello_ros_ws/install/tello_msgs/share/tello_msgs/package.ps1'
[3.743s] INFO:colcon.colcon_core.shell:Creating package descriptor '/home/hkim/development/tello_ros_ws/install/tello_msgs/share/tello_msgs/package.dsv'
[3.744s] INFO:colcon.colcon_core.shell:Creating package script '/home/hkim/development/tello_ros_ws/install/tello_msgs/share/tello_msgs/package.sh'
[3.744s] INFO:colcon.colcon_core.shell:Creating package script '/home/hkim/development/tello_ros_ws/install/tello_msgs/share/tello_msgs/package.bash'
[3.745s] INFO:colcon.colcon_core.shell:Creating package script '/home/hkim/development/tello_ros_ws/install/tello_msgs/share/tello_msgs/package.zsh'
[3.745s] Level 1:colcon.colcon_core.environment:create_file_with_runtime_dependencies(/home/hkim/development/tello_ros_ws/install/tello_msgs/share/colcon-core/packages/tello_msgs)
[3.772s] DEBUG:colcon.colcon_core.event_handler.log_command:Invoking command in '/home/hkim/development/tello_ros_ws/build/fiducial_vlam_msgs': CMAKE_PREFIX_PATH=/opt/ros/foxy /usr/bin/cmake --install /home/hkim/development/tello_ros_ws/build/fiducial_vlam_msgs
[3.945s] Level 1:colcon.colcon_core.environment:create_environment_scripts_only(fiducial_vlam_msgs)
[3.946s] Level 1:colcon.colcon_core.environment:checking '/home/hkim/development/tello_ros_ws/install/fiducial_vlam_msgs' for CMake module files
[3.948s] Level 1:colcon.colcon_core.environment:checking '/home/hkim/development/tello_ros_ws/install/fiducial_vlam_msgs' for CMake config files
[3.949s] Level 1:colcon.colcon_core.shell:create_environment_hook('fiducial_vlam_msgs', 'cmake_prefix_path')
[3.949s] INFO:colcon.colcon_core.shell:Creating environment hook '/home/hkim/development/tello_ros_ws/install/fiducial_vlam_msgs/share/fiducial_vlam_msgs/hook/cmake_prefix_path.ps1'
[3.950s] INFO:colcon.colcon_core.shell:Creating environment descriptor '/home/hkim/development/tello_ros_ws/install/fiducial_vlam_msgs/share/fiducial_vlam_msgs/hook/cmake_prefix_path.dsv'
[3.951s] DEBUG:colcon.colcon_core.event_handler.log_command:Invoked command in '/home/hkim/development/tello_ros_ws/build/fiducial_vlam_msgs' returned '0': CMAKE_PREFIX_PATH=/opt/ros/foxy /usr/bin/cmake --install /home/hkim/development/tello_ros_ws/build/fiducial_vlam_msgs
[3.951s] INFO:colcon.colcon_core.shell:Creating environment hook '/home/hkim/development/tello_ros_ws/install/fiducial_vlam_msgs/share/fiducial_vlam_msgs/hook/cmake_prefix_path.sh'
[3.952s] Level 1:colcon.colcon_core.environment:checking '/home/hkim/development/tello_ros_ws/install/fiducial_vlam_msgs/lib'
[3.952s] Level 1:colcon.colcon_core.shell:create_environment_hook('fiducial_vlam_msgs', 'ld_library_path_lib')
[3.953s] INFO:colcon.colcon_core.shell:Creating environment hook '/home/hkim/development/tello_ros_ws/install/fiducial_vlam_msgs/share/fiducial_vlam_msgs/hook/ld_library_path_lib.ps1'
[3.954s] INFO:colcon.colcon_core.shell:Creating environment descriptor '/home/hkim/development/tello_ros_ws/install/fiducial_vlam_msgs/share/fiducial_vlam_msgs/hook/ld_library_path_lib.dsv'
[3.954s] INFO:colcon.colcon_core.shell:Creating environment hook '/home/hkim/development/tello_ros_ws/install/fiducial_vlam_msgs/share/fiducial_vlam_msgs/hook/ld_library_path_lib.sh'
[3.956s] Level 1:colcon.colcon_core.environment:checking '/home/hkim/development/tello_ros_ws/install/fiducial_vlam_msgs/bin'
[3.956s] Level 1:colcon.colcon_core.environment:checking '/home/hkim/development/tello_ros_ws/install/fiducial_vlam_msgs/lib/pkgconfig/fiducial_vlam_msgs.pc'
[3.956s] Level 1:colcon.colcon_core.environment:checking '/home/hkim/development/tello_ros_ws/install/fiducial_vlam_msgs/lib/python3.8/site-packages'
[3.957s] Level 1:colcon.colcon_core.shell:create_environment_hook('fiducial_vlam_msgs', 'pythonpath')
[3.957s] INFO:colcon.colcon_core.shell:Creating environment hook '/home/hkim/development/tello_ros_ws/install/fiducial_vlam_msgs/share/fiducial_vlam_msgs/hook/pythonpath.ps1'
[3.958s] INFO:colcon.colcon_core.shell:Creating environment descriptor '/home/hkim/development/tello_ros_ws/install/fiducial_vlam_msgs/share/fiducial_vlam_msgs/hook/pythonpath.dsv'
[3.959s] INFO:colcon.colcon_core.shell:Creating environment hook '/home/hkim/development/tello_ros_ws/install/fiducial_vlam_msgs/share/fiducial_vlam_msgs/hook/pythonpath.sh'
[3.960s] Level 1:colcon.colcon_core.environment:checking '/home/hkim/development/tello_ros_ws/install/fiducial_vlam_msgs/bin'
[3.961s] INFO:colcon.colcon_core.shell:Creating package script '/home/hkim/development/tello_ros_ws/install/fiducial_vlam_msgs/share/fiducial_vlam_msgs/package.ps1'
[3.962s] INFO:colcon.colcon_core.shell:Creating package descriptor '/home/hkim/development/tello_ros_ws/install/fiducial_vlam_msgs/share/fiducial_vlam_msgs/package.dsv'
[3.963s] INFO:colcon.colcon_core.shell:Creating package script '/home/hkim/development/tello_ros_ws/install/fiducial_vlam_msgs/share/fiducial_vlam_msgs/package.sh'
[3.965s] INFO:colcon.colcon_core.shell:Creating package script '/home/hkim/development/tello_ros_ws/install/fiducial_vlam_msgs/share/fiducial_vlam_msgs/package.bash'
[3.966s] INFO:colcon.colcon_core.shell:Creating package script '/home/hkim/development/tello_ros_ws/install/fiducial_vlam_msgs/share/fiducial_vlam_msgs/package.zsh'
[3.968s] Level 1:colcon.colcon_core.environment:create_file_with_runtime_dependencies(/home/hkim/development/tello_ros_ws/install/fiducial_vlam_msgs/share/colcon-core/packages/fiducial_vlam_msgs)
[4.181s] Level 1:colcon.colcon_core.environment:create_environment_scripts_only(tello_msgs)
[4.181s] Level 1:colcon.colcon_core.environment:checking '/home/hkim/development/tello_ros_ws/install/tello_msgs' for CMake module files
[4.182s] Level 1:colcon.colcon_core.environment:checking '/home/hkim/development/tello_ros_ws/install/tello_msgs' for CMake config files
[4.183s] Level 1:colcon.colcon_core.shell:create_environment_hook('tello_msgs', 'cmake_prefix_path')
[4.184s] INFO:colcon.colcon_core.shell:Creating environment hook '/home/hkim/development/tello_ros_ws/install/tello_msgs/share/tello_msgs/hook/cmake_prefix_path.ps1'
[4.185s] INFO:colcon.colcon_core.shell:Creating environment descriptor '/home/hkim/development/tello_ros_ws/install/tello_msgs/share/tello_msgs/hook/cmake_prefix_path.dsv'
[4.185s] INFO:colcon.colcon_core.shell:Creating environment hook '/home/hkim/development/tello_ros_ws/install/tello_msgs/share/tello_msgs/hook/cmake_prefix_path.sh'
[4.186s] Level 1:colcon.colcon_core.environment:checking '/home/hkim/development/tello_ros_ws/install/tello_msgs/lib'
[4.186s] Level 1:colcon.colcon_core.shell:create_environment_hook('tello_msgs', 'ld_library_path_lib')
[4.186s] INFO:colcon.colcon_core.shell:Creating environment hook '/home/hkim/development/tello_ros_ws/install/tello_msgs/share/tello_msgs/hook/ld_library_path_lib.ps1'
[4.187s] INFO:colcon.colcon_core.shell:Creating environment descriptor '/home/hkim/development/tello_ros_ws/install/tello_msgs/share/tello_msgs/hook/ld_library_path_lib.dsv'
[4.187s] INFO:colcon.colcon_core.shell:Creating environment hook '/home/hkim/development/tello_ros_ws/install/tello_msgs/share/tello_msgs/hook/ld_library_path_lib.sh'
[4.188s] Level 1:colcon.colcon_core.environment:checking '/home/hkim/development/tello_ros_ws/install/tello_msgs/bin'
[4.188s] Level 1:colcon.colcon_core.environment:checking '/home/hkim/development/tello_ros_ws/install/tello_msgs/lib/pkgconfig/tello_msgs.pc'
[4.189s] Level 1:colcon.colcon_core.environment:checking '/home/hkim/development/tello_ros_ws/install/tello_msgs/lib/python3.8/site-packages'
[4.190s] Level 1:colcon.colcon_core.shell:create_environment_hook('tello_msgs', 'pythonpath')
[4.190s] INFO:colcon.colcon_core.shell:Creating environment hook '/home/hkim/development/tello_ros_ws/install/tello_msgs/share/tello_msgs/hook/pythonpath.ps1'
[4.191s] INFO:colcon.colcon_core.shell:Creating environment descriptor '/home/hkim/development/tello_ros_ws/install/tello_msgs/share/tello_msgs/hook/pythonpath.dsv'
[4.192s] INFO:colcon.colcon_core.shell:Creating environment hook '/home/hkim/development/tello_ros_ws/install/tello_msgs/share/tello_msgs/hook/pythonpath.sh'
[4.193s] Level 1:colcon.colcon_core.environment:checking '/home/hkim/development/tello_ros_ws/install/tello_msgs/bin'
[4.193s] INFO:colcon.colcon_core.shell:Creating package script '/home/hkim/development/tello_ros_ws/install/tello_msgs/share/tello_msgs/package.ps1'
[4.194s] INFO:colcon.colcon_core.shell:Creating package descriptor '/home/hkim/development/tello_ros_ws/install/tello_msgs/share/tello_msgs/package.dsv'
[4.195s] INFO:colcon.colcon_core.shell:Creating package script '/home/hkim/development/tello_ros_ws/install/tello_msgs/share/tello_msgs/package.sh'
[4.196s] INFO:colcon.colcon_core.shell:Creating package script '/home/hkim/development/tello_ros_ws/install/tello_msgs/share/tello_msgs/package.bash'
[4.197s] INFO:colcon.colcon_core.shell:Creating package script '/home/hkim/development/tello_ros_ws/install/tello_msgs/share/tello_msgs/package.zsh'
[4.197s] Level 1:colcon.colcon_core.environment:create_file_with_runtime_dependencies(/home/hkim/development/tello_ros_ws/install/tello_msgs/share/colcon-core/packages/tello_msgs)
[4.199s] INFO:colcon.colcon_ros.task.ament_cmake.build:Building ROS package in '/home/hkim/development/tello_ros_ws/src/tello_ros/tello_driver' with build type 'ament_cmake'
[4.200s] INFO:colcon.colcon_cmake.task.cmake.build:Building CMake package in '/home/hkim/development/tello_ros_ws/src/tello_ros/tello_driver'
[4.200s] INFO:colcon.colcon_core.shell:Skip shell extension 'powershell' for command environment: Not usable outside of PowerShell
[4.200s] DEBUG:colcon.colcon_core.shell:Skip shell extension 'dsv' for command environment
[4.225s] INFO:colcon.colcon_ros.task.ament_cmake.build:Building ROS package in '/home/hkim/development/tello_ros_ws/src/tello_ros/tello_gazebo' with build type 'ament_cmake'
[4.226s] INFO:colcon.colcon_cmake.task.cmake.build:Building CMake package in '/home/hkim/development/tello_ros_ws/src/tello_ros/tello_gazebo'
[4.229s] INFO:colcon.colcon_core.shell:Skip shell extension 'powershell' for command environment: Not usable outside of PowerShell
[4.229s] DEBUG:colcon.colcon_core.shell:Skip shell extension 'dsv' for command environment
[4.277s] Level 1:colcon.colcon_core.environment:create_environment_scripts_only(fiducial_vlam_msgs)
[4.278s] Level 1:colcon.colcon_core.environment:checking '/home/hkim/development/tello_ros_ws/install/fiducial_vlam_msgs' for CMake module files
[4.279s] Level 1:colcon.colcon_core.environment:checking '/home/hkim/development/tello_ros_ws/install/fiducial_vlam_msgs' for CMake config files
[4.280s] Level 1:colcon.colcon_core.shell:create_environment_hook('fiducial_vlam_msgs', 'cmake_prefix_path')
[4.281s] INFO:colcon.colcon_core.shell:Creating environment hook '/home/hkim/development/tello_ros_ws/install/fiducial_vlam_msgs/share/fiducial_vlam_msgs/hook/cmake_prefix_path.ps1'
[4.282s] INFO:colcon.colcon_core.shell:Creating environment descriptor '/home/hkim/development/tello_ros_ws/install/fiducial_vlam_msgs/share/fiducial_vlam_msgs/hook/cmake_prefix_path.dsv'
[4.284s] INFO:colcon.colcon_core.shell:Creating environment hook '/home/hkim/development/tello_ros_ws/install/fiducial_vlam_msgs/share/fiducial_vlam_msgs/hook/cmake_prefix_path.sh'
[4.286s] Level 1:colcon.colcon_core.environment:checking '/home/hkim/development/tello_ros_ws/install/fiducial_vlam_msgs/lib'
[4.287s] Level 1:colcon.colcon_core.shell:create_environment_hook('fiducial_vlam_msgs', 'ld_library_path_lib')
[4.290s] INFO:colcon.colcon_core.shell:Creating environment hook '/home/hkim/development/tello_ros_ws/install/fiducial_vlam_msgs/share/fiducial_vlam_msgs/hook/ld_library_path_lib.ps1'
[4.290s] INFO:colcon.colcon_core.shell:Creating environment descriptor '/home/hkim/development/tello_ros_ws/install/fiducial_vlam_msgs/share/fiducial_vlam_msgs/hook/ld_library_path_lib.dsv'
[4.291s] INFO:colcon.colcon_core.shell:Creating environment hook '/home/hkim/development/tello_ros_ws/install/fiducial_vlam_msgs/share/fiducial_vlam_msgs/hook/ld_library_path_lib.sh'
[4.292s] Level 1:colcon.colcon_core.environment:checking '/home/hkim/development/tello_ros_ws/install/fiducial_vlam_msgs/bin'
[4.293s] Level 1:colcon.colcon_core.environment:checking '/home/hkim/development/tello_ros_ws/install/fiducial_vlam_msgs/lib/pkgconfig/fiducial_vlam_msgs.pc'
[4.293s] Level 1:colcon.colcon_core.environment:checking '/home/hkim/development/tello_ros_ws/install/fiducial_vlam_msgs/lib/python3.8/site-packages'
[4.293s] Level 1:colcon.colcon_core.shell:create_environment_hook('fiducial_vlam_msgs', 'pythonpath')
[4.294s] INFO:colcon.colcon_core.shell:Creating environment hook '/home/hkim/development/tello_ros_ws/install/fiducial_vlam_msgs/share/fiducial_vlam_msgs/hook/pythonpath.ps1'
[4.295s] INFO:colcon.colcon_core.shell:Creating environment descriptor '/home/hkim/development/tello_ros_ws/install/fiducial_vlam_msgs/share/fiducial_vlam_msgs/hook/pythonpath.dsv'
[4.296s] INFO:colcon.colcon_core.shell:Creating environment hook '/home/hkim/development/tello_ros_ws/install/fiducial_vlam_msgs/share/fiducial_vlam_msgs/hook/pythonpath.sh'
[4.297s] Level 1:colcon.colcon_core.environment:checking '/home/hkim/development/tello_ros_ws/install/fiducial_vlam_msgs/bin'
[4.303s] INFO:colcon.colcon_core.shell:Creating package script '/home/hkim/development/tello_ros_ws/install/fiducial_vlam_msgs/share/fiducial_vlam_msgs/package.ps1'
[4.310s] INFO:colcon.colcon_core.shell:Creating package descriptor '/home/hkim/development/tello_ros_ws/install/fiducial_vlam_msgs/share/fiducial_vlam_msgs/package.dsv'
[4.313s] INFO:colcon.colcon_core.shell:Creating package script '/home/hkim/development/tello_ros_ws/install/fiducial_vlam_msgs/share/fiducial_vlam_msgs/package.sh'
[4.316s] INFO:colcon.colcon_core.shell:Creating package script '/home/hkim/development/tello_ros_ws/install/fiducial_vlam_msgs/share/fiducial_vlam_msgs/package.bash'
[4.317s] INFO:colcon.colcon_core.shell:Creating package script '/home/hkim/development/tello_ros_ws/install/fiducial_vlam_msgs/share/fiducial_vlam_msgs/package.zsh'
[4.318s] Level 1:colcon.colcon_core.environment:create_file_with_runtime_dependencies(/home/hkim/development/tello_ros_ws/install/fiducial_vlam_msgs/share/colcon-core/packages/fiducial_vlam_msgs)
[4.343s] DEBUG:colcon.colcon_core.event_handler.log_command:Invoking command in '/home/hkim/development/tello_ros_ws/build/tello_driver': AMENT_PREFIX_PATH=/home/hkim/development/tello_ros_ws/install/tello_msgs:/home/hkim/development/tello_ros_ws/install/ros2_shared:${AMENT_PREFIX_PATH} CMAKE_PREFIX_PATH=/home/hkim/development/tello_ros_ws/install/tello_msgs:/home/hkim/development/tello_ros_ws/install/ros2_shared:/opt/ros/foxy LD_LIBRARY_PATH=/home/hkim/development/tello_ros_ws/install/tello_msgs/lib:${LD_LIBRARY_PATH} PYTHONPATH=/home/hkim/development/tello_ros_ws/install/tello_msgs/lib/python3.8/site-packages:${PYTHONPATH} /usr/bin/cmake --build /home/hkim/development/tello_ros_ws/build/tello_driver -- -j4 -l4
[4.344s] INFO:colcon.colcon_ros.task.ament_cmake.build:Building ROS package in '/home/hkim/development/tello_ros_ws/src/fiducial_vlam/fiducial_vlam' with build type 'ament_cmake'
[4.345s] INFO:colcon.colcon_cmake.task.cmake.build:Building CMake package in '/home/hkim/development/tello_ros_ws/src/fiducial_vlam/fiducial_vlam'
[4.348s] INFO:colcon.colcon_core.shell:Skip shell extension 'powershell' for command environment: Not usable outside of PowerShell
[4.348s] DEBUG:colcon.colcon_core.shell:Skip shell extension 'dsv' for command environment
[4.377s] DEBUG:colcon.colcon_core.event_handler.log_command:Invoking command in '/home/hkim/development/tello_ros_ws/build/tello_gazebo': AMENT_PREFIX_PATH=/home/hkim/development/tello_ros_ws/install/tello_msgs:${AMENT_PREFIX_PATH} CMAKE_PREFIX_PATH=/home/hkim/development/tello_ros_ws/install/tello_msgs:/opt/ros/foxy LD_LIBRARY_PATH=/home/hkim/development/tello_ros_ws/install/tello_msgs/lib:${LD_LIBRARY_PATH} PYTHONPATH=/home/hkim/development/tello_ros_ws/install/tello_msgs/lib/python3.8/site-packages:${PYTHONPATH} /usr/bin/cmake --build /home/hkim/development/tello_ros_ws/build/tello_gazebo -- -j4 -l4
[4.445s] DEBUG:colcon.colcon_core.event_handler.log_command:Invoking command in '/home/hkim/development/tello_ros_ws/build/fiducial_vlam': AMENT_PREFIX_PATH=/home/hkim/development/tello_ros_ws/install/ros2_shared:/home/hkim/development/tello_ros_ws/install/fiducial_vlam_msgs:${AMENT_PREFIX_PATH} CMAKE_PREFIX_PATH=/home/hkim/development/tello_ros_ws/install/ros2_shared:/home/hkim/development/tello_ros_ws/install/fiducial_vlam_msgs:/opt/ros/foxy LD_LIBRARY_PATH=/home/hkim/development/tello_ros_ws/install/fiducial_vlam_msgs/lib:${LD_LIBRARY_PATH} PYTHONPATH=/home/hkim/development/tello_ros_ws/install/fiducial_vlam_msgs/lib/python3.8/site-packages:${PYTHONPATH} /usr/bin/cmake --build /home/hkim/development/tello_ros_ws/build/fiducial_vlam -- -j4 -l4
[4.461s] DEBUG:colcon.colcon_core.event_handler.log_command:Invoked command in '/home/hkim/development/tello_ros_ws/build/orbslam3' returned '2': CMAKE_PREFIX_PATH=/opt/ros/foxy /usr/bin/cmake --build /home/hkim/development/tello_ros_ws/build/orbslam3 -- -j4 -l4
[4.821s] DEBUG:colcon.colcon_core.event_handler.log_command:Invoked command in '/home/hkim/development/tello_ros_ws/build/tello_gazebo' returned '0': AMENT_PREFIX_PATH=/home/hkim/development/tello_ros_ws/install/tello_msgs:${AMENT_PREFIX_PATH} CMAKE_PREFIX_PATH=/home/hkim/development/tello_ros_ws/install/tello_msgs:/opt/ros/foxy LD_LIBRARY_PATH=/home/hkim/development/tello_ros_ws/install/tello_msgs/lib:${LD_LIBRARY_PATH} PYTHONPATH=/home/hkim/development/tello_ros_ws/install/tello_msgs/lib/python3.8/site-packages:${PYTHONPATH} /usr/bin/cmake --build /home/hkim/development/tello_ros_ws/build/tello_gazebo -- -j4 -l4
[4.825s] Level 1:colcon.colcon_core.environment:create_environment_scripts_only(orbslam3)
[4.826s] Level 1:colcon.colcon_core.environment:checking '/home/hkim/development/tello_ros_ws/install/orbslam3' for CMake module files
[4.827s] Level 1:colcon.colcon_core.environment:checking '/home/hkim/development/tello_ros_ws/install/orbslam3' for CMake config files
[4.828s] Level 1:colcon.colcon_core.environment:checking '/home/hkim/development/tello_ros_ws/install/orbslam3/bin'
[4.828s] Level 1:colcon.colcon_core.environment:checking '/home/hkim/development/tello_ros_ws/install/orbslam3/lib/pkgconfig/orbslam3.pc'
[4.829s] Level 1:colcon.colcon_core.environment:checking '/home/hkim/development/tello_ros_ws/install/orbslam3/lib/python3.8/site-packages'
[4.829s] Level 1:colcon.colcon_core.environment:checking '/home/hkim/development/tello_ros_ws/install/orbslam3/bin'
[4.830s] INFO:colcon.colcon_core.shell:Creating package script '/home/hkim/development/tello_ros_ws/install/orbslam3/share/orbslam3/package.ps1'
[4.831s] INFO:colcon.colcon_core.shell:Creating package descriptor '/home/hkim/development/tello_ros_ws/install/orbslam3/share/orbslam3/package.dsv'
[4.833s] INFO:colcon.colcon_core.shell:Creating package script '/home/hkim/development/tello_ros_ws/install/orbslam3/share/orbslam3/package.sh'
[4.834s] INFO:colcon.colcon_core.shell:Creating package script '/home/hkim/development/tello_ros_ws/install/orbslam3/share/orbslam3/package.bash'
[4.836s] INFO:colcon.colcon_core.shell:Creating package script '/home/hkim/development/tello_ros_ws/install/orbslam3/share/orbslam3/package.zsh'
[4.837s] Level 1:colcon.colcon_core.environment:create_file_with_runtime_dependencies(/home/hkim/development/tello_ros_ws/install/orbslam3/share/colcon-core/packages/orbslam3)
[4.873s] DEBUG:colcon.colcon_parallel_executor.executor.parallel:closing loop
[4.874s] DEBUG:colcon.colcon_parallel_executor.executor.parallel:loop closed
[4.874s] DEBUG:colcon.colcon_parallel_executor.executor.parallel:run_until_complete finished with '2'
[4.874s] DEBUG:colcon.colcon_core.event_reactor:joining thread
[4.886s] INFO:colcon.colcon_core.plugin_system:Skipping extension 'colcon_notification.desktop_notification.terminal_notifier': Not used on non-Darwin systems
[4.887s] INFO:colcon.colcon_core.plugin_system:Skipping extension 'colcon_notification.desktop_notification.win32': Not used on non-Windows systems
[4.887s] INFO:colcon.colcon_notification.desktop_notification:Sending desktop notification using 'notify2'
[4.916s] DEBUG:colcon.colcon_core.event_reactor:joined thread
[4.916s] INFO:colcon.colcon_core.shell:Creating prefix script '/home/hkim/development/tello_ros_ws/install/local_setup.ps1'
[4.918s] INFO:colcon.colcon_core.shell:Creating prefix util module '/home/hkim/development/tello_ros_ws/install/_local_setup_util_ps1.py'
[4.920s] INFO:colcon.colcon_core.shell:Creating prefix chain script '/home/hkim/development/tello_ros_ws/install/setup.ps1'
[4.922s] INFO:colcon.colcon_core.shell:Creating prefix script '/home/hkim/development/tello_ros_ws/install/local_setup.sh'
[4.923s] INFO:colcon.colcon_core.shell:Creating prefix util module '/home/hkim/development/tello_ros_ws/install/_local_setup_util_sh.py'
[4.924s] INFO:colcon.colcon_core.shell:Creating prefix chain script '/home/hkim/development/tello_ros_ws/install/setup.sh'
[4.925s] INFO:colcon.colcon_core.shell:Creating prefix script '/home/hkim/development/tello_ros_ws/install/local_setup.bash'
[4.926s] INFO:colcon.colcon_core.shell:Creating prefix chain script '/home/hkim/development/tello_ros_ws/install/setup.bash'
[4.929s] INFO:colcon.colcon_core.shell:Creating prefix script '/home/hkim/development/tello_ros_ws/install/local_setup.zsh'
[4.930s] INFO:colcon.colcon_core.shell:Creating prefix chain script '/home/hkim/development/tello_ros_ws/install/setup.zsh'
