[0.088s] Invoking command in '/home/hkim/development/tello_ros_ws/build/fiducial_vlam': AMENT_PREFIX_PATH=/home/hkim/development/tello_ros_ws/install/ros2_shared:/home/hkim/development/tello_ros_ws/install/fiducial_vlam_msgs:${AMENT_PREFIX_PATH} CMAKE_PREFIX_PATH=/home/hkim/development/tello_ros_ws/install/ros2_shared:/home/hkim/development/tello_ros_ws/install/fiducial_vlam_msgs:/opt/ros/foxy LD_LIBRARY_PATH=/home/hkim/development/tello_ros_ws/install/fiducial_vlam_msgs/lib:${LD_LIBRARY_PATH} PYTHONPATH=/home/hkim/development/tello_ros_ws/install/fiducial_vlam_msgs/lib/python3.8/site-packages:${PYTHONPATH} /usr/bin/cmake --build /home/hkim/development/tello_ros_ws/build/fiducial_vlam -- -j4 -l4
[0.407s] [ 25%] Built target vmap_main
[0.511s] [ 48%] Built target vloc_node
[0.666s] [ 74%] Built target vmap_node
[0.839s] [100%] Built target vloc_main
[0.870s] Invoked command in '/home/hkim/development/tello_ros_ws/build/fiducial_vlam' returned '0': AMENT_PREFIX_PATH=/home/hkim/development/tello_ros_ws/install/ros2_shared:/home/hkim/development/tello_ros_ws/install/fiducial_vlam_msgs:${AMENT_PREFIX_PATH} CMAKE_PREFIX_PATH=/home/hkim/development/tello_ros_ws/install/ros2_shared:/home/hkim/development/tello_ros_ws/install/fiducial_vlam_msgs:/opt/ros/foxy LD_LIBRARY_PATH=/home/hkim/development/tello_ros_ws/install/fiducial_vlam_msgs/lib:${LD_LIBRARY_PATH} PYTHONPATH=/home/hkim/development/tello_ros_ws/install/fiducial_vlam_msgs/lib/python3.8/site-packages:${PYTHONPATH} /usr/bin/cmake --build /home/hkim/development/tello_ros_ws/build/fiducial_vlam -- -j4 -l4
[1.076s] Invoking command in '/home/hkim/development/tello_ros_ws/build/fiducial_vlam': AMENT_PREFIX_PATH=/home/hkim/development/tello_ros_ws/install/ros2_shared:/home/hkim/development/tello_ros_ws/install/fiducial_vlam_msgs:${AMENT_PREFIX_PATH} CMAKE_PREFIX_PATH=/home/hkim/development/tello_ros_ws/install/ros2_shared:/home/hkim/development/tello_ros_ws/install/fiducial_vlam_msgs:/opt/ros/foxy LD_LIBRARY_PATH=/home/hkim/development/tello_ros_ws/install/fiducial_vlam_msgs/lib:${LD_LIBRARY_PATH} PYTHONPATH=/home/hkim/development/tello_ros_ws/install/fiducial_vlam_msgs/lib/python3.8/site-packages:${PYTHONPATH} /usr/bin/cmake --install /home/hkim/development/tello_ros_ws/build/fiducial_vlam
[1.101s] -- Install configuration: ""
[1.102s] -- Up-to-date: /home/hkim/development/tello_ros_ws/install/fiducial_vlam/lib/libvloc_node.so
[1.103s] -- Up-to-date: /home/hkim/development/tello_ros_ws/install/fiducial_vlam/lib/libvmap_node.so
[1.105s] -- Up-to-date: /home/hkim/development/tello_ros_ws/install/fiducial_vlam/lib/fiducial_vlam/vloc_main
[1.107s] -- Up-to-date: /home/hkim/development/tello_ros_ws/install/fiducial_vlam/lib/fiducial_vlam/vmap_main
[1.107s] -- Up-to-date: /home/hkim/development/tello_ros_ws/install/fiducial_vlam/share/fiducial_vlam/cfg
[1.108s] -- Up-to-date: /home/hkim/development/tello_ros_ws/install/fiducial_vlam/share/fiducial_vlam/cfg/fiducial_marker_locations_basement.yaml
[1.108s] -- Up-to-date: /home/hkim/development/tello_ros_ws/install/fiducial_vlam/share/fiducial_vlam/cfg/Aruco Marker 6X6 250 IDs 01-12.pdf
[1.108s] -- Up-to-date: /home/hkim/development/tello_ros_ws/install/fiducial_vlam/share/fiducial_vlam/cfg/fiducial_marker_locations_office.yaml
[1.109s] -- Up-to-date: /home/hkim/development/tello_ros_ws/install/fiducial_vlam/share/fiducial_vlam/launch
[1.109s] -- Up-to-date: /home/hkim/development/tello_ros_ws/install/fiducial_vlam/share/fiducial_vlam/launch/teleop_launch.py
[1.109s] -- Up-to-date: /home/hkim/development/tello_ros_ws/install/fiducial_vlam/share/fiducial_vlam/launch/pair_xps_launch.py
[1.109s] -- Up-to-date: /home/hkim/development/tello_ros_ws/install/fiducial_vlam/share/fiducial_vlam/launch/launch_one_gazebo.py
[1.110s] -- Up-to-date: /home/hkim/development/tello_ros_ws/install/fiducial_vlam/share/fiducial_vlam/launch/launch_one.py
[1.110s] -- Up-to-date: /home/hkim/development/tello_ros_ws/install/fiducial_vlam/share/fiducial_vlam/launch/pair_box_pattern.sh
[1.110s] -- Up-to-date: /home/hkim/development/tello_ros_ws/install/fiducial_vlam/share/fiducial_vlam/launch/launch_one.rviz
[1.110s] -- Up-to-date: /home/hkim/development/tello_ros_ws/install/fiducial_vlam/share/fiducial_vlam/launch/pair_brix_launch.py
[1.110s] -- Up-to-date: /home/hkim/development/tello_ros_ws/install/fiducial_vlam/share/fiducial_vlam/launch/sim_one_marker_launch.py
[1.110s] -- Up-to-date: /home/hkim/development/tello_ros_ws/install/fiducial_vlam/share/fiducial_vlam/launch/launch_two_gazebo.py
[1.111s] -- Up-to-date: /home/hkim/development/tello_ros_ws/install/fiducial_vlam/share/fiducial_vlam/launch/sim_yz_plane_of_markers_launch.py
[1.111s] -- Up-to-date: /home/hkim/development/tello_ros_ws/install/fiducial_vlam/share/fiducial_vlam/launch/pair_shared_launch.py
[1.111s] -- Up-to-date: /home/hkim/development/tello_ros_ws/install/fiducial_vlam/share/fiducial_vlam/launch/pair_box_pattern_b.sh
[1.111s] -- Up-to-date: /home/hkim/development/tello_ros_ws/install/fiducial_vlam/include
[1.111s] -- Up-to-date: /home/hkim/development/tello_ros_ws/install/fiducial_vlam/include/map.hpp
[1.111s] -- Up-to-date: /home/hkim/development/tello_ros_ws/install/fiducial_vlam/include/fiducial_vlam
[1.111s] -- Up-to-date: /home/hkim/development/tello_ros_ws/install/fiducial_vlam/include/fiducial_vlam/fiducial_vlam.hpp
[1.112s] -- Up-to-date: /home/hkim/development/tello_ros_ws/install/fiducial_vlam/include/vmap_context.hpp
[1.112s] -- Up-to-date: /home/hkim/development/tello_ros_ws/install/fiducial_vlam/include/vloc_context.hpp
[1.112s] -- Up-to-date: /home/hkim/development/tello_ros_ws/install/fiducial_vlam/include/transform_with_covariance.hpp
[1.112s] -- Up-to-date: /home/hkim/development/tello_ros_ws/install/fiducial_vlam/include/convert_util.hpp
[1.112s] -- Up-to-date: /home/hkim/development/tello_ros_ws/install/fiducial_vlam/include/observation.hpp
[1.112s] -- Up-to-date: /home/hkim/development/tello_ros_ws/install/fiducial_vlam/include/fiducial_math.hpp
[1.112s] -- Up-to-date: /home/hkim/development/tello_ros_ws/install/fiducial_vlam/share/fiducial_vlam/environment/library_path.sh
[1.112s] -- Up-to-date: /home/hkim/development/tello_ros_ws/install/fiducial_vlam/share/fiducial_vlam/environment/library_path.dsv
[1.113s] -- Up-to-date: /home/hkim/development/tello_ros_ws/install/fiducial_vlam/share/ament_index/resource_index/package_run_dependencies/fiducial_vlam
[1.113s] -- Up-to-date: /home/hkim/development/tello_ros_ws/install/fiducial_vlam/share/ament_index/resource_index/parent_prefix_path/fiducial_vlam
[1.114s] -- Up-to-date: /home/hkim/development/tello_ros_ws/install/fiducial_vlam/share/fiducial_vlam/environment/ament_prefix_path.sh
[1.114s] -- Up-to-date: /home/hkim/development/tello_ros_ws/install/fiducial_vlam/share/fiducial_vlam/environment/ament_prefix_path.dsv
[1.114s] -- Up-to-date: /home/hkim/development/tello_ros_ws/install/fiducial_vlam/share/fiducial_vlam/environment/path.sh
[1.114s] -- Up-to-date: /home/hkim/development/tello_ros_ws/install/fiducial_vlam/share/fiducial_vlam/environment/path.dsv
[1.114s] -- Up-to-date: /home/hkim/development/tello_ros_ws/install/fiducial_vlam/share/fiducial_vlam/local_setup.bash
[1.114s] -- Up-to-date: /home/hkim/development/tello_ros_ws/install/fiducial_vlam/share/fiducial_vlam/local_setup.sh
[1.114s] -- Up-to-date: /home/hkim/development/tello_ros_ws/install/fiducial_vlam/share/fiducial_vlam/local_setup.zsh
[1.115s] -- Up-to-date: /home/hkim/development/tello_ros_ws/install/fiducial_vlam/share/fiducial_vlam/local_setup.dsv
[1.115s] -- Installing: /home/hkim/development/tello_ros_ws/install/fiducial_vlam/share/fiducial_vlam/package.dsv
[1.115s] -- Up-to-date: /home/hkim/development/tello_ros_ws/install/fiducial_vlam/share/ament_index/resource_index/packages/fiducial_vlam
[1.115s] -- Up-to-date: /home/hkim/development/tello_ros_ws/install/fiducial_vlam/share/ament_index/resource_index/rclcpp_components/fiducial_vlam
[1.115s] -- Up-to-date: /home/hkim/development/tello_ros_ws/install/fiducial_vlam/share/fiducial_vlam/cmake/export_vloc_nodeExport.cmake
[1.117s] -- Up-to-date: /home/hkim/development/tello_ros_ws/install/fiducial_vlam/share/fiducial_vlam/cmake/export_vloc_nodeExport-noconfig.cmake
[1.118s] -- Up-to-date: /home/hkim/development/tello_ros_ws/install/fiducial_vlam/share/fiducial_vlam/cmake/export_vmap_nodeExport.cmake
[1.118s] -- Up-to-date: /home/hkim/development/tello_ros_ws/install/fiducial_vlam/share/fiducial_vlam/cmake/export_vmap_nodeExport-noconfig.cmake
[1.119s] -- Up-to-date: /home/hkim/development/tello_ros_ws/install/fiducial_vlam/share/fiducial_vlam/cmake/ament_cmake_export_dependencies-extras.cmake
[1.119s] -- Up-to-date: /home/hkim/development/tello_ros_ws/install/fiducial_vlam/share/fiducial_vlam/cmake/ament_cmake_export_include_directories-extras.cmake
[1.119s] -- Up-to-date: /home/hkim/development/tello_ros_ws/install/fiducial_vlam/share/fiducial_vlam/cmake/ament_cmake_export_targets-extras.cmake
[1.119s] -- Up-to-date: /home/hkim/development/tello_ros_ws/install/fiducial_vlam/share/fiducial_vlam/cmake/ament_cmake_export_libraries-extras.cmake
[1.119s] -- Up-to-date: /home/hkim/development/tello_ros_ws/install/fiducial_vlam/share/fiducial_vlam/cmake/fiducial_vlamConfig.cmake
[1.119s] -- Up-to-date: /home/hkim/development/tello_ros_ws/install/fiducial_vlam/share/fiducial_vlam/cmake/fiducial_vlamConfig-version.cmake
[1.120s] -- Up-to-date: /home/hkim/development/tello_ros_ws/install/fiducial_vlam/share/fiducial_vlam/package.xml
[1.125s] Invoked command in '/home/hkim/development/tello_ros_ws/build/fiducial_vlam' returned '0': AMENT_PREFIX_PATH=/home/hkim/development/tello_ros_ws/install/ros2_shared:/home/hkim/development/tello_ros_ws/install/fiducial_vlam_msgs:${AMENT_PREFIX_PATH} CMAKE_PREFIX_PATH=/home/hkim/development/tello_ros_ws/install/ros2_shared:/home/hkim/development/tello_ros_ws/install/fiducial_vlam_msgs:/opt/ros/foxy LD_LIBRARY_PATH=/home/hkim/development/tello_ros_ws/install/fiducial_vlam_msgs/lib:${LD_LIBRARY_PATH} PYTHONPATH=/home/hkim/development/tello_ros_ws/install/fiducial_vlam_msgs/lib/python3.8/site-packages:${PYTHONPATH} /usr/bin/cmake --install /home/hkim/development/tello_ros_ws/build/fiducial_vlam
