[0.060s] Invoking command in '/home/hkim/development/tello_ros_ws/build/tello_driver': CMAKE_PREFIX_PATH=/home/hkim/development/tello_ros_ws/install/tello_msgs:/home/hkim/development/tello_ros_ws/install/ros2_shared:/home/hkim/development/tello_ros_ws/install/orbslam3:/home/hkim/development/tello_ros_ws/install/tello_gazebo:/home/hkim/development/tello_ros_ws/install/tello_driver:/home/hkim/development/tello_ros_ws/install/tello_description:/home/hkim/development/tello_ros_ws/install/fiducial_vlam:/home/hkim/development/tello_ros_ws/install/fiducial_vlam_msgs:/opt/ros/foxy LD_LIBRARY_PATH=/home/hkim/development/tello_ros_ws/install/tello_msgs/lib:/home/hkim/development/tello_ros_ws/install/tello_gazebo/lib:/home/hkim/development/tello_ros_ws/install/tello_driver/lib:/home/hkim/development/tello_ros_ws/install/fiducial_vlam/lib:/home/hkim/development/tello_ros_ws/install/fiducial_vlam_msgs/lib:/usr/lib/x86_64-linux-gnu/gazebo-11/plugins:/opt/ros/foxy/opt/yaml_cpp_vendor/lib:/opt/ros/foxy/opt/rviz_ogre_vendor/lib:/opt/ros/foxy/lib/x86_64-linux-gnu:/opt/ros/foxy/lib /usr/bin/cmake --build /home/hkim/development/tello_ros_ws/build/tello_driver -- -j4 -l4
[0.246s] [  9%] Built target tello_emulator
[0.259s] [ 45%] Built target tello_driver_main
[0.301s] [ 59%] Built target tello_joy_main
[0.315s] [ 90%] Built target tello_driver_node
[0.321s] [100%] Built target tello_joy_node
[0.343s] Invoked command in '/home/hkim/development/tello_ros_ws/build/tello_driver' returned '0': CMAKE_PREFIX_PATH=/home/hkim/development/tello_ros_ws/install/tello_msgs:/home/hkim/development/tello_ros_ws/install/ros2_shared:/home/hkim/development/tello_ros_ws/install/orbslam3:/home/hkim/development/tello_ros_ws/install/tello_gazebo:/home/hkim/development/tello_ros_ws/install/tello_driver:/home/hkim/development/tello_ros_ws/install/tello_description:/home/hkim/development/tello_ros_ws/install/fiducial_vlam:/home/hkim/development/tello_ros_ws/install/fiducial_vlam_msgs:/opt/ros/foxy LD_LIBRARY_PATH=/home/hkim/development/tello_ros_ws/install/tello_msgs/lib:/home/hkim/development/tello_ros_ws/install/tello_gazebo/lib:/home/hkim/development/tello_ros_ws/install/tello_driver/lib:/home/hkim/development/tello_ros_ws/install/fiducial_vlam/lib:/home/hkim/development/tello_ros_ws/install/fiducial_vlam_msgs/lib:/usr/lib/x86_64-linux-gnu/gazebo-11/plugins:/opt/ros/foxy/opt/yaml_cpp_vendor/lib:/opt/ros/foxy/opt/rviz_ogre_vendor/lib:/opt/ros/foxy/lib/x86_64-linux-gnu:/opt/ros/foxy/lib /usr/bin/cmake --build /home/hkim/development/tello_ros_ws/build/tello_driver -- -j4 -l4
[0.452s] Invoking command in '/home/hkim/development/tello_ros_ws/build/tello_driver': CMAKE_PREFIX_PATH=/home/hkim/development/tello_ros_ws/install/tello_msgs:/home/hkim/development/tello_ros_ws/install/ros2_shared:/home/hkim/development/tello_ros_ws/install/orbslam3:/home/hkim/development/tello_ros_ws/install/tello_gazebo:/home/hkim/development/tello_ros_ws/install/tello_driver:/home/hkim/development/tello_ros_ws/install/tello_description:/home/hkim/development/tello_ros_ws/install/fiducial_vlam:/home/hkim/development/tello_ros_ws/install/fiducial_vlam_msgs:/opt/ros/foxy LD_LIBRARY_PATH=/home/hkim/development/tello_ros_ws/install/tello_msgs/lib:/home/hkim/development/tello_ros_ws/install/tello_gazebo/lib:/home/hkim/development/tello_ros_ws/install/tello_driver/lib:/home/hkim/development/tello_ros_ws/install/fiducial_vlam/lib:/home/hkim/development/tello_ros_ws/install/fiducial_vlam_msgs/lib:/usr/lib/x86_64-linux-gnu/gazebo-11/plugins:/opt/ros/foxy/opt/yaml_cpp_vendor/lib:/opt/ros/foxy/opt/rviz_ogre_vendor/lib:/opt/ros/foxy/lib/x86_64-linux-gnu:/opt/ros/foxy/lib /usr/bin/cmake --install /home/hkim/development/tello_ros_ws/build/tello_driver
[0.471s] -- Install configuration: ""
[0.471s] -- Up-to-date: /home/hkim/development/tello_ros_ws/install/tello_driver/share/tello_driver/environment/library_path.sh
[0.471s] -- Up-to-date: /home/hkim/development/tello_ros_ws/install/tello_driver/share/tello_driver/environment/library_path.dsv
[0.471s] -- Up-to-date: /home/hkim/development/tello_ros_ws/install/tello_driver/lib/libtello_driver_node.so
[0.471s] -- Up-to-date: /home/hkim/development/tello_ros_ws/install/tello_driver/lib/libtello_joy_node.so
[0.471s] -- Up-to-date: /home/hkim/development/tello_ros_ws/install/tello_driver/lib/tello_driver/tello_driver_main
[0.472s] -- Up-to-date: /home/hkim/development/tello_ros_ws/install/tello_driver/lib/tello_driver/tello_joy_main
[0.473s] -- Up-to-date: /home/hkim/development/tello_ros_ws/install/tello_driver/lib/tello_driver/tello_emulator
[0.473s] -- Up-to-date: /home/hkim/development/tello_ros_ws/install/tello_driver/share/tello_driver/cfg
[0.473s] -- Up-to-date: /home/hkim/development/tello_ros_ws/install/tello_driver/share/tello_driver/cfg/camera_info.yaml
[0.473s] -- Up-to-date: /home/hkim/development/tello_ros_ws/install/tello_driver/share/tello_driver/launch
[0.474s] -- Up-to-date: /home/hkim/development/tello_ros_ws/install/tello_driver/share/tello_driver/launch/teleop_launch.py
[0.474s] -- Up-to-date: /home/hkim/development/tello_ros_ws/install/tello_driver/share/tello_driver/launch/emulator_launch.py
[0.474s] -- Up-to-date: /home/hkim/development/tello_ros_ws/install/tello_driver/share/tello_driver/launch/emulators_launch.py
[0.474s] -- Up-to-date: /home/hkim/development/tello_ros_ws/install/tello_driver/share/ament_index/resource_index/package_run_dependencies/tello_driver
[0.474s] -- Up-to-date: /home/hkim/development/tello_ros_ws/install/tello_driver/share/ament_index/resource_index/parent_prefix_path/tello_driver
[0.474s] -- Up-to-date: /home/hkim/development/tello_ros_ws/install/tello_driver/share/tello_driver/environment/ament_prefix_path.sh
[0.474s] -- Up-to-date: /home/hkim/development/tello_ros_ws/install/tello_driver/share/tello_driver/environment/ament_prefix_path.dsv
[0.475s] -- Up-to-date: /home/hkim/development/tello_ros_ws/install/tello_driver/share/tello_driver/environment/path.sh
[0.475s] -- Up-to-date: /home/hkim/development/tello_ros_ws/install/tello_driver/share/tello_driver/environment/path.dsv
[0.475s] -- Up-to-date: /home/hkim/development/tello_ros_ws/install/tello_driver/share/tello_driver/local_setup.bash
[0.475s] -- Up-to-date: /home/hkim/development/tello_ros_ws/install/tello_driver/share/tello_driver/local_setup.sh
[0.475s] -- Up-to-date: /home/hkim/development/tello_ros_ws/install/tello_driver/share/tello_driver/local_setup.zsh
[0.475s] -- Up-to-date: /home/hkim/development/tello_ros_ws/install/tello_driver/share/tello_driver/local_setup.dsv
[0.475s] -- Installing: /home/hkim/development/tello_ros_ws/install/tello_driver/share/tello_driver/package.dsv
[0.475s] -- Up-to-date: /home/hkim/development/tello_ros_ws/install/tello_driver/share/ament_index/resource_index/packages/tello_driver
[0.476s] -- Up-to-date: /home/hkim/development/tello_ros_ws/install/tello_driver/share/ament_index/resource_index/rclcpp_components/tello_driver
[0.476s] -- Up-to-date: /home/hkim/development/tello_ros_ws/install/tello_driver/share/tello_driver/cmake/tello_driverConfig.cmake
[0.476s] -- Up-to-date: /home/hkim/development/tello_ros_ws/install/tello_driver/share/tello_driver/cmake/tello_driverConfig-version.cmake
[0.476s] -- Up-to-date: /home/hkim/development/tello_ros_ws/install/tello_driver/share/tello_driver/package.xml
[0.488s] Invoked command in '/home/hkim/development/tello_ros_ws/build/tello_driver' returned '0': CMAKE_PREFIX_PATH=/home/hkim/development/tello_ros_ws/install/tello_msgs:/home/hkim/development/tello_ros_ws/install/ros2_shared:/home/hkim/development/tello_ros_ws/install/orbslam3:/home/hkim/development/tello_ros_ws/install/tello_gazebo:/home/hkim/development/tello_ros_ws/install/tello_driver:/home/hkim/development/tello_ros_ws/install/tello_description:/home/hkim/development/tello_ros_ws/install/fiducial_vlam:/home/hkim/development/tello_ros_ws/install/fiducial_vlam_msgs:/opt/ros/foxy LD_LIBRARY_PATH=/home/hkim/development/tello_ros_ws/install/tello_msgs/lib:/home/hkim/development/tello_ros_ws/install/tello_gazebo/lib:/home/hkim/development/tello_ros_ws/install/tello_driver/lib:/home/hkim/development/tello_ros_ws/install/fiducial_vlam/lib:/home/hkim/development/tello_ros_ws/install/fiducial_vlam_msgs/lib:/usr/lib/x86_64-linux-gnu/gazebo-11/plugins:/opt/ros/foxy/opt/yaml_cpp_vendor/lib:/opt/ros/foxy/opt/rviz_ogre_vendor/lib:/opt/ros/foxy/lib/x86_64-linux-gnu:/opt/ros/foxy/lib /usr/bin/cmake --install /home/hkim/development/tello_ros_ws/build/tello_driver
