[0.066s] Invoking command in '/home/hkim/development/tello_ros_ws/build/ORB_SLAM2': /usr/bin/cmake /home/hkim/development/tello_ros_ws/src/ORB_SLAM2 -DCMAKE_INSTALL_PREFIX=/home/hkim/development/tello_ros_ws/install/ORB_SLAM2
[0.213s] -- The C compiler identification is GNU 9.4.0
[0.363s] -- The CXX compiler identification is GNU 9.4.0
[0.372s] -- Check for working C compiler: /usr/bin/cc
[0.484s] -- Check for working C compiler: /usr/bin/cc -- works
[0.487s] -- Detecting C compiler ABI info
[0.703s] -- Detecting C compiler ABI info - done
[0.733s] -- Detecting C compile features
[0.733s] -- Detecting C compile features - done
[0.737s] -- Check for working CXX compiler: /usr/bin/c++
[0.894s] -- Check for working CXX compiler: /usr/bin/c++ -- works
[0.894s] -- Detecting CXX compiler ABI info
[1.034s] -- Detecting CXX compiler ABI info - done
[1.065s] -- Detecting CXX compile features
[1.067s] -- Detecting CXX compile features - done
[1.069s] Build type: Release
[1.072s] -- Performing Test COMPILER_SUPPORTS_CXX11
[1.255s] -- Performing Test COMPILER_SUPPORTS_CXX11 - Success
[1.256s] -- Performing Test COMPILER_SUPPORTS_CXX0X
[1.555s] -- Performing Test COMPILER_SUPPORTS_CXX0X - Success
[1.556s] -- Using flag -std=c++11.
[1.595s] CMake Error at Thirdparty/DBoW2/CMakeLists.txt:31 (message):
[1.595s]   OpenCV > 2.4.3 not found.
[1.595s] 
[1.596s] 
[1.596s] -- Configuring incomplete, errors occurred!
[1.596s] See also "/home/hkim/development/tello_ros_ws/build/ORB_SLAM2/CMakeFiles/CMakeOutput.log".
[1.610s] Invoked command in '/home/hkim/development/tello_ros_ws/build/ORB_SLAM2' returned '1': /usr/bin/cmake /home/hkim/development/tello_ros_ws/src/ORB_SLAM2 -DCMAKE_INSTALL_PREFIX=/home/hkim/development/tello_ros_ws/install/ORB_SLAM2
