[0.030s] Invoking command in '/home/hkim/development/tello_ros_ws/build/tello_description': CMAKE_PREFIX_PATH=/opt/ros/foxy /usr/bin/cmake --build /home/hkim/development/tello_ros_ws/build/tello_description -- -j4 -l4
[0.179s] [ 11%] Built target generate_urdf_6
[0.271s] [ 22%] Built target generate_urdf_3
[0.400s] [ 33%] Built target generate_urdf_8
[0.570s] [ 44%] Built target generate_urdf_4
[0.703s] [ 55%] Built target generate_urdf_5
[0.817s] [ 66%] Built target generate_urdf_7
[0.927s] [ 77%] Built target generate_urdf_2
[1.110s] [ 88%] Built target generate_urdf_1
[1.204s] [100%] Built target generate_urdf
[1.253s] Invoked command in '/home/hkim/development/tello_ros_ws/build/tello_description' returned '0': CMAKE_PREFIX_PATH=/opt/ros/foxy /usr/bin/cmake --build /home/hkim/development/tello_ros_ws/build/tello_description -- -j4 -l4
[1.429s] Invoking command in '/home/hkim/development/tello_ros_ws/build/tello_description': CMAKE_PREFIX_PATH=/opt/ros/foxy /usr/bin/cmake --install /home/hkim/development/tello_ros_ws/build/tello_description
[1.454s] -- Install configuration: ""
[1.454s] -- Up-to-date: /home/hkim/development/tello_ros_ws/install/tello_description/share/tello_description/urdf
[1.454s] -- Up-to-date: /home/hkim/development/tello_ros_ws/install/tello_description/share/tello_description/urdf/tello_8.urdf
[1.455s] -- Up-to-date: /home/hkim/development/tello_ros_ws/install/tello_description/share/tello_description/urdf/tello_3.urdf
[1.455s] -- Up-to-date: /home/hkim/development/tello_ros_ws/install/tello_description/share/tello_description/urdf/tello.urdf
[1.455s] -- Up-to-date: /home/hkim/development/tello_ros_ws/install/tello_description/share/tello_description/urdf/tello_6.urdf
[1.455s] -- Up-to-date: /home/hkim/development/tello_ros_ws/install/tello_description/share/tello_description/urdf/tello_1.urdf
[1.455s] -- Up-to-date: /home/hkim/development/tello_ros_ws/install/tello_description/share/tello_description/urdf/tello_5.urdf
[1.456s] -- Up-to-date: /home/hkim/development/tello_ros_ws/install/tello_description/share/tello_description/urdf/tello_7.urdf
[1.456s] -- Up-to-date: /home/hkim/development/tello_ros_ws/install/tello_description/share/tello_description/urdf/tello_2.urdf
[1.459s] -- Up-to-date: /home/hkim/development/tello_ros_ws/install/tello_description/share/tello_description/urdf/tello_4.urdf
[1.460s] -- Up-to-date: /home/hkim/development/tello_ros_ws/install/tello_description/share/ament_index/resource_index/package_run_dependencies/tello_description
[1.463s] -- Up-to-date: /home/hkim/development/tello_ros_ws/install/tello_description/share/ament_index/resource_index/parent_prefix_path/tello_description
[1.464s] -- Up-to-date: /home/hkim/development/tello_ros_ws/install/tello_description/share/tello_description/environment/ament_prefix_path.sh
[1.465s] -- Up-to-date: /home/hkim/development/tello_ros_ws/install/tello_description/share/tello_description/environment/ament_prefix_path.dsv
[1.466s] -- Up-to-date: /home/hkim/development/tello_ros_ws/install/tello_description/share/tello_description/environment/path.sh
[1.469s] -- Up-to-date: /home/hkim/development/tello_ros_ws/install/tello_description/share/tello_description/environment/path.dsv
[1.469s] -- Up-to-date: /home/hkim/development/tello_ros_ws/install/tello_description/share/tello_description/local_setup.bash
[1.470s] -- Up-to-date: /home/hkim/development/tello_ros_ws/install/tello_description/share/tello_description/local_setup.sh
[1.470s] -- Up-to-date: /home/hkim/development/tello_ros_ws/install/tello_description/share/tello_description/local_setup.zsh
[1.470s] -- Up-to-date: /home/hkim/development/tello_ros_ws/install/tello_description/share/tello_description/local_setup.dsv
[1.471s] -- Installing: /home/hkim/development/tello_ros_ws/install/tello_description/share/tello_description/package.dsv
[1.471s] -- Up-to-date: /home/hkim/development/tello_ros_ws/install/tello_description/share/ament_index/resource_index/packages/tello_description
[1.472s] -- Up-to-date: /home/hkim/development/tello_ros_ws/install/tello_description/share/tello_description/cmake/tello_descriptionConfig.cmake
[1.472s] -- Up-to-date: /home/hkim/development/tello_ros_ws/install/tello_description/share/tello_description/cmake/tello_descriptionConfig-version.cmake
[1.472s] -- Up-to-date: /home/hkim/development/tello_ros_ws/install/tello_description/share/tello_description/package.xml
[1.486s] Invoked command in '/home/hkim/development/tello_ros_ws/build/tello_description' returned '0': CMAKE_PREFIX_PATH=/opt/ros/foxy /usr/bin/cmake --install /home/hkim/development/tello_ros_ws/build/tello_description
