[0.039s] Invoking command in '/home/hkim/development/tello_ros_ws/src/build/fiducial_vlam_msgs': CMAKE_PREFIX_PATH=${CMAKE_PREFIX_PATH}:/home/hkim/development/tello-ros2/workspace/src/install/tello:/opt/ros/foxy /usr/bin/cmake /home/hkim/development/tello_ros_ws/src/fiducial_vlam/fiducial_vlam_msgs -DCMAKE_INSTALL_PREFIX=/home/hkim/development/tello_ros_ws/src/install/fiducial_vlam_msgs
[0.148s] -- The C compiler identification is GNU 9.4.0
[0.248s] -- The CXX compiler identification is GNU 9.4.0
[0.258s] -- Check for working C compiler: /usr/bin/cc
[0.372s] -- Check for working C compiler: /usr/bin/cc -- works
[0.374s] -- Detecting C compiler ABI info
[0.493s] -- Detecting C compiler ABI info - done
[0.516s] -- Detecting C compile features
[0.517s] -- Detecting C compile features - done
[0.521s] -- Check for working CXX compiler: /usr/bin/c++
[0.652s] -- Check for working CXX compiler: /usr/bin/c++ -- works
[0.653s] -- Detecting CXX compiler ABI info
[0.792s] -- Detecting CXX compiler ABI info - done
[0.817s] -- Detecting CXX compile features
[0.818s] -- Detecting CXX compile features - done
[0.823s] -- Found ament_cmake: 0.9.12 (/opt/ros/foxy/share/ament_cmake/cmake)
[0.876s] -- Found PythonInterp: /usr/bin/python3 (found suitable version "3.8.10", minimum required is "3") 
[0.877s] -- Using PYTHON_EXECUTABLE: /usr/bin/python3
[1.272s] -- Found rosidl_default_generators: 1.0.1 (/opt/ros/foxy/share/rosidl_default_generators/cmake)
[1.282s] -- Using all available rosidl_typesupport_c: rosidl_typesupport_fastrtps_c;rosidl_typesupport_introspection_c
[1.299s] -- Found rosidl_adapter: 1.3.1 (/opt/ros/foxy/share/rosidl_adapter/cmake)
[1.579s] -- Found OpenSSL: /usr/lib/x86_64-linux-gnu/libcrypto.so (found version "1.1.1f")  
[1.684s] -- Found FastRTPS: /opt/ros/foxy/include  
[1.888s] -- Using all available rosidl_typesupport_cpp: rosidl_typesupport_fastrtps_cpp;rosidl_typesupport_introspection_cpp
[1.959s] -- Found geometry_msgs: 2.0.5 (/opt/ros/foxy/share/geometry_msgs/cmake)
[2.124s] -- Found sensor_msgs: 2.0.5 (/opt/ros/foxy/share/sensor_msgs/cmake)
[2.327s] -- Found PythonInterp: /usr/bin/python3 (found version "3.8.10") 
[2.721s] -- Found ament_cmake_ros: 0.9.2 (/opt/ros/foxy/share/ament_cmake_ros/cmake)
[3.168s] -- Using all available rosidl_typesupport_c: rosidl_typesupport_fastrtps_c;rosidl_typesupport_introspection_c
[3.338s] -- Using all available rosidl_typesupport_cpp: rosidl_typesupport_fastrtps_cpp;rosidl_typesupport_introspection_cpp
[3.372s] -- Found PythonInterp: /usr/bin/python3 (found suitable version "3.8.10", minimum required is "3.5") 
[3.374s] -- Found python_cmake_module: 0.8.1 (/opt/ros/foxy/share/python_cmake_module/cmake)
[3.408s] -- Found PythonLibs: /usr/lib/x86_64-linux-gnu/libpython3.8.so (found suitable version "3.8.10", minimum required is "3.5") 
[3.408s] -- Using PYTHON_EXECUTABLE: /usr/bin/python3
[3.408s] -- Using PYTHON_INCLUDE_DIRS: /usr/include/python3.8
[3.408s] -- Using PYTHON_LIBRARIES: /usr/lib/x86_64-linux-gnu/libpython3.8.so
[3.437s] -- Found PythonExtra: .so  
[3.559s] -- Configuring done
[3.642s] -- Generating done
[3.646s] -- Build files have been written to: /home/hkim/development/tello_ros_ws/src/build/fiducial_vlam_msgs
[3.655s] Invoked command in '/home/hkim/development/tello_ros_ws/src/build/fiducial_vlam_msgs' returned '0': CMAKE_PREFIX_PATH=${CMAKE_PREFIX_PATH}:/home/hkim/development/tello-ros2/workspace/src/install/tello:/opt/ros/foxy /usr/bin/cmake /home/hkim/development/tello_ros_ws/src/fiducial_vlam/fiducial_vlam_msgs -DCMAKE_INSTALL_PREFIX=/home/hkim/development/tello_ros_ws/src/install/fiducial_vlam_msgs
[3.659s] Invoking command in '/home/hkim/development/tello_ros_ws/src/build/fiducial_vlam_msgs': CMAKE_PREFIX_PATH=${CMAKE_PREFIX_PATH}:/home/hkim/development/tello-ros2/workspace/src/install/tello:/opt/ros/foxy /usr/bin/cmake --build /home/hkim/development/tello_ros_ws/src/build/fiducial_vlam_msgs -- -j4 -l4
[3.715s] [35m[1mScanning dependencies of target fiducial_vlam_msgs__cpp[0m
[3.715s] [  2%] [34m[1mGenerating C code for ROS interfaces[0m
[3.736s] [  4%] [34m[1mGenerating C++ code for ROS interfaces[0m
[4.682s] [35m[1mScanning dependencies of target fiducial_vlam_msgs__rosidl_generator_c[0m
[4.694s] [  4%] Built target fiducial_vlam_msgs__cpp
[4.732s] [  6%] [32mBuilding C object CMakeFiles/fiducial_vlam_msgs__rosidl_generator_c.dir/rosidl_generator_c/fiducial_vlam_msgs/msg/detail/map__functions.c.o[0m
[4.746s] [  8%] [34m[1mGenerating C++ type support dispatch for ROS interfaces[0m
[4.750s] [ 10%] [32mBuilding C object CMakeFiles/fiducial_vlam_msgs__rosidl_generator_c.dir/rosidl_generator_c/fiducial_vlam_msgs/msg/detail/observation__functions.c.o[0m
[4.774s] [ 12%] [34m[1mGenerating C++ type support for eProsima Fast-RTPS[0m
[4.907s] [ 14%] [32mBuilding C object CMakeFiles/fiducial_vlam_msgs__rosidl_generator_c.dir/rosidl_generator_c/fiducial_vlam_msgs/msg/detail/observations__functions.c.o[0m
[4.957s] [ 17%] [34m[1mGenerating C++ introspection for ROS interfaces[0m
[5.092s] [ 19%] [32m[1mLinking C shared library libfiducial_vlam_msgs__rosidl_generator_c.so[0m
[5.345s] [ 19%] Built target fiducial_vlam_msgs__rosidl_generator_c
[5.410s] [ 21%] [34m[1mGenerating C introspection for ROS interfaces[0m
[5.987s] [35m[1mScanning dependencies of target fiducial_vlam_msgs__rosidl_typesupport_cpp[0m
[6.087s] [ 23%] [32mBuilding CXX object CMakeFiles/fiducial_vlam_msgs__rosidl_typesupport_cpp.dir/rosidl_typesupport_cpp/fiducial_vlam_msgs/msg/map__type_support.cpp.o[0m
[6.231s] [35m[1mScanning dependencies of target fiducial_vlam_msgs__rosidl_typesupport_introspection_cpp[0m
[6.327s] [ 25%] [32mBuilding CXX object CMakeFiles/fiducial_vlam_msgs__rosidl_typesupport_introspection_cpp.dir/rosidl_typesupport_introspection_cpp/fiducial_vlam_msgs/msg/detail/map__type_support.cpp.o[0m
[6.466s] [35m[1mScanning dependencies of target fiducial_vlam_msgs__rosidl_typesupport_fastrtps_cpp[0m
[6.544s] [ 27%] [32mBuilding CXX object CMakeFiles/fiducial_vlam_msgs__rosidl_typesupport_fastrtps_cpp.dir/rosidl_typesupport_fastrtps_cpp/fiducial_vlam_msgs/msg/detail/dds_fastrtps/map__type_support.cpp.o[0m
[6.893s] [35m[1mScanning dependencies of target fiducial_vlam_msgs__rosidl_typesupport_introspection_c[0m
[6.980s] [ 29%] [32mBuilding C object CMakeFiles/fiducial_vlam_msgs__rosidl_typesupport_introspection_c.dir/rosidl_typesupport_introspection_c/fiducial_vlam_msgs/msg/detail/map__type_support.c.o[0m
[7.031s] [ 31%] [32mBuilding CXX object CMakeFiles/fiducial_vlam_msgs__rosidl_typesupport_cpp.dir/rosidl_typesupport_cpp/fiducial_vlam_msgs/msg/observation__type_support.cpp.o[0m
[7.139s] [ 34%] [32mBuilding C object CMakeFiles/fiducial_vlam_msgs__rosidl_typesupport_introspection_c.dir/rosidl_typesupport_introspection_c/fiducial_vlam_msgs/msg/detail/observation__type_support.c.o[0m
[7.300s] [ 36%] [32mBuilding C object CMakeFiles/fiducial_vlam_msgs__rosidl_typesupport_introspection_c.dir/rosidl_typesupport_introspection_c/fiducial_vlam_msgs/msg/detail/observations__type_support.c.o[0m
[7.465s] [ 38%] [32m[1mLinking C shared library libfiducial_vlam_msgs__rosidl_typesupport_introspection_c.so[0m
[7.505s] [ 40%] [32mBuilding CXX object CMakeFiles/fiducial_vlam_msgs__rosidl_typesupport_introspection_cpp.dir/rosidl_typesupport_introspection_cpp/fiducial_vlam_msgs/msg/detail/observation__type_support.cpp.o[0m
[7.566s] [ 40%] Built target fiducial_vlam_msgs__rosidl_typesupport_introspection_c
[7.631s] [ 42%] [34m[1mGenerating C type support dispatch for ROS interfaces[0m
[7.966s] [ 44%] [32mBuilding CXX object CMakeFiles/fiducial_vlam_msgs__rosidl_typesupport_cpp.dir/rosidl_typesupport_cpp/fiducial_vlam_msgs/msg/observations__type_support.cpp.o[0m
[8.191s] [ 46%] [32mBuilding CXX object CMakeFiles/fiducial_vlam_msgs__rosidl_typesupport_fastrtps_cpp.dir/rosidl_typesupport_fastrtps_cpp/fiducial_vlam_msgs/msg/detail/dds_fastrtps/observation__type_support.cpp.o[0m
[8.635s] [ 48%] [32mBuilding CXX object CMakeFiles/fiducial_vlam_msgs__rosidl_typesupport_introspection_cpp.dir/rosidl_typesupport_introspection_cpp/fiducial_vlam_msgs/msg/detail/observations__type_support.cpp.o[0m
[8.845s] [35m[1mScanning dependencies of target fiducial_vlam_msgs__rosidl_typesupport_c[0m
[8.868s] [ 51%] [32m[1mLinking CXX shared library libfiducial_vlam_msgs__rosidl_typesupport_cpp.so[0m
[8.911s] [ 53%] [32mBuilding CXX object CMakeFiles/fiducial_vlam_msgs__rosidl_typesupport_c.dir/rosidl_typesupport_c/fiducial_vlam_msgs/msg/map__type_support.cpp.o[0m
[9.063s] [ 53%] Built target fiducial_vlam_msgs__rosidl_typesupport_cpp
[9.074s] [ 55%] [32mBuilding CXX object CMakeFiles/fiducial_vlam_msgs__rosidl_typesupport_c.dir/rosidl_typesupport_c/fiducial_vlam_msgs/msg/observation__type_support.cpp.o[0m
[9.109s] [ 57%] [32mBuilding CXX object CMakeFiles/fiducial_vlam_msgs__rosidl_typesupport_c.dir/rosidl_typesupport_c/fiducial_vlam_msgs/msg/observations__type_support.cpp.o[0m
[9.243s] [ 59%] [32mBuilding CXX object CMakeFiles/fiducial_vlam_msgs__rosidl_typesupport_fastrtps_cpp.dir/rosidl_typesupport_fastrtps_cpp/fiducial_vlam_msgs/msg/detail/dds_fastrtps/observations__type_support.cpp.o[0m
[9.278s] [ 61%] [32m[1mLinking CXX shared library libfiducial_vlam_msgs__rosidl_typesupport_c.so[0m
[9.530s] [ 61%] Built target fiducial_vlam_msgs__rosidl_typesupport_c
[9.597s] [ 63%] [32m[1mLinking CXX shared library libfiducial_vlam_msgs__rosidl_typesupport_introspection_cpp.so[0m
[9.879s] [ 63%] Built target fiducial_vlam_msgs__rosidl_typesupport_introspection_cpp
[10.150s] [ 65%] [32m[1mLinking CXX shared library libfiducial_vlam_msgs__rosidl_typesupport_fastrtps_cpp.so[0m
[10.311s] [ 65%] Built target fiducial_vlam_msgs__rosidl_typesupport_fastrtps_cpp
[10.330s] [ 68%] [34m[1mGenerating C type support for eProsima Fast-RTPS[0m
[10.840s] [35m[1mScanning dependencies of target fiducial_vlam_msgs__rosidl_typesupport_fastrtps_c[0m
[10.869s] [ 72%] [32mBuilding CXX object CMakeFiles/fiducial_vlam_msgs__rosidl_typesupport_fastrtps_c.dir/rosidl_typesupport_fastrtps_c/fiducial_vlam_msgs/msg/detail/map__type_support_c.cpp.o[0m
[10.869s] [ 72%] [32mBuilding CXX object CMakeFiles/fiducial_vlam_msgs__rosidl_typesupport_fastrtps_c.dir/rosidl_typesupport_fastrtps_c/fiducial_vlam_msgs/msg/detail/observation__type_support_c.cpp.o[0m
[10.878s] [ 74%] [32mBuilding CXX object CMakeFiles/fiducial_vlam_msgs__rosidl_typesupport_fastrtps_c.dir/rosidl_typesupport_fastrtps_c/fiducial_vlam_msgs/msg/detail/observations__type_support_c.cpp.o[0m
[11.629s] [ 76%] [32m[1mLinking CXX shared library libfiducial_vlam_msgs__rosidl_typesupport_fastrtps_c.so[0m
[11.796s] [ 76%] Built target fiducial_vlam_msgs__rosidl_typesupport_fastrtps_c
[11.814s] [35m[1mScanning dependencies of target fiducial_vlam_msgs[0m
[11.832s] [ 76%] Built target fiducial_vlam_msgs
[11.849s] [35m[1mScanning dependencies of target fiducial_vlam_msgs__py[0m
[11.872s] [ 78%] [34m[1mGenerating Python code for ROS interfaces[0m
[12.701s] [ 78%] Built target fiducial_vlam_msgs__py
[12.712s] [35m[1mScanning dependencies of target fiducial_vlam_msgs__python[0m
[12.761s] [ 82%] [32mBuilding C object CMakeFiles/fiducial_vlam_msgs__python.dir/rosidl_generator_py/fiducial_vlam_msgs/msg/_observation_s.c.o[0m
[12.762s] [ 82%] [32mBuilding C object CMakeFiles/fiducial_vlam_msgs__python.dir/rosidl_generator_py/fiducial_vlam_msgs/msg/_map_s.c.o[0m
[12.772s] [ 85%] [32mBuilding C object CMakeFiles/fiducial_vlam_msgs__python.dir/rosidl_generator_py/fiducial_vlam_msgs/msg/_observations_s.c.o[0m
[12.941s] [ 87%] [32m[1mLinking C shared library rosidl_generator_py/fiducial_vlam_msgs/libfiducial_vlam_msgs__python.so[0m
[12.997s] [ 87%] Built target fiducial_vlam_msgs__python
[13.017s] [35m[1mScanning dependencies of target fiducial_vlam_msgs__rosidl_typesupport_introspection_c__pyext[0m
[13.018s] [35m[1mScanning dependencies of target fiducial_vlam_msgs__rosidl_typesupport_fastrtps_c__pyext[0m
[13.018s] [35m[1mScanning dependencies of target fiducial_vlam_msgs__rosidl_typesupport_c__pyext[0m
[13.067s] [ 89%] [32mBuilding C object CMakeFiles/fiducial_vlam_msgs__rosidl_typesupport_c__pyext.dir/rosidl_generator_py/fiducial_vlam_msgs/_fiducial_vlam_msgs_s.ep.rosidl_typesupport_c.c.o[0m
[13.067s] [ 91%] [32mBuilding C object CMakeFiles/fiducial_vlam_msgs__rosidl_typesupport_introspection_c__pyext.dir/rosidl_generator_py/fiducial_vlam_msgs/_fiducial_vlam_msgs_s.ep.rosidl_typesupport_introspection_c.c.o[0m
[13.080s] [ 93%] [32mBuilding C object CMakeFiles/fiducial_vlam_msgs__rosidl_typesupport_fastrtps_c__pyext.dir/rosidl_generator_py/fiducial_vlam_msgs/_fiducial_vlam_msgs_s.ep.rosidl_typesupport_fastrtps_c.c.o[0m
[13.225s] [ 97%] [32m[1mLinking C shared library rosidl_generator_py/fiducial_vlam_msgs/fiducial_vlam_msgs_s__rosidl_typesupport_c.cpython-38-x86_64-linux-gnu.so[0m
[13.226s] [ 97%] [32m[1mLinking C shared library rosidl_generator_py/fiducial_vlam_msgs/fiducial_vlam_msgs_s__rosidl_typesupport_introspection_c.cpython-38-x86_64-linux-gnu.so[0m
[13.237s] [100%] [32m[1mLinking CXX shared library rosidl_generator_py/fiducial_vlam_msgs/fiducial_vlam_msgs_s__rosidl_typesupport_fastrtps_c.cpython-38-x86_64-linux-gnu.so[0m
[13.294s] [100%] Built target fiducial_vlam_msgs__rosidl_typesupport_c__pyext
[13.299s] [100%] Built target fiducial_vlam_msgs__rosidl_typesupport_introspection_c__pyext
[13.339s] [100%] Built target fiducial_vlam_msgs__rosidl_typesupport_fastrtps_c__pyext
[13.353s] Invoked command in '/home/hkim/development/tello_ros_ws/src/build/fiducial_vlam_msgs' returned '0': CMAKE_PREFIX_PATH=${CMAKE_PREFIX_PATH}:/home/hkim/development/tello-ros2/workspace/src/install/tello:/opt/ros/foxy /usr/bin/cmake --build /home/hkim/development/tello_ros_ws/src/build/fiducial_vlam_msgs -- -j4 -l4
[13.457s] Invoking command in '/home/hkim/development/tello_ros_ws/src/build/fiducial_vlam_msgs': CMAKE_PREFIX_PATH=${CMAKE_PREFIX_PATH}:/home/hkim/development/tello-ros2/workspace/src/install/tello:/opt/ros/foxy /usr/bin/cmake --install /home/hkim/development/tello_ros_ws/src/build/fiducial_vlam_msgs
[13.470s] -- Install configuration: ""
[13.470s] -- Installing: /home/hkim/development/tello_ros_ws/src/install/fiducial_vlam_msgs/share/ament_index/resource_index/rosidl_interfaces/fiducial_vlam_msgs
[13.470s] -- Installing: /home/hkim/development/tello_ros_ws/src/install/fiducial_vlam_msgs/include/fiducial_vlam_msgs
[13.470s] -- Installing: /home/hkim/development/tello_ros_ws/src/install/fiducial_vlam_msgs/include/fiducial_vlam_msgs/msg
[13.471s] -- Installing: /home/hkim/development/tello_ros_ws/src/install/fiducial_vlam_msgs/include/fiducial_vlam_msgs/msg/detail
[13.471s] -- Installing: /home/hkim/development/tello_ros_ws/src/install/fiducial_vlam_msgs/include/fiducial_vlam_msgs/msg/detail/observations__functions.c
[13.471s] -- Installing: /home/hkim/development/tello_ros_ws/src/install/fiducial_vlam_msgs/include/fiducial_vlam_msgs/msg/detail/observation__struct.h
[13.471s] -- Installing: /home/hkim/development/tello_ros_ws/src/install/fiducial_vlam_msgs/include/fiducial_vlam_msgs/msg/detail/observation__functions.h
[13.472s] -- Installing: /home/hkim/development/tello_ros_ws/src/install/fiducial_vlam_msgs/include/fiducial_vlam_msgs/msg/detail/map__type_support.h
[13.472s] -- Installing: /home/hkim/development/tello_ros_ws/src/install/fiducial_vlam_msgs/include/fiducial_vlam_msgs/msg/detail/observations__type_support.h
[13.472s] -- Installing: /home/hkim/development/tello_ros_ws/src/install/fiducial_vlam_msgs/include/fiducial_vlam_msgs/msg/detail/map__functions.h
[13.472s] -- Installing: /home/hkim/development/tello_ros_ws/src/install/fiducial_vlam_msgs/include/fiducial_vlam_msgs/msg/detail/observations__struct.h
[13.472s] -- Installing: /home/hkim/development/tello_ros_ws/src/install/fiducial_vlam_msgs/include/fiducial_vlam_msgs/msg/detail/map__functions.c
[13.472s] -- Installing: /home/hkim/development/tello_ros_ws/src/install/fiducial_vlam_msgs/include/fiducial_vlam_msgs/msg/detail/observation__type_support.h
[13.473s] -- Installing: /home/hkim/development/tello_ros_ws/src/install/fiducial_vlam_msgs/include/fiducial_vlam_msgs/msg/detail/map__struct.h
[13.473s] -- Installing: /home/hkim/development/tello_ros_ws/src/install/fiducial_vlam_msgs/include/fiducial_vlam_msgs/msg/detail/observations__functions.h
[13.473s] -- Installing: /home/hkim/development/tello_ros_ws/src/install/fiducial_vlam_msgs/include/fiducial_vlam_msgs/msg/detail/observation__functions.c
[13.473s] -- Installing: /home/hkim/development/tello_ros_ws/src/install/fiducial_vlam_msgs/include/fiducial_vlam_msgs/msg/observation.h
[13.473s] -- Installing: /home/hkim/development/tello_ros_ws/src/install/fiducial_vlam_msgs/include/fiducial_vlam_msgs/msg/observations.h
[13.473s] -- Installing: /home/hkim/development/tello_ros_ws/src/install/fiducial_vlam_msgs/include/fiducial_vlam_msgs/msg/rosidl_generator_c__visibility_control.h
[13.474s] -- Installing: /home/hkim/development/tello_ros_ws/src/install/fiducial_vlam_msgs/include/fiducial_vlam_msgs/msg/map.h
[13.474s] -- Installing: /home/hkim/development/tello_ros_ws/src/install/fiducial_vlam_msgs/share/fiducial_vlam_msgs/environment/library_path.sh
[13.474s] -- Installing: /home/hkim/development/tello_ros_ws/src/install/fiducial_vlam_msgs/share/fiducial_vlam_msgs/environment/library_path.dsv
[13.474s] -- Installing: /home/hkim/development/tello_ros_ws/src/install/fiducial_vlam_msgs/lib/libfiducial_vlam_msgs__rosidl_generator_c.so
[13.474s] -- Set runtime path of "/home/hkim/development/tello_ros_ws/src/install/fiducial_vlam_msgs/lib/libfiducial_vlam_msgs__rosidl_generator_c.so" to ""
[13.474s] -- Up-to-date: /home/hkim/development/tello_ros_ws/src/install/fiducial_vlam_msgs/include/fiducial_vlam_msgs
[13.475s] -- Up-to-date: /home/hkim/development/tello_ros_ws/src/install/fiducial_vlam_msgs/include/fiducial_vlam_msgs/msg
[13.475s] -- Up-to-date: /home/hkim/development/tello_ros_ws/src/install/fiducial_vlam_msgs/include/fiducial_vlam_msgs/msg/detail
[13.475s] -- Installing: /home/hkim/development/tello_ros_ws/src/install/fiducial_vlam_msgs/include/fiducial_vlam_msgs/msg/detail/map__rosidl_typesupport_fastrtps_c.h
[13.475s] -- Installing: /home/hkim/development/tello_ros_ws/src/install/fiducial_vlam_msgs/include/fiducial_vlam_msgs/msg/detail/observation__rosidl_typesupport_fastrtps_c.h
[13.475s] -- Installing: /home/hkim/development/tello_ros_ws/src/install/fiducial_vlam_msgs/include/fiducial_vlam_msgs/msg/detail/observations__rosidl_typesupport_fastrtps_c.h
[13.475s] -- Installing: /home/hkim/development/tello_ros_ws/src/install/fiducial_vlam_msgs/include/fiducial_vlam_msgs/msg/rosidl_typesupport_fastrtps_c__visibility_control.h
[13.476s] -- Installing: /home/hkim/development/tello_ros_ws/src/install/fiducial_vlam_msgs/lib/libfiducial_vlam_msgs__rosidl_typesupport_fastrtps_c.so
[13.476s] -- Set runtime path of "/home/hkim/development/tello_ros_ws/src/install/fiducial_vlam_msgs/lib/libfiducial_vlam_msgs__rosidl_typesupport_fastrtps_c.so" to ""
[13.476s] -- Up-to-date: /home/hkim/development/tello_ros_ws/src/install/fiducial_vlam_msgs/include/fiducial_vlam_msgs
[13.476s] -- Up-to-date: /home/hkim/development/tello_ros_ws/src/install/fiducial_vlam_msgs/include/fiducial_vlam_msgs/msg
[13.477s] -- Up-to-date: /home/hkim/development/tello_ros_ws/src/install/fiducial_vlam_msgs/include/fiducial_vlam_msgs/msg/detail
[13.477s] -- Installing: /home/hkim/development/tello_ros_ws/src/install/fiducial_vlam_msgs/include/fiducial_vlam_msgs/msg/detail/dds_fastrtps
[13.477s] -- Installing: /home/hkim/development/tello_ros_ws/src/install/fiducial_vlam_msgs/include/fiducial_vlam_msgs/msg/detail/map__rosidl_typesupport_fastrtps_cpp.hpp
[13.477s] -- Installing: /home/hkim/development/tello_ros_ws/src/install/fiducial_vlam_msgs/include/fiducial_vlam_msgs/msg/detail/observations__rosidl_typesupport_fastrtps_cpp.hpp
[13.477s] -- Installing: /home/hkim/development/tello_ros_ws/src/install/fiducial_vlam_msgs/include/fiducial_vlam_msgs/msg/detail/observation__rosidl_typesupport_fastrtps_cpp.hpp
[13.477s] -- Installing: /home/hkim/development/tello_ros_ws/src/install/fiducial_vlam_msgs/include/fiducial_vlam_msgs/msg/rosidl_typesupport_fastrtps_cpp__visibility_control.h
[13.478s] -- Installing: /home/hkim/development/tello_ros_ws/src/install/fiducial_vlam_msgs/lib/libfiducial_vlam_msgs__rosidl_typesupport_fastrtps_cpp.so
[13.478s] -- Set runtime path of "/home/hkim/development/tello_ros_ws/src/install/fiducial_vlam_msgs/lib/libfiducial_vlam_msgs__rosidl_typesupport_fastrtps_cpp.so" to ""
[13.478s] -- Up-to-date: /home/hkim/development/tello_ros_ws/src/install/fiducial_vlam_msgs/include/fiducial_vlam_msgs
[13.478s] -- Up-to-date: /home/hkim/development/tello_ros_ws/src/install/fiducial_vlam_msgs/include/fiducial_vlam_msgs/msg
[13.478s] -- Up-to-date: /home/hkim/development/tello_ros_ws/src/install/fiducial_vlam_msgs/include/fiducial_vlam_msgs/msg/detail
[13.479s] -- Installing: /home/hkim/development/tello_ros_ws/src/install/fiducial_vlam_msgs/include/fiducial_vlam_msgs/msg/detail/map__type_support.c
[13.479s] -- Installing: /home/hkim/development/tello_ros_ws/src/install/fiducial_vlam_msgs/include/fiducial_vlam_msgs/msg/detail/observations__type_support.c
[13.479s] -- Installing: /home/hkim/development/tello_ros_ws/src/install/fiducial_vlam_msgs/include/fiducial_vlam_msgs/msg/detail/map__rosidl_typesupport_introspection_c.h
[13.479s] -- Installing: /home/hkim/development/tello_ros_ws/src/install/fiducial_vlam_msgs/include/fiducial_vlam_msgs/msg/detail/observations__rosidl_typesupport_introspection_c.h
[13.479s] -- Installing: /home/hkim/development/tello_ros_ws/src/install/fiducial_vlam_msgs/include/fiducial_vlam_msgs/msg/detail/observation__type_support.c
[13.479s] -- Installing: /home/hkim/development/tello_ros_ws/src/install/fiducial_vlam_msgs/include/fiducial_vlam_msgs/msg/detail/observation__rosidl_typesupport_introspection_c.h
[13.480s] -- Installing: /home/hkim/development/tello_ros_ws/src/install/fiducial_vlam_msgs/include/fiducial_vlam_msgs/msg/rosidl_typesupport_introspection_c__visibility_control.h
[13.480s] -- Installing: /home/hkim/development/tello_ros_ws/src/install/fiducial_vlam_msgs/lib/libfiducial_vlam_msgs__rosidl_typesupport_introspection_c.so
[13.480s] -- Set runtime path of "/home/hkim/development/tello_ros_ws/src/install/fiducial_vlam_msgs/lib/libfiducial_vlam_msgs__rosidl_typesupport_introspection_c.so" to ""
[13.480s] -- Installing: /home/hkim/development/tello_ros_ws/src/install/fiducial_vlam_msgs/lib/libfiducial_vlam_msgs__rosidl_typesupport_c.so
[13.481s] -- Set runtime path of "/home/hkim/development/tello_ros_ws/src/install/fiducial_vlam_msgs/lib/libfiducial_vlam_msgs__rosidl_typesupport_c.so" to ""
[13.481s] -- Up-to-date: /home/hkim/development/tello_ros_ws/src/install/fiducial_vlam_msgs/include/fiducial_vlam_msgs
[13.481s] -- Up-to-date: /home/hkim/development/tello_ros_ws/src/install/fiducial_vlam_msgs/include/fiducial_vlam_msgs/msg
[13.481s] -- Installing: /home/hkim/development/tello_ros_ws/src/install/fiducial_vlam_msgs/include/fiducial_vlam_msgs/msg/map.hpp
[13.481s] -- Installing: /home/hkim/development/tello_ros_ws/src/install/fiducial_vlam_msgs/include/fiducial_vlam_msgs/msg/rosidl_generator_cpp__visibility_control.hpp
[13.482s] -- Up-to-date: /home/hkim/development/tello_ros_ws/src/install/fiducial_vlam_msgs/include/fiducial_vlam_msgs/msg/detail
[13.482s] -- Installing: /home/hkim/development/tello_ros_ws/src/install/fiducial_vlam_msgs/include/fiducial_vlam_msgs/msg/detail/observations__struct.hpp
[13.482s] -- Installing: /home/hkim/development/tello_ros_ws/src/install/fiducial_vlam_msgs/include/fiducial_vlam_msgs/msg/detail/observations__traits.hpp
[13.482s] -- Installing: /home/hkim/development/tello_ros_ws/src/install/fiducial_vlam_msgs/include/fiducial_vlam_msgs/msg/detail/observation__struct.hpp
[13.482s] -- Installing: /home/hkim/development/tello_ros_ws/src/install/fiducial_vlam_msgs/include/fiducial_vlam_msgs/msg/detail/map__builder.hpp
[13.482s] -- Installing: /home/hkim/development/tello_ros_ws/src/install/fiducial_vlam_msgs/include/fiducial_vlam_msgs/msg/detail/map__type_support.hpp
[13.483s] -- Installing: /home/hkim/development/tello_ros_ws/src/install/fiducial_vlam_msgs/include/fiducial_vlam_msgs/msg/detail/map__struct.hpp
[13.483s] -- Installing: /home/hkim/development/tello_ros_ws/src/install/fiducial_vlam_msgs/include/fiducial_vlam_msgs/msg/detail/observations__builder.hpp
[13.483s] -- Installing: /home/hkim/development/tello_ros_ws/src/install/fiducial_vlam_msgs/include/fiducial_vlam_msgs/msg/detail/observation__traits.hpp
[13.483s] -- Installing: /home/hkim/development/tello_ros_ws/src/install/fiducial_vlam_msgs/include/fiducial_vlam_msgs/msg/detail/observations__type_support.hpp
[13.483s] -- Installing: /home/hkim/development/tello_ros_ws/src/install/fiducial_vlam_msgs/include/fiducial_vlam_msgs/msg/detail/observation__type_support.hpp
[13.483s] -- Installing: /home/hkim/development/tello_ros_ws/src/install/fiducial_vlam_msgs/include/fiducial_vlam_msgs/msg/detail/observation__builder.hpp
[13.483s] -- Installing: /home/hkim/development/tello_ros_ws/src/install/fiducial_vlam_msgs/include/fiducial_vlam_msgs/msg/detail/map__traits.hpp
[13.483s] -- Installing: /home/hkim/development/tello_ros_ws/src/install/fiducial_vlam_msgs/include/fiducial_vlam_msgs/msg/observations.hpp
[13.484s] -- Installing: /home/hkim/development/tello_ros_ws/src/install/fiducial_vlam_msgs/include/fiducial_vlam_msgs/msg/observation.hpp
[13.484s] -- Up-to-date: /home/hkim/development/tello_ros_ws/src/install/fiducial_vlam_msgs/include/fiducial_vlam_msgs
[13.484s] -- Up-to-date: /home/hkim/development/tello_ros_ws/src/install/fiducial_vlam_msgs/include/fiducial_vlam_msgs/msg
[13.484s] -- Up-to-date: /home/hkim/development/tello_ros_ws/src/install/fiducial_vlam_msgs/include/fiducial_vlam_msgs/msg/detail
[13.484s] -- Installing: /home/hkim/development/tello_ros_ws/src/install/fiducial_vlam_msgs/include/fiducial_vlam_msgs/msg/detail/map__type_support.cpp
[13.484s] -- Installing: /home/hkim/development/tello_ros_ws/src/install/fiducial_vlam_msgs/include/fiducial_vlam_msgs/msg/detail/observations__rosidl_typesupport_introspection_cpp.hpp
[13.484s] -- Installing: /home/hkim/development/tello_ros_ws/src/install/fiducial_vlam_msgs/include/fiducial_vlam_msgs/msg/detail/observation__type_support.cpp
[13.484s] -- Installing: /home/hkim/development/tello_ros_ws/src/install/fiducial_vlam_msgs/include/fiducial_vlam_msgs/msg/detail/observation__rosidl_typesupport_introspection_cpp.hpp
[13.485s] -- Installing: /home/hkim/development/tello_ros_ws/src/install/fiducial_vlam_msgs/include/fiducial_vlam_msgs/msg/detail/observations__type_support.cpp
[13.485s] -- Installing: /home/hkim/development/tello_ros_ws/src/install/fiducial_vlam_msgs/include/fiducial_vlam_msgs/msg/detail/map__rosidl_typesupport_introspection_cpp.hpp
[13.485s] -- Installing: /home/hkim/development/tello_ros_ws/src/install/fiducial_vlam_msgs/lib/libfiducial_vlam_msgs__rosidl_typesupport_introspection_cpp.so
[13.485s] -- Set runtime path of "/home/hkim/development/tello_ros_ws/src/install/fiducial_vlam_msgs/lib/libfiducial_vlam_msgs__rosidl_typesupport_introspection_cpp.so" to ""
[13.485s] -- Installing: /home/hkim/development/tello_ros_ws/src/install/fiducial_vlam_msgs/lib/libfiducial_vlam_msgs__rosidl_typesupport_cpp.so
[13.486s] -- Set runtime path of "/home/hkim/development/tello_ros_ws/src/install/fiducial_vlam_msgs/lib/libfiducial_vlam_msgs__rosidl_typesupport_cpp.so" to ""
[13.486s] -- Installing: /home/hkim/development/tello_ros_ws/src/install/fiducial_vlam_msgs/share/fiducial_vlam_msgs/environment/pythonpath.sh
[13.486s] -- Installing: /home/hkim/development/tello_ros_ws/src/install/fiducial_vlam_msgs/share/fiducial_vlam_msgs/environment/pythonpath.dsv
[13.486s] -- Installing: /home/hkim/development/tello_ros_ws/src/install/fiducial_vlam_msgs/lib/python3.8/site-packages/fiducial_vlam_msgs/__init__.py
[13.534s] Compiling '/home/hkim/development/tello_ros_ws/src/install/fiducial_vlam_msgs/lib/python3.8/site-packages/fiducial_vlam_msgs/__init__.py'...
[13.540s] -- Installing: /home/hkim/development/tello_ros_ws/src/install/fiducial_vlam_msgs/lib/python3.8/site-packages/fiducial_vlam_msgs/msg
[13.540s] -- Installing: /home/hkim/development/tello_ros_ws/src/install/fiducial_vlam_msgs/lib/python3.8/site-packages/fiducial_vlam_msgs/msg/_observation.py
[13.540s] -- Installing: /home/hkim/development/tello_ros_ws/src/install/fiducial_vlam_msgs/lib/python3.8/site-packages/fiducial_vlam_msgs/msg/_observations.py
[13.540s] -- Installing: /home/hkim/development/tello_ros_ws/src/install/fiducial_vlam_msgs/lib/python3.8/site-packages/fiducial_vlam_msgs/msg/_observations_s.c
[13.541s] -- Installing: /home/hkim/development/tello_ros_ws/src/install/fiducial_vlam_msgs/lib/python3.8/site-packages/fiducial_vlam_msgs/msg/_map_s.c
[13.541s] -- Installing: /home/hkim/development/tello_ros_ws/src/install/fiducial_vlam_msgs/lib/python3.8/site-packages/fiducial_vlam_msgs/msg/_observation_s.c
[13.541s] -- Installing: /home/hkim/development/tello_ros_ws/src/install/fiducial_vlam_msgs/lib/python3.8/site-packages/fiducial_vlam_msgs/msg/__init__.py
[13.541s] -- Installing: /home/hkim/development/tello_ros_ws/src/install/fiducial_vlam_msgs/lib/python3.8/site-packages/fiducial_vlam_msgs/msg/_map.py
[13.541s] -- Installing: /home/hkim/development/tello_ros_ws/src/install/fiducial_vlam_msgs/lib/python3.8/site-packages/fiducial_vlam_msgs/fiducial_vlam_msgs_s__rosidl_typesupport_fastrtps_c.cpython-38-x86_64-linux-gnu.so
[13.542s] -- Set runtime path of "/home/hkim/development/tello_ros_ws/src/install/fiducial_vlam_msgs/lib/python3.8/site-packages/fiducial_vlam_msgs/fiducial_vlam_msgs_s__rosidl_typesupport_fastrtps_c.cpython-38-x86_64-linux-gnu.so" to ""
[13.542s] -- Installing: /home/hkim/development/tello_ros_ws/src/install/fiducial_vlam_msgs/lib/python3.8/site-packages/fiducial_vlam_msgs/fiducial_vlam_msgs_s__rosidl_typesupport_introspection_c.cpython-38-x86_64-linux-gnu.so
[13.543s] -- Set runtime path of "/home/hkim/development/tello_ros_ws/src/install/fiducial_vlam_msgs/lib/python3.8/site-packages/fiducial_vlam_msgs/fiducial_vlam_msgs_s__rosidl_typesupport_introspection_c.cpython-38-x86_64-linux-gnu.so" to ""
[13.543s] -- Installing: /home/hkim/development/tello_ros_ws/src/install/fiducial_vlam_msgs/lib/python3.8/site-packages/fiducial_vlam_msgs/fiducial_vlam_msgs_s__rosidl_typesupport_c.cpython-38-x86_64-linux-gnu.so
[13.544s] -- Set runtime path of "/home/hkim/development/tello_ros_ws/src/install/fiducial_vlam_msgs/lib/python3.8/site-packages/fiducial_vlam_msgs/fiducial_vlam_msgs_s__rosidl_typesupport_c.cpython-38-x86_64-linux-gnu.so" to ""
[13.544s] -- Installing: /home/hkim/development/tello_ros_ws/src/install/fiducial_vlam_msgs/lib/libfiducial_vlam_msgs__python.so
[13.545s] -- Set runtime path of "/home/hkim/development/tello_ros_ws/src/install/fiducial_vlam_msgs/lib/libfiducial_vlam_msgs__python.so" to ""
[13.545s] -- Installing: /home/hkim/development/tello_ros_ws/src/install/fiducial_vlam_msgs/share/fiducial_vlam_msgs/msg/Map.idl
[13.545s] -- Installing: /home/hkim/development/tello_ros_ws/src/install/fiducial_vlam_msgs/share/fiducial_vlam_msgs/msg/Observation.idl
[13.545s] -- Installing: /home/hkim/development/tello_ros_ws/src/install/fiducial_vlam_msgs/share/fiducial_vlam_msgs/msg/Observations.idl
[13.545s] -- Installing: /home/hkim/development/tello_ros_ws/src/install/fiducial_vlam_msgs/share/fiducial_vlam_msgs/msg/Map.msg
[13.546s] -- Installing: /home/hkim/development/tello_ros_ws/src/install/fiducial_vlam_msgs/share/fiducial_vlam_msgs/msg/Observation.msg
[13.546s] -- Installing: /home/hkim/development/tello_ros_ws/src/install/fiducial_vlam_msgs/share/fiducial_vlam_msgs/msg/Observations.msg
[13.546s] -- Installing: /home/hkim/development/tello_ros_ws/src/install/fiducial_vlam_msgs/share/ament_index/resource_index/package_run_dependencies/fiducial_vlam_msgs
[13.546s] -- Installing: /home/hkim/development/tello_ros_ws/src/install/fiducial_vlam_msgs/share/ament_index/resource_index/parent_prefix_path/fiducial_vlam_msgs
[13.547s] -- Installing: /home/hkim/development/tello_ros_ws/src/install/fiducial_vlam_msgs/share/fiducial_vlam_msgs/environment/ament_prefix_path.sh
[13.547s] -- Installing: /home/hkim/development/tello_ros_ws/src/install/fiducial_vlam_msgs/share/fiducial_vlam_msgs/environment/ament_prefix_path.dsv
[13.547s] -- Installing: /home/hkim/development/tello_ros_ws/src/install/fiducial_vlam_msgs/share/fiducial_vlam_msgs/environment/path.sh
[13.547s] -- Installing: /home/hkim/development/tello_ros_ws/src/install/fiducial_vlam_msgs/share/fiducial_vlam_msgs/environment/path.dsv
[13.547s] -- Installing: /home/hkim/development/tello_ros_ws/src/install/fiducial_vlam_msgs/share/fiducial_vlam_msgs/local_setup.bash
[13.548s] -- Installing: /home/hkim/development/tello_ros_ws/src/install/fiducial_vlam_msgs/share/fiducial_vlam_msgs/local_setup.sh
[13.548s] -- Installing: /home/hkim/development/tello_ros_ws/src/install/fiducial_vlam_msgs/share/fiducial_vlam_msgs/local_setup.zsh
[13.548s] -- Installing: /home/hkim/development/tello_ros_ws/src/install/fiducial_vlam_msgs/share/fiducial_vlam_msgs/local_setup.dsv
[13.548s] -- Installing: /home/hkim/development/tello_ros_ws/src/install/fiducial_vlam_msgs/share/fiducial_vlam_msgs/package.dsv
[13.549s] -- Installing: /home/hkim/development/tello_ros_ws/src/install/fiducial_vlam_msgs/share/ament_index/resource_index/packages/fiducial_vlam_msgs
[13.549s] -- Installing: /home/hkim/development/tello_ros_ws/src/install/fiducial_vlam_msgs/share/fiducial_vlam_msgs/cmake/fiducial_vlam_msgs__rosidl_generator_cExport.cmake
[13.549s] -- Installing: /home/hkim/development/tello_ros_ws/src/install/fiducial_vlam_msgs/share/fiducial_vlam_msgs/cmake/fiducial_vlam_msgs__rosidl_generator_cExport-noconfig.cmake
[13.549s] -- Installing: /home/hkim/development/tello_ros_ws/src/install/fiducial_vlam_msgs/share/fiducial_vlam_msgs/cmake/fiducial_vlam_msgs__rosidl_typesupport_introspection_cExport.cmake
[13.550s] -- Installing: /home/hkim/development/tello_ros_ws/src/install/fiducial_vlam_msgs/share/fiducial_vlam_msgs/cmake/fiducial_vlam_msgs__rosidl_typesupport_introspection_cExport-noconfig.cmake
[13.550s] -- Installing: /home/hkim/development/tello_ros_ws/src/install/fiducial_vlam_msgs/share/fiducial_vlam_msgs/cmake/fiducial_vlam_msgs__rosidl_typesupport_cExport.cmake
[13.550s] -- Installing: /home/hkim/development/tello_ros_ws/src/install/fiducial_vlam_msgs/share/fiducial_vlam_msgs/cmake/fiducial_vlam_msgs__rosidl_typesupport_cExport-noconfig.cmake
[13.550s] -- Installing: /home/hkim/development/tello_ros_ws/src/install/fiducial_vlam_msgs/share/fiducial_vlam_msgs/cmake/fiducial_vlam_msgs__rosidl_generator_cppExport.cmake
[13.551s] -- Installing: /home/hkim/development/tello_ros_ws/src/install/fiducial_vlam_msgs/share/fiducial_vlam_msgs/cmake/fiducial_vlam_msgs__rosidl_typesupport_introspection_cppExport.cmake
[13.551s] -- Installing: /home/hkim/development/tello_ros_ws/src/install/fiducial_vlam_msgs/share/fiducial_vlam_msgs/cmake/fiducial_vlam_msgs__rosidl_typesupport_introspection_cppExport-noconfig.cmake
[13.551s] -- Installing: /home/hkim/development/tello_ros_ws/src/install/fiducial_vlam_msgs/share/fiducial_vlam_msgs/cmake/fiducial_vlam_msgs__rosidl_typesupport_cppExport.cmake
[13.551s] -- Installing: /home/hkim/development/tello_ros_ws/src/install/fiducial_vlam_msgs/share/fiducial_vlam_msgs/cmake/fiducial_vlam_msgs__rosidl_typesupport_cppExport-noconfig.cmake
[13.552s] -- Installing: /home/hkim/development/tello_ros_ws/src/install/fiducial_vlam_msgs/share/fiducial_vlam_msgs/cmake/rosidl_cmake-extras.cmake
[13.552s] -- Installing: /home/hkim/development/tello_ros_ws/src/install/fiducial_vlam_msgs/share/fiducial_vlam_msgs/cmake/ament_cmake_export_dependencies-extras.cmake
[13.552s] -- Installing: /home/hkim/development/tello_ros_ws/src/install/fiducial_vlam_msgs/share/fiducial_vlam_msgs/cmake/ament_cmake_export_libraries-extras.cmake
[13.552s] -- Installing: /home/hkim/development/tello_ros_ws/src/install/fiducial_vlam_msgs/share/fiducial_vlam_msgs/cmake/ament_cmake_export_targets-extras.cmake
[13.552s] -- Installing: /home/hkim/development/tello_ros_ws/src/install/fiducial_vlam_msgs/share/fiducial_vlam_msgs/cmake/ament_cmake_export_include_directories-extras.cmake
[13.553s] -- Installing: /home/hkim/development/tello_ros_ws/src/install/fiducial_vlam_msgs/share/fiducial_vlam_msgs/cmake/rosidl_cmake_export_typesupport_libraries-extras.cmake
[13.553s] -- Installing: /home/hkim/development/tello_ros_ws/src/install/fiducial_vlam_msgs/share/fiducial_vlam_msgs/cmake/rosidl_cmake_export_typesupport_targets-extras.cmake
[13.553s] -- Installing: /home/hkim/development/tello_ros_ws/src/install/fiducial_vlam_msgs/share/fiducial_vlam_msgs/cmake/fiducial_vlam_msgsConfig.cmake
[13.553s] -- Installing: /home/hkim/development/tello_ros_ws/src/install/fiducial_vlam_msgs/share/fiducial_vlam_msgs/cmake/fiducial_vlam_msgsConfig-version.cmake
[13.554s] -- Installing: /home/hkim/development/tello_ros_ws/src/install/fiducial_vlam_msgs/share/fiducial_vlam_msgs/package.xml
[13.557s] Invoked command in '/home/hkim/development/tello_ros_ws/src/build/fiducial_vlam_msgs' returned '0': CMAKE_PREFIX_PATH=${CMAKE_PREFIX_PATH}:/home/hkim/development/tello-ros2/workspace/src/install/tello:/opt/ros/foxy /usr/bin/cmake --install /home/hkim/development/tello_ros_ws/src/build/fiducial_vlam_msgs
