[0.150s] Invoking command in '/home/hkim/development/tello_ros_ws/build/tello_driver': AMENT_PREFIX_PATH=/home/hkim/development/tello_ros_ws/install/tello_msgs:/home/hkim/development/tello_ros_ws/install/ros2_shared:${AMENT_PREFIX_PATH} CMAKE_PREFIX_PATH=/home/hkim/development/tello_ros_ws/install/tello_msgs:/home/hkim/development/tello_ros_ws/install/ros2_shared:/opt/ros/foxy LD_LIBRARY_PATH=/home/hkim/development/tello_ros_ws/install/tello_msgs/lib:${LD_LIBRARY_PATH} PYTHONPATH=/home/hkim/development/tello_ros_ws/install/tello_msgs/lib/python3.8/site-packages:${PYTHONPATH} /usr/bin/cmake --build /home/hkim/development/tello_ros_ws/build/tello_driver -- -j4 -l4
[0.500s] [ 13%] Built target tello_joy_main
[0.590s] [ 45%] Built target tello_driver_node
[0.621s] [ 54%] Built target tello_emulator
[0.765s] [ 63%] Built target tello_joy_node
[0.790s] [100%] Built target tello_driver_main
[0.828s] Invoked command in '/home/hkim/development/tello_ros_ws/build/tello_driver' returned '0': AMENT_PREFIX_PATH=/home/hkim/development/tello_ros_ws/install/tello_msgs:/home/hkim/development/tello_ros_ws/install/ros2_shared:${AMENT_PREFIX_PATH} CMAKE_PREFIX_PATH=/home/hkim/development/tello_ros_ws/install/tello_msgs:/home/hkim/development/tello_ros_ws/install/ros2_shared:/opt/ros/foxy LD_LIBRARY_PATH=/home/hkim/development/tello_ros_ws/install/tello_msgs/lib:${LD_LIBRARY_PATH} PYTHONPATH=/home/hkim/development/tello_ros_ws/install/tello_msgs/lib/python3.8/site-packages:${PYTHONPATH} /usr/bin/cmake --build /home/hkim/development/tello_ros_ws/build/tello_driver -- -j4 -l4
[1.099s] Invoking command in '/home/hkim/development/tello_ros_ws/build/tello_driver': AMENT_PREFIX_PATH=/home/hkim/development/tello_ros_ws/install/tello_msgs:/home/hkim/development/tello_ros_ws/install/ros2_shared:${AMENT_PREFIX_PATH} CMAKE_PREFIX_PATH=/home/hkim/development/tello_ros_ws/install/tello_msgs:/home/hkim/development/tello_ros_ws/install/ros2_shared:/opt/ros/foxy LD_LIBRARY_PATH=/home/hkim/development/tello_ros_ws/install/tello_msgs/lib:${LD_LIBRARY_PATH} PYTHONPATH=/home/hkim/development/tello_ros_ws/install/tello_msgs/lib/python3.8/site-packages:${PYTHONPATH} /usr/bin/cmake --install /home/hkim/development/tello_ros_ws/build/tello_driver
[1.144s] -- Install configuration: ""
[1.145s] -- Up-to-date: /home/hkim/development/tello_ros_ws/install/tello_driver/share/tello_driver/environment/library_path.sh
[1.145s] -- Up-to-date: /home/hkim/development/tello_ros_ws/install/tello_driver/share/tello_driver/environment/library_path.dsv
[1.146s] -- Up-to-date: /home/hkim/development/tello_ros_ws/install/tello_driver/lib/libtello_driver_node.so
[1.146s] -- Up-to-date: /home/hkim/development/tello_ros_ws/install/tello_driver/lib/libtello_joy_node.so
[1.147s] -- Up-to-date: /home/hkim/development/tello_ros_ws/install/tello_driver/lib/tello_driver/tello_driver_main
[1.147s] -- Up-to-date: /home/hkim/development/tello_ros_ws/install/tello_driver/lib/tello_driver/tello_joy_main
[1.148s] -- Up-to-date: /home/hkim/development/tello_ros_ws/install/tello_driver/lib/tello_driver/tello_emulator
[1.148s] -- Up-to-date: /home/hkim/development/tello_ros_ws/install/tello_driver/share/tello_driver/cfg
[1.148s] -- Up-to-date: /home/hkim/development/tello_ros_ws/install/tello_driver/share/tello_driver/cfg/camera_info.yaml
[1.148s] -- Up-to-date: /home/hkim/development/tello_ros_ws/install/tello_driver/share/tello_driver/launch
[1.149s] -- Up-to-date: /home/hkim/development/tello_ros_ws/install/tello_driver/share/tello_driver/launch/teleop_launch.py
[1.149s] -- Up-to-date: /home/hkim/development/tello_ros_ws/install/tello_driver/share/tello_driver/launch/emulator_launch.py
[1.149s] -- Up-to-date: /home/hkim/development/tello_ros_ws/install/tello_driver/share/tello_driver/launch/emulators_launch.py
[1.149s] -- Up-to-date: /home/hkim/development/tello_ros_ws/install/tello_driver/share/ament_index/resource_index/package_run_dependencies/tello_driver
[1.150s] -- Up-to-date: /home/hkim/development/tello_ros_ws/install/tello_driver/share/ament_index/resource_index/parent_prefix_path/tello_driver
[1.150s] -- Up-to-date: /home/hkim/development/tello_ros_ws/install/tello_driver/share/tello_driver/environment/ament_prefix_path.sh
[1.150s] -- Up-to-date: /home/hkim/development/tello_ros_ws/install/tello_driver/share/tello_driver/environment/ament_prefix_path.dsv
[1.151s] -- Up-to-date: /home/hkim/development/tello_ros_ws/install/tello_driver/share/tello_driver/environment/path.sh
[1.151s] -- Up-to-date: /home/hkim/development/tello_ros_ws/install/tello_driver/share/tello_driver/environment/path.dsv
[1.152s] -- Up-to-date: /home/hkim/development/tello_ros_ws/install/tello_driver/share/tello_driver/local_setup.bash
[1.152s] -- Up-to-date: /home/hkim/development/tello_ros_ws/install/tello_driver/share/tello_driver/local_setup.sh
[1.152s] -- Up-to-date: /home/hkim/development/tello_ros_ws/install/tello_driver/share/tello_driver/local_setup.zsh
[1.152s] -- Up-to-date: /home/hkim/development/tello_ros_ws/install/tello_driver/share/tello_driver/local_setup.dsv
[1.152s] -- Installing: /home/hkim/development/tello_ros_ws/install/tello_driver/share/tello_driver/package.dsv
[1.152s] -- Up-to-date: /home/hkim/development/tello_ros_ws/install/tello_driver/share/ament_index/resource_index/packages/tello_driver
[1.152s] -- Up-to-date: /home/hkim/development/tello_ros_ws/install/tello_driver/share/ament_index/resource_index/rclcpp_components/tello_driver
[1.153s] -- Up-to-date: /home/hkim/development/tello_ros_ws/install/tello_driver/share/tello_driver/cmake/tello_driverConfig.cmake
[1.153s] -- Up-to-date: /home/hkim/development/tello_ros_ws/install/tello_driver/share/tello_driver/cmake/tello_driverConfig-version.cmake
[1.153s] -- Up-to-date: /home/hkim/development/tello_ros_ws/install/tello_driver/share/tello_driver/package.xml
[1.172s] Invoked command in '/home/hkim/development/tello_ros_ws/build/tello_driver' returned '0': AMENT_PREFIX_PATH=/home/hkim/development/tello_ros_ws/install/tello_msgs:/home/hkim/development/tello_ros_ws/install/ros2_shared:${AMENT_PREFIX_PATH} CMAKE_PREFIX_PATH=/home/hkim/development/tello_ros_ws/install/tello_msgs:/home/hkim/development/tello_ros_ws/install/ros2_shared:/opt/ros/foxy LD_LIBRARY_PATH=/home/hkim/development/tello_ros_ws/install/tello_msgs/lib:${LD_LIBRARY_PATH} PYTHONPATH=/home/hkim/development/tello_ros_ws/install/tello_msgs/lib/python3.8/site-packages:${PYTHONPATH} /usr/bin/cmake --install /home/hkim/development/tello_ros_ws/build/tello_driver
