-- The C compiler identification is GNU 9.4.0
-- The CXX compiler identification is GNU 9.4.0
-- Check for working C compiler: /usr/bin/cc
-- Check for working C compiler: /usr/bin/cc -- works
-- Detecting C compiler ABI info
-- Detecting C compiler ABI info - done
-- Detecting C compile features
-- Detecting C compile features - done
-- Check for working CXX compiler: /usr/bin/c++
-- Check for working CXX compiler: /usr/bin/c++ -- works
-- Detecting CXX compiler ABI info
-- Detecting CXX compiler ABI info - done
-- Detecting CXX compile features
-- Detecting CXX compile features - done
-- Performing Test COMPILER_SUPPORTS_CXX14
-- Performing Test COMPILER_SUPPORTS_CXX14 - Success
-- Performing Test COMPILER_SUPPORTS_CXX0X
-- Performing Test COMPILER_SUPPORTS_CXX0X - Success
-- Using flag -std=c++14.
-- Found OpenCV: /usr (found suitable version "4.2.0", minimum required is "4.2") 
-- Looking for pthread.h
-- Looking for pthread.h - found
-- Performing Test CMAKE_HAVE_LIBC_PTHREAD
-- Performing Test CMAKE_HAVE_LIBC_PTHREAD - Failed
-- Looking for pthread_create in pthreads
-- Looking for pthread_create in pthreads - not found
-- Looking for pthread_create in pthread
-- Looking for pthread_create in pthread - found
-- Found Threads: TRUE  
-- Found OpenGL: /usr/lib/x86_64-linux-gnu/libOpenGL.so  found components: OpenGL 
-- BUILD TYPE:Release
-- Compiling on Unix
-- Found OpenMP_C: -fopenmp (found version "4.5") 
-- Found OpenMP_CXX: -fopenmp (found version "4.5") 
-- Found OpenMP: TRUE (found version "4.5")  
-- Configuring done
-- Generating done
-- Build files have been written to: /home/hkim/development/tello_ros_ws/build/ORB_SLAM3
[35m[1mScanning dependencies of target g2o[0m
[35m[1mScanning dependencies of target ORB_SLAM3[0m
[  1%] [32mBuilding CXX object Thirdparty/g2o/CMakeFiles/g2o.dir/g2o/types/types_sba.cpp.o[0m
[  2%] [32mBuilding CXX object Thirdparty/g2o/CMakeFiles/g2o.dir/g2o/types/types_seven_dof_expmap.cpp.o[0m
[  3%] [32mBuilding CXX object Thirdparty/g2o/CMakeFiles/g2o.dir/g2o/types/types_six_dof_expmap.cpp.o[0m
[  3%] [32mBuilding CXX object CMakeFiles/ORB_SLAM3.dir/src/Atlas.cc.o[0m
[  4%] [32mBuilding CXX object Thirdparty/g2o/CMakeFiles/g2o.dir/g2o/core/hyper_graph_action.cpp.o[0m
[  5%] [32mBuilding CXX object Thirdparty/g2o/CMakeFiles/g2o.dir/g2o/core/hyper_graph.cpp.o[0m
[  6%] [32mBuilding CXX object Thirdparty/g2o/CMakeFiles/g2o.dir/g2o/core/marginal_covariance_cholesky.cpp.o[0m
[  7%] [32mBuilding CXX object Thirdparty/g2o/CMakeFiles/g2o.dir/g2o/core/matrix_structure.cpp.o[0m
[  8%] [32mBuilding CXX object CMakeFiles/ORB_SLAM3.dir/src/CameraModels/KannalaBrandt8.cpp.o[0m
[  9%] [32mBuilding CXX object CMakeFiles/ORB_SLAM3.dir/src/CameraModels/Pinhole.cpp.o[0m
[ 10%] [32mBuilding CXX object CMakeFiles/ORB_SLAM3.dir/src/Config.cc.o[0m
[ 11%] [32mBuilding CXX object CMakeFiles/ORB_SLAM3.dir/src/Converter.cc.o[0m
[ 12%] [32mBuilding CXX object Thirdparty/g2o/CMakeFiles/g2o.dir/g2o/core/batch_stats.cpp.o[0m
[ 13%] [32mBuilding CXX object Thirdparty/g2o/CMakeFiles/g2o.dir/g2o/core/parameter.cpp.o[0m
[ 14%] [32mBuilding CXX object Thirdparty/g2o/CMakeFiles/g2o.dir/g2o/core/cache.cpp.o[0m
[ 15%] [32mBuilding CXX object Thirdparty/g2o/CMakeFiles/g2o.dir/g2o/core/optimizable_graph.cpp.o[0m
[ 16%] [32mBuilding CXX object CMakeFiles/ORB_SLAM3.dir/src/Frame.cc.o[0m
[ 17%] [32mBuilding CXX object CMakeFiles/ORB_SLAM3.dir/src/FrameDrawer.cc.o[0m
[ 18%] [32mBuilding CXX object CMakeFiles/ORB_SLAM3.dir/src/G2oTypes.cc.o[0m
[ 18%] [32mBuilding CXX object Thirdparty/g2o/CMakeFiles/g2o.dir/g2o/core/solver.cpp.o[0m
[ 19%] [32mBuilding CXX object Thirdparty/g2o/CMakeFiles/g2o.dir/g2o/core/optimization_algorithm_factory.cpp.o[0m
[ 20%] [32mBuilding CXX object Thirdparty/g2o/CMakeFiles/g2o.dir/g2o/core/estimate_propagator.cpp.o[0m
[ 21%] [32mBuilding CXX object Thirdparty/g2o/CMakeFiles/g2o.dir/g2o/core/factory.cpp.o[0m
[ 22%] [32mBuilding CXX object Thirdparty/g2o/CMakeFiles/g2o.dir/g2o/core/sparse_optimizer.cpp.o[0m
[ 23%] [32mBuilding CXX object Thirdparty/g2o/CMakeFiles/g2o.dir/g2o/core/hyper_dijkstra.cpp.o[0m
[ 24%] [32mBuilding CXX object Thirdparty/g2o/CMakeFiles/g2o.dir/g2o/core/parameter_container.cpp.o[0m
[ 25%] [32mBuilding CXX object Thirdparty/g2o/CMakeFiles/g2o.dir/g2o/core/optimization_algorithm.cpp.o[0m
[ 26%] [32mBuilding CXX object CMakeFiles/ORB_SLAM3.dir/src/GeometricTools.cc.o[0m
[ 27%] [32mBuilding CXX object Thirdparty/g2o/CMakeFiles/g2o.dir/g2o/core/optimization_algorithm_with_hessian.cpp.o[0m
[ 28%] [32mBuilding CXX object Thirdparty/g2o/CMakeFiles/g2o.dir/g2o/core/optimization_algorithm_levenberg.cpp.o[0m
[ 29%] [32mBuilding CXX object Thirdparty/g2o/CMakeFiles/g2o.dir/g2o/core/optimization_algorithm_gauss_newton.cpp.o[0m
[ 30%] [32mBuilding CXX object Thirdparty/g2o/CMakeFiles/g2o.dir/g2o/core/jacobian_workspace.cpp.o[0m
[ 31%] [32mBuilding CXX object Thirdparty/g2o/CMakeFiles/g2o.dir/g2o/core/robust_kernel.cpp.o[0m
[ 32%] [32mBuilding CXX object Thirdparty/g2o/CMakeFiles/g2o.dir/g2o/core/robust_kernel_factory.cpp.o[0m
[ 32%] [32mBuilding CXX object Thirdparty/g2o/CMakeFiles/g2o.dir/g2o/core/robust_kernel_impl.cpp.o[0m
[ 33%] [32mBuilding CXX object Thirdparty/g2o/CMakeFiles/g2o.dir/g2o/stuff/timeutil.cpp.o[0m
[ 34%] [32mBuilding C object Thirdparty/g2o/CMakeFiles/g2o.dir/g2o/stuff/os_specific.c.o[0m
[ 35%] [32mBuilding CXX object Thirdparty/g2o/CMakeFiles/g2o.dir/g2o/stuff/string_tools.cpp.o[0m
[ 36%] [32mBuilding CXX object Thirdparty/g2o/CMakeFiles/g2o.dir/g2o/stuff/property.cpp.o[0m
[ 37%] [32m[1mLinking CXX shared library /home/hkim/development/tello_ros_ws/src/ORB_SLAM3/Thirdparty/g2o/lib/libg2o.so[0m
[ 37%] Built target g2o
