[0.042s] Invoking command in '/home/hkim/development/tello_ros_ws/src/build/tello_msgs': CMAKE_PREFIX_PATH=${CMAKE_PREFIX_PATH}:/home/hkim/development/tello-ros2/workspace/src/install/tello:/opt/ros/foxy /usr/bin/cmake /home/hkim/development/tello_ros_ws/src/tello_ros/tello_msgs -DCMAKE_INSTALL_PREFIX=/home/hkim/development/tello_ros_ws/src/install/tello_msgs
[0.139s] -- The C compiler identification is GNU 9.4.0
[0.236s] -- The CXX compiler identification is GNU 9.4.0
[0.246s] -- Check for working C compiler: /usr/bin/cc
[0.362s] -- Check for working C compiler: /usr/bin/cc -- works
[0.364s] -- Detecting C compiler ABI info
[0.481s] -- Detecting C compiler ABI info - done
[0.505s] -- Detecting C compile features
[0.506s] -- Detecting C compile features - done
[0.510s] -- Check for working CXX compiler: /usr/bin/c++
[0.644s] -- Check for working CXX compiler: /usr/bin/c++ -- works
[0.647s] -- Detecting CXX compiler ABI info
[0.782s] -- Detecting CXX compiler ABI info - done
[0.807s] -- Detecting CXX compile features
[0.807s] -- Detecting CXX compile features - done
[0.816s] -- Found ament_cmake: 0.9.12 (/opt/ros/foxy/share/ament_cmake/cmake)
[0.873s] -- Found PythonInterp: /usr/bin/python3 (found suitable version "3.8.10", minimum required is "3") 
[0.874s] -- Using PYTHON_EXECUTABLE: /usr/bin/python3
[1.277s] -- Found rosidl_default_generators: 1.0.1 (/opt/ros/foxy/share/rosidl_default_generators/cmake)
[1.290s] -- Using all available rosidl_typesupport_c: rosidl_typesupport_fastrtps_c;rosidl_typesupport_introspection_c
[1.308s] -- Found rosidl_adapter: 1.3.1 (/opt/ros/foxy/share/rosidl_adapter/cmake)
[1.530s] -- Found OpenSSL: /usr/lib/x86_64-linux-gnu/libcrypto.so (found version "1.1.1f")  
[1.616s] -- Found FastRTPS: /opt/ros/foxy/include  
[1.894s] -- Using all available rosidl_typesupport_cpp: rosidl_typesupport_fastrtps_cpp;rosidl_typesupport_introspection_cpp
[1.964s] -- Found std_msgs: 2.0.5 (/opt/ros/foxy/share/std_msgs/cmake)
[2.085s] -- Found PythonInterp: /usr/bin/python3 (found version "3.8.10") 
[2.355s] -- Found ament_cmake_ros: 0.9.2 (/opt/ros/foxy/share/ament_cmake_ros/cmake)
[2.627s] -- Using all available rosidl_typesupport_c: rosidl_typesupport_fastrtps_c;rosidl_typesupport_introspection_c
[2.764s] -- Using all available rosidl_typesupport_cpp: rosidl_typesupport_fastrtps_cpp;rosidl_typesupport_introspection_cpp
[2.799s] -- Found PythonInterp: /usr/bin/python3 (found suitable version "3.8.10", minimum required is "3.5") 
[2.803s] -- Found python_cmake_module: 0.8.1 (/opt/ros/foxy/share/python_cmake_module/cmake)
[2.861s] -- Found PythonLibs: /usr/lib/x86_64-linux-gnu/libpython3.8.so (found suitable version "3.8.10", minimum required is "3.5") 
[2.861s] -- Using PYTHON_EXECUTABLE: /usr/bin/python3
[2.861s] -- Using PYTHON_INCLUDE_DIRS: /usr/include/python3.8
[2.861s] -- Using PYTHON_LIBRARIES: /usr/lib/x86_64-linux-gnu/libpython3.8.so
[2.898s] -- Found PythonExtra: .so  
[3.008s] -- Configuring done
[3.069s] -- Generating done
[3.073s] -- Build files have been written to: /home/hkim/development/tello_ros_ws/src/build/tello_msgs
[3.080s] Invoked command in '/home/hkim/development/tello_ros_ws/src/build/tello_msgs' returned '0': CMAKE_PREFIX_PATH=${CMAKE_PREFIX_PATH}:/home/hkim/development/tello-ros2/workspace/src/install/tello:/opt/ros/foxy /usr/bin/cmake /home/hkim/development/tello_ros_ws/src/tello_ros/tello_msgs -DCMAKE_INSTALL_PREFIX=/home/hkim/development/tello_ros_ws/src/install/tello_msgs
[3.083s] Invoking command in '/home/hkim/development/tello_ros_ws/src/build/tello_msgs': CMAKE_PREFIX_PATH=${CMAKE_PREFIX_PATH}:/home/hkim/development/tello-ros2/workspace/src/install/tello:/opt/ros/foxy /usr/bin/cmake --build /home/hkim/development/tello_ros_ws/src/build/tello_msgs -- -j4 -l4
[3.134s] [35m[1mScanning dependencies of target tello_msgs__cpp[0m
[3.136s] [  2%] [34m[1mGenerating C code for ROS interfaces[0m
[3.154s] [  4%] [34m[1mGenerating C++ code for ROS interfaces[0m
[4.435s] [35m[1mScanning dependencies of target tello_msgs__rosidl_generator_c[0m
[4.471s] [  6%] [32mBuilding C object CMakeFiles/tello_msgs__rosidl_generator_c.dir/rosidl_generator_c/tello_msgs/msg/detail/tello_response__functions.c.o[0m
[4.476s] [  8%] [32mBuilding C object CMakeFiles/tello_msgs__rosidl_generator_c.dir/rosidl_generator_c/tello_msgs/srv/detail/tello_action__functions.c.o[0m
[4.487s] [ 10%] [32mBuilding C object CMakeFiles/tello_msgs__rosidl_generator_c.dir/rosidl_generator_c/tello_msgs/msg/detail/flight_data__functions.c.o[0m
[4.509s] [ 10%] Built target tello_msgs__cpp
[4.571s] [ 12%] [34m[1mGenerating C++ type support dispatch for ROS interfaces[0m
[4.626s] [ 14%] [34m[1mGenerating C++ type support for eProsima Fast-RTPS[0m
[4.634s] [ 17%] [34m[1mGenerating C++ introspection for ROS interfaces[0m
[4.664s] [ 19%] [32m[1mLinking C shared library libtello_msgs__rosidl_generator_c.so[0m
[4.836s] [ 19%] Built target tello_msgs__rosidl_generator_c
[4.922s] [ 21%] [34m[1mGenerating C introspection for ROS interfaces[0m
[6.516s] [35m[1mScanning dependencies of target tello_msgs__rosidl_typesupport_cpp[0m
[6.602s] [ 23%] [32mBuilding CXX object CMakeFiles/tello_msgs__rosidl_typesupport_cpp.dir/rosidl_typesupport_cpp/tello_msgs/msg/flight_data__type_support.cpp.o[0m
[6.974s] [35m[1mScanning dependencies of target tello_msgs__rosidl_typesupport_introspection_cpp[0m
[7.039s] [ 25%] [32mBuilding CXX object CMakeFiles/tello_msgs__rosidl_typesupport_introspection_cpp.dir/rosidl_typesupport_introspection_cpp/tello_msgs/msg/detail/flight_data__type_support.cpp.o[0m
[7.118s] [35m[1mScanning dependencies of target tello_msgs__rosidl_typesupport_introspection_c[0m
[7.150s] [35m[1mScanning dependencies of target tello_msgs__rosidl_typesupport_fastrtps_cpp[0m
[7.196s] [ 27%] [32mBuilding C object CMakeFiles/tello_msgs__rosidl_typesupport_introspection_c.dir/rosidl_typesupport_introspection_c/tello_msgs/msg/detail/flight_data__type_support.c.o[0m
[7.233s] [ 29%] [32mBuilding CXX object CMakeFiles/tello_msgs__rosidl_typesupport_fastrtps_cpp.dir/rosidl_typesupport_fastrtps_cpp/tello_msgs/msg/detail/dds_fastrtps/flight_data__type_support.cpp.o[0m
[7.357s] [ 31%] [32mBuilding C object CMakeFiles/tello_msgs__rosidl_typesupport_introspection_c.dir/rosidl_typesupport_introspection_c/tello_msgs/msg/detail/tello_response__type_support.c.o[0m
[7.500s] [ 34%] [32mBuilding C object CMakeFiles/tello_msgs__rosidl_typesupport_introspection_c.dir/rosidl_typesupport_introspection_c/tello_msgs/srv/detail/tello_action__type_support.c.o[0m
[7.557s] [ 36%] [32mBuilding CXX object CMakeFiles/tello_msgs__rosidl_typesupport_cpp.dir/rosidl_typesupport_cpp/tello_msgs/msg/tello_response__type_support.cpp.o[0m
[7.684s] [ 38%] [32m[1mLinking C shared library libtello_msgs__rosidl_typesupport_introspection_c.so[0m
[7.858s] [ 38%] Built target tello_msgs__rosidl_typesupport_introspection_c
[7.901s] [ 40%] [32mBuilding CXX object CMakeFiles/tello_msgs__rosidl_typesupport_cpp.dir/rosidl_typesupport_cpp/tello_msgs/srv/tello_action__type_support.cpp.o[0m
[8.101s] [ 42%] [32mBuilding CXX object CMakeFiles/tello_msgs__rosidl_typesupport_introspection_cpp.dir/rosidl_typesupport_introspection_cpp/tello_msgs/msg/detail/tello_response__type_support.cpp.o[0m
[8.614s] [ 44%] [32mBuilding CXX object CMakeFiles/tello_msgs__rosidl_typesupport_fastrtps_cpp.dir/rosidl_typesupport_fastrtps_cpp/tello_msgs/msg/detail/dds_fastrtps/tello_response__type_support.cpp.o[0m
[8.648s] [ 46%] [32mBuilding CXX object CMakeFiles/tello_msgs__rosidl_typesupport_introspection_cpp.dir/rosidl_typesupport_introspection_cpp/tello_msgs/srv/detail/tello_action__type_support.cpp.o[0m
[8.920s] [ 48%] [32m[1mLinking CXX shared library libtello_msgs__rosidl_typesupport_cpp.so[0m
[8.956s] [ 51%] [32mBuilding CXX object CMakeFiles/tello_msgs__rosidl_typesupport_fastrtps_cpp.dir/rosidl_typesupport_fastrtps_cpp/tello_msgs/srv/detail/dds_fastrtps/tello_action__type_support.cpp.o[0m
[9.124s] [ 51%] Built target tello_msgs__rosidl_typesupport_cpp
[9.192s] [ 53%] [34m[1mGenerating C type support dispatch for ROS interfaces[0m
[9.490s] [ 55%] [32m[1mLinking CXX shared library libtello_msgs__rosidl_typesupport_introspection_cpp.so[0m
[9.761s] [ 55%] Built target tello_msgs__rosidl_typesupport_introspection_cpp
[10.054s] [ 57%] [32m[1mLinking CXX shared library libtello_msgs__rosidl_typesupport_fastrtps_cpp.so[0m
[10.195s] [ 57%] Built target tello_msgs__rosidl_typesupport_fastrtps_cpp
[10.212s] [ 59%] [34m[1mGenerating C type support for eProsima Fast-RTPS[0m
[10.327s] [35m[1mScanning dependencies of target tello_msgs__rosidl_typesupport_c[0m
[10.352s] [ 63%] [32mBuilding CXX object CMakeFiles/tello_msgs__rosidl_typesupport_c.dir/rosidl_typesupport_c/tello_msgs/msg/tello_response__type_support.cpp.o[0m
[10.352s] [ 63%] [32mBuilding CXX object CMakeFiles/tello_msgs__rosidl_typesupport_c.dir/rosidl_typesupport_c/tello_msgs/msg/flight_data__type_support.cpp.o[0m
[10.355s] [ 65%] [32mBuilding CXX object CMakeFiles/tello_msgs__rosidl_typesupport_c.dir/rosidl_typesupport_c/tello_msgs/srv/tello_action__type_support.cpp.o[0m
[10.431s] [ 68%] [32m[1mLinking CXX shared library libtello_msgs__rosidl_typesupport_c.so[0m
[10.488s] [ 68%] Built target tello_msgs__rosidl_typesupport_c
[11.150s] [35m[1mScanning dependencies of target tello_msgs__rosidl_typesupport_fastrtps_c[0m
[11.185s] [ 70%] [32mBuilding CXX object CMakeFiles/tello_msgs__rosidl_typesupport_fastrtps_c.dir/rosidl_typesupport_fastrtps_c/tello_msgs/msg/detail/flight_data__type_support_c.cpp.o[0m
[11.206s] [ 72%] [32mBuilding CXX object CMakeFiles/tello_msgs__rosidl_typesupport_fastrtps_c.dir/rosidl_typesupport_fastrtps_c/tello_msgs/msg/detail/tello_response__type_support_c.cpp.o[0m
[11.230s] [ 74%] [32mBuilding CXX object CMakeFiles/tello_msgs__rosidl_typesupport_fastrtps_c.dir/rosidl_typesupport_fastrtps_c/tello_msgs/srv/detail/tello_action__type_support_c.cpp.o[0m
[11.965s] [ 76%] [32m[1mLinking CXX shared library libtello_msgs__rosidl_typesupport_fastrtps_c.so[0m
[12.066s] [ 76%] Built target tello_msgs__rosidl_typesupport_fastrtps_c
[12.079s] [35m[1mScanning dependencies of target tello_msgs[0m
[12.091s] [ 76%] Built target tello_msgs
[12.103s] [35m[1mScanning dependencies of target tello_msgs__py[0m
[12.115s] [ 78%] [34m[1mGenerating Python code for ROS interfaces[0m
[13.792s] [ 78%] Built target tello_msgs__py
[13.804s] [35m[1mScanning dependencies of target tello_msgs__python[0m
[13.833s] [ 82%] [32mBuilding C object CMakeFiles/tello_msgs__python.dir/rosidl_generator_py/tello_msgs/msg/_flight_data_s.c.o[0m
[13.833s] [ 82%] [32mBuilding C object CMakeFiles/tello_msgs__python.dir/rosidl_generator_py/tello_msgs/msg/_tello_response_s.c.o[0m
[13.841s] [ 85%] [32mBuilding C object CMakeFiles/tello_msgs__python.dir/rosidl_generator_py/tello_msgs/srv/_tello_action_s.c.o[0m
[14.013s] [ 87%] [32m[1mLinking C shared library rosidl_generator_py/tello_msgs/libtello_msgs__python.so[0m
[14.061s] [ 87%] Built target tello_msgs__python
[14.080s] [35m[1mScanning dependencies of target tello_msgs__rosidl_typesupport_c__pyext[0m
[14.082s] [35m[1mScanning dependencies of target tello_msgs__rosidl_typesupport_fastrtps_c__pyext[0m
[14.082s] [35m[1mScanning dependencies of target tello_msgs__rosidl_typesupport_introspection_c__pyext[0m
[14.117s] [ 89%] [32mBuilding C object CMakeFiles/tello_msgs__rosidl_typesupport_introspection_c__pyext.dir/rosidl_generator_py/tello_msgs/_tello_msgs_s.ep.rosidl_typesupport_introspection_c.c.o[0m
[14.119s] [ 93%] [32mBuilding C object CMakeFiles/tello_msgs__rosidl_typesupport_c__pyext.dir/rosidl_generator_py/tello_msgs/_tello_msgs_s.ep.rosidl_typesupport_c.c.o[0m
[14.119s] [ 93%] [32mBuilding C object CMakeFiles/tello_msgs__rosidl_typesupport_fastrtps_c__pyext.dir/rosidl_generator_py/tello_msgs/_tello_msgs_s.ep.rosidl_typesupport_fastrtps_c.c.o[0m
[14.276s] [ 95%] [32m[1mLinking C shared library rosidl_generator_py/tello_msgs/tello_msgs_s__rosidl_typesupport_introspection_c.cpython-38-x86_64-linux-gnu.so[0m
[14.284s] [ 97%] [32m[1mLinking CXX shared library rosidl_generator_py/tello_msgs/tello_msgs_s__rosidl_typesupport_fastrtps_c.cpython-38-x86_64-linux-gnu.so[0m
[14.291s] [100%] [32m[1mLinking C shared library rosidl_generator_py/tello_msgs/tello_msgs_s__rosidl_typesupport_c.cpython-38-x86_64-linux-gnu.so[0m
[14.347s] [100%] Built target tello_msgs__rosidl_typesupport_introspection_c__pyext
[14.364s] [100%] Built target tello_msgs__rosidl_typesupport_c__pyext
[14.394s] [100%] Built target tello_msgs__rosidl_typesupport_fastrtps_c__pyext
[14.407s] Invoked command in '/home/hkim/development/tello_ros_ws/src/build/tello_msgs' returned '0': CMAKE_PREFIX_PATH=${CMAKE_PREFIX_PATH}:/home/hkim/development/tello-ros2/workspace/src/install/tello:/opt/ros/foxy /usr/bin/cmake --build /home/hkim/development/tello_ros_ws/src/build/tello_msgs -- -j4 -l4
[14.513s] Invoking command in '/home/hkim/development/tello_ros_ws/src/build/tello_msgs': CMAKE_PREFIX_PATH=${CMAKE_PREFIX_PATH}:/home/hkim/development/tello-ros2/workspace/src/install/tello:/opt/ros/foxy /usr/bin/cmake --install /home/hkim/development/tello_ros_ws/src/build/tello_msgs
[14.524s] -- Install configuration: ""
[14.524s] -- Installing: /home/hkim/development/tello_ros_ws/src/install/tello_msgs/share/ament_index/resource_index/rosidl_interfaces/tello_msgs
[14.524s] -- Installing: /home/hkim/development/tello_ros_ws/src/install/tello_msgs/include/tello_msgs
[14.525s] -- Installing: /home/hkim/development/tello_ros_ws/src/install/tello_msgs/include/tello_msgs/srv
[14.525s] -- Installing: /home/hkim/development/tello_ros_ws/src/install/tello_msgs/include/tello_msgs/srv/detail
[14.525s] -- Installing: /home/hkim/development/tello_ros_ws/src/install/tello_msgs/include/tello_msgs/srv/detail/tello_action__functions.h
[14.525s] -- Installing: /home/hkim/development/tello_ros_ws/src/install/tello_msgs/include/tello_msgs/srv/detail/tello_action__struct.h
[14.525s] -- Installing: /home/hkim/development/tello_ros_ws/src/install/tello_msgs/include/tello_msgs/srv/detail/tello_action__type_support.h
[14.526s] -- Installing: /home/hkim/development/tello_ros_ws/src/install/tello_msgs/include/tello_msgs/srv/detail/tello_action__functions.c
[14.526s] -- Installing: /home/hkim/development/tello_ros_ws/src/install/tello_msgs/include/tello_msgs/srv/tello_action.h
[14.526s] -- Installing: /home/hkim/development/tello_ros_ws/src/install/tello_msgs/include/tello_msgs/msg
[14.526s] -- Installing: /home/hkim/development/tello_ros_ws/src/install/tello_msgs/include/tello_msgs/msg/detail
[14.526s] -- Installing: /home/hkim/development/tello_ros_ws/src/install/tello_msgs/include/tello_msgs/msg/detail/flight_data__struct.h
[14.527s] -- Installing: /home/hkim/development/tello_ros_ws/src/install/tello_msgs/include/tello_msgs/msg/detail/flight_data__functions.c
[14.527s] -- Installing: /home/hkim/development/tello_ros_ws/src/install/tello_msgs/include/tello_msgs/msg/detail/flight_data__type_support.h
[14.527s] -- Installing: /home/hkim/development/tello_ros_ws/src/install/tello_msgs/include/tello_msgs/msg/detail/tello_response__type_support.h
[14.527s] -- Installing: /home/hkim/development/tello_ros_ws/src/install/tello_msgs/include/tello_msgs/msg/detail/tello_response__struct.h
[14.527s] -- Installing: /home/hkim/development/tello_ros_ws/src/install/tello_msgs/include/tello_msgs/msg/detail/tello_response__functions.h
[14.527s] -- Installing: /home/hkim/development/tello_ros_ws/src/install/tello_msgs/include/tello_msgs/msg/detail/flight_data__functions.h
[14.528s] -- Installing: /home/hkim/development/tello_ros_ws/src/install/tello_msgs/include/tello_msgs/msg/detail/tello_response__functions.c
[14.528s] -- Installing: /home/hkim/development/tello_ros_ws/src/install/tello_msgs/include/tello_msgs/msg/tello_response.h
[14.528s] -- Installing: /home/hkim/development/tello_ros_ws/src/install/tello_msgs/include/tello_msgs/msg/rosidl_generator_c__visibility_control.h
[14.528s] -- Installing: /home/hkim/development/tello_ros_ws/src/install/tello_msgs/include/tello_msgs/msg/flight_data.h
[14.528s] -- Installing: /home/hkim/development/tello_ros_ws/src/install/tello_msgs/share/tello_msgs/environment/library_path.sh
[14.528s] -- Installing: /home/hkim/development/tello_ros_ws/src/install/tello_msgs/share/tello_msgs/environment/library_path.dsv
[14.529s] -- Installing: /home/hkim/development/tello_ros_ws/src/install/tello_msgs/lib/libtello_msgs__rosidl_generator_c.so
[14.529s] -- Set runtime path of "/home/hkim/development/tello_ros_ws/src/install/tello_msgs/lib/libtello_msgs__rosidl_generator_c.so" to ""
[14.529s] -- Up-to-date: /home/hkim/development/tello_ros_ws/src/install/tello_msgs/include/tello_msgs
[14.530s] -- Up-to-date: /home/hkim/development/tello_ros_ws/src/install/tello_msgs/include/tello_msgs/srv
[14.530s] -- Up-to-date: /home/hkim/development/tello_ros_ws/src/install/tello_msgs/include/tello_msgs/srv/detail
[14.530s] -- Installing: /home/hkim/development/tello_ros_ws/src/install/tello_msgs/include/tello_msgs/srv/detail/tello_action__rosidl_typesupport_fastrtps_c.h
[14.530s] -- Up-to-date: /home/hkim/development/tello_ros_ws/src/install/tello_msgs/include/tello_msgs/msg
[14.530s] -- Up-to-date: /home/hkim/development/tello_ros_ws/src/install/tello_msgs/include/tello_msgs/msg/detail
[14.530s] -- Installing: /home/hkim/development/tello_ros_ws/src/install/tello_msgs/include/tello_msgs/msg/detail/tello_response__rosidl_typesupport_fastrtps_c.h
[14.531s] -- Installing: /home/hkim/development/tello_ros_ws/src/install/tello_msgs/include/tello_msgs/msg/detail/flight_data__rosidl_typesupport_fastrtps_c.h
[14.531s] -- Installing: /home/hkim/development/tello_ros_ws/src/install/tello_msgs/include/tello_msgs/msg/rosidl_typesupport_fastrtps_c__visibility_control.h
[14.531s] -- Installing: /home/hkim/development/tello_ros_ws/src/install/tello_msgs/lib/libtello_msgs__rosidl_typesupport_fastrtps_c.so
[14.531s] -- Set runtime path of "/home/hkim/development/tello_ros_ws/src/install/tello_msgs/lib/libtello_msgs__rosidl_typesupport_fastrtps_c.so" to ""
[14.531s] -- Up-to-date: /home/hkim/development/tello_ros_ws/src/install/tello_msgs/include/tello_msgs
[14.532s] -- Up-to-date: /home/hkim/development/tello_ros_ws/src/install/tello_msgs/include/tello_msgs/srv
[14.532s] -- Up-to-date: /home/hkim/development/tello_ros_ws/src/install/tello_msgs/include/tello_msgs/srv/detail
[14.532s] -- Installing: /home/hkim/development/tello_ros_ws/src/install/tello_msgs/include/tello_msgs/srv/detail/dds_fastrtps
[14.532s] -- Installing: /home/hkim/development/tello_ros_ws/src/install/tello_msgs/include/tello_msgs/srv/detail/tello_action__rosidl_typesupport_fastrtps_cpp.hpp
[14.532s] -- Up-to-date: /home/hkim/development/tello_ros_ws/src/install/tello_msgs/include/tello_msgs/msg
[14.532s] -- Up-to-date: /home/hkim/development/tello_ros_ws/src/install/tello_msgs/include/tello_msgs/msg/detail
[14.533s] -- Installing: /home/hkim/development/tello_ros_ws/src/install/tello_msgs/include/tello_msgs/msg/detail/dds_fastrtps
[14.533s] -- Installing: /home/hkim/development/tello_ros_ws/src/install/tello_msgs/include/tello_msgs/msg/detail/flight_data__rosidl_typesupport_fastrtps_cpp.hpp
[14.533s] -- Installing: /home/hkim/development/tello_ros_ws/src/install/tello_msgs/include/tello_msgs/msg/detail/tello_response__rosidl_typesupport_fastrtps_cpp.hpp
[14.533s] -- Installing: /home/hkim/development/tello_ros_ws/src/install/tello_msgs/include/tello_msgs/msg/rosidl_typesupport_fastrtps_cpp__visibility_control.h
[14.533s] -- Installing: /home/hkim/development/tello_ros_ws/src/install/tello_msgs/lib/libtello_msgs__rosidl_typesupport_fastrtps_cpp.so
[14.534s] -- Set runtime path of "/home/hkim/development/tello_ros_ws/src/install/tello_msgs/lib/libtello_msgs__rosidl_typesupport_fastrtps_cpp.so" to ""
[14.534s] -- Up-to-date: /home/hkim/development/tello_ros_ws/src/install/tello_msgs/include/tello_msgs
[14.534s] -- Up-to-date: /home/hkim/development/tello_ros_ws/src/install/tello_msgs/include/tello_msgs/srv
[14.534s] -- Up-to-date: /home/hkim/development/tello_ros_ws/src/install/tello_msgs/include/tello_msgs/srv/detail
[14.534s] -- Installing: /home/hkim/development/tello_ros_ws/src/install/tello_msgs/include/tello_msgs/srv/detail/tello_action__rosidl_typesupport_introspection_c.h
[14.534s] -- Installing: /home/hkim/development/tello_ros_ws/src/install/tello_msgs/include/tello_msgs/srv/detail/tello_action__type_support.c
[14.535s] -- Up-to-date: /home/hkim/development/tello_ros_ws/src/install/tello_msgs/include/tello_msgs/msg
[14.535s] -- Up-to-date: /home/hkim/development/tello_ros_ws/src/install/tello_msgs/include/tello_msgs/msg/detail
[14.535s] -- Installing: /home/hkim/development/tello_ros_ws/src/install/tello_msgs/include/tello_msgs/msg/detail/flight_data__type_support.c
[14.535s] -- Installing: /home/hkim/development/tello_ros_ws/src/install/tello_msgs/include/tello_msgs/msg/detail/tello_response__type_support.c
[14.535s] -- Installing: /home/hkim/development/tello_ros_ws/src/install/tello_msgs/include/tello_msgs/msg/detail/tello_response__rosidl_typesupport_introspection_c.h
[14.535s] -- Installing: /home/hkim/development/tello_ros_ws/src/install/tello_msgs/include/tello_msgs/msg/detail/flight_data__rosidl_typesupport_introspection_c.h
[14.535s] -- Installing: /home/hkim/development/tello_ros_ws/src/install/tello_msgs/include/tello_msgs/msg/rosidl_typesupport_introspection_c__visibility_control.h
[14.536s] -- Installing: /home/hkim/development/tello_ros_ws/src/install/tello_msgs/lib/libtello_msgs__rosidl_typesupport_introspection_c.so
[14.536s] -- Set runtime path of "/home/hkim/development/tello_ros_ws/src/install/tello_msgs/lib/libtello_msgs__rosidl_typesupport_introspection_c.so" to ""
[14.536s] -- Installing: /home/hkim/development/tello_ros_ws/src/install/tello_msgs/lib/libtello_msgs__rosidl_typesupport_c.so
[14.536s] -- Set runtime path of "/home/hkim/development/tello_ros_ws/src/install/tello_msgs/lib/libtello_msgs__rosidl_typesupport_c.so" to ""
[14.536s] -- Up-to-date: /home/hkim/development/tello_ros_ws/src/install/tello_msgs/include/tello_msgs
[14.537s] -- Up-to-date: /home/hkim/development/tello_ros_ws/src/install/tello_msgs/include/tello_msgs/srv
[14.537s] -- Up-to-date: /home/hkim/development/tello_ros_ws/src/install/tello_msgs/include/tello_msgs/srv/detail
[14.537s] -- Installing: /home/hkim/development/tello_ros_ws/src/install/tello_msgs/include/tello_msgs/srv/detail/tello_action__type_support.hpp
[14.537s] -- Installing: /home/hkim/development/tello_ros_ws/src/install/tello_msgs/include/tello_msgs/srv/detail/tello_action__struct.hpp
[14.537s] -- Installing: /home/hkim/development/tello_ros_ws/src/install/tello_msgs/include/tello_msgs/srv/detail/tello_action__traits.hpp
[14.538s] -- Installing: /home/hkim/development/tello_ros_ws/src/install/tello_msgs/include/tello_msgs/srv/detail/tello_action__builder.hpp
[14.538s] -- Installing: /home/hkim/development/tello_ros_ws/src/install/tello_msgs/include/tello_msgs/srv/tello_action.hpp
[14.538s] -- Up-to-date: /home/hkim/development/tello_ros_ws/src/install/tello_msgs/include/tello_msgs/msg
[14.538s] -- Installing: /home/hkim/development/tello_ros_ws/src/install/tello_msgs/include/tello_msgs/msg/tello_response.hpp
[14.538s] -- Installing: /home/hkim/development/tello_ros_ws/src/install/tello_msgs/include/tello_msgs/msg/rosidl_generator_cpp__visibility_control.hpp
[14.539s] -- Up-to-date: /home/hkim/development/tello_ros_ws/src/install/tello_msgs/include/tello_msgs/msg/detail
[14.539s] -- Installing: /home/hkim/development/tello_ros_ws/src/install/tello_msgs/include/tello_msgs/msg/detail/flight_data__builder.hpp
[14.539s] -- Installing: /home/hkim/development/tello_ros_ws/src/install/tello_msgs/include/tello_msgs/msg/detail/flight_data__type_support.hpp
[14.539s] -- Installing: /home/hkim/development/tello_ros_ws/src/install/tello_msgs/include/tello_msgs/msg/detail/flight_data__traits.hpp
[14.539s] -- Installing: /home/hkim/development/tello_ros_ws/src/install/tello_msgs/include/tello_msgs/msg/detail/tello_response__struct.hpp
[14.540s] -- Installing: /home/hkim/development/tello_ros_ws/src/install/tello_msgs/include/tello_msgs/msg/detail/tello_response__traits.hpp
[14.540s] -- Installing: /home/hkim/development/tello_ros_ws/src/install/tello_msgs/include/tello_msgs/msg/detail/flight_data__struct.hpp
[14.540s] -- Installing: /home/hkim/development/tello_ros_ws/src/install/tello_msgs/include/tello_msgs/msg/detail/tello_response__type_support.hpp
[14.540s] -- Installing: /home/hkim/development/tello_ros_ws/src/install/tello_msgs/include/tello_msgs/msg/detail/tello_response__builder.hpp
[14.540s] -- Installing: /home/hkim/development/tello_ros_ws/src/install/tello_msgs/include/tello_msgs/msg/flight_data.hpp
[14.540s] -- Up-to-date: /home/hkim/development/tello_ros_ws/src/install/tello_msgs/include/tello_msgs
[14.540s] -- Up-to-date: /home/hkim/development/tello_ros_ws/src/install/tello_msgs/include/tello_msgs/srv
[14.541s] -- Up-to-date: /home/hkim/development/tello_ros_ws/src/install/tello_msgs/include/tello_msgs/srv/detail
[14.541s] -- Installing: /home/hkim/development/tello_ros_ws/src/install/tello_msgs/include/tello_msgs/srv/detail/tello_action__rosidl_typesupport_introspection_cpp.hpp
[14.541s] -- Installing: /home/hkim/development/tello_ros_ws/src/install/tello_msgs/include/tello_msgs/srv/detail/tello_action__type_support.cpp
[14.541s] -- Up-to-date: /home/hkim/development/tello_ros_ws/src/install/tello_msgs/include/tello_msgs/msg
[14.541s] -- Up-to-date: /home/hkim/development/tello_ros_ws/src/install/tello_msgs/include/tello_msgs/msg/detail
[14.541s] -- Installing: /home/hkim/development/tello_ros_ws/src/install/tello_msgs/include/tello_msgs/msg/detail/tello_response__rosidl_typesupport_introspection_cpp.hpp
[14.542s] -- Installing: /home/hkim/development/tello_ros_ws/src/install/tello_msgs/include/tello_msgs/msg/detail/flight_data__rosidl_typesupport_introspection_cpp.hpp
[14.542s] -- Installing: /home/hkim/development/tello_ros_ws/src/install/tello_msgs/include/tello_msgs/msg/detail/tello_response__type_support.cpp
[14.542s] -- Installing: /home/hkim/development/tello_ros_ws/src/install/tello_msgs/include/tello_msgs/msg/detail/flight_data__type_support.cpp
[14.542s] -- Installing: /home/hkim/development/tello_ros_ws/src/install/tello_msgs/lib/libtello_msgs__rosidl_typesupport_introspection_cpp.so
[14.542s] -- Set runtime path of "/home/hkim/development/tello_ros_ws/src/install/tello_msgs/lib/libtello_msgs__rosidl_typesupport_introspection_cpp.so" to ""
[14.543s] -- Installing: /home/hkim/development/tello_ros_ws/src/install/tello_msgs/lib/libtello_msgs__rosidl_typesupport_cpp.so
[14.543s] -- Set runtime path of "/home/hkim/development/tello_ros_ws/src/install/tello_msgs/lib/libtello_msgs__rosidl_typesupport_cpp.so" to ""
[14.543s] -- Installing: /home/hkim/development/tello_ros_ws/src/install/tello_msgs/share/tello_msgs/environment/pythonpath.sh
[14.543s] -- Installing: /home/hkim/development/tello_ros_ws/src/install/tello_msgs/share/tello_msgs/environment/pythonpath.dsv
[14.543s] -- Installing: /home/hkim/development/tello_ros_ws/src/install/tello_msgs/lib/python3.8/site-packages/tello_msgs/__init__.py
[14.594s] Compiling '/home/hkim/development/tello_ros_ws/src/install/tello_msgs/lib/python3.8/site-packages/tello_msgs/__init__.py'...
[14.599s] -- Installing: /home/hkim/development/tello_ros_ws/src/install/tello_msgs/lib/python3.8/site-packages/tello_msgs/msg
[14.600s] -- Installing: /home/hkim/development/tello_ros_ws/src/install/tello_msgs/lib/python3.8/site-packages/tello_msgs/msg/_tello_response_s.c
[14.600s] -- Installing: /home/hkim/development/tello_ros_ws/src/install/tello_msgs/lib/python3.8/site-packages/tello_msgs/msg/_flight_data.py
[14.600s] -- Installing: /home/hkim/development/tello_ros_ws/src/install/tello_msgs/lib/python3.8/site-packages/tello_msgs/msg/_flight_data_s.c
[14.600s] -- Installing: /home/hkim/development/tello_ros_ws/src/install/tello_msgs/lib/python3.8/site-packages/tello_msgs/msg/_tello_response.py
[14.600s] -- Installing: /home/hkim/development/tello_ros_ws/src/install/tello_msgs/lib/python3.8/site-packages/tello_msgs/msg/__init__.py
[14.601s] -- Installing: /home/hkim/development/tello_ros_ws/src/install/tello_msgs/lib/python3.8/site-packages/tello_msgs/srv
[14.601s] -- Installing: /home/hkim/development/tello_ros_ws/src/install/tello_msgs/lib/python3.8/site-packages/tello_msgs/srv/_tello_action_s.c
[14.601s] -- Installing: /home/hkim/development/tello_ros_ws/src/install/tello_msgs/lib/python3.8/site-packages/tello_msgs/srv/__init__.py
[14.601s] -- Installing: /home/hkim/development/tello_ros_ws/src/install/tello_msgs/lib/python3.8/site-packages/tello_msgs/srv/_tello_action.py
[14.601s] -- Installing: /home/hkim/development/tello_ros_ws/src/install/tello_msgs/lib/python3.8/site-packages/tello_msgs/tello_msgs_s__rosidl_typesupport_fastrtps_c.cpython-38-x86_64-linux-gnu.so
[14.602s] -- Set runtime path of "/home/hkim/development/tello_ros_ws/src/install/tello_msgs/lib/python3.8/site-packages/tello_msgs/tello_msgs_s__rosidl_typesupport_fastrtps_c.cpython-38-x86_64-linux-gnu.so" to ""
[14.602s] -- Installing: /home/hkim/development/tello_ros_ws/src/install/tello_msgs/lib/python3.8/site-packages/tello_msgs/tello_msgs_s__rosidl_typesupport_introspection_c.cpython-38-x86_64-linux-gnu.so
[14.603s] -- Set runtime path of "/home/hkim/development/tello_ros_ws/src/install/tello_msgs/lib/python3.8/site-packages/tello_msgs/tello_msgs_s__rosidl_typesupport_introspection_c.cpython-38-x86_64-linux-gnu.so" to ""
[14.603s] -- Installing: /home/hkim/development/tello_ros_ws/src/install/tello_msgs/lib/python3.8/site-packages/tello_msgs/tello_msgs_s__rosidl_typesupport_c.cpython-38-x86_64-linux-gnu.so
[14.604s] -- Set runtime path of "/home/hkim/development/tello_ros_ws/src/install/tello_msgs/lib/python3.8/site-packages/tello_msgs/tello_msgs_s__rosidl_typesupport_c.cpython-38-x86_64-linux-gnu.so" to ""
[14.604s] -- Installing: /home/hkim/development/tello_ros_ws/src/install/tello_msgs/lib/libtello_msgs__python.so
[14.604s] -- Set runtime path of "/home/hkim/development/tello_ros_ws/src/install/tello_msgs/lib/libtello_msgs__python.so" to ""
[14.605s] -- Installing: /home/hkim/development/tello_ros_ws/src/install/tello_msgs/share/tello_msgs/msg/FlightData.idl
[14.605s] -- Installing: /home/hkim/development/tello_ros_ws/src/install/tello_msgs/share/tello_msgs/msg/TelloResponse.idl
[14.605s] -- Installing: /home/hkim/development/tello_ros_ws/src/install/tello_msgs/share/tello_msgs/srv/TelloAction.idl
[14.605s] -- Installing: /home/hkim/development/tello_ros_ws/src/install/tello_msgs/share/tello_msgs/msg/FlightData.msg
[14.605s] -- Installing: /home/hkim/development/tello_ros_ws/src/install/tello_msgs/share/tello_msgs/msg/TelloResponse.msg
[14.606s] -- Installing: /home/hkim/development/tello_ros_ws/src/install/tello_msgs/share/tello_msgs/srv/TelloAction.srv
[14.606s] -- Installing: /home/hkim/development/tello_ros_ws/src/install/tello_msgs/share/tello_msgs/srv/TelloAction_Request.msg
[14.606s] -- Installing: /home/hkim/development/tello_ros_ws/src/install/tello_msgs/share/tello_msgs/srv/TelloAction_Response.msg
[14.606s] -- Installing: /home/hkim/development/tello_ros_ws/src/install/tello_msgs/share/ament_index/resource_index/package_run_dependencies/tello_msgs
[14.607s] -- Installing: /home/hkim/development/tello_ros_ws/src/install/tello_msgs/share/ament_index/resource_index/parent_prefix_path/tello_msgs
[14.607s] -- Installing: /home/hkim/development/tello_ros_ws/src/install/tello_msgs/share/tello_msgs/environment/ament_prefix_path.sh
[14.607s] -- Installing: /home/hkim/development/tello_ros_ws/src/install/tello_msgs/share/tello_msgs/environment/ament_prefix_path.dsv
[14.607s] -- Installing: /home/hkim/development/tello_ros_ws/src/install/tello_msgs/share/tello_msgs/environment/path.sh
[14.607s] -- Installing: /home/hkim/development/tello_ros_ws/src/install/tello_msgs/share/tello_msgs/environment/path.dsv
[14.608s] -- Installing: /home/hkim/development/tello_ros_ws/src/install/tello_msgs/share/tello_msgs/local_setup.bash
[14.608s] -- Installing: /home/hkim/development/tello_ros_ws/src/install/tello_msgs/share/tello_msgs/local_setup.sh
[14.608s] -- Installing: /home/hkim/development/tello_ros_ws/src/install/tello_msgs/share/tello_msgs/local_setup.zsh
[14.608s] -- Installing: /home/hkim/development/tello_ros_ws/src/install/tello_msgs/share/tello_msgs/local_setup.dsv
[14.609s] -- Installing: /home/hkim/development/tello_ros_ws/src/install/tello_msgs/share/tello_msgs/package.dsv
[14.609s] -- Installing: /home/hkim/development/tello_ros_ws/src/install/tello_msgs/share/ament_index/resource_index/packages/tello_msgs
[14.609s] -- Installing: /home/hkim/development/tello_ros_ws/src/install/tello_msgs/share/tello_msgs/cmake/tello_msgs__rosidl_generator_cExport.cmake
[14.609s] -- Installing: /home/hkim/development/tello_ros_ws/src/install/tello_msgs/share/tello_msgs/cmake/tello_msgs__rosidl_generator_cExport-noconfig.cmake
[14.610s] -- Installing: /home/hkim/development/tello_ros_ws/src/install/tello_msgs/share/tello_msgs/cmake/tello_msgs__rosidl_typesupport_introspection_cExport.cmake
[14.610s] -- Installing: /home/hkim/development/tello_ros_ws/src/install/tello_msgs/share/tello_msgs/cmake/tello_msgs__rosidl_typesupport_introspection_cExport-noconfig.cmake
[14.610s] -- Installing: /home/hkim/development/tello_ros_ws/src/install/tello_msgs/share/tello_msgs/cmake/tello_msgs__rosidl_typesupport_cExport.cmake
[14.610s] -- Installing: /home/hkim/development/tello_ros_ws/src/install/tello_msgs/share/tello_msgs/cmake/tello_msgs__rosidl_typesupport_cExport-noconfig.cmake
[14.611s] -- Installing: /home/hkim/development/tello_ros_ws/src/install/tello_msgs/share/tello_msgs/cmake/tello_msgs__rosidl_generator_cppExport.cmake
[14.611s] -- Installing: /home/hkim/development/tello_ros_ws/src/install/tello_msgs/share/tello_msgs/cmake/tello_msgs__rosidl_typesupport_introspection_cppExport.cmake
[14.611s] -- Installing: /home/hkim/development/tello_ros_ws/src/install/tello_msgs/share/tello_msgs/cmake/tello_msgs__rosidl_typesupport_introspection_cppExport-noconfig.cmake
[14.611s] -- Installing: /home/hkim/development/tello_ros_ws/src/install/tello_msgs/share/tello_msgs/cmake/tello_msgs__rosidl_typesupport_cppExport.cmake
[14.612s] -- Installing: /home/hkim/development/tello_ros_ws/src/install/tello_msgs/share/tello_msgs/cmake/tello_msgs__rosidl_typesupport_cppExport-noconfig.cmake
[14.612s] -- Installing: /home/hkim/development/tello_ros_ws/src/install/tello_msgs/share/tello_msgs/cmake/rosidl_cmake-extras.cmake
[14.612s] -- Installing: /home/hkim/development/tello_ros_ws/src/install/tello_msgs/share/tello_msgs/cmake/ament_cmake_export_dependencies-extras.cmake
[14.612s] -- Installing: /home/hkim/development/tello_ros_ws/src/install/tello_msgs/share/tello_msgs/cmake/ament_cmake_export_libraries-extras.cmake
[14.612s] -- Installing: /home/hkim/development/tello_ros_ws/src/install/tello_msgs/share/tello_msgs/cmake/ament_cmake_export_targets-extras.cmake
[14.613s] -- Installing: /home/hkim/development/tello_ros_ws/src/install/tello_msgs/share/tello_msgs/cmake/ament_cmake_export_include_directories-extras.cmake
[14.613s] -- Installing: /home/hkim/development/tello_ros_ws/src/install/tello_msgs/share/tello_msgs/cmake/rosidl_cmake_export_typesupport_libraries-extras.cmake
[14.613s] -- Installing: /home/hkim/development/tello_ros_ws/src/install/tello_msgs/share/tello_msgs/cmake/rosidl_cmake_export_typesupport_targets-extras.cmake
[14.613s] -- Installing: /home/hkim/development/tello_ros_ws/src/install/tello_msgs/share/tello_msgs/cmake/tello_msgsConfig.cmake
[14.613s] -- Installing: /home/hkim/development/tello_ros_ws/src/install/tello_msgs/share/tello_msgs/cmake/tello_msgsConfig-version.cmake
[14.614s] -- Installing: /home/hkim/development/tello_ros_ws/src/install/tello_msgs/share/tello_msgs/package.xml
[14.617s] Invoked command in '/home/hkim/development/tello_ros_ws/src/build/tello_msgs' returned '0': CMAKE_PREFIX_PATH=${CMAKE_PREFIX_PATH}:/home/hkim/development/tello-ros2/workspace/src/install/tello:/opt/ros/foxy /usr/bin/cmake --install /home/hkim/development/tello_ros_ws/src/build/tello_msgs
