[0.044s] Invoking command in '/home/hkim/development/tello_ros_ws/build/fiducial_vlam_msgs': CMAKE_PREFIX_PATH=${CMAKE_PREFIX_PATH}:/home/hkim/development/tello_ros_ws/install/tello_gazebo:/opt/ros/foxy /usr/bin/cmake --build /home/hkim/development/tello_ros_ws/build/fiducial_vlam_msgs -- -j4 -l4
[0.166s] [  2%] Built target fiducial_vlam_msgs__cpp
[0.229s] [ 12%] Built target fiducial_vlam_msgs__rosidl_generator_c
[0.315s] [ 23%] Built target fiducial_vlam_msgs__rosidl_typesupport_fastrtps_cpp
[0.316s] [ 34%] Built target fiducial_vlam_msgs__rosidl_typesupport_cpp
[0.332s] [ 44%] Built target fiducial_vlam_msgs__rosidl_typesupport_introspection_cpp
[0.349s] [ 55%] Built target fiducial_vlam_msgs__rosidl_typesupport_introspection_c
[0.400s] [ 65%] Built target fiducial_vlam_msgs__rosidl_typesupport_fastrtps_c
[0.410s] [ 76%] Built target fiducial_vlam_msgs__rosidl_typesupport_c
[0.443s] [ 76%] Built target fiducial_vlam_msgs
[0.474s] [ 78%] Built target fiducial_vlam_msgs__py
[0.542s] [ 87%] Built target fiducial_vlam_msgs__python
[0.592s] [ 91%] Built target fiducial_vlam_msgs__rosidl_typesupport_c__pyext
[0.592s] [ 95%] Built target fiducial_vlam_msgs__rosidl_typesupport_fastrtps_c__pyext
[0.592s] [100%] Built target fiducial_vlam_msgs__rosidl_typesupport_introspection_c__pyext
[0.607s] Invoked command in '/home/hkim/development/tello_ros_ws/build/fiducial_vlam_msgs' returned '0': CMAKE_PREFIX_PATH=${CMAKE_PREFIX_PATH}:/home/hkim/development/tello_ros_ws/install/tello_gazebo:/opt/ros/foxy /usr/bin/cmake --build /home/hkim/development/tello_ros_ws/build/fiducial_vlam_msgs -- -j4 -l4
[0.714s] Invoking command in '/home/hkim/development/tello_ros_ws/build/fiducial_vlam_msgs': CMAKE_PREFIX_PATH=${CMAKE_PREFIX_PATH}:/home/hkim/development/tello_ros_ws/install/tello_gazebo:/opt/ros/foxy /usr/bin/cmake --install /home/hkim/development/tello_ros_ws/build/fiducial_vlam_msgs
[0.727s] -- Install configuration: ""
[0.727s] -- Up-to-date: /home/hkim/development/tello_ros_ws/install/fiducial_vlam_msgs/share/ament_index/resource_index/rosidl_interfaces/fiducial_vlam_msgs
[0.727s] -- Up-to-date: /home/hkim/development/tello_ros_ws/install/fiducial_vlam_msgs/include/fiducial_vlam_msgs
[0.727s] -- Up-to-date: /home/hkim/development/tello_ros_ws/install/fiducial_vlam_msgs/include/fiducial_vlam_msgs/msg
[0.727s] -- Up-to-date: /home/hkim/development/tello_ros_ws/install/fiducial_vlam_msgs/include/fiducial_vlam_msgs/msg/detail
[0.727s] -- Up-to-date: /home/hkim/development/tello_ros_ws/install/fiducial_vlam_msgs/include/fiducial_vlam_msgs/msg/detail/observations__functions.c
[0.728s] -- Up-to-date: /home/hkim/development/tello_ros_ws/install/fiducial_vlam_msgs/include/fiducial_vlam_msgs/msg/detail/observation__struct.h
[0.728s] -- Up-to-date: /home/hkim/development/tello_ros_ws/install/fiducial_vlam_msgs/include/fiducial_vlam_msgs/msg/detail/observation__functions.h
[0.728s] -- Up-to-date: /home/hkim/development/tello_ros_ws/install/fiducial_vlam_msgs/include/fiducial_vlam_msgs/msg/detail/map__type_support.h
[0.728s] -- Up-to-date: /home/hkim/development/tello_ros_ws/install/fiducial_vlam_msgs/include/fiducial_vlam_msgs/msg/detail/observations__type_support.h
[0.728s] -- Up-to-date: /home/hkim/development/tello_ros_ws/install/fiducial_vlam_msgs/include/fiducial_vlam_msgs/msg/detail/map__functions.h
[0.728s] -- Up-to-date: /home/hkim/development/tello_ros_ws/install/fiducial_vlam_msgs/include/fiducial_vlam_msgs/msg/detail/observations__struct.h
[0.729s] -- Up-to-date: /home/hkim/development/tello_ros_ws/install/fiducial_vlam_msgs/include/fiducial_vlam_msgs/msg/detail/map__functions.c
[0.729s] -- Up-to-date: /home/hkim/development/tello_ros_ws/install/fiducial_vlam_msgs/include/fiducial_vlam_msgs/msg/detail/observation__type_support.h
[0.729s] -- Up-to-date: /home/hkim/development/tello_ros_ws/install/fiducial_vlam_msgs/include/fiducial_vlam_msgs/msg/detail/map__struct.h
[0.729s] -- Up-to-date: /home/hkim/development/tello_ros_ws/install/fiducial_vlam_msgs/include/fiducial_vlam_msgs/msg/detail/observations__functions.h
[0.729s] -- Up-to-date: /home/hkim/development/tello_ros_ws/install/fiducial_vlam_msgs/include/fiducial_vlam_msgs/msg/detail/observation__functions.c
[0.729s] -- Up-to-date: /home/hkim/development/tello_ros_ws/install/fiducial_vlam_msgs/include/fiducial_vlam_msgs/msg/observation.h
[0.730s] -- Up-to-date: /home/hkim/development/tello_ros_ws/install/fiducial_vlam_msgs/include/fiducial_vlam_msgs/msg/observations.h
[0.730s] -- Up-to-date: /home/hkim/development/tello_ros_ws/install/fiducial_vlam_msgs/include/fiducial_vlam_msgs/msg/rosidl_generator_c__visibility_control.h
[0.730s] -- Up-to-date: /home/hkim/development/tello_ros_ws/install/fiducial_vlam_msgs/include/fiducial_vlam_msgs/msg/map.h
[0.730s] -- Up-to-date: /home/hkim/development/tello_ros_ws/install/fiducial_vlam_msgs/share/fiducial_vlam_msgs/environment/library_path.sh
[0.730s] -- Up-to-date: /home/hkim/development/tello_ros_ws/install/fiducial_vlam_msgs/share/fiducial_vlam_msgs/environment/library_path.dsv
[0.730s] -- Up-to-date: /home/hkim/development/tello_ros_ws/install/fiducial_vlam_msgs/lib/libfiducial_vlam_msgs__rosidl_generator_c.so
[0.731s] -- Up-to-date: /home/hkim/development/tello_ros_ws/install/fiducial_vlam_msgs/include/fiducial_vlam_msgs
[0.731s] -- Up-to-date: /home/hkim/development/tello_ros_ws/install/fiducial_vlam_msgs/include/fiducial_vlam_msgs/msg
[0.731s] -- Up-to-date: /home/hkim/development/tello_ros_ws/install/fiducial_vlam_msgs/include/fiducial_vlam_msgs/msg/detail
[0.731s] -- Up-to-date: /home/hkim/development/tello_ros_ws/install/fiducial_vlam_msgs/include/fiducial_vlam_msgs/msg/detail/map__rosidl_typesupport_fastrtps_c.h
[0.731s] -- Up-to-date: /home/hkim/development/tello_ros_ws/install/fiducial_vlam_msgs/include/fiducial_vlam_msgs/msg/detail/observation__rosidl_typesupport_fastrtps_c.h
[0.732s] -- Up-to-date: /home/hkim/development/tello_ros_ws/install/fiducial_vlam_msgs/include/fiducial_vlam_msgs/msg/detail/observations__rosidl_typesupport_fastrtps_c.h
[0.732s] -- Up-to-date: /home/hkim/development/tello_ros_ws/install/fiducial_vlam_msgs/include/fiducial_vlam_msgs/msg/rosidl_typesupport_fastrtps_c__visibility_control.h
[0.732s] -- Up-to-date: /home/hkim/development/tello_ros_ws/install/fiducial_vlam_msgs/lib/libfiducial_vlam_msgs__rosidl_typesupport_fastrtps_c.so
[0.732s] -- Up-to-date: /home/hkim/development/tello_ros_ws/install/fiducial_vlam_msgs/include/fiducial_vlam_msgs
[0.732s] -- Up-to-date: /home/hkim/development/tello_ros_ws/install/fiducial_vlam_msgs/include/fiducial_vlam_msgs/msg
[0.733s] -- Up-to-date: /home/hkim/development/tello_ros_ws/install/fiducial_vlam_msgs/include/fiducial_vlam_msgs/msg/detail
[0.733s] -- Up-to-date: /home/hkim/development/tello_ros_ws/install/fiducial_vlam_msgs/include/fiducial_vlam_msgs/msg/detail/dds_fastrtps
[0.734s] -- Up-to-date: /home/hkim/development/tello_ros_ws/install/fiducial_vlam_msgs/include/fiducial_vlam_msgs/msg/detail/map__rosidl_typesupport_fastrtps_cpp.hpp
[0.734s] -- Up-to-date: /home/hkim/development/tello_ros_ws/install/fiducial_vlam_msgs/include/fiducial_vlam_msgs/msg/detail/observations__rosidl_typesupport_fastrtps_cpp.hpp
[0.734s] -- Up-to-date: /home/hkim/development/tello_ros_ws/install/fiducial_vlam_msgs/include/fiducial_vlam_msgs/msg/detail/observation__rosidl_typesupport_fastrtps_cpp.hpp
[0.734s] -- Up-to-date: /home/hkim/development/tello_ros_ws/install/fiducial_vlam_msgs/include/fiducial_vlam_msgs/msg/rosidl_typesupport_fastrtps_cpp__visibility_control.h
[0.735s] -- Up-to-date: /home/hkim/development/tello_ros_ws/install/fiducial_vlam_msgs/lib/libfiducial_vlam_msgs__rosidl_typesupport_fastrtps_cpp.so
[0.735s] -- Up-to-date: /home/hkim/development/tello_ros_ws/install/fiducial_vlam_msgs/include/fiducial_vlam_msgs
[0.735s] -- Up-to-date: /home/hkim/development/tello_ros_ws/install/fiducial_vlam_msgs/include/fiducial_vlam_msgs/msg
[0.735s] -- Up-to-date: /home/hkim/development/tello_ros_ws/install/fiducial_vlam_msgs/include/fiducial_vlam_msgs/msg/detail
[0.735s] -- Up-to-date: /home/hkim/development/tello_ros_ws/install/fiducial_vlam_msgs/include/fiducial_vlam_msgs/msg/detail/map__type_support.c
[0.736s] -- Up-to-date: /home/hkim/development/tello_ros_ws/install/fiducial_vlam_msgs/include/fiducial_vlam_msgs/msg/detail/observations__type_support.c
[0.736s] -- Up-to-date: /home/hkim/development/tello_ros_ws/install/fiducial_vlam_msgs/include/fiducial_vlam_msgs/msg/detail/map__rosidl_typesupport_introspection_c.h
[0.736s] -- Up-to-date: /home/hkim/development/tello_ros_ws/install/fiducial_vlam_msgs/include/fiducial_vlam_msgs/msg/detail/observations__rosidl_typesupport_introspection_c.h
[0.736s] -- Up-to-date: /home/hkim/development/tello_ros_ws/install/fiducial_vlam_msgs/include/fiducial_vlam_msgs/msg/detail/observation__type_support.c
[0.736s] -- Up-to-date: /home/hkim/development/tello_ros_ws/install/fiducial_vlam_msgs/include/fiducial_vlam_msgs/msg/detail/observation__rosidl_typesupport_introspection_c.h
[0.737s] -- Up-to-date: /home/hkim/development/tello_ros_ws/install/fiducial_vlam_msgs/include/fiducial_vlam_msgs/msg/rosidl_typesupport_introspection_c__visibility_control.h
[0.737s] -- Up-to-date: /home/hkim/development/tello_ros_ws/install/fiducial_vlam_msgs/lib/libfiducial_vlam_msgs__rosidl_typesupport_introspection_c.so
[0.737s] -- Up-to-date: /home/hkim/development/tello_ros_ws/install/fiducial_vlam_msgs/lib/libfiducial_vlam_msgs__rosidl_typesupport_c.so
[0.737s] -- Up-to-date: /home/hkim/development/tello_ros_ws/install/fiducial_vlam_msgs/include/fiducial_vlam_msgs
[0.737s] -- Up-to-date: /home/hkim/development/tello_ros_ws/install/fiducial_vlam_msgs/include/fiducial_vlam_msgs/msg
[0.737s] -- Up-to-date: /home/hkim/development/tello_ros_ws/install/fiducial_vlam_msgs/include/fiducial_vlam_msgs/msg/map.hpp
[0.738s] -- Up-to-date: /home/hkim/development/tello_ros_ws/install/fiducial_vlam_msgs/include/fiducial_vlam_msgs/msg/rosidl_generator_cpp__visibility_control.hpp
[0.738s] -- Up-to-date: /home/hkim/development/tello_ros_ws/install/fiducial_vlam_msgs/include/fiducial_vlam_msgs/msg/detail
[0.738s] -- Up-to-date: /home/hkim/development/tello_ros_ws/install/fiducial_vlam_msgs/include/fiducial_vlam_msgs/msg/detail/observations__struct.hpp
[0.738s] -- Up-to-date: /home/hkim/development/tello_ros_ws/install/fiducial_vlam_msgs/include/fiducial_vlam_msgs/msg/detail/observations__traits.hpp
[0.738s] -- Up-to-date: /home/hkim/development/tello_ros_ws/install/fiducial_vlam_msgs/include/fiducial_vlam_msgs/msg/detail/observation__struct.hpp
[0.738s] -- Up-to-date: /home/hkim/development/tello_ros_ws/install/fiducial_vlam_msgs/include/fiducial_vlam_msgs/msg/detail/map__builder.hpp
[0.738s] -- Up-to-date: /home/hkim/development/tello_ros_ws/install/fiducial_vlam_msgs/include/fiducial_vlam_msgs/msg/detail/map__type_support.hpp
[0.739s] -- Up-to-date: /home/hkim/development/tello_ros_ws/install/fiducial_vlam_msgs/include/fiducial_vlam_msgs/msg/detail/map__struct.hpp
[0.739s] -- Up-to-date: /home/hkim/development/tello_ros_ws/install/fiducial_vlam_msgs/include/fiducial_vlam_msgs/msg/detail/observations__builder.hpp
[0.739s] -- Up-to-date: /home/hkim/development/tello_ros_ws/install/fiducial_vlam_msgs/include/fiducial_vlam_msgs/msg/detail/observation__traits.hpp
[0.739s] -- Up-to-date: /home/hkim/development/tello_ros_ws/install/fiducial_vlam_msgs/include/fiducial_vlam_msgs/msg/detail/observations__type_support.hpp
[0.739s] -- Up-to-date: /home/hkim/development/tello_ros_ws/install/fiducial_vlam_msgs/include/fiducial_vlam_msgs/msg/detail/observation__type_support.hpp
[0.739s] -- Up-to-date: /home/hkim/development/tello_ros_ws/install/fiducial_vlam_msgs/include/fiducial_vlam_msgs/msg/detail/observation__builder.hpp
[0.739s] -- Up-to-date: /home/hkim/development/tello_ros_ws/install/fiducial_vlam_msgs/include/fiducial_vlam_msgs/msg/detail/map__traits.hpp
[0.739s] -- Up-to-date: /home/hkim/development/tello_ros_ws/install/fiducial_vlam_msgs/include/fiducial_vlam_msgs/msg/observations.hpp
[0.740s] -- Up-to-date: /home/hkim/development/tello_ros_ws/install/fiducial_vlam_msgs/include/fiducial_vlam_msgs/msg/observation.hpp
[0.740s] -- Up-to-date: /home/hkim/development/tello_ros_ws/install/fiducial_vlam_msgs/include/fiducial_vlam_msgs
[0.740s] -- Up-to-date: /home/hkim/development/tello_ros_ws/install/fiducial_vlam_msgs/include/fiducial_vlam_msgs/msg
[0.740s] -- Up-to-date: /home/hkim/development/tello_ros_ws/install/fiducial_vlam_msgs/include/fiducial_vlam_msgs/msg/detail
[0.740s] -- Up-to-date: /home/hkim/development/tello_ros_ws/install/fiducial_vlam_msgs/include/fiducial_vlam_msgs/msg/detail/map__type_support.cpp
[0.740s] -- Up-to-date: /home/hkim/development/tello_ros_ws/install/fiducial_vlam_msgs/include/fiducial_vlam_msgs/msg/detail/observations__rosidl_typesupport_introspection_cpp.hpp
[0.740s] -- Up-to-date: /home/hkim/development/tello_ros_ws/install/fiducial_vlam_msgs/include/fiducial_vlam_msgs/msg/detail/observation__type_support.cpp
[0.740s] -- Up-to-date: /home/hkim/development/tello_ros_ws/install/fiducial_vlam_msgs/include/fiducial_vlam_msgs/msg/detail/observation__rosidl_typesupport_introspection_cpp.hpp
[0.740s] -- Up-to-date: /home/hkim/development/tello_ros_ws/install/fiducial_vlam_msgs/include/fiducial_vlam_msgs/msg/detail/observations__type_support.cpp
[0.740s] -- Up-to-date: /home/hkim/development/tello_ros_ws/install/fiducial_vlam_msgs/include/fiducial_vlam_msgs/msg/detail/map__rosidl_typesupport_introspection_cpp.hpp
[0.741s] -- Up-to-date: /home/hkim/development/tello_ros_ws/install/fiducial_vlam_msgs/lib/libfiducial_vlam_msgs__rosidl_typesupport_introspection_cpp.so
[0.741s] -- Up-to-date: /home/hkim/development/tello_ros_ws/install/fiducial_vlam_msgs/lib/libfiducial_vlam_msgs__rosidl_typesupport_cpp.so
[0.741s] -- Up-to-date: /home/hkim/development/tello_ros_ws/install/fiducial_vlam_msgs/share/fiducial_vlam_msgs/environment/pythonpath.sh
[0.741s] -- Up-to-date: /home/hkim/development/tello_ros_ws/install/fiducial_vlam_msgs/share/fiducial_vlam_msgs/environment/pythonpath.dsv
[0.741s] -- Up-to-date: /home/hkim/development/tello_ros_ws/install/fiducial_vlam_msgs/lib/python3.8/site-packages/fiducial_vlam_msgs/__init__.py
[0.779s] -- Up-to-date: /home/hkim/development/tello_ros_ws/install/fiducial_vlam_msgs/lib/python3.8/site-packages/fiducial_vlam_msgs/msg
[0.779s] -- Up-to-date: /home/hkim/development/tello_ros_ws/install/fiducial_vlam_msgs/lib/python3.8/site-packages/fiducial_vlam_msgs/msg/_observation.py
[0.779s] -- Up-to-date: /home/hkim/development/tello_ros_ws/install/fiducial_vlam_msgs/lib/python3.8/site-packages/fiducial_vlam_msgs/msg/_observations.py
[0.780s] -- Up-to-date: /home/hkim/development/tello_ros_ws/install/fiducial_vlam_msgs/lib/python3.8/site-packages/fiducial_vlam_msgs/msg/_observations_s.c
[0.780s] -- Up-to-date: /home/hkim/development/tello_ros_ws/install/fiducial_vlam_msgs/lib/python3.8/site-packages/fiducial_vlam_msgs/msg/_map_s.c
[0.780s] -- Up-to-date: /home/hkim/development/tello_ros_ws/install/fiducial_vlam_msgs/lib/python3.8/site-packages/fiducial_vlam_msgs/msg/_observation_s.c
[0.780s] -- Up-to-date: /home/hkim/development/tello_ros_ws/install/fiducial_vlam_msgs/lib/python3.8/site-packages/fiducial_vlam_msgs/msg/__init__.py
[0.780s] -- Up-to-date: /home/hkim/development/tello_ros_ws/install/fiducial_vlam_msgs/lib/python3.8/site-packages/fiducial_vlam_msgs/msg/_map.py
[0.780s] -- Up-to-date: /home/hkim/development/tello_ros_ws/install/fiducial_vlam_msgs/lib/python3.8/site-packages/fiducial_vlam_msgs/fiducial_vlam_msgs_s__rosidl_typesupport_fastrtps_c.cpython-38-x86_64-linux-gnu.so
[0.780s] -- Up-to-date: /home/hkim/development/tello_ros_ws/install/fiducial_vlam_msgs/lib/python3.8/site-packages/fiducial_vlam_msgs/fiducial_vlam_msgs_s__rosidl_typesupport_introspection_c.cpython-38-x86_64-linux-gnu.so
[0.781s] -- Up-to-date: /home/hkim/development/tello_ros_ws/install/fiducial_vlam_msgs/lib/python3.8/site-packages/fiducial_vlam_msgs/fiducial_vlam_msgs_s__rosidl_typesupport_c.cpython-38-x86_64-linux-gnu.so
[0.782s] -- Up-to-date: /home/hkim/development/tello_ros_ws/install/fiducial_vlam_msgs/lib/libfiducial_vlam_msgs__python.so
[0.783s] -- Up-to-date: /home/hkim/development/tello_ros_ws/install/fiducial_vlam_msgs/share/fiducial_vlam_msgs/msg/Map.idl
[0.783s] -- Up-to-date: /home/hkim/development/tello_ros_ws/install/fiducial_vlam_msgs/share/fiducial_vlam_msgs/msg/Observation.idl
[0.783s] -- Up-to-date: /home/hkim/development/tello_ros_ws/install/fiducial_vlam_msgs/share/fiducial_vlam_msgs/msg/Observations.idl
[0.783s] -- Up-to-date: /home/hkim/development/tello_ros_ws/install/fiducial_vlam_msgs/share/fiducial_vlam_msgs/msg/Map.msg
[0.784s] -- Up-to-date: /home/hkim/development/tello_ros_ws/install/fiducial_vlam_msgs/share/fiducial_vlam_msgs/msg/Observation.msg
[0.784s] -- Up-to-date: /home/hkim/development/tello_ros_ws/install/fiducial_vlam_msgs/share/fiducial_vlam_msgs/msg/Observations.msg
[0.785s] -- Up-to-date: /home/hkim/development/tello_ros_ws/install/fiducial_vlam_msgs/share/ament_index/resource_index/package_run_dependencies/fiducial_vlam_msgs
[0.785s] -- Up-to-date: /home/hkim/development/tello_ros_ws/install/fiducial_vlam_msgs/share/ament_index/resource_index/parent_prefix_path/fiducial_vlam_msgs
[0.785s] -- Up-to-date: /home/hkim/development/tello_ros_ws/install/fiducial_vlam_msgs/share/fiducial_vlam_msgs/environment/ament_prefix_path.sh
[0.785s] -- Up-to-date: /home/hkim/development/tello_ros_ws/install/fiducial_vlam_msgs/share/fiducial_vlam_msgs/environment/ament_prefix_path.dsv
[0.785s] -- Up-to-date: /home/hkim/development/tello_ros_ws/install/fiducial_vlam_msgs/share/fiducial_vlam_msgs/environment/path.sh
[0.785s] -- Up-to-date: /home/hkim/development/tello_ros_ws/install/fiducial_vlam_msgs/share/fiducial_vlam_msgs/environment/path.dsv
[0.786s] -- Up-to-date: /home/hkim/development/tello_ros_ws/install/fiducial_vlam_msgs/share/fiducial_vlam_msgs/local_setup.bash
[0.786s] -- Up-to-date: /home/hkim/development/tello_ros_ws/install/fiducial_vlam_msgs/share/fiducial_vlam_msgs/local_setup.sh
[0.786s] -- Up-to-date: /home/hkim/development/tello_ros_ws/install/fiducial_vlam_msgs/share/fiducial_vlam_msgs/local_setup.zsh
[0.786s] -- Up-to-date: /home/hkim/development/tello_ros_ws/install/fiducial_vlam_msgs/share/fiducial_vlam_msgs/local_setup.dsv
[0.786s] -- Installing: /home/hkim/development/tello_ros_ws/install/fiducial_vlam_msgs/share/fiducial_vlam_msgs/package.dsv
[0.786s] -- Up-to-date: /home/hkim/development/tello_ros_ws/install/fiducial_vlam_msgs/share/ament_index/resource_index/packages/fiducial_vlam_msgs
[0.786s] -- Up-to-date: /home/hkim/development/tello_ros_ws/install/fiducial_vlam_msgs/share/fiducial_vlam_msgs/cmake/fiducial_vlam_msgs__rosidl_generator_cExport.cmake
[0.787s] -- Up-to-date: /home/hkim/development/tello_ros_ws/install/fiducial_vlam_msgs/share/fiducial_vlam_msgs/cmake/fiducial_vlam_msgs__rosidl_generator_cExport-noconfig.cmake
[0.787s] -- Up-to-date: /home/hkim/development/tello_ros_ws/install/fiducial_vlam_msgs/share/fiducial_vlam_msgs/cmake/fiducial_vlam_msgs__rosidl_typesupport_introspection_cExport.cmake
[0.787s] -- Up-to-date: /home/hkim/development/tello_ros_ws/install/fiducial_vlam_msgs/share/fiducial_vlam_msgs/cmake/fiducial_vlam_msgs__rosidl_typesupport_introspection_cExport-noconfig.cmake
[0.787s] -- Up-to-date: /home/hkim/development/tello_ros_ws/install/fiducial_vlam_msgs/share/fiducial_vlam_msgs/cmake/fiducial_vlam_msgs__rosidl_typesupport_cExport.cmake
[0.787s] -- Up-to-date: /home/hkim/development/tello_ros_ws/install/fiducial_vlam_msgs/share/fiducial_vlam_msgs/cmake/fiducial_vlam_msgs__rosidl_typesupport_cExport-noconfig.cmake
[0.787s] -- Up-to-date: /home/hkim/development/tello_ros_ws/install/fiducial_vlam_msgs/share/fiducial_vlam_msgs/cmake/fiducial_vlam_msgs__rosidl_generator_cppExport.cmake
[0.788s] -- Up-to-date: /home/hkim/development/tello_ros_ws/install/fiducial_vlam_msgs/share/fiducial_vlam_msgs/cmake/fiducial_vlam_msgs__rosidl_typesupport_introspection_cppExport.cmake
[0.788s] -- Up-to-date: /home/hkim/development/tello_ros_ws/install/fiducial_vlam_msgs/share/fiducial_vlam_msgs/cmake/fiducial_vlam_msgs__rosidl_typesupport_introspection_cppExport-noconfig.cmake
[0.788s] -- Up-to-date: /home/hkim/development/tello_ros_ws/install/fiducial_vlam_msgs/share/fiducial_vlam_msgs/cmake/fiducial_vlam_msgs__rosidl_typesupport_cppExport.cmake
[0.788s] -- Up-to-date: /home/hkim/development/tello_ros_ws/install/fiducial_vlam_msgs/share/fiducial_vlam_msgs/cmake/fiducial_vlam_msgs__rosidl_typesupport_cppExport-noconfig.cmake
[0.788s] -- Up-to-date: /home/hkim/development/tello_ros_ws/install/fiducial_vlam_msgs/share/fiducial_vlam_msgs/cmake/rosidl_cmake-extras.cmake
[0.788s] -- Up-to-date: /home/hkim/development/tello_ros_ws/install/fiducial_vlam_msgs/share/fiducial_vlam_msgs/cmake/ament_cmake_export_dependencies-extras.cmake
[0.788s] -- Up-to-date: /home/hkim/development/tello_ros_ws/install/fiducial_vlam_msgs/share/fiducial_vlam_msgs/cmake/ament_cmake_export_libraries-extras.cmake
[0.788s] -- Up-to-date: /home/hkim/development/tello_ros_ws/install/fiducial_vlam_msgs/share/fiducial_vlam_msgs/cmake/ament_cmake_export_targets-extras.cmake
[0.788s] -- Up-to-date: /home/hkim/development/tello_ros_ws/install/fiducial_vlam_msgs/share/fiducial_vlam_msgs/cmake/ament_cmake_export_include_directories-extras.cmake
[0.789s] -- Up-to-date: /home/hkim/development/tello_ros_ws/install/fiducial_vlam_msgs/share/fiducial_vlam_msgs/cmake/rosidl_cmake_export_typesupport_libraries-extras.cmake
[0.789s] -- Up-to-date: /home/hkim/development/tello_ros_ws/install/fiducial_vlam_msgs/share/fiducial_vlam_msgs/cmake/rosidl_cmake_export_typesupport_targets-extras.cmake
[0.789s] -- Up-to-date: /home/hkim/development/tello_ros_ws/install/fiducial_vlam_msgs/share/fiducial_vlam_msgs/cmake/fiducial_vlam_msgsConfig.cmake
[0.789s] -- Up-to-date: /home/hkim/development/tello_ros_ws/install/fiducial_vlam_msgs/share/fiducial_vlam_msgs/cmake/fiducial_vlam_msgsConfig-version.cmake
[0.789s] -- Up-to-date: /home/hkim/development/tello_ros_ws/install/fiducial_vlam_msgs/share/fiducial_vlam_msgs/package.xml
[0.792s] Invoked command in '/home/hkim/development/tello_ros_ws/build/fiducial_vlam_msgs' returned '0': CMAKE_PREFIX_PATH=${CMAKE_PREFIX_PATH}:/home/hkim/development/tello_ros_ws/install/tello_gazebo:/opt/ros/foxy /usr/bin/cmake --install /home/hkim/development/tello_ros_ws/build/fiducial_vlam_msgs
