[0.045s] Invoking command in '/home/hkim/development/tello_ros_ws/src/build/tello_description': CMAKE_PREFIX_PATH=${CMAKE_PREFIX_PATH}:/home/hkim/development/tello-ros2/workspace/src/install/tello:/opt/ros/foxy /usr/bin/cmake /home/hkim/development/tello_ros_ws/src/tello_ros/tello_description -DCMAKE_INSTALL_PREFIX=/home/hkim/development/tello_ros_ws/src/install/tello_description
[0.151s] -- The C compiler identification is GNU 9.4.0
[0.249s] -- The CXX compiler identification is GNU 9.4.0
[0.258s] -- Check for working C compiler: /usr/bin/cc
[0.381s] -- Check for working C compiler: /usr/bin/cc -- works
[0.384s] -- Detecting C compiler ABI info
[0.499s] -- Detecting C compiler ABI info - done
[0.526s] -- Detecting C compile features
[0.526s] -- Detecting C compile features - done
[0.532s] -- Check for working CXX compiler: /usr/bin/c++
[0.671s] -- Check for working CXX compiler: /usr/bin/c++ -- works
[0.673s] -- Detecting CXX compiler ABI info
[0.806s] -- Detecting CXX compiler ABI info - done
[0.834s] -- Detecting CXX compile features
[0.836s] -- Detecting CXX compile features - done
[0.841s] -- Found ament_cmake: 0.9.12 (/opt/ros/foxy/share/ament_cmake/cmake)
[0.892s] -- Found PythonInterp: /usr/bin/python3 (found suitable version "3.8.10", minimum required is "3") 
[0.892s] -- Using PYTHON_EXECUTABLE: /usr/bin/python3
[1.274s] -- creating rules for /home/hkim/development/tello_ros_ws/src/build/tello_description/urdf/tello.urdf
[1.274s] -- creating rules for /home/hkim/development/tello_ros_ws/src/build/tello_description/urdf/tello_1.urdf
[1.274s] -- creating rules for /home/hkim/development/tello_ros_ws/src/build/tello_description/urdf/tello_2.urdf
[1.275s] -- creating rules for /home/hkim/development/tello_ros_ws/src/build/tello_description/urdf/tello_3.urdf
[1.275s] -- creating rules for /home/hkim/development/tello_ros_ws/src/build/tello_description/urdf/tello_4.urdf
[1.275s] -- creating rules for /home/hkim/development/tello_ros_ws/src/build/tello_description/urdf/tello_5.urdf
[1.275s] -- creating rules for /home/hkim/development/tello_ros_ws/src/build/tello_description/urdf/tello_6.urdf
[1.276s] -- creating rules for /home/hkim/development/tello_ros_ws/src/build/tello_description/urdf/tello_7.urdf
[1.276s] -- creating rules for /home/hkim/development/tello_ros_ws/src/build/tello_description/urdf/tello_8.urdf
[1.385s] -- Configuring done
[1.395s] -- Generating done
[1.398s] -- Build files have been written to: /home/hkim/development/tello_ros_ws/src/build/tello_description
[1.409s] Invoked command in '/home/hkim/development/tello_ros_ws/src/build/tello_description' returned '0': CMAKE_PREFIX_PATH=${CMAKE_PREFIX_PATH}:/home/hkim/development/tello-ros2/workspace/src/install/tello:/opt/ros/foxy /usr/bin/cmake /home/hkim/development/tello_ros_ws/src/tello_ros/tello_description -DCMAKE_INSTALL_PREFIX=/home/hkim/development/tello_ros_ws/src/install/tello_description
[1.410s] Invoking command in '/home/hkim/development/tello_ros_ws/src/build/tello_description': CMAKE_PREFIX_PATH=${CMAKE_PREFIX_PATH}:/home/hkim/development/tello-ros2/workspace/src/install/tello:/opt/ros/foxy /usr/bin/cmake --build /home/hkim/development/tello_ros_ws/src/build/tello_description -- -j4 -l4
[1.481s] [35m[1mScanning dependencies of target generate_urdf[0m
[1.501s] [ 11%] [34m[1mGenerate /home/hkim/development/tello_ros_ws/src/build/tello_description/urdf/tello.urdf[0m
[1.501s] [35m[1mScanning dependencies of target generate_urdf_1[0m
[1.501s] [35m[1mScanning dependencies of target generate_urdf_6[0m
[1.509s] [35m[1mScanning dependencies of target generate_urdf_3[0m
[1.531s] [ 22%] [34m[1mGenerate /home/hkim/development/tello_ros_ws/src/build/tello_description/urdf/tello_1.urdf[0m
[1.539s] [ 33%] [34m[1mGenerate /home/hkim/development/tello_ros_ws/src/build/tello_description/urdf/tello_3.urdf[0m
[1.543s] [ 44%] [34m[1mGenerate /home/hkim/development/tello_ros_ws/src/build/tello_description/urdf/tello_6.urdf[0m
[1.612s] [ 44%] Built target generate_urdf
[1.632s] [ 44%] Built target generate_urdf_3
[1.633s] [35m[1mScanning dependencies of target generate_urdf_8[0m
[1.648s] [ 44%] Built target generate_urdf_1
[1.651s] [ 55%] [34m[1mGenerate /home/hkim/development/tello_ros_ws/src/build/tello_description/urdf/tello_8.urdf[0m
[1.675s] [35m[1mScanning dependencies of target generate_urdf_4[0m
[1.704s] [35m[1mScanning dependencies of target generate_urdf_5[0m
[1.712s] [ 55%] Built target generate_urdf_6
[1.717s] [ 55%] Built target generate_urdf_8
[1.739s] [35m[1mScanning dependencies of target generate_urdf_7[0m
[1.742s] [ 66%] [34m[1mGenerate /home/hkim/development/tello_ros_ws/src/build/tello_description/urdf/tello_4.urdf[0m
[1.743s] [ 77%] [34m[1mGenerate /home/hkim/development/tello_ros_ws/src/build/tello_description/urdf/tello_5.urdf[0m
[1.753s] [35m[1mScanning dependencies of target generate_urdf_2[0m
[1.800s] [ 88%] [34m[1mGenerate /home/hkim/development/tello_ros_ws/src/build/tello_description/urdf/tello_7.urdf[0m
[1.800s] [100%] [34m[1mGenerate /home/hkim/development/tello_ros_ws/src/build/tello_description/urdf/tello_2.urdf[0m
[1.863s] [100%] Built target generate_urdf_5
[1.868s] [100%] Built target generate_urdf_4
[1.901s] [100%] Built target generate_urdf_7
[1.904s] [100%] Built target generate_urdf_2
[1.926s] Invoked command in '/home/hkim/development/tello_ros_ws/src/build/tello_description' returned '0': CMAKE_PREFIX_PATH=${CMAKE_PREFIX_PATH}:/home/hkim/development/tello-ros2/workspace/src/install/tello:/opt/ros/foxy /usr/bin/cmake --build /home/hkim/development/tello_ros_ws/src/build/tello_description -- -j4 -l4
[1.991s] Invoking command in '/home/hkim/development/tello_ros_ws/src/build/tello_description': CMAKE_PREFIX_PATH=${CMAKE_PREFIX_PATH}:/home/hkim/development/tello-ros2/workspace/src/install/tello:/opt/ros/foxy /usr/bin/cmake --install /home/hkim/development/tello_ros_ws/src/build/tello_description
[2.008s] -- Install configuration: ""
[2.009s] -- Installing: /home/hkim/development/tello_ros_ws/src/install/tello_description/share/tello_description/urdf
[2.009s] -- Installing: /home/hkim/development/tello_ros_ws/src/install/tello_description/share/tello_description/urdf/tello_8.urdf
[2.009s] -- Installing: /home/hkim/development/tello_ros_ws/src/install/tello_description/share/tello_description/urdf/tello_3.urdf
[2.009s] -- Installing: /home/hkim/development/tello_ros_ws/src/install/tello_description/share/tello_description/urdf/tello.urdf
[2.009s] -- Installing: /home/hkim/development/tello_ros_ws/src/install/tello_description/share/tello_description/urdf/tello_6.urdf
[2.009s] -- Installing: /home/hkim/development/tello_ros_ws/src/install/tello_description/share/tello_description/urdf/tello_1.urdf
[2.009s] -- Installing: /home/hkim/development/tello_ros_ws/src/install/tello_description/share/tello_description/urdf/tello_5.urdf
[2.009s] -- Installing: /home/hkim/development/tello_ros_ws/src/install/tello_description/share/tello_description/urdf/tello_7.urdf
[2.009s] -- Installing: /home/hkim/development/tello_ros_ws/src/install/tello_description/share/tello_description/urdf/tello_2.urdf
[2.010s] -- Installing: /home/hkim/development/tello_ros_ws/src/install/tello_description/share/tello_description/urdf/tello_4.urdf
[2.010s] -- Installing: /home/hkim/development/tello_ros_ws/src/install/tello_description/share/ament_index/resource_index/package_run_dependencies/tello_description
[2.010s] -- Installing: /home/hkim/development/tello_ros_ws/src/install/tello_description/share/ament_index/resource_index/parent_prefix_path/tello_description
[2.011s] -- Installing: /home/hkim/development/tello_ros_ws/src/install/tello_description/share/tello_description/environment/ament_prefix_path.sh
[2.011s] -- Installing: /home/hkim/development/tello_ros_ws/src/install/tello_description/share/tello_description/environment/ament_prefix_path.dsv
[2.012s] -- Installing: /home/hkim/development/tello_ros_ws/src/install/tello_description/share/tello_description/environment/path.sh
[2.012s] -- Installing: /home/hkim/development/tello_ros_ws/src/install/tello_description/share/tello_description/environment/path.dsv
[2.013s] -- Installing: /home/hkim/development/tello_ros_ws/src/install/tello_description/share/tello_description/local_setup.bash
[2.013s] -- Installing: /home/hkim/development/tello_ros_ws/src/install/tello_description/share/tello_description/local_setup.sh
[2.013s] -- Installing: /home/hkim/development/tello_ros_ws/src/install/tello_description/share/tello_description/local_setup.zsh
[2.014s] -- Installing: /home/hkim/development/tello_ros_ws/src/install/tello_description/share/tello_description/local_setup.dsv
[2.014s] -- Installing: /home/hkim/development/tello_ros_ws/src/install/tello_description/share/tello_description/package.dsv
[2.015s] -- Installing: /home/hkim/development/tello_ros_ws/src/install/tello_description/share/ament_index/resource_index/packages/tello_description
[2.015s] -- Installing: /home/hkim/development/tello_ros_ws/src/install/tello_description/share/tello_description/cmake/tello_descriptionConfig.cmake
[2.016s] -- Installing: /home/hkim/development/tello_ros_ws/src/install/tello_description/share/tello_description/cmake/tello_descriptionConfig-version.cmake
[2.016s] -- Installing: /home/hkim/development/tello_ros_ws/src/install/tello_description/share/tello_description/package.xml
[2.025s] Invoked command in '/home/hkim/development/tello_ros_ws/src/build/tello_description' returned '0': CMAKE_PREFIX_PATH=${CMAKE_PREFIX_PATH}:/home/hkim/development/tello-ros2/workspace/src/install/tello:/opt/ros/foxy /usr/bin/cmake --install /home/hkim/development/tello_ros_ws/src/build/tello_description
