[0.416s] DEBUG:colcon:Command line arguments: ['/usr/bin/colcon', 'build']
[0.416s] DEBUG:colcon:Parsed command line arguments: Namespace(allow_overriding=[], ament_cmake_args=None, base_paths=['.'], build_base='build', catkin_cmake_args=None, catkin_skip_building_tests=False, cmake_args=None, cmake_clean_cache=False, cmake_clean_first=False, cmake_force_configure=False, cmake_target=None, cmake_target_skip_unavailable=False, continue_on_error=False, event_handlers=None, executor='parallel', ignore_user_meta=False, install_base='install', log_base=None, log_level=None, main=<bound method BuildVerb.main of <colcon_core.verb.build.BuildVerb object at 0x7f2e329ab2b0>>, merge_install=False, metas=['./colcon.meta'], mixin=None, mixin_files=None, mixin_verb=('build',), packages_above=None, packages_above_and_dependencies=None, packages_above_depth=None, packages_end=None, packages_ignore=None, packages_ignore_regex=None, packages_select=None, packages_select_build_failed=False, packages_select_by_dep=None, packages_select_regex=None, packages_select_test_failures=False, packages_skip=None, packages_skip_build_finished=False, packages_skip_by_dep=None, packages_skip_regex=None, packages_skip_test_passed=False, packages_skip_up_to=None, packages_start=None, packages_up_to=None, packages_up_to_regex=None, parallel_workers=4, paths=None, symlink_install=False, test_result_base=None, verb_extension=<colcon_core.verb.build.BuildVerb object at 0x7f2e329ab2b0>, verb_name='build', verb_parser=<colcon_mixin.mixin.mixin_argument.MixinArgumentDecorator object at 0x7f2e328f4970>)
[0.700s] Level 1:colcon.colcon_core.package_discovery:discover_packages(colcon_meta) check parameters
[0.700s] Level 1:colcon.colcon_core.package_discovery:discover_packages(recursive) check parameters
[0.700s] Level 1:colcon.colcon_core.package_discovery:discover_packages(ignore) check parameters
[0.700s] Level 1:colcon.colcon_core.package_discovery:discover_packages(path) check parameters
[0.700s] Level 1:colcon.colcon_core.package_discovery:discover_packages(colcon_meta) discover
[0.700s] Level 1:colcon.colcon_core.package_discovery:discover_packages(recursive) discover
[0.700s] INFO:colcon.colcon_core.package_discovery:Crawling recursively for packages in '/home/hkim/development/tello_ros_ws'
[0.700s] Level 1:colcon.colcon_core.package_identification:_identify(.) by extensions ['ignore', 'ignore_ament_install']
[0.701s] Level 1:colcon.colcon_core.package_identification:_identify(.) by extension 'ignore'
[0.701s] Level 1:colcon.colcon_core.package_identification:_identify(.) by extension 'ignore_ament_install'
[0.701s] Level 1:colcon.colcon_core.package_identification:_identify(.) by extensions ['colcon_pkg']
[0.701s] Level 1:colcon.colcon_core.package_identification:_identify(.) by extension 'colcon_pkg'
[0.701s] Level 1:colcon.colcon_core.package_identification:_identify(.) by extensions ['colcon_meta']
[0.701s] Level 1:colcon.colcon_core.package_identification:_identify(.) by extension 'colcon_meta'
[0.701s] Level 1:colcon.colcon_core.package_identification:_identify(.) by extensions ['ros']
[0.701s] Level 1:colcon.colcon_core.package_identification:_identify(.) by extension 'ros'
[0.721s] Level 1:colcon.colcon_core.package_identification:_identify(.) by extensions ['cmake', 'python']
[0.721s] Level 1:colcon.colcon_core.package_identification:_identify(.) by extension 'cmake'
[0.721s] Level 1:colcon.colcon_core.package_identification:_identify(.) by extension 'python'
[0.721s] Level 1:colcon.colcon_core.package_identification:_identify(.) by extensions ['python_setup_py']
[0.721s] Level 1:colcon.colcon_core.package_identification:_identify(.) by extension 'python_setup_py'
[0.721s] Level 1:colcon.colcon_core.package_identification:_identify(build) by extensions ['ignore', 'ignore_ament_install']
[0.721s] Level 1:colcon.colcon_core.package_identification:_identify(build) by extension 'ignore'
[0.721s] Level 1:colcon.colcon_core.package_identification:_identify(build) ignored
[0.722s] Level 1:colcon.colcon_core.package_identification:_identify(install) by extensions ['ignore', 'ignore_ament_install']
[0.722s] Level 1:colcon.colcon_core.package_identification:_identify(install) by extension 'ignore'
[0.722s] Level 1:colcon.colcon_core.package_identification:_identify(install) ignored
[0.722s] Level 1:colcon.colcon_core.package_identification:_identify(log) by extensions ['ignore', 'ignore_ament_install']
[0.722s] Level 1:colcon.colcon_core.package_identification:_identify(log) by extension 'ignore'
[0.722s] Level 1:colcon.colcon_core.package_identification:_identify(log) ignored
[0.722s] Level 1:colcon.colcon_core.package_identification:_identify(src) by extensions ['ignore', 'ignore_ament_install']
[0.723s] Level 1:colcon.colcon_core.package_identification:_identify(src) by extension 'ignore'
[0.723s] Level 1:colcon.colcon_core.package_identification:_identify(src) by extension 'ignore_ament_install'
[0.723s] Level 1:colcon.colcon_core.package_identification:_identify(src) by extensions ['colcon_pkg']
[0.723s] Level 1:colcon.colcon_core.package_identification:_identify(src) by extension 'colcon_pkg'
[0.723s] Level 1:colcon.colcon_core.package_identification:_identify(src) by extensions ['colcon_meta']
[0.723s] Level 1:colcon.colcon_core.package_identification:_identify(src) by extension 'colcon_meta'
[0.723s] Level 1:colcon.colcon_core.package_identification:_identify(src) by extensions ['ros']
[0.723s] Level 1:colcon.colcon_core.package_identification:_identify(src) by extension 'ros'
[0.723s] Level 1:colcon.colcon_core.package_identification:_identify(src) by extensions ['cmake', 'python']
[0.723s] Level 1:colcon.colcon_core.package_identification:_identify(src) by extension 'cmake'
[0.723s] Level 1:colcon.colcon_core.package_identification:_identify(src) by extension 'python'
[0.723s] Level 1:colcon.colcon_core.package_identification:_identify(src) by extensions ['python_setup_py']
[0.723s] Level 1:colcon.colcon_core.package_identification:_identify(src) by extension 'python_setup_py'
[0.724s] Level 1:colcon.colcon_core.package_identification:_identify(src/build) by extensions ['ignore', 'ignore_ament_install']
[0.724s] Level 1:colcon.colcon_core.package_identification:_identify(src/build) by extension 'ignore'
[0.724s] Level 1:colcon.colcon_core.package_identification:_identify(src/build) ignored
[0.724s] Level 1:colcon.colcon_core.package_identification:_identify(src/fiducial_vlam) by extensions ['ignore', 'ignore_ament_install']
[0.724s] Level 1:colcon.colcon_core.package_identification:_identify(src/fiducial_vlam) by extension 'ignore'
[0.724s] Level 1:colcon.colcon_core.package_identification:_identify(src/fiducial_vlam) by extension 'ignore_ament_install'
[0.724s] Level 1:colcon.colcon_core.package_identification:_identify(src/fiducial_vlam) by extensions ['colcon_pkg']
[0.724s] Level 1:colcon.colcon_core.package_identification:_identify(src/fiducial_vlam) by extension 'colcon_pkg'
[0.724s] Level 1:colcon.colcon_core.package_identification:_identify(src/fiducial_vlam) by extensions ['colcon_meta']
[0.725s] Level 1:colcon.colcon_core.package_identification:_identify(src/fiducial_vlam) by extension 'colcon_meta'
[0.725s] Level 1:colcon.colcon_core.package_identification:_identify(src/fiducial_vlam) by extensions ['ros']
[0.725s] Level 1:colcon.colcon_core.package_identification:_identify(src/fiducial_vlam) by extension 'ros'
[0.725s] Level 1:colcon.colcon_core.package_identification:_identify(src/fiducial_vlam) by extensions ['cmake', 'python']
[0.725s] Level 1:colcon.colcon_core.package_identification:_identify(src/fiducial_vlam) by extension 'cmake'
[0.725s] Level 1:colcon.colcon_core.package_identification:_identify(src/fiducial_vlam) by extension 'python'
[0.725s] Level 1:colcon.colcon_core.package_identification:_identify(src/fiducial_vlam) by extensions ['python_setup_py']
[0.725s] Level 1:colcon.colcon_core.package_identification:_identify(src/fiducial_vlam) by extension 'python_setup_py'
[0.725s] Level 1:colcon.colcon_core.package_identification:_identify(src/fiducial_vlam/fiducial_vlam) by extensions ['ignore', 'ignore_ament_install']
[0.726s] Level 1:colcon.colcon_core.package_identification:_identify(src/fiducial_vlam/fiducial_vlam) by extension 'ignore'
[0.726s] Level 1:colcon.colcon_core.package_identification:_identify(src/fiducial_vlam/fiducial_vlam) by extension 'ignore_ament_install'
[0.726s] Level 1:colcon.colcon_core.package_identification:_identify(src/fiducial_vlam/fiducial_vlam) by extensions ['colcon_pkg']
[0.726s] Level 1:colcon.colcon_core.package_identification:_identify(src/fiducial_vlam/fiducial_vlam) by extension 'colcon_pkg'
[0.726s] Level 1:colcon.colcon_core.package_identification:_identify(src/fiducial_vlam/fiducial_vlam) by extensions ['colcon_meta']
[0.726s] Level 1:colcon.colcon_core.package_identification:_identify(src/fiducial_vlam/fiducial_vlam) by extension 'colcon_meta'
[0.726s] Level 1:colcon.colcon_core.package_identification:_identify(src/fiducial_vlam/fiducial_vlam) by extensions ['ros']
[0.726s] Level 1:colcon.colcon_core.package_identification:_identify(src/fiducial_vlam/fiducial_vlam) by extension 'ros'
[0.731s] DEBUG:colcon.colcon_core.package_identification:Package 'src/fiducial_vlam/fiducial_vlam' with type 'ros.ament_cmake' and name 'fiducial_vlam'
[0.732s] Level 1:colcon.colcon_core.package_identification:_identify(src/fiducial_vlam/fiducial_vlam_msgs) by extensions ['ignore', 'ignore_ament_install']
[0.732s] Level 1:colcon.colcon_core.package_identification:_identify(src/fiducial_vlam/fiducial_vlam_msgs) by extension 'ignore'
[0.732s] Level 1:colcon.colcon_core.package_identification:_identify(src/fiducial_vlam/fiducial_vlam_msgs) by extension 'ignore_ament_install'
[0.732s] Level 1:colcon.colcon_core.package_identification:_identify(src/fiducial_vlam/fiducial_vlam_msgs) by extensions ['colcon_pkg']
[0.732s] Level 1:colcon.colcon_core.package_identification:_identify(src/fiducial_vlam/fiducial_vlam_msgs) by extension 'colcon_pkg'
[0.732s] Level 1:colcon.colcon_core.package_identification:_identify(src/fiducial_vlam/fiducial_vlam_msgs) by extensions ['colcon_meta']
[0.732s] Level 1:colcon.colcon_core.package_identification:_identify(src/fiducial_vlam/fiducial_vlam_msgs) by extension 'colcon_meta'
[0.732s] Level 1:colcon.colcon_core.package_identification:_identify(src/fiducial_vlam/fiducial_vlam_msgs) by extensions ['ros']
[0.732s] Level 1:colcon.colcon_core.package_identification:_identify(src/fiducial_vlam/fiducial_vlam_msgs) by extension 'ros'
[0.734s] DEBUG:colcon.colcon_core.package_identification:Package 'src/fiducial_vlam/fiducial_vlam_msgs' with type 'ros.ament_cmake' and name 'fiducial_vlam_msgs'
[0.734s] Level 1:colcon.colcon_core.package_identification:_identify(src/fiducial_vlam/images) by extensions ['ignore', 'ignore_ament_install']
[0.734s] Level 1:colcon.colcon_core.package_identification:_identify(src/fiducial_vlam/images) by extension 'ignore'
[0.734s] Level 1:colcon.colcon_core.package_identification:_identify(src/fiducial_vlam/images) by extension 'ignore_ament_install'
[0.734s] Level 1:colcon.colcon_core.package_identification:_identify(src/fiducial_vlam/images) by extensions ['colcon_pkg']
[0.734s] Level 1:colcon.colcon_core.package_identification:_identify(src/fiducial_vlam/images) by extension 'colcon_pkg'
[0.734s] Level 1:colcon.colcon_core.package_identification:_identify(src/fiducial_vlam/images) by extensions ['colcon_meta']
[0.735s] Level 1:colcon.colcon_core.package_identification:_identify(src/fiducial_vlam/images) by extension 'colcon_meta'
[0.735s] Level 1:colcon.colcon_core.package_identification:_identify(src/fiducial_vlam/images) by extensions ['ros']
[0.735s] Level 1:colcon.colcon_core.package_identification:_identify(src/fiducial_vlam/images) by extension 'ros'
[0.735s] Level 1:colcon.colcon_core.package_identification:_identify(src/fiducial_vlam/images) by extensions ['cmake', 'python']
[0.735s] Level 1:colcon.colcon_core.package_identification:_identify(src/fiducial_vlam/images) by extension 'cmake'
[0.735s] Level 1:colcon.colcon_core.package_identification:_identify(src/fiducial_vlam/images) by extension 'python'
[0.735s] Level 1:colcon.colcon_core.package_identification:_identify(src/fiducial_vlam/images) by extensions ['python_setup_py']
[0.735s] Level 1:colcon.colcon_core.package_identification:_identify(src/fiducial_vlam/images) by extension 'python_setup_py'
[0.735s] Level 1:colcon.colcon_core.package_identification:_identify(src/install) by extensions ['ignore', 'ignore_ament_install']
[0.735s] Level 1:colcon.colcon_core.package_identification:_identify(src/install) by extension 'ignore'
[0.736s] Level 1:colcon.colcon_core.package_identification:_identify(src/install) ignored
[0.736s] Level 1:colcon.colcon_core.package_identification:_identify(src/log) by extensions ['ignore', 'ignore_ament_install']
[0.736s] Level 1:colcon.colcon_core.package_identification:_identify(src/log) by extension 'ignore'
[0.736s] Level 1:colcon.colcon_core.package_identification:_identify(src/log) ignored
[0.736s] Level 1:colcon.colcon_core.package_identification:_identify(src/orbslam3_ros2) by extensions ['ignore', 'ignore_ament_install']
[0.736s] Level 1:colcon.colcon_core.package_identification:_identify(src/orbslam3_ros2) by extension 'ignore'
[0.736s] Level 1:colcon.colcon_core.package_identification:_identify(src/orbslam3_ros2) by extension 'ignore_ament_install'
[0.736s] Level 1:colcon.colcon_core.package_identification:_identify(src/orbslam3_ros2) by extensions ['colcon_pkg']
[0.736s] Level 1:colcon.colcon_core.package_identification:_identify(src/orbslam3_ros2) by extension 'colcon_pkg'
[0.736s] Level 1:colcon.colcon_core.package_identification:_identify(src/orbslam3_ros2) by extensions ['colcon_meta']
[0.737s] Level 1:colcon.colcon_core.package_identification:_identify(src/orbslam3_ros2) by extension 'colcon_meta'
[0.737s] Level 1:colcon.colcon_core.package_identification:_identify(src/orbslam3_ros2) by extensions ['ros']
[0.737s] Level 1:colcon.colcon_core.package_identification:_identify(src/orbslam3_ros2) by extension 'ros'
[0.738s] DEBUG:colcon.colcon_core.package_identification:Package 'src/orbslam3_ros2' with type 'ros.ament_cmake' and name 'orbslam3'
[0.738s] Level 1:colcon.colcon_core.package_identification:_identify(src/ros2_shared) by extensions ['ignore', 'ignore_ament_install']
[0.738s] Level 1:colcon.colcon_core.package_identification:_identify(src/ros2_shared) by extension 'ignore'
[0.739s] Level 1:colcon.colcon_core.package_identification:_identify(src/ros2_shared) by extension 'ignore_ament_install'
[0.739s] Level 1:colcon.colcon_core.package_identification:_identify(src/ros2_shared) by extensions ['colcon_pkg']
[0.739s] Level 1:colcon.colcon_core.package_identification:_identify(src/ros2_shared) by extension 'colcon_pkg'
[0.739s] Level 1:colcon.colcon_core.package_identification:_identify(src/ros2_shared) by extensions ['colcon_meta']
[0.739s] Level 1:colcon.colcon_core.package_identification:_identify(src/ros2_shared) by extension 'colcon_meta'
[0.739s] Level 1:colcon.colcon_core.package_identification:_identify(src/ros2_shared) by extensions ['ros']
[0.739s] Level 1:colcon.colcon_core.package_identification:_identify(src/ros2_shared) by extension 'ros'
[0.742s] DEBUG:colcon.colcon_core.package_identification:Package 'src/ros2_shared' with type 'ros.ament_cmake' and name 'ros2_shared'
[0.742s] Level 1:colcon.colcon_core.package_identification:_identify(src/tello_ros) by extensions ['ignore', 'ignore_ament_install']
[0.742s] Level 1:colcon.colcon_core.package_identification:_identify(src/tello_ros) by extension 'ignore'
[0.742s] Level 1:colcon.colcon_core.package_identification:_identify(src/tello_ros) by extension 'ignore_ament_install'
[0.742s] Level 1:colcon.colcon_core.package_identification:_identify(src/tello_ros) by extensions ['colcon_pkg']
[0.742s] Level 1:colcon.colcon_core.package_identification:_identify(src/tello_ros) by extension 'colcon_pkg'
[0.742s] Level 1:colcon.colcon_core.package_identification:_identify(src/tello_ros) by extensions ['colcon_meta']
[0.742s] Level 1:colcon.colcon_core.package_identification:_identify(src/tello_ros) by extension 'colcon_meta'
[0.742s] Level 1:colcon.colcon_core.package_identification:_identify(src/tello_ros) by extensions ['ros']
[0.743s] Level 1:colcon.colcon_core.package_identification:_identify(src/tello_ros) by extension 'ros'
[0.743s] Level 1:colcon.colcon_core.package_identification:_identify(src/tello_ros) by extensions ['cmake', 'python']
[0.743s] Level 1:colcon.colcon_core.package_identification:_identify(src/tello_ros) by extension 'cmake'
[0.743s] Level 1:colcon.colcon_core.package_identification:_identify(src/tello_ros) by extension 'python'
[0.743s] Level 1:colcon.colcon_core.package_identification:_identify(src/tello_ros) by extensions ['python_setup_py']
[0.743s] Level 1:colcon.colcon_core.package_identification:_identify(src/tello_ros) by extension 'python_setup_py'
[0.743s] Level 1:colcon.colcon_core.package_identification:_identify(src/tello_ros/tello_description) by extensions ['ignore', 'ignore_ament_install']
[0.743s] Level 1:colcon.colcon_core.package_identification:_identify(src/tello_ros/tello_description) by extension 'ignore'
[0.743s] Level 1:colcon.colcon_core.package_identification:_identify(src/tello_ros/tello_description) by extension 'ignore_ament_install'
[0.743s] Level 1:colcon.colcon_core.package_identification:_identify(src/tello_ros/tello_description) by extensions ['colcon_pkg']
[0.744s] Level 1:colcon.colcon_core.package_identification:_identify(src/tello_ros/tello_description) by extension 'colcon_pkg'
[0.744s] Level 1:colcon.colcon_core.package_identification:_identify(src/tello_ros/tello_description) by extensions ['colcon_meta']
[0.744s] Level 1:colcon.colcon_core.package_identification:_identify(src/tello_ros/tello_description) by extension 'colcon_meta'
[0.744s] Level 1:colcon.colcon_core.package_identification:_identify(src/tello_ros/tello_description) by extensions ['ros']
[0.744s] Level 1:colcon.colcon_core.package_identification:_identify(src/tello_ros/tello_description) by extension 'ros'
[0.745s] DEBUG:colcon.colcon_core.package_identification:Package 'src/tello_ros/tello_description' with type 'ros.ament_cmake' and name 'tello_description'
[0.745s] Level 1:colcon.colcon_core.package_identification:_identify(src/tello_ros/tello_driver) by extensions ['ignore', 'ignore_ament_install']
[0.745s] Level 1:colcon.colcon_core.package_identification:_identify(src/tello_ros/tello_driver) by extension 'ignore'
[0.745s] Level 1:colcon.colcon_core.package_identification:_identify(src/tello_ros/tello_driver) by extension 'ignore_ament_install'
[0.745s] Level 1:colcon.colcon_core.package_identification:_identify(src/tello_ros/tello_driver) by extensions ['colcon_pkg']
[0.745s] Level 1:colcon.colcon_core.package_identification:_identify(src/tello_ros/tello_driver) by extension 'colcon_pkg'
[0.745s] Level 1:colcon.colcon_core.package_identification:_identify(src/tello_ros/tello_driver) by extensions ['colcon_meta']
[0.745s] Level 1:colcon.colcon_core.package_identification:_identify(src/tello_ros/tello_driver) by extension 'colcon_meta'
[0.746s] Level 1:colcon.colcon_core.package_identification:_identify(src/tello_ros/tello_driver) by extensions ['ros']
[0.746s] Level 1:colcon.colcon_core.package_identification:_identify(src/tello_ros/tello_driver) by extension 'ros'
[0.748s] DEBUG:colcon.colcon_core.package_identification:Package 'src/tello_ros/tello_driver' with type 'ros.ament_cmake' and name 'tello_driver'
[0.748s] Level 1:colcon.colcon_core.package_identification:_identify(src/tello_ros/tello_gazebo) by extensions ['ignore', 'ignore_ament_install']
[0.748s] Level 1:colcon.colcon_core.package_identification:_identify(src/tello_ros/tello_gazebo) by extension 'ignore'
[0.748s] Level 1:colcon.colcon_core.package_identification:_identify(src/tello_ros/tello_gazebo) by extension 'ignore_ament_install'
[0.748s] Level 1:colcon.colcon_core.package_identification:_identify(src/tello_ros/tello_gazebo) by extensions ['colcon_pkg']
[0.748s] Level 1:colcon.colcon_core.package_identification:_identify(src/tello_ros/tello_gazebo) by extension 'colcon_pkg'
[0.749s] Level 1:colcon.colcon_core.package_identification:_identify(src/tello_ros/tello_gazebo) by extensions ['colcon_meta']
[0.749s] Level 1:colcon.colcon_core.package_identification:_identify(src/tello_ros/tello_gazebo) by extension 'colcon_meta'
[0.749s] Level 1:colcon.colcon_core.package_identification:_identify(src/tello_ros/tello_gazebo) by extensions ['ros']
[0.749s] Level 1:colcon.colcon_core.package_identification:_identify(src/tello_ros/tello_gazebo) by extension 'ros'
[0.751s] DEBUG:colcon.colcon_core.package_identification:Package 'src/tello_ros/tello_gazebo' with type 'ros.ament_cmake' and name 'tello_gazebo'
[0.751s] Level 1:colcon.colcon_core.package_identification:_identify(src/tello_ros/tello_msgs) by extensions ['ignore', 'ignore_ament_install']
[0.751s] Level 1:colcon.colcon_core.package_identification:_identify(src/tello_ros/tello_msgs) by extension 'ignore'
[0.751s] Level 1:colcon.colcon_core.package_identification:_identify(src/tello_ros/tello_msgs) by extension 'ignore_ament_install'
[0.751s] Level 1:colcon.colcon_core.package_identification:_identify(src/tello_ros/tello_msgs) by extensions ['colcon_pkg']
[0.751s] Level 1:colcon.colcon_core.package_identification:_identify(src/tello_ros/tello_msgs) by extension 'colcon_pkg'
[0.752s] Level 1:colcon.colcon_core.package_identification:_identify(src/tello_ros/tello_msgs) by extensions ['colcon_meta']
[0.752s] Level 1:colcon.colcon_core.package_identification:_identify(src/tello_ros/tello_msgs) by extension 'colcon_meta'
[0.752s] Level 1:colcon.colcon_core.package_identification:_identify(src/tello_ros/tello_msgs) by extensions ['ros']
[0.752s] Level 1:colcon.colcon_core.package_identification:_identify(src/tello_ros/tello_msgs) by extension 'ros'
[0.753s] DEBUG:colcon.colcon_core.package_identification:Package 'src/tello_ros/tello_msgs' with type 'ros.ament_cmake' and name 'tello_msgs'
[0.753s] Level 1:colcon.colcon_core.package_discovery:discover_packages(recursive) using defaults
[0.753s] Level 1:colcon.colcon_core.package_discovery:discover_packages(ignore) discover
[0.753s] Level 1:colcon.colcon_core.package_discovery:discover_packages(ignore) using defaults
[0.753s] Level 1:colcon.colcon_core.package_discovery:discover_packages(path) discover
[0.753s] Level 1:colcon.colcon_core.package_discovery:discover_packages(path) using defaults
[0.782s] Level 1:colcon.colcon_core.package_discovery:discover_packages(prefix_path) check parameters
[0.782s] Level 1:colcon.colcon_core.package_discovery:discover_packages(prefix_path) discover
[0.787s] DEBUG:colcon.colcon_installed_package_information.package_discovery:Found 325 installed packages in /opt/ros/foxy
[0.790s] Level 1:colcon.colcon_core.package_discovery:discover_packages(prefix_path) using defaults
[0.948s] Level 5:colcon.colcon_core.verb:set package 'fiducial_vlam_msgs' build argument 'cmake_args' from command line to 'None'
[0.948s] Level 5:colcon.colcon_core.verb:set package 'fiducial_vlam_msgs' build argument 'cmake_target' from command line to 'None'
[0.948s] Level 5:colcon.colcon_core.verb:set package 'fiducial_vlam_msgs' build argument 'cmake_target_skip_unavailable' from command line to 'False'
[0.948s] Level 5:colcon.colcon_core.verb:set package 'fiducial_vlam_msgs' build argument 'cmake_clean_cache' from command line to 'False'
[0.948s] Level 5:colcon.colcon_core.verb:set package 'fiducial_vlam_msgs' build argument 'cmake_clean_first' from command line to 'False'
[0.948s] Level 5:colcon.colcon_core.verb:set package 'fiducial_vlam_msgs' build argument 'cmake_force_configure' from command line to 'False'
[0.949s] Level 5:colcon.colcon_core.verb:set package 'fiducial_vlam_msgs' build argument 'ament_cmake_args' from command line to 'None'
[0.949s] Level 5:colcon.colcon_core.verb:set package 'fiducial_vlam_msgs' build argument 'catkin_cmake_args' from command line to 'None'
[0.949s] Level 5:colcon.colcon_core.verb:set package 'fiducial_vlam_msgs' build argument 'catkin_skip_building_tests' from command line to 'False'
[0.949s] DEBUG:colcon.colcon_core.verb:Building package 'fiducial_vlam_msgs' with the following arguments: {'ament_cmake_args': None, 'build_base': '/home/hkim/development/tello_ros_ws/build/fiducial_vlam_msgs', 'catkin_cmake_args': None, 'catkin_skip_building_tests': False, 'cmake_args': None, 'cmake_clean_cache': False, 'cmake_clean_first': False, 'cmake_force_configure': False, 'cmake_target': None, 'cmake_target_skip_unavailable': False, 'install_base': '/home/hkim/development/tello_ros_ws/install/fiducial_vlam_msgs', 'merge_install': False, 'path': '/home/hkim/development/tello_ros_ws/src/fiducial_vlam/fiducial_vlam_msgs', 'symlink_install': False, 'test_result_base': None}
[0.950s] Level 5:colcon.colcon_core.verb:set package 'orbslam3' build argument 'cmake_args' from command line to 'None'
[0.950s] Level 5:colcon.colcon_core.verb:set package 'orbslam3' build argument 'cmake_target' from command line to 'None'
[0.950s] Level 5:colcon.colcon_core.verb:set package 'orbslam3' build argument 'cmake_target_skip_unavailable' from command line to 'False'
[0.950s] Level 5:colcon.colcon_core.verb:set package 'orbslam3' build argument 'cmake_clean_cache' from command line to 'False'
[0.950s] Level 5:colcon.colcon_core.verb:set package 'orbslam3' build argument 'cmake_clean_first' from command line to 'False'
[0.950s] Level 5:colcon.colcon_core.verb:set package 'orbslam3' build argument 'cmake_force_configure' from command line to 'False'
[0.950s] Level 5:colcon.colcon_core.verb:set package 'orbslam3' build argument 'ament_cmake_args' from command line to 'None'
[0.950s] Level 5:colcon.colcon_core.verb:set package 'orbslam3' build argument 'catkin_cmake_args' from command line to 'None'
[0.950s] Level 5:colcon.colcon_core.verb:set package 'orbslam3' build argument 'catkin_skip_building_tests' from command line to 'False'
[0.950s] DEBUG:colcon.colcon_core.verb:Building package 'orbslam3' with the following arguments: {'ament_cmake_args': None, 'build_base': '/home/hkim/development/tello_ros_ws/build/orbslam3', 'catkin_cmake_args': None, 'catkin_skip_building_tests': False, 'cmake_args': None, 'cmake_clean_cache': False, 'cmake_clean_first': False, 'cmake_force_configure': False, 'cmake_target': None, 'cmake_target_skip_unavailable': False, 'install_base': '/home/hkim/development/tello_ros_ws/install/orbslam3', 'merge_install': False, 'path': '/home/hkim/development/tello_ros_ws/src/orbslam3_ros2', 'symlink_install': False, 'test_result_base': None}
[0.951s] Level 5:colcon.colcon_core.verb:set package 'ros2_shared' build argument 'cmake_args' from command line to 'None'
[0.951s] Level 5:colcon.colcon_core.verb:set package 'ros2_shared' build argument 'cmake_target' from command line to 'None'
[0.951s] Level 5:colcon.colcon_core.verb:set package 'ros2_shared' build argument 'cmake_target_skip_unavailable' from command line to 'False'
[0.951s] Level 5:colcon.colcon_core.verb:set package 'ros2_shared' build argument 'cmake_clean_cache' from command line to 'False'
[0.951s] Level 5:colcon.colcon_core.verb:set package 'ros2_shared' build argument 'cmake_clean_first' from command line to 'False'
[0.951s] Level 5:colcon.colcon_core.verb:set package 'ros2_shared' build argument 'cmake_force_configure' from command line to 'False'
[0.951s] Level 5:colcon.colcon_core.verb:set package 'ros2_shared' build argument 'ament_cmake_args' from command line to 'None'
[0.951s] Level 5:colcon.colcon_core.verb:set package 'ros2_shared' build argument 'catkin_cmake_args' from command line to 'None'
[0.951s] Level 5:colcon.colcon_core.verb:set package 'ros2_shared' build argument 'catkin_skip_building_tests' from command line to 'False'
[0.951s] DEBUG:colcon.colcon_core.verb:Building package 'ros2_shared' with the following arguments: {'ament_cmake_args': None, 'build_base': '/home/hkim/development/tello_ros_ws/build/ros2_shared', 'catkin_cmake_args': None, 'catkin_skip_building_tests': False, 'cmake_args': None, 'cmake_clean_cache': False, 'cmake_clean_first': False, 'cmake_force_configure': False, 'cmake_target': None, 'cmake_target_skip_unavailable': False, 'install_base': '/home/hkim/development/tello_ros_ws/install/ros2_shared', 'merge_install': False, 'path': '/home/hkim/development/tello_ros_ws/src/ros2_shared', 'symlink_install': False, 'test_result_base': None}
[0.952s] Level 5:colcon.colcon_core.verb:set package 'tello_description' build argument 'cmake_args' from command line to 'None'
[0.952s] Level 5:colcon.colcon_core.verb:set package 'tello_description' build argument 'cmake_target' from command line to 'None'
[0.952s] Level 5:colcon.colcon_core.verb:set package 'tello_description' build argument 'cmake_target_skip_unavailable' from command line to 'False'
[0.952s] Level 5:colcon.colcon_core.verb:set package 'tello_description' build argument 'cmake_clean_cache' from command line to 'False'
[0.952s] Level 5:colcon.colcon_core.verb:set package 'tello_description' build argument 'cmake_clean_first' from command line to 'False'
[0.952s] Level 5:colcon.colcon_core.verb:set package 'tello_description' build argument 'cmake_force_configure' from command line to 'False'
[0.952s] Level 5:colcon.colcon_core.verb:set package 'tello_description' build argument 'ament_cmake_args' from command line to 'None'
[0.952s] Level 5:colcon.colcon_core.verb:set package 'tello_description' build argument 'catkin_cmake_args' from command line to 'None'
[0.952s] Level 5:colcon.colcon_core.verb:set package 'tello_description' build argument 'catkin_skip_building_tests' from command line to 'False'
[0.953s] DEBUG:colcon.colcon_core.verb:Building package 'tello_description' with the following arguments: {'ament_cmake_args': None, 'build_base': '/home/hkim/development/tello_ros_ws/build/tello_description', 'catkin_cmake_args': None, 'catkin_skip_building_tests': False, 'cmake_args': None, 'cmake_clean_cache': False, 'cmake_clean_first': False, 'cmake_force_configure': False, 'cmake_target': None, 'cmake_target_skip_unavailable': False, 'install_base': '/home/hkim/development/tello_ros_ws/install/tello_description', 'merge_install': False, 'path': '/home/hkim/development/tello_ros_ws/src/tello_ros/tello_description', 'symlink_install': False, 'test_result_base': None}
[0.953s] Level 5:colcon.colcon_core.verb:set package 'tello_msgs' build argument 'cmake_args' from command line to 'None'
[0.953s] Level 5:colcon.colcon_core.verb:set package 'tello_msgs' build argument 'cmake_target' from command line to 'None'
[0.953s] Level 5:colcon.colcon_core.verb:set package 'tello_msgs' build argument 'cmake_target_skip_unavailable' from command line to 'False'
[0.953s] Level 5:colcon.colcon_core.verb:set package 'tello_msgs' build argument 'cmake_clean_cache' from command line to 'False'
[0.953s] Level 5:colcon.colcon_core.verb:set package 'tello_msgs' build argument 'cmake_clean_first' from command line to 'False'
[0.953s] Level 5:colcon.colcon_core.verb:set package 'tello_msgs' build argument 'cmake_force_configure' from command line to 'False'
[0.953s] Level 5:colcon.colcon_core.verb:set package 'tello_msgs' build argument 'ament_cmake_args' from command line to 'None'
[0.954s] Level 5:colcon.colcon_core.verb:set package 'tello_msgs' build argument 'catkin_cmake_args' from command line to 'None'
[0.954s] Level 5:colcon.colcon_core.verb:set package 'tello_msgs' build argument 'catkin_skip_building_tests' from command line to 'False'
[0.954s] DEBUG:colcon.colcon_core.verb:Building package 'tello_msgs' with the following arguments: {'ament_cmake_args': None, 'build_base': '/home/hkim/development/tello_ros_ws/build/tello_msgs', 'catkin_cmake_args': None, 'catkin_skip_building_tests': False, 'cmake_args': None, 'cmake_clean_cache': False, 'cmake_clean_first': False, 'cmake_force_configure': False, 'cmake_target': None, 'cmake_target_skip_unavailable': False, 'install_base': '/home/hkim/development/tello_ros_ws/install/tello_msgs', 'merge_install': False, 'path': '/home/hkim/development/tello_ros_ws/src/tello_ros/tello_msgs', 'symlink_install': False, 'test_result_base': None}
[0.954s] Level 5:colcon.colcon_core.verb:set package 'fiducial_vlam' build argument 'cmake_args' from command line to 'None'
[0.954s] Level 5:colcon.colcon_core.verb:set package 'fiducial_vlam' build argument 'cmake_target' from command line to 'None'
[0.954s] Level 5:colcon.colcon_core.verb:set package 'fiducial_vlam' build argument 'cmake_target_skip_unavailable' from command line to 'False'
[0.954s] Level 5:colcon.colcon_core.verb:set package 'fiducial_vlam' build argument 'cmake_clean_cache' from command line to 'False'
[0.955s] Level 5:colcon.colcon_core.verb:set package 'fiducial_vlam' build argument 'cmake_clean_first' from command line to 'False'
[0.955s] Level 5:colcon.colcon_core.verb:set package 'fiducial_vlam' build argument 'cmake_force_configure' from command line to 'False'
[0.955s] Level 5:colcon.colcon_core.verb:set package 'fiducial_vlam' build argument 'ament_cmake_args' from command line to 'None'
[0.955s] Level 5:colcon.colcon_core.verb:set package 'fiducial_vlam' build argument 'catkin_cmake_args' from command line to 'None'
[0.955s] Level 5:colcon.colcon_core.verb:set package 'fiducial_vlam' build argument 'catkin_skip_building_tests' from command line to 'False'
[0.955s] DEBUG:colcon.colcon_core.verb:Building package 'fiducial_vlam' with the following arguments: {'ament_cmake_args': None, 'build_base': '/home/hkim/development/tello_ros_ws/build/fiducial_vlam', 'catkin_cmake_args': None, 'catkin_skip_building_tests': False, 'cmake_args': None, 'cmake_clean_cache': False, 'cmake_clean_first': False, 'cmake_force_configure': False, 'cmake_target': None, 'cmake_target_skip_unavailable': False, 'install_base': '/home/hkim/development/tello_ros_ws/install/fiducial_vlam', 'merge_install': False, 'path': '/home/hkim/development/tello_ros_ws/src/fiducial_vlam/fiducial_vlam', 'symlink_install': False, 'test_result_base': None}
[0.955s] Level 5:colcon.colcon_core.verb:set package 'tello_driver' build argument 'cmake_args' from command line to 'None'
[0.956s] Level 5:colcon.colcon_core.verb:set package 'tello_driver' build argument 'cmake_target' from command line to 'None'
[0.956s] Level 5:colcon.colcon_core.verb:set package 'tello_driver' build argument 'cmake_target_skip_unavailable' from command line to 'False'
[0.956s] Level 5:colcon.colcon_core.verb:set package 'tello_driver' build argument 'cmake_clean_cache' from command line to 'False'
[0.956s] Level 5:colcon.colcon_core.verb:set package 'tello_driver' build argument 'cmake_clean_first' from command line to 'False'
[0.956s] Level 5:colcon.colcon_core.verb:set package 'tello_driver' build argument 'cmake_force_configure' from command line to 'False'
[0.956s] Level 5:colcon.colcon_core.verb:set package 'tello_driver' build argument 'ament_cmake_args' from command line to 'None'
[0.956s] Level 5:colcon.colcon_core.verb:set package 'tello_driver' build argument 'catkin_cmake_args' from command line to 'None'
[0.956s] Level 5:colcon.colcon_core.verb:set package 'tello_driver' build argument 'catkin_skip_building_tests' from command line to 'False'
[0.956s] DEBUG:colcon.colcon_core.verb:Building package 'tello_driver' with the following arguments: {'ament_cmake_args': None, 'build_base': '/home/hkim/development/tello_ros_ws/build/tello_driver', 'catkin_cmake_args': None, 'catkin_skip_building_tests': False, 'cmake_args': None, 'cmake_clean_cache': False, 'cmake_clean_first': False, 'cmake_force_configure': False, 'cmake_target': None, 'cmake_target_skip_unavailable': False, 'install_base': '/home/hkim/development/tello_ros_ws/install/tello_driver', 'merge_install': False, 'path': '/home/hkim/development/tello_ros_ws/src/tello_ros/tello_driver', 'symlink_install': False, 'test_result_base': None}
[0.956s] Level 5:colcon.colcon_core.verb:set package 'tello_gazebo' build argument 'cmake_args' from command line to 'None'
[0.957s] Level 5:colcon.colcon_core.verb:set package 'tello_gazebo' build argument 'cmake_target' from command line to 'None'
[0.957s] Level 5:colcon.colcon_core.verb:set package 'tello_gazebo' build argument 'cmake_target_skip_unavailable' from command line to 'False'
[0.957s] Level 5:colcon.colcon_core.verb:set package 'tello_gazebo' build argument 'cmake_clean_cache' from command line to 'False'
[0.957s] Level 5:colcon.colcon_core.verb:set package 'tello_gazebo' build argument 'cmake_clean_first' from command line to 'False'
[0.957s] Level 5:colcon.colcon_core.verb:set package 'tello_gazebo' build argument 'cmake_force_configure' from command line to 'False'
[0.957s] Level 5:colcon.colcon_core.verb:set package 'tello_gazebo' build argument 'ament_cmake_args' from command line to 'None'
[0.957s] Level 5:colcon.colcon_core.verb:set package 'tello_gazebo' build argument 'catkin_cmake_args' from command line to 'None'
[0.957s] Level 5:colcon.colcon_core.verb:set package 'tello_gazebo' build argument 'catkin_skip_building_tests' from command line to 'False'
[0.957s] DEBUG:colcon.colcon_core.verb:Building package 'tello_gazebo' with the following arguments: {'ament_cmake_args': None, 'build_base': '/home/hkim/development/tello_ros_ws/build/tello_gazebo', 'catkin_cmake_args': None, 'catkin_skip_building_tests': False, 'cmake_args': None, 'cmake_clean_cache': False, 'cmake_clean_first': False, 'cmake_force_configure': False, 'cmake_target': None, 'cmake_target_skip_unavailable': False, 'install_base': '/home/hkim/development/tello_ros_ws/install/tello_gazebo', 'merge_install': False, 'path': '/home/hkim/development/tello_ros_ws/src/tello_ros/tello_gazebo', 'symlink_install': False, 'test_result_base': None}
[0.957s] INFO:colcon.colcon_core.executor:Executing jobs using 'parallel' executor
[0.959s] DEBUG:colcon.colcon_parallel_executor.executor.parallel:run_until_complete
[0.959s] INFO:colcon.colcon_ros.task.ament_cmake.build:Building ROS package in '/home/hkim/development/tello_ros_ws/src/ros2_shared' with build type 'ament_cmake'
[0.959s] INFO:colcon.colcon_cmake.task.cmake.build:Building CMake package in '/home/hkim/development/tello_ros_ws/src/ros2_shared'
[0.962s] INFO:colcon.colcon_core.plugin_system:Skipping extension 'colcon_core.shell.bat': Not used on non-Windows systems
[0.962s] INFO:colcon.colcon_core.shell:Skip shell extension 'powershell' for command environment: Not usable outside of PowerShell
[0.962s] DEBUG:colcon.colcon_core.shell:Skip shell extension 'dsv' for command environment
[0.971s] INFO:colcon.colcon_ros.task.ament_cmake.build:Building ROS package in '/home/hkim/development/tello_ros_ws/src/tello_ros/tello_msgs' with build type 'ament_cmake'
[0.972s] INFO:colcon.colcon_cmake.task.cmake.build:Building CMake package in '/home/hkim/development/tello_ros_ws/src/tello_ros/tello_msgs'
[0.973s] INFO:colcon.colcon_core.shell:Skip shell extension 'powershell' for command environment: Not usable outside of PowerShell
[0.973s] DEBUG:colcon.colcon_core.shell:Skip shell extension 'dsv' for command environment
[0.982s] INFO:colcon.colcon_ros.task.ament_cmake.build:Building ROS package in '/home/hkim/development/tello_ros_ws/src/fiducial_vlam/fiducial_vlam_msgs' with build type 'ament_cmake'
[0.982s] INFO:colcon.colcon_cmake.task.cmake.build:Building CMake package in '/home/hkim/development/tello_ros_ws/src/fiducial_vlam/fiducial_vlam_msgs'
[0.983s] INFO:colcon.colcon_core.shell:Skip shell extension 'powershell' for command environment: Not usable outside of PowerShell
[0.984s] DEBUG:colcon.colcon_core.shell:Skip shell extension 'dsv' for command environment
[0.999s] INFO:colcon.colcon_ros.task.ament_cmake.build:Building ROS package in '/home/hkim/development/tello_ros_ws/src/orbslam3_ros2' with build type 'ament_cmake'
[1.000s] INFO:colcon.colcon_cmake.task.cmake.build:Building CMake package in '/home/hkim/development/tello_ros_ws/src/orbslam3_ros2'
[1.000s] INFO:colcon.colcon_core.shell:Skip shell extension 'powershell' for command environment: Not usable outside of PowerShell
[1.001s] DEBUG:colcon.colcon_core.shell:Skip shell extension 'dsv' for command environment
[1.030s] DEBUG:colcon.colcon_core.event_handler.log_command:Invoking command in '/home/hkim/development/tello_ros_ws/build/ros2_shared': CMAKE_PREFIX_PATH=/opt/ros/foxy /usr/bin/cmake --build /home/hkim/development/tello_ros_ws/build/ros2_shared -- -j4 -l4
[1.058s] DEBUG:colcon.colcon_core.event_handler.log_command:Invoking command in '/home/hkim/development/tello_ros_ws/build/tello_msgs': CMAKE_PREFIX_PATH=/opt/ros/foxy /usr/bin/cmake --build /home/hkim/development/tello_ros_ws/build/tello_msgs -- -j4 -l4
[1.075s] DEBUG:colcon.colcon_core.event_handler.log_command:Invoking command in '/home/hkim/development/tello_ros_ws/build/fiducial_vlam_msgs': CMAKE_PREFIX_PATH=/opt/ros/foxy /usr/bin/cmake --build /home/hkim/development/tello_ros_ws/build/fiducial_vlam_msgs -- -j4 -l4
[1.120s] DEBUG:colcon.colcon_core.event_handler.log_command:Invoking command in '/home/hkim/development/tello_ros_ws/build/orbslam3': CMAKE_PREFIX_PATH=/opt/ros/foxy /usr/bin/cmake --build /home/hkim/development/tello_ros_ws/build/orbslam3 -- -j4 -l4
[1.237s] DEBUG:colcon.colcon_core.event_handler.log_command:Invoked command in '/home/hkim/development/tello_ros_ws/build/ros2_shared' returned '0': CMAKE_PREFIX_PATH=/opt/ros/foxy /usr/bin/cmake --build /home/hkim/development/tello_ros_ws/build/ros2_shared -- -j4 -l4
[1.556s] DEBUG:colcon.colcon_core.event_handler.log_command:Invoking command in '/home/hkim/development/tello_ros_ws/build/ros2_shared': CMAKE_PREFIX_PATH=/opt/ros/foxy /usr/bin/cmake --install /home/hkim/development/tello_ros_ws/build/ros2_shared
[1.609s] Level 1:colcon.colcon_core.environment:create_environment_scripts_only(ros2_shared)
[1.622s] Level 1:colcon.colcon_core.environment:checking '/home/hkim/development/tello_ros_ws/install/ros2_shared' for CMake module files
[1.632s] DEBUG:colcon.colcon_core.event_handler.log_command:Invoked command in '/home/hkim/development/tello_ros_ws/build/ros2_shared' returned '0': CMAKE_PREFIX_PATH=/opt/ros/foxy /usr/bin/cmake --install /home/hkim/development/tello_ros_ws/build/ros2_shared
[1.633s] Level 1:colcon.colcon_core.environment:checking '/home/hkim/development/tello_ros_ws/install/ros2_shared' for CMake config files
[1.633s] Level 1:colcon.colcon_core.shell:create_environment_hook('ros2_shared', 'cmake_prefix_path')
[1.634s] INFO:colcon.colcon_core.shell:Creating environment hook '/home/hkim/development/tello_ros_ws/install/ros2_shared/share/ros2_shared/hook/cmake_prefix_path.ps1'
[1.635s] INFO:colcon.colcon_core.shell:Creating environment descriptor '/home/hkim/development/tello_ros_ws/install/ros2_shared/share/ros2_shared/hook/cmake_prefix_path.dsv'
[1.636s] INFO:colcon.colcon_core.shell:Creating environment hook '/home/hkim/development/tello_ros_ws/install/ros2_shared/share/ros2_shared/hook/cmake_prefix_path.sh'
[1.638s] Level 1:colcon.colcon_core.environment:checking '/home/hkim/development/tello_ros_ws/install/ros2_shared/bin'
[1.638s] Level 1:colcon.colcon_core.environment:checking '/home/hkim/development/tello_ros_ws/install/ros2_shared/lib/pkgconfig/ros2_shared.pc'
[1.638s] Level 1:colcon.colcon_core.environment:checking '/home/hkim/development/tello_ros_ws/install/ros2_shared/lib/python3.8/site-packages'
[1.639s] Level 1:colcon.colcon_core.environment:checking '/home/hkim/development/tello_ros_ws/install/ros2_shared/bin'
[1.648s] INFO:colcon.colcon_core.shell:Creating package script '/home/hkim/development/tello_ros_ws/install/ros2_shared/share/ros2_shared/package.ps1'
[1.650s] INFO:colcon.colcon_core.shell:Creating package descriptor '/home/hkim/development/tello_ros_ws/install/ros2_shared/share/ros2_shared/package.dsv'
[1.651s] INFO:colcon.colcon_core.shell:Creating package script '/home/hkim/development/tello_ros_ws/install/ros2_shared/share/ros2_shared/package.sh'
[1.652s] INFO:colcon.colcon_core.shell:Creating package script '/home/hkim/development/tello_ros_ws/install/ros2_shared/share/ros2_shared/package.bash'
[1.671s] INFO:colcon.colcon_core.shell:Creating package script '/home/hkim/development/tello_ros_ws/install/ros2_shared/share/ros2_shared/package.zsh'
[1.673s] Level 1:colcon.colcon_core.environment:create_file_with_runtime_dependencies(/home/hkim/development/tello_ros_ws/install/ros2_shared/share/colcon-core/packages/ros2_shared)
[1.871s] Level 1:colcon.colcon_core.environment:create_environment_scripts_only(ros2_shared)
[1.872s] Level 1:colcon.colcon_core.environment:checking '/home/hkim/development/tello_ros_ws/install/ros2_shared' for CMake module files
[1.873s] Level 1:colcon.colcon_core.environment:checking '/home/hkim/development/tello_ros_ws/install/ros2_shared' for CMake config files
[1.873s] Level 1:colcon.colcon_core.shell:create_environment_hook('ros2_shared', 'cmake_prefix_path')
[1.874s] INFO:colcon.colcon_core.shell:Creating environment hook '/home/hkim/development/tello_ros_ws/install/ros2_shared/share/ros2_shared/hook/cmake_prefix_path.ps1'
[1.874s] INFO:colcon.colcon_core.shell:Creating environment descriptor '/home/hkim/development/tello_ros_ws/install/ros2_shared/share/ros2_shared/hook/cmake_prefix_path.dsv'
[1.875s] INFO:colcon.colcon_core.shell:Creating environment hook '/home/hkim/development/tello_ros_ws/install/ros2_shared/share/ros2_shared/hook/cmake_prefix_path.sh'
[1.880s] Level 1:colcon.colcon_core.environment:checking '/home/hkim/development/tello_ros_ws/install/ros2_shared/bin'
[1.880s] Level 1:colcon.colcon_core.environment:checking '/home/hkim/development/tello_ros_ws/install/ros2_shared/lib/pkgconfig/ros2_shared.pc'
[1.881s] Level 1:colcon.colcon_core.environment:checking '/home/hkim/development/tello_ros_ws/install/ros2_shared/lib/python3.8/site-packages'
[1.881s] Level 1:colcon.colcon_core.environment:checking '/home/hkim/development/tello_ros_ws/install/ros2_shared/bin'
[1.882s] INFO:colcon.colcon_core.shell:Creating package script '/home/hkim/development/tello_ros_ws/install/ros2_shared/share/ros2_shared/package.ps1'
[1.882s] INFO:colcon.colcon_core.shell:Creating package descriptor '/home/hkim/development/tello_ros_ws/install/ros2_shared/share/ros2_shared/package.dsv'
[1.888s] INFO:colcon.colcon_core.shell:Creating package script '/home/hkim/development/tello_ros_ws/install/ros2_shared/share/ros2_shared/package.sh'
[1.889s] INFO:colcon.colcon_core.shell:Creating package script '/home/hkim/development/tello_ros_ws/install/ros2_shared/share/ros2_shared/package.bash'
[1.890s] INFO:colcon.colcon_core.shell:Creating package script '/home/hkim/development/tello_ros_ws/install/ros2_shared/share/ros2_shared/package.zsh'
[1.891s] Level 1:colcon.colcon_core.environment:create_file_with_runtime_dependencies(/home/hkim/development/tello_ros_ws/install/ros2_shared/share/colcon-core/packages/ros2_shared)
[1.891s] INFO:colcon.colcon_ros.task.ament_cmake.build:Building ROS package in '/home/hkim/development/tello_ros_ws/src/tello_ros/tello_description' with build type 'ament_cmake'
[1.892s] INFO:colcon.colcon_cmake.task.cmake.build:Building CMake package in '/home/hkim/development/tello_ros_ws/src/tello_ros/tello_description'
[1.900s] INFO:colcon.colcon_core.shell:Skip shell extension 'powershell' for command environment: Not usable outside of PowerShell
[1.900s] DEBUG:colcon.colcon_core.shell:Skip shell extension 'dsv' for command environment
[1.927s] DEBUG:colcon.colcon_core.event_handler.log_command:Invoking command in '/home/hkim/development/tello_ros_ws/build/tello_description': CMAKE_PREFIX_PATH=/opt/ros/foxy /usr/bin/cmake --build /home/hkim/development/tello_ros_ws/build/tello_description -- -j4 -l4
[3.071s] DEBUG:colcon.colcon_core.event_handler.log_command:Invoked command in '/home/hkim/development/tello_ros_ws/build/tello_msgs' returned '0': CMAKE_PREFIX_PATH=/opt/ros/foxy /usr/bin/cmake --build /home/hkim/development/tello_ros_ws/build/tello_msgs -- -j4 -l4
[3.222s] DEBUG:colcon.colcon_core.event_handler.log_command:Invoked command in '/home/hkim/development/tello_ros_ws/build/tello_description' returned '0': CMAKE_PREFIX_PATH=/opt/ros/foxy /usr/bin/cmake --build /home/hkim/development/tello_ros_ws/build/tello_description -- -j4 -l4
[3.296s] DEBUG:colcon.colcon_core.event_handler.log_command:Invoked command in '/home/hkim/development/tello_ros_ws/build/orbslam3' returned '2': CMAKE_PREFIX_PATH=/opt/ros/foxy /usr/bin/cmake --build /home/hkim/development/tello_ros_ws/build/orbslam3 -- -j4 -l4
[3.411s] DEBUG:colcon.colcon_core.event_handler.log_command:Invoked command in '/home/hkim/development/tello_ros_ws/build/fiducial_vlam_msgs' returned '0': CMAKE_PREFIX_PATH=/opt/ros/foxy /usr/bin/cmake --build /home/hkim/development/tello_ros_ws/build/fiducial_vlam_msgs -- -j4 -l4
[3.444s] DEBUG:colcon.colcon_core.event_handler.log_command:Invoking command in '/home/hkim/development/tello_ros_ws/build/tello_description': CMAKE_PREFIX_PATH=/opt/ros/foxy /usr/bin/cmake --install /home/hkim/development/tello_ros_ws/build/tello_description
[3.500s] Level 1:colcon.colcon_core.environment:create_environment_scripts_only(tello_description)
[3.500s] Level 1:colcon.colcon_core.environment:checking '/home/hkim/development/tello_ros_ws/install/tello_description' for CMake module files
[3.501s] Level 1:colcon.colcon_core.environment:checking '/home/hkim/development/tello_ros_ws/install/tello_description' for CMake config files
[3.502s] Level 1:colcon.colcon_core.shell:create_environment_hook('tello_description', 'cmake_prefix_path')
[3.502s] INFO:colcon.colcon_core.shell:Creating environment hook '/home/hkim/development/tello_ros_ws/install/tello_description/share/tello_description/hook/cmake_prefix_path.ps1'
[3.504s] DEBUG:colcon.colcon_core.event_handler.log_command:Invoked command in '/home/hkim/development/tello_ros_ws/build/tello_description' returned '0': CMAKE_PREFIX_PATH=/opt/ros/foxy /usr/bin/cmake --install /home/hkim/development/tello_ros_ws/build/tello_description
[3.504s] INFO:colcon.colcon_core.shell:Creating environment descriptor '/home/hkim/development/tello_ros_ws/install/tello_description/share/tello_description/hook/cmake_prefix_path.dsv'
[3.505s] INFO:colcon.colcon_core.shell:Creating environment hook '/home/hkim/development/tello_ros_ws/install/tello_description/share/tello_description/hook/cmake_prefix_path.sh'
[3.506s] Level 1:colcon.colcon_core.environment:checking '/home/hkim/development/tello_ros_ws/install/tello_description/bin'
[3.506s] Level 1:colcon.colcon_core.environment:checking '/home/hkim/development/tello_ros_ws/install/tello_description/lib/pkgconfig/tello_description.pc'
[3.506s] Level 1:colcon.colcon_core.environment:checking '/home/hkim/development/tello_ros_ws/install/tello_description/lib/python3.8/site-packages'
[3.507s] Level 1:colcon.colcon_core.environment:checking '/home/hkim/development/tello_ros_ws/install/tello_description/bin'
[3.507s] INFO:colcon.colcon_core.shell:Creating package script '/home/hkim/development/tello_ros_ws/install/tello_description/share/tello_description/package.ps1'
[3.508s] INFO:colcon.colcon_core.shell:Creating package descriptor '/home/hkim/development/tello_ros_ws/install/tello_description/share/tello_description/package.dsv'
[3.508s] INFO:colcon.colcon_core.shell:Creating package script '/home/hkim/development/tello_ros_ws/install/tello_description/share/tello_description/package.sh'
[3.509s] INFO:colcon.colcon_core.shell:Creating package script '/home/hkim/development/tello_ros_ws/install/tello_description/share/tello_description/package.bash'
[3.509s] INFO:colcon.colcon_core.shell:Creating package script '/home/hkim/development/tello_ros_ws/install/tello_description/share/tello_description/package.zsh'
[3.510s] Level 1:colcon.colcon_core.environment:create_file_with_runtime_dependencies(/home/hkim/development/tello_ros_ws/install/tello_description/share/colcon-core/packages/tello_description)
[3.573s] Level 1:colcon.colcon_core.environment:create_environment_scripts_only(orbslam3)
[3.574s] Level 1:colcon.colcon_core.environment:checking '/home/hkim/development/tello_ros_ws/install/orbslam3' for CMake module files
[3.574s] Level 1:colcon.colcon_core.environment:checking '/home/hkim/development/tello_ros_ws/install/orbslam3' for CMake config files
[3.575s] Level 1:colcon.colcon_core.environment:checking '/home/hkim/development/tello_ros_ws/install/orbslam3/bin'
[3.575s] Level 1:colcon.colcon_core.environment:checking '/home/hkim/development/tello_ros_ws/install/orbslam3/lib/pkgconfig/orbslam3.pc'
[3.576s] Level 1:colcon.colcon_core.environment:checking '/home/hkim/development/tello_ros_ws/install/orbslam3/lib/python3.8/site-packages'
[3.576s] Level 1:colcon.colcon_core.environment:checking '/home/hkim/development/tello_ros_ws/install/orbslam3/bin'
[3.584s] INFO:colcon.colcon_core.shell:Creating package script '/home/hkim/development/tello_ros_ws/install/orbslam3/share/orbslam3/package.ps1'
[3.586s] INFO:colcon.colcon_core.shell:Creating package descriptor '/home/hkim/development/tello_ros_ws/install/orbslam3/share/orbslam3/package.dsv'
[3.586s] INFO:colcon.colcon_core.shell:Creating package script '/home/hkim/development/tello_ros_ws/install/orbslam3/share/orbslam3/package.sh'
[3.591s] INFO:colcon.colcon_core.shell:Creating package script '/home/hkim/development/tello_ros_ws/install/orbslam3/share/orbslam3/package.bash'
[3.595s] INFO:colcon.colcon_core.shell:Creating package script '/home/hkim/development/tello_ros_ws/install/orbslam3/share/orbslam3/package.zsh'
[3.596s] Level 1:colcon.colcon_core.environment:create_file_with_runtime_dependencies(/home/hkim/development/tello_ros_ws/install/orbslam3/share/colcon-core/packages/orbslam3)
[3.821s] DEBUG:colcon.colcon_parallel_executor.executor.parallel:closing loop
[3.821s] DEBUG:colcon.colcon_parallel_executor.executor.parallel:loop closed
[3.822s] DEBUG:colcon.colcon_parallel_executor.executor.parallel:run_until_complete finished with '2'
[3.822s] DEBUG:colcon.colcon_core.event_reactor:joining thread
[3.838s] INFO:colcon.colcon_core.plugin_system:Skipping extension 'colcon_notification.desktop_notification.terminal_notifier': Not used on non-Darwin systems
[3.838s] INFO:colcon.colcon_core.plugin_system:Skipping extension 'colcon_notification.desktop_notification.win32': Not used on non-Windows systems
[3.838s] INFO:colcon.colcon_notification.desktop_notification:Sending desktop notification using 'notify2'
[3.906s] DEBUG:colcon.colcon_core.event_reactor:joined thread
[3.907s] INFO:colcon.colcon_core.shell:Creating prefix script '/home/hkim/development/tello_ros_ws/install/local_setup.ps1'
[3.908s] INFO:colcon.colcon_core.shell:Creating prefix util module '/home/hkim/development/tello_ros_ws/install/_local_setup_util_ps1.py'
[3.910s] INFO:colcon.colcon_core.shell:Creating prefix chain script '/home/hkim/development/tello_ros_ws/install/setup.ps1'
[3.912s] INFO:colcon.colcon_core.shell:Creating prefix script '/home/hkim/development/tello_ros_ws/install/local_setup.sh'
[3.914s] INFO:colcon.colcon_core.shell:Creating prefix util module '/home/hkim/development/tello_ros_ws/install/_local_setup_util_sh.py'
[3.915s] INFO:colcon.colcon_core.shell:Creating prefix chain script '/home/hkim/development/tello_ros_ws/install/setup.sh'
[3.916s] INFO:colcon.colcon_core.shell:Creating prefix script '/home/hkim/development/tello_ros_ws/install/local_setup.bash'
[3.917s] INFO:colcon.colcon_core.shell:Creating prefix chain script '/home/hkim/development/tello_ros_ws/install/setup.bash'
[3.919s] INFO:colcon.colcon_core.shell:Creating prefix script '/home/hkim/development/tello_ros_ws/install/local_setup.zsh'
[3.925s] INFO:colcon.colcon_core.shell:Creating prefix chain script '/home/hkim/development/tello_ros_ws/install/setup.zsh'
